Exception at PC 0x00007FFC87037788
Exception at PC 0x00007FFC87037788
Unable to capture context for thread 6000 in process 11896, can not generate back trace
Unable to capture context for thread 1624 in process 11896, can not generate back trace
Unable to capture context for thread 2400 in process 11896, can not generate back trace
Exception at PC 0x00007FFC87037788
Unable to capture context for thread 6000 in process 11896, can not generate back trace
Unable to capture context for thread 1624 in process 11896, can not generate back trace
Unable to capture context for thread 2400 in process 11896, can not generate back trace
Exception at PC 0x00007FFC226EBB93
Printing stacktrace...

Exception at PC 0x00007FFC87037788
Exception at PC 0x00007FFC87037788
Exception at PC 0x00007FFC87037788
Exception at PC 0x00007FFC87037788
Exception at PC 0x00007FFC87037788
Exception at PC 0x00007FFC87037788
Exception at PC 0x00007FFC87037788
Exception at PC 0x00007FFC87037788
Exception at PC 0x00007FFC87037788
Exception at PC 0x00007FFC87037788
Exception at PC 0x00007FFC87037788
Exception at PC 0x00007FFC87037788
Exception at PC 0x00007FFC87037788
Exception at PC 0x00007FFC87037788
[0]  [0x00007FFC226EBB93]
[1]  [0x00007FFC226EBB93]
[2]  [0x00007FFC226EB4A1]
[3]  [0x00007FFC226EB3EF]
[4]  [0x00007FFC226D19FE]
[5]  [0x00007FFC226D0ED1]
[6]  [0x00007FFC226D0D76]
[7]  [0x00007FFC226779F6]
[8]  [0x00007FFC22667AFB]
[9]  [0x00007FFC2278E90A]
[10]  [0x00007FFC227A9F87]
[11]  [0x00007FFC227AA05F]
[12] (BaseThreadInitThunk+0x14) [0x00007FFC87E18364]
[13] (RtlUserThreadStart+0x21) [0x00007FFC8A8E70D1]
Done
Exception at PC 0x00007FFC87037788
