INFO: [VRFC 10-163] Analyzing VHDL file "C:/Users/Neil/Documents/Neil/EngSci/year_4_winter/ECE532/GrandTheftAuto/mjpeg/jpeg_decoder/jpeg.sim/sim_1/synth/func/jpeg_testbench_func_synth.vhd" into library xil_defaultlib
INFO: [VRFC 10-307] analyzing entity jpeg_dequant_multiplier_mult_gen_v8_0_xst_1
INFO: [VRFC 10-307] analyzing entity jpeg_ht_tables_blk_mem_gen_v1_1_xst_1
INFO: [VRFC 10-307] analyzing entity jpeg_qt_sr_c_shift_ram_v8_0_xst_1
INFO: [VRFC 10-307] analyzing entity jpeg_upsampling_buffer_blk_mem_gen_v1_1_xst_1
INFO: [VRFC 10-307] analyzing entity jpeg_upsampling_buffer_blk_mem_gen_v1_1_xst_1_HD10
INFO: [VRFC 10-307] analyzing entity jpeg_upsampling_buffer_blk_mem_gen_v1_1_xst_1_HD8
INFO: [VRFC 10-307] analyzing entity jpeg_YCbCr2RGB
INFO: [VRFC 10-307] analyzing entity jpeg_check_FF
INFO: [VRFC 10-307] analyzing entity jpeg_dezigzag
INFO: [VRFC 10-307] analyzing entity jpeg_header
INFO: [VRFC 10-307] analyzing entity jpeg_ht_nr_of_symbols
INFO: [VRFC 10-307] analyzing entity jpeg_huffman_input_sr
INFO: [VRFC 10-307] analyzing entity jpeg_idct_core_12
INFO: [VRFC 10-307] analyzing entity jpeg_checkff_fifo_fifo_generator_v2_3_xst_1_blkmemdp_v6_2_xst
INFO: [VRFC 10-307] analyzing entity jpeg_input_fifo_fifo_generator_v2_3_xst_1_blkmemdp_v6_2_xst
INFO: [VRFC 10-307] analyzing entity jpeg_ht_tables
INFO: [VRFC 10-307] analyzing entity jpeg_upsampling_buffer
INFO: [VRFC 10-307] analyzing entity jpeg_upsampling_buffer_HD7
INFO: [VRFC 10-307] analyzing entity jpeg_upsampling_buffer_HD9
INFO: [VRFC 10-307] analyzing entity jpeg_dequant_multiplier
INFO: [VRFC 10-307] analyzing entity jpeg_idct
INFO: [VRFC 10-307] analyzing entity jpeg_qt_sr
INFO: [VRFC 10-307] analyzing entity jpeg_qt_sr_HD1
INFO: [VRFC 10-307] analyzing entity jpeg_qt_sr_HD3
INFO: [VRFC 10-307] analyzing entity jpeg_qt_sr_HD5
INFO: [VRFC 10-307] analyzing entity fifo_generator_v2_3_as_lib_jpeg_checkff_fifo_fifo_generator_v2_3_xst_1_lib
INFO: [VRFC 10-307] analyzing entity fifo_generator_v2_3_as_lib_jpeg_input_fifo_fifo_generator_v2_3_xst_1_lib
INFO: [VRFC 10-307] analyzing entity jpeg_checkff_fifo_fifo_generator_v2_3_xst_1
INFO: [VRFC 10-307] analyzing entity jpeg_input_fifo_fifo_generator_v2_3_xst_1
INFO: [VRFC 10-307] analyzing entity jpeg_dequantize
INFO: [VRFC 10-307] analyzing entity jpeg_huffman
INFO: [VRFC 10-307] analyzing entity jpeg_upsampling
INFO: [VRFC 10-307] analyzing entity jpeg_checkff_fifo
INFO: [VRFC 10-307] analyzing entity jpeg_input_fifo
INFO: [VRFC 10-307] analyzing entity jpeg
INFO: [VRFC 10-163] Analyzing VHDL file "C:/Users/Neil/Documents/Neil/EngSci/year_4_winter/ECE532/GrandTheftAuto/mjpeg/jpeg_decoder/jpeg.srcs/sim_1/imports/vhdl/jpeg_testbench.vhd" into library xil_defaultlib
INFO: [VRFC 10-307] analyzing entity jpeg_testbench
