#-----------------------------------------------------------
# Vivado v2016.2 (64-bit)
# SW Build 1577090 on Thu Jun  2 16:32:40 MDT 2016
# IP Build 1577682 on Fri Jun  3 12:00:54 MDT 2016
# Start of session at: Tue Jan 31 11:25:03 2017
# Process ID: 15232
# Current directory: E:/ECE532/Fibonacci_LFSR
# Command line: vivado.exe -gui_launcher_event rodinguilauncherevent1572 E:\ECE532\Fibonacci_LFSR\Fibonacci_LFSR.xpr
# Log file: E:/ECE532/Fibonacci_LFSR/vivado.log
# Journal file: E:/ECE532/Fibonacci_LFSR\vivado.jou
#-----------------------------------------------------------
start_gui
open_project E:/ECE532/Fibonacci_LFSR/Fibonacci_LFSR.xpr
Scanning sources...
Finished scanning sources
INFO: [IP_Flow 19-234] Refreshing IP repositories
INFO: [IP_Flow 19-1704] No user IP repositories specified
INFO: [IP_Flow 19-2313] Loaded Vivado IP repository 'E:/Xilinx/Vivado/2016.2/data/ip'.
open_project: Time (s): cpu = 00:00:21 ; elapsed = 00:00:21 . Memory (MB): peak = 727.973 ; gain = 124.871
update_compile_order -fileset sources_1
