Vivado Simulator 2016.2
Copyright 1986-1999, 2001-2016 Xilinx, Inc. All Rights Reserved.
Running: C:/Xilinx/Vivado/2016.2/bin/unwrapped/win64.o/xelab.exe -wto ad7e7d4911ef40cd959281ea480e10cd --debug typical --relax --mt 2 -L xil_defaultlib -L xpm -L microblaze_v9_6_1 -L lmb_v10_v3_0_8 -L lmb_bram_if_cntlr_v4_0_9 -L blk_mem_gen_v8_3_3 -L axi_lite_ipif_v3_0_4 -L axi_intc_v4_1_7 -L mdm_v3_2_6 -L lib_cdc_v1_0_2 -L proc_sys_reset_v5_0_9 -L generic_baseblocks_v2_1_0 -L axi_infrastructure_v1_1_0 -L axi_register_slice_v2_1_9 -L fifo_generator_v13_1_1 -L axi_data_fifo_v2_1_8 -L axi_crossbar_v2_1_10 -L lib_pkg_v1_0_2 -L lib_srl_fifo_v1_0_2 -L axi_uartlite_v2_0_13 -L unisims_ver -L unimacro_ver -L secureip --snapshot tb_top_behav xil_defaultlib.tb_top xil_defaultlib.glbl -log elaborate.log -cc clang 
Using 2 slave threads.
Starting static elaboration
WARNING: [VRFC 10-278] actual bit length 6 differs from formal bit length 9 for port m_axi_arprot [C:/Users/Neil/Documents/Neil/EngSci/year_4_winter/ECE532/GrandTheftAuto/image_processing/img_proc_mb/img_proc_mb.srcs/sources_1/bd/img_proc_mb/hdl/img_proc_mb.v:1000]
WARNING: [VRFC 10-278] actual bit length 6 differs from formal bit length 9 for port m_axi_awprot [C:/Users/Neil/Documents/Neil/EngSci/year_4_winter/ECE532/GrandTheftAuto/image_processing/img_proc_mb/img_proc_mb.srcs/sources_1/bd/img_proc_mb/hdl/img_proc_mb.v:1004]
WARNING: [VRFC 10-1783] select index 62 into current_contents is out of bounds [C:/Users/Neil/Documents/Neil/EngSci/year_4_winter/ECE532/GrandTheftAuto/image_processing/img_proc_mb/img_proc_mb.ip_user_files/ipstatic/blk_mem_gen_v8_3/simulation/blk_mem_gen_v8_3.v:2415]
Completed static elaboration
Starting simulation data flow analysis
Completed simulation data flow analysis
Time Resolution for simulation is 1ps
Compiling package std.standard
Compiling package ieee.std_logic_1164
Compiling package ieee.numeric_std
Compiling package ieee.std_logic_arith
Compiling package ieee.std_logic_unsigned
Compiling package axi_lite_ipif_v3_0_4.ipif_pkg
Compiling package synopsys.attributes
Compiling package ieee.std_logic_misc
Compiling package unisim.vcomponents
Compiling package std.textio
Compiling package ieee.vital_timing
Compiling package ieee.vital_primitives
Compiling package unisim.vpkg
Compiling package lib_pkg_v1_0_2.lib_pkg
Compiling package microblaze_v9_6_1.microblaze_types
Compiling package microblaze_v9_6_1.microblaze_isa
Compiling package ieee.std_logic_signed
Compiling package ieee.std_logic_textio
Compiling package microblaze_v9_6_1.mmu_types
Compiling package ieee.math_real
Compiling package lmb_bram_if_cntlr_v4_0_9.lmb_bram_if_funcs
Compiling architecture rtl of entity axi_uartlite_v2_0_13.baudrate [\baudrate(c_ratio=651)\]
Compiling architecture fdre_v of entity unisim.FDRE [fdre_default]
Compiling architecture fdr_v of entity unisim.FDR [fdr_default]
Compiling architecture implementation of entity lib_cdc_v1_0_2.cdc_sync [\cdc_sync(c_mtbf_stages=4)\]
Compiling architecture behavioral of entity axi_uartlite_v2_0_13.dynshreg_i_f [\dynshreg_i_f(c_depth=16,c_famil...]
Compiling architecture imp of entity lib_srl_fifo_v1_0_2.cntr_incr_decr_addn_f [\cntr_incr_decr_addn_f(c_size=5,...]
Compiling architecture behavioral of entity lib_srl_fifo_v1_0_2.dynshreg_f [\dynshreg_f(c_depth=16,c_dwidth=...]
Compiling architecture imp of entity lib_srl_fifo_v1_0_2.srl_fifo_rbu_f [\srl_fifo_rbu_f(c_dwidth=8,c_fam...]
Compiling architecture imp of entity lib_srl_fifo_v1_0_2.srl_fifo_f [\srl_fifo_f(c_dwidth=8,c_family=...]
Compiling architecture rtl of entity axi_uartlite_v2_0_13.uartlite_rx [\uartlite_rx(c_family="artix7")(...]
Compiling architecture behavioral of entity axi_uartlite_v2_0_13.dynshreg_i_f [\dynshreg_i_f(c_depth=16,c_init_...]
Compiling architecture rtl of entity axi_uartlite_v2_0_13.uartlite_tx [\uartlite_tx(c_family="artix7")(...]
Compiling architecture rtl of entity axi_uartlite_v2_0_13.uartlite_core [\uartlite_core(c_family="artix7"...]
Compiling architecture imp of entity axi_lite_ipif_v3_0_4.pselect_f [\pselect_f(c_ab=2,c_aw=2,c_bar="...]
Compiling architecture imp of entity axi_lite_ipif_v3_0_4.pselect_f [\pselect_f(c_ab=2,c_aw=2,c_bar="...]
Compiling architecture imp of entity axi_lite_ipif_v3_0_4.pselect_f [\pselect_f(c_ab=2,c_aw=2,c_bar="...]
Compiling architecture imp of entity axi_lite_ipif_v3_0_4.pselect_f [\pselect_f(c_ab=2,c_aw=2,c_bar="...]
Compiling architecture imp of entity axi_lite_ipif_v3_0_4.address_decoder [\address_decoder(c_bus_awidth=4,...]
Compiling architecture imp of entity axi_lite_ipif_v3_0_4.slave_attachment [\slave_attachment(c_ard_addr_ran...]
Compiling architecture imp of entity axi_lite_ipif_v3_0_4.axi_lite_ipif [\axi_lite_ipif(c_s_axi_addr_widt...]
Compiling architecture rtl of entity axi_uartlite_v2_0_13.axi_uartlite [\axi_uartlite(c_family="artix7")...]
Compiling architecture img_proc_mb_axi_uartlite_0_0_arch of entity xil_defaultlib.img_proc_mb_axi_uartlite_0_0 [img_proc_mb_axi_uartlite_0_0_def...]
Compiling module unisims_ver.IBUF
Compiling module unisims_ver.MMCME2_ADV(CLKFBOUT_MULT_F=10.0,...
Compiling module unisims_ver.BUFG
Compiling module xil_defaultlib.img_proc_mb_clk_wiz_1_0_clk_wiz
Compiling module xil_defaultlib.img_proc_mb_clk_wiz_1_0
Compiling module fifo_generator_v13_1_1.fifo_generator_v13_1_1_bhv_ver_s...
Compiling module fifo_generator_v13_1_1.fifo_generator_v13_1_1_CONV_VER(...
Compiling module fifo_generator_v13_1_1.fifo_generator_vlog_beh(C_COMMON...
Compiling module fifo_generator_v13_1_1.fifo_generator_v13_1_1(C_COMMON_...
Compiling module xil_defaultlib.img_proc_mb_fifo_generator_0_0
Compiling module xil_defaultlib.image_processor_tb
Compiling module xil_defaultlib.image_processor(target_r=180,tar...
Compiling module xil_defaultlib.image_proc_AXI_v1_0_S00_AXI(C_S_...
Compiling module xil_defaultlib.image_proc_AXI_v1_0
Compiling module xil_defaultlib.img_proc_mb_image_proc_AXI_v1_0_...
Compiling architecture bscane2_v of entity unisim.BSCANE2 [\BSCANE2(jtag_chain=2)(1,5)\]
Compiling architecture bufg_v of entity unisim.BUFG [bufg_default]
Compiling architecture lut4_v of entity unisim.LUT4 [\LUT4(init="0000000000000010")(0...]
Compiling architecture srl16e_v of entity unisim.SRL16E [\SRL16E(init="0000000101100111")...]
Compiling architecture srl16e_v of entity unisim.SRL16E [\SRL16E(init="0100001010000111")...]
Compiling architecture srl16e_v of entity unisim.SRL16E [\SRL16E(init="0100010001000011")...]
Compiling architecture srl16e_v of entity unisim.SRL16E [\SRL16E(init="0101100001001101")...]
Compiling architecture fdce_v of entity unisim.FDCE [fdce_default]
Compiling architecture fdc_1_v of entity unisim.FDC_1 [fdc_1_default]
Compiling architecture fdre_1_v of entity unisim.FDRE_1 [fdre_1_default]
Compiling architecture imp of entity mdm_v3_2_6.JTAG_CONTROL [\JTAG_CONTROL(c_mb_dbg_ports=1,c...]
Compiling architecture imp of entity mdm_v3_2_6.MDM_Core [\MDM_Core(c_jtag_chain=2,c_use_b...]
Compiling architecture imp of entity mdm_v3_2_6.MDM [\MDM(c_family="artix7",c_interco...]
Compiling architecture img_proc_mb_mdm_1_0_arch of entity xil_defaultlib.img_proc_mb_mdm_1_0 [img_proc_mb_mdm_1_0_default]
Compiling architecture imp of entity microblaze_v9_6_1.DAXI_interface [\DAXI_interface(c_data_size=32,c...]
Compiling architecture and2b1l_v of entity unisim.AND2B1L [and2b1l_default]
Compiling architecture imp of entity microblaze_v9_6_1.MB_AND2B1L [\MB_AND2B1L(c_target=artix7)\]
Compiling architecture srl16e_v of entity unisim.SRL16E [\SRL16E(init="1111111111111111")...]
Compiling architecture imp of entity microblaze_v9_6_1.MB_SRL16E [\MB_SRL16E(c_use_srl16="yes",c_s...]
Compiling architecture srl16e_v of entity unisim.SRL16E [\SRL16E(init="0011111111111111")...]
Compiling architecture imp of entity microblaze_v9_6_1.MB_SRL16E [\MB_SRL16E(c_use_srl16="yes",c_s...]
Compiling architecture srl16e_v of entity unisim.SRL16E [\SRL16E(15,0)\]
Compiling architecture imp of entity microblaze_v9_6_1.MB_SRL16E [\MB_SRL16E(c_use_srl16="yes",c_s...]
Compiling architecture srlc16e_v of entity unisim.SRLC16E [\SRLC16E(0,15)\]
Compiling architecture imp of entity microblaze_v9_6_1.MB_SRLC16E [\MB_SRLC16E(c_use_srl16="yes")(1...]
Compiling architecture imp of entity microblaze_v9_6_1.address_hit [\address_hit(c_target=artix7,c_f...]
Compiling architecture srl16e_v of entity unisim.SRL16E [\SRL16E(init="0000000000011011")...]
Compiling architecture imp of entity microblaze_v9_6_1.MB_SRL16E [\MB_SRL16E(c_use_srl16="yes",c_s...]
Compiling architecture srl16e_v of entity unisim.SRL16E [\SRL16E(init="0000001101100000")...]
Compiling architecture imp of entity microblaze_v9_6_1.MB_SRL16E [\MB_SRL16E(c_use_srl16="yes",c_s...]
Compiling architecture srl16e_v of entity unisim.SRL16E [\SRL16E(init="0000000001100100")...]
Compiling architecture imp of entity microblaze_v9_6_1.MB_SRL16E [\MB_SRL16E(c_use_srl16="yes",c_s...]
Compiling architecture srl16e_v of entity unisim.SRL16E [\SRL16E(init="0010001100000000")...]
Compiling architecture imp of entity microblaze_v9_6_1.MB_SRL16E [\MB_SRL16E(c_use_srl16="yes",c_s...]
Compiling architecture imp of entity microblaze_v9_6_1.mb_sync_bit [\mb_sync_bit(c_levels=1,c_reset_...]
Compiling architecture imp of entity microblaze_v9_6_1.mb_sync_vec [\mb_sync_vec(c_levels=1,c_reset_...]
Compiling architecture imp of entity microblaze_v9_6_1.mb_sync_vec [\mb_sync_vec(c_width=9)\]
Compiling architecture imp of entity microblaze_v9_6_1.mb_sync_bit [\mb_sync_bit(c_levels=1)\]
Compiling architecture imp of entity microblaze_v9_6_1.Debug [\Debug(c_data_size=32,c_instr_si...]
Compiling architecture imp of entity microblaze_v9_6_1.interrupt_mode_converter [\interrupt_mode_converter(c_edge...]
Compiling architecture lut6_v of entity unisim.LUT6 [\LUT6(init="10010000000010010000...]
Compiling architecture imp of entity microblaze_v9_6_1.MB_LUT6 [\MB_LUT6(c_target=artix7,init="1...]
Compiling architecture lut6_v of entity unisim.LUT6 [\LUT6(init="10010000000010010000...]
Compiling architecture imp of entity microblaze_v9_6_1.MB_LUT6 [\MB_LUT6(c_target=artix7,init="1...]
Compiling architecture imp of entity microblaze_v9_6_1.MB_FDRE [\MB_FDRE(c_target=artix7)\]
Compiling architecture muxcy_v of entity unisim.MUXCY [muxcy_default]
Compiling architecture muxcy_l_v of entity unisim.MUXCY_L [muxcy_l_default]
Compiling architecture xorcy_v of entity unisim.XORCY [xorcy_default]
Compiling architecture imp of entity microblaze_v9_6_1.MB_MUXCY_XORCY [\MB_MUXCY_XORCY(c_target=artix7)...]
Compiling architecture muxf7_v of entity unisim.MUXF7 [muxf7_default]
Compiling architecture imp of entity microblaze_v9_6_1.MB_MUXF7 [\MB_MUXF7(c_target=artix7)\]
Compiling architecture imp of entity microblaze_v9_6_1.MB_FDR [\MB_FDR(c_target=artix7)\]
Compiling architecture imp of entity microblaze_v9_6_1.MB_MUXCY [\MB_MUXCY(c_target=artix7)\]
Compiling architecture imp of entity microblaze_v9_6_1.carry_and [\carry_and(c_target=artix7)\]
Compiling architecture imp of entity microblaze_v9_6_1.comparator [\comparator(c_target=artix7,c_is...]
Compiling architecture imp of entity microblaze_v9_6_1.carry_or [\carry_or(c_target=artix7)\]
Compiling architecture rb36_internal_vhdl_v of entity unisim.RB36_INTERNAL_VHDL [\RB36_INTERNAL_VHDL(init_a="0000...]
Compiling architecture ramb36e1_v of entity unisim.RAMB36E1 [\RAMB36E1(read_width_a=36,read_w...]
Compiling architecture imp of entity microblaze_v9_6_1.MB_RAMB36 [\MB_RAMB36(c_target=artix7,c_use...]
Compiling architecture imp of entity microblaze_v9_6_1.RAM_Module [\RAM_Module(c_target=artix7,c_da...]
Compiling architecture imp of entity microblaze_v9_6_1.PC_Module_gti [\PC_Module_gti(c_data_size=32,c_...]
Compiling architecture lut6_v of entity unisim.LUT6 [\LUT6(init="00000000000000000000...]
Compiling architecture imp of entity microblaze_v9_6_1.MB_LUT6 [\MB_LUT6(c_target=artix7,init="0...]
Compiling architecture lut6_v of entity unisim.LUT6 [\LUT6(init="00000000000000001111...]
Compiling architecture imp of entity microblaze_v9_6_1.MB_LUT6 [\MB_LUT6(c_target=artix7,init="0...]
Compiling architecture lut6_v of entity unisim.LUT6 [\LUT6(init="11111111000000001111...]
Compiling architecture imp of entity microblaze_v9_6_1.MB_LUT6 [\MB_LUT6(c_target=artix7,init="1...]
Compiling architecture fdse_v of entity unisim.FDSE [fdse_default]
Compiling architecture fds_v of entity unisim.FDS [fds_default]
Compiling architecture imp of entity microblaze_v9_6_1.MB_FDS [\MB_FDS(c_target=artix7)\]
Compiling architecture lut6_v of entity unisim.LUT6 [\LUT6(init="00000000111111110000...]
Compiling architecture imp of entity microblaze_v9_6_1.MB_LUT6 [\MB_LUT6(c_target=artix7,init="0...]
Compiling architecture imp of entity microblaze_v9_6_1.PreFetch_Buffer_gti [\PreFetch_Buffer_gti(c_data_size...]
Compiling architecture imp of entity microblaze_v9_6_1.jump_logic [\jump_logic(c_instr_size=32,c_ta...]
Compiling architecture imp of entity microblaze_v9_6_1.Decode_gti [\Decode_gti(c_data_size=32,c_ins...]
Compiling architecture lut6_2_v of entity unisim.LUT6_2 [\LUT6_2(init="000000001111111100...]
Compiling architecture imp of entity microblaze_v9_6_1.MB_LUT6_2 [\MB_LUT6_2(c_target=artix7,init=...]
Compiling architecture lut4_v of entity unisim.LUT4 [\LUT4(init="0011110001011010")(0...]
Compiling architecture imp of entity microblaze_v9_6_1.MB_LUT4 [\MB_LUT4(c_target=artix7,init="0...]
Compiling architecture imp of entity microblaze_v9_6_1.Div_unit_gti [\Div_unit_gti(c_target=artix7,c_...]
Compiling architecture ram32m_v of entity unisim.RAM32M [ram32m_default]
Compiling architecture imp of entity microblaze_v9_6_1.MB_RAM32M [\MB_RAM32M(c_target=artix7,c_use...]
Compiling architecture imp of entity microblaze_v9_6_1.Register_File_gti [\Register_File_gti(c_data_size=3...]
Compiling architecture imp of entity microblaze_v9_6_1.Operand_Select_gti [\Operand_Select_gti(c_data_size=...]
Compiling architecture lut6_2_v of entity unisim.LUT6_2 [\LUT6_2(init="011000000111101010...]
Compiling architecture imp of entity microblaze_v9_6_1.MB_LUT6_2 [\MB_LUT6_2(c_target=artix7,init=...]
Compiling architecture imp of entity microblaze_v9_6_1.ALU_Bit [\ALU_Bit(c_target=artix7,c_allow...]
Compiling architecture lut6_v of entity unisim.LUT6 [\LUT6(init="01100000011110101010...]
Compiling architecture imp of entity microblaze_v9_6_1.MB_LUT6 [\MB_LUT6(c_target=artix7,init="0...]
Compiling architecture lut4_v of entity unisim.LUT4 [\LUT4(init="1111101000001010")(0...]
Compiling architecture imp of entity microblaze_v9_6_1.MB_LUT4 [\MB_LUT4(c_target=artix7,init="1...]
Compiling architecture lut2_v of entity unisim.LUT2 [\LUT2(init="1000")(0,3)\]
Compiling architecture mult_and_v of entity unisim.MULT_AND [mult_and_default]
Compiling architecture imp of entity microblaze_v9_6_1.MB_MULT_AND [\MB_MULT_AND(c_target=artix7)\]
Compiling architecture imp of entity microblaze_v9_6_1.ALU_Bit [\ALU_Bit(c_target=artix7,c_allow...]
Compiling architecture imp of entity microblaze_v9_6_1.ALU [\ALU(c_data_size=32,c_allow_lut6...]
Compiling architecture imp of entity microblaze_v9_6_1.MB_LUT6 [\MB_LUT6(c_target=rtl,init="1100...]
Compiling architecture imp of entity microblaze_v9_6_1.MB_LUT6 [\MB_LUT6(c_target=rtl,init="1100...]
Compiling architecture imp of entity microblaze_v9_6_1.MB_LUT6 [\MB_LUT6(c_target=rtl,init="1100...]
Compiling architecture imp of entity microblaze_v9_6_1.Shift_Logic_Module_gti [\Shift_Logic_Module_gti(c_data_s...]
Compiling architecture dsp48e1_v of entity unisim.DSP48E1 [\DSP48E1(acascreg=0,alumodereg=0...]
Compiling architecture imp of entity microblaze_v9_6_1.MB_DSP48E1 [\MB_DSP48E1(c_target=artix7,acas...]
Compiling architecture imp of entity microblaze_v9_6_1.dsp_module [\dsp_module(c_target=artix7,c_ab...]
Compiling architecture dsp48e1_v of entity unisim.DSP48E1 [\DSP48E1(alumodereg=0,carryinreg...]
Compiling architecture imp of entity microblaze_v9_6_1.MB_DSP48E1 [\MB_DSP48E1(c_target=artix7,alum...]
Compiling architecture imp of entity microblaze_v9_6_1.dsp_module [\dsp_module(c_target=artix7,c_ab...]
Compiling architecture dsp48e1_v of entity unisim.DSP48E1 [\DSP48E1(acascreg=0,alumodereg=0...]
Compiling architecture imp of entity microblaze_v9_6_1.MB_DSP48E1 [\MB_DSP48E1(c_target=artix7,acas...]
Compiling architecture imp of entity microblaze_v9_6_1.dsp_module [\dsp_module(c_target=artix7,c_ab...]
Compiling architecture imp of entity microblaze_v9_6_1.mul_unit [\mul_unit(c_data_size=32,c_targe...]
Compiling architecture imp of entity microblaze_v9_6_1.Barrel_Shifter_gti [\Barrel_Shifter_gti(c_data_size=...]
Compiling architecture imp of entity microblaze_v9_6_1.WB_Mux_Bit [\WB_Mux_Bit(c_target=artix7,c_lu...]
Compiling architecture imp of entity microblaze_v9_6_1.WB_Mux_Bit [\WB_Mux_Bit(c_target=artix7,c_lu...]
Compiling architecture imp of entity microblaze_v9_6_1.WB_Mux [\WB_Mux(c_data_size=32,c_daddr_s...]
Compiling architecture imp of entity microblaze_v9_6_1.Zero_Detect_gti [\Zero_Detect_gti(c_data_size=32,...]
Compiling architecture imp of entity microblaze_v9_6_1.Byte_Doublet_Handle_gti [\Byte_Doublet_Handle_gti(c_data_...]
Compiling architecture imp of entity microblaze_v9_6_1.Data_Flow_Logic [\Data_Flow_Logic(c_data_size=32,...]
Compiling architecture msr_reg of entity microblaze_v9_6_1.msr_reg_gti [\msr_reg_gti(c_data_size=32,c_ta...]
Compiling architecture lut6_2_v of entity unisim.LUT6_2 [\LUT6_2(init="111111110000000011...]
Compiling architecture imp of entity microblaze_v9_6_1.MB_LUT6_2 [\MB_LUT6_2(c_target=artix7,init=...]
Compiling architecture imp of entity microblaze_v9_6_1.mux_bus [\mux_bus(c_target=artix7,c_allow...]
Compiling architecture lut6_2_v of entity unisim.LUT6_2 [\LUT6_2(init="100101101001011010...]
Compiling architecture imp of entity microblaze_v9_6_1.MB_LUT6_2 [\MB_LUT6_2(c_target=artix7,init=...]
Compiling architecture fde_v of entity unisim.FDE [fde_default]
Compiling architecture imp of entity microblaze_v9_6_1.MB_FDE [\MB_FDE(c_target=artix7)\]
Compiling architecture imp of entity microblaze_v9_6_1.exception_registers_gti [\exception_registers_gti(c_data_...]
Compiling architecture fd_v of entity unisim.FD [fd_default]
Compiling architecture imp of entity microblaze_v9_6_1.MB_FD [\MB_FD(c_target=artix7)\]
Compiling architecture lut4_v of entity unisim.LUT4 [\LUT4(init="0110101010100110")(0...]
Compiling architecture imp of entity microblaze_v9_6_1.MB_LUT4 [\MB_LUT4(c_target=artix7,init="0...]
Compiling architecture imp of entity microblaze_v9_6_1.carry_compare_const [\carry_compare_const(c_target=ar...]
Compiling architecture imp of entity microblaze_v9_6_1.carry_compare [\carry_compare(c_target=artix7,s...]
Compiling architecture imp of entity microblaze_v9_6_1.carry_compare [\carry_compare(c_target=artix7,s...]
Compiling architecture imp of entity microblaze_v9_6_1.find_first_bit [find_first_bit_default]
Compiling architecture imp of entity microblaze_v9_6_1.FPU_ADDSUB [\FPU_ADDSUB(c_target=artix7)\]
Compiling architecture dsp48e1_v of entity unisim.DSP48E1 [\DSP48E1(acascreg=0,alumodereg=0...]
Compiling architecture imp of entity microblaze_v9_6_1.MB_DSP48E1 [\MB_DSP48E1(c_target=artix7,acas...]
Compiling architecture imp of entity microblaze_v9_6_1.dsp_module [\dsp_module(c_target=artix7,c_a_...]
Compiling architecture dsp48e1_v of entity unisim.DSP48E1 [\DSP48E1(acascreg=0,alumodereg=0...]
Compiling architecture imp of entity microblaze_v9_6_1.MB_DSP48E1 [\MB_DSP48E1(c_target=artix7,acas...]
Compiling architecture imp of entity microblaze_v9_6_1.dsp_module [\dsp_module(c_target=artix7,c_a_...]
Compiling architecture imp of entity microblaze_v9_6_1.FPU_MUL [\FPU_MUL(c_target=artix7)\]
Compiling architecture imp of entity microblaze_v9_6_1.FPU_DIV [\FPU_DIV(c_target=artix7,c_use_s...]
Compiling architecture imp of entity microblaze_v9_6_1.Fpu [\Fpu(c_data_size=32,c_target=art...]
Compiling architecture imp of entity microblaze_v9_6_1.PVR [\PVR(c_data_size=32,c_daddr_size...]
Compiling architecture imp of entity microblaze_v9_6_1.Data_Flow_gti [\Data_Flow_gti(c_data_size=32,c_...]
Compiling architecture imp of entity microblaze_v9_6_1.read_data_mux [\read_data_mux(c_data_size=32,c_...]
Compiling architecture imp of entity microblaze_v9_6_1.instr_mux [\instr_mux(c_instr_size=32,c_tar...]
Compiling architecture imp of entity microblaze_v9_6_1.MMU [\MMU(c_data_size=32,c_daddr_size...]
Compiling architecture imp of entity microblaze_v9_6_1.MicroBlaze_GTi [\MicroBlaze_GTi(c_num_sync_ff_cl...]
Compiling architecture imp of entity microblaze_v9_6_1.mb_sync_bit [mb_sync_bit_default]
Compiling architecture imp of entity microblaze_v9_6_1.MicroBlaze_Core [\MicroBlaze_Core(c_freq=10000000...]
Compiling architecture imp of entity microblaze_v9_6_1.MicroBlaze [\MicroBlaze(c_freq=100000000,c_e...]
Compiling architecture img_proc_mb_microblaze_0_0_arch of entity xil_defaultlib.img_proc_mb_microblaze_0_0 [img_proc_mb_microblaze_0_0_defau...]
Compiling architecture byte_data_ram_a of entity axi_intc_v4_1_7.shared_ram_ivar [shared_ram_ivar_default]
Compiling architecture imp of entity axi_intc_v4_1_7.intc_core [\intc_core(c_family="artix7",c_n...]
Compiling architecture imp of entity axi_lite_ipif_v3_0_4.pselect_f [\pselect_f(c_ab=3,c_aw=9,c_bar="...]
Compiling architecture imp of entity axi_lite_ipif_v3_0_4.pselect_f [\pselect_f(c_ab=4,c_aw=4,c_bar="...]
Compiling architecture imp of entity axi_lite_ipif_v3_0_4.pselect_f [\pselect_f(c_ab=4,c_aw=4,c_bar="...]
Compiling architecture imp of entity axi_lite_ipif_v3_0_4.pselect_f [\pselect_f(c_ab=4,c_aw=4,c_bar="...]
Compiling architecture imp of entity axi_lite_ipif_v3_0_4.pselect_f [\pselect_f(c_ab=4,c_aw=4,c_bar="...]
Compiling architecture imp of entity axi_lite_ipif_v3_0_4.pselect_f [\pselect_f(c_ab=4,c_aw=4,c_bar="...]
Compiling architecture imp of entity axi_lite_ipif_v3_0_4.pselect_f [\pselect_f(c_ab=4,c_aw=4,c_bar="...]
Compiling architecture imp of entity axi_lite_ipif_v3_0_4.pselect_f [\pselect_f(c_ab=4,c_aw=4,c_bar="...]
Compiling architecture imp of entity axi_lite_ipif_v3_0_4.pselect_f [\pselect_f(c_ab=4,c_aw=4,c_bar="...]
Compiling architecture imp of entity axi_lite_ipif_v3_0_4.pselect_f [\pselect_f(c_ab=4,c_aw=4,c_bar="...]
Compiling architecture imp of entity axi_lite_ipif_v3_0_4.pselect_f [\pselect_f(c_ab=4,c_aw=4,c_bar="...]
Compiling architecture imp of entity axi_lite_ipif_v3_0_4.pselect_f [\pselect_f(c_ab=4,c_aw=4,c_bar="...]
Compiling architecture imp of entity axi_lite_ipif_v3_0_4.pselect_f [\pselect_f(c_ab=4,c_aw=4,c_bar="...]
Compiling architecture imp of entity axi_lite_ipif_v3_0_4.pselect_f [\pselect_f(c_ab=4,c_aw=4,c_bar="...]
Compiling architecture imp of entity axi_lite_ipif_v3_0_4.pselect_f [\pselect_f(c_ab=4,c_aw=4,c_bar="...]
Compiling architecture imp of entity axi_lite_ipif_v3_0_4.pselect_f [\pselect_f(c_ab=4,c_aw=4,c_bar="...]
Compiling architecture imp of entity axi_lite_ipif_v3_0_4.pselect_f [\pselect_f(c_ab=4,c_aw=4,c_bar="...]
Compiling architecture imp of entity axi_lite_ipif_v3_0_4.pselect_f [\pselect_f(c_ab=2,c_aw=9,c_bar="...]
Compiling architecture imp of entity axi_lite_ipif_v3_0_4.address_decoder [\address_decoder(c_bus_awidth=9,...]
Compiling architecture imp of entity axi_lite_ipif_v3_0_4.slave_attachment [\slave_attachment(c_ard_addr_ran...]
Compiling architecture imp of entity axi_lite_ipif_v3_0_4.axi_lite_ipif [\axi_lite_ipif(c_s_axi_addr_widt...]
Compiling architecture imp of entity axi_intc_v4_1_7.axi_intc [\axi_intc(c_family="artix7",c_nu...]
Compiling architecture img_proc_mb_microblaze_0_axi_intc_0_arch of entity xil_defaultlib.img_proc_mb_microblaze_0_axi_intc_0 [img_proc_mb_microblaze_0_axi_int...]
Compiling module xil_defaultlib.m00_couplers_imp_1ULZGKW
Compiling module xil_defaultlib.m01_couplers_imp_V0ODV2
Compiling module xil_defaultlib.m02_couplers_imp_5S43IL
Compiling module xil_defaultlib.s00_couplers_imp_7SB6AO
Compiling module axi_crossbar_v2_1_10.axi_crossbar_v2_1_10_addr_arbite...
Compiling module generic_baseblocks_v2_1_0.generic_baseblocks_v2_1_0_carry_...
Compiling module generic_baseblocks_v2_1_0.generic_baseblocks_v2_1_0_compar...
Compiling module generic_baseblocks_v2_1_0.generic_baseblocks_v2_1_0_compar...
Compiling module generic_baseblocks_v2_1_0.generic_baseblocks_v2_1_0_compar...
Compiling module axi_crossbar_v2_1_10.axi_crossbar_v2_1_10_addr_decode...
Compiling module axi_crossbar_v2_1_10.axi_crossbar_v2_1_10_splitter(C_...
Compiling module axi_crossbar_v2_1_10.axi_crossbar_v2_1_10_splitter
Compiling module generic_baseblocks_v2_1_0.generic_baseblocks_v2_1_0_mux_en...
Compiling module generic_baseblocks_v2_1_0.generic_baseblocks_v2_1_0_mux_en...
Compiling module generic_baseblocks_v2_1_0.generic_baseblocks_v2_1_0_mux_en...
Compiling module axi_register_slice_v2_1_9.axi_register_slice_v2_1_9_axic_r...
Compiling module generic_baseblocks_v2_1_0.generic_baseblocks_v2_1_0_mux_en...
Compiling module axi_crossbar_v2_1_10.axi_crossbar_v2_1_10_decerr_slav...
Compiling module axi_crossbar_v2_1_10.axi_crossbar_v2_1_10_crossbar_sa...
Compiling module axi_crossbar_v2_1_10.axi_crossbar_v2_1_10_axi_crossba...
Compiling module xil_defaultlib.img_proc_mb_xbar_0
Compiling module xil_defaultlib.img_proc_mb_microblaze_0_axi_per...
Compiling architecture imp of entity lmb_bram_if_cntlr_v4_0_9.pselect_mask [\pselect_mask(c_bar="00000000000...]
Compiling architecture imp of entity lmb_bram_if_cntlr_v4_0_9.lmb_mux [\lmb_mux(c_baseaddr="00000000000...]
Compiling architecture imp of entity lmb_bram_if_cntlr_v4_0_9.lmb_bram_if_cntlr [\lmb_bram_if_cntlr(c_family="art...]
Compiling architecture img_proc_mb_dlmb_bram_if_cntlr_0_arch of entity xil_defaultlib.img_proc_mb_dlmb_bram_if_cntlr_0 [img_proc_mb_dlmb_bram_if_cntlr_0...]
Compiling architecture imp of entity lmb_v10_v3_0_8.lmb_v10 [\lmb_v10(c_lmb_num_slaves=1)\]
Compiling architecture img_proc_mb_dlmb_v10_0_arch of entity xil_defaultlib.img_proc_mb_dlmb_v10_0 [img_proc_mb_dlmb_v10_0_default]
Compiling architecture imp of entity lmb_bram_if_cntlr_v4_0_9.pselect_mask [\pselect_mask(c_bar="00000000000...]
Compiling architecture imp of entity lmb_bram_if_cntlr_v4_0_9.lmb_mux [\lmb_mux(c_baseaddr="00000000000...]
Compiling architecture imp of entity lmb_bram_if_cntlr_v4_0_9.lmb_bram_if_cntlr [\lmb_bram_if_cntlr(c_family="art...]
Compiling architecture img_proc_mb_ilmb_bram_if_cntlr_0_arch of entity xil_defaultlib.img_proc_mb_ilmb_bram_if_cntlr_0 [img_proc_mb_ilmb_bram_if_cntlr_0...]
Compiling architecture img_proc_mb_ilmb_v10_0_arch of entity xil_defaultlib.img_proc_mb_ilmb_v10_0 [img_proc_mb_ilmb_v10_0_default]
Compiling module blk_mem_gen_v8_3_3.blk_mem_gen_v8_3_3_output_stage(...
Compiling module blk_mem_gen_v8_3_3.blk_mem_gen_v8_3_3_output_stage(...
Compiling module blk_mem_gen_v8_3_3.blk_mem_gen_v8_3_3_softecc_outpu...
Compiling module blk_mem_gen_v8_3_3.blk_mem_gen_v8_3_3_mem_module(C_...
Compiling module blk_mem_gen_v8_3_3.blk_mem_gen_v8_3_3(C_FAMILY="art...
Compiling module xil_defaultlib.img_proc_mb_lmb_bram_0
Compiling module xil_defaultlib.microblaze_0_local_memory_imp_4P...
Compiling module xil_defaultlib.xlconcat(dout_width=1,NUM_PORTS=...
Compiling module xil_defaultlib.img_proc_mb_microblaze_0_xlconca...
Compiling architecture implementation of entity lib_cdc_v1_0_2.cdc_sync [\cdc_sync(c_vector_width=2,c_mtb...]
Compiling architecture srl16e_v of entity unisim.SRL16E [\SRL16E(init="1111111111111111")...]
Compiling architecture srl16_v of entity unisim.SRL16 [\SRL16(init="1111111111111111")(...]
Compiling architecture imp of entity proc_sys_reset_v5_0_9.lpf [\lpf(c_ext_rst_width=4,c_aux_rst...]
Compiling architecture imp of entity proc_sys_reset_v5_0_9.upcnt_n [\upcnt_n(c_size=6)\]
Compiling architecture imp of entity proc_sys_reset_v5_0_9.sequence_psr [sequence_psr_default]
Compiling architecture imp of entity proc_sys_reset_v5_0_9.proc_sys_reset [\proc_sys_reset(c_family="artix7...]
Compiling architecture img_proc_mb_rst_clk_wiz_1_100m_0_arch of entity xil_defaultlib.img_proc_mb_rst_clk_wiz_1_100M_0 [img_proc_mb_rst_clk_wiz_1_100m_0...]
Compiling module xil_defaultlib.img_proc_mb
Compiling module xil_defaultlib.img_proc_mb_wrapper
Compiling module xil_defaultlib.tb_top
Compiling module xil_defaultlib.glbl
Waiting for 3 sub-compilation(s) to finish...
Built simulation snapshot tb_top_behav
