INFO: [VRFC 10-2263] Analyzing SystemVerilog file "C:/Xilinx/Vivado/2016.2/data/ip/xpm/xpm_cdc/hdl/xpm_cdc.sv" into library xil_defaultlib
INFO: [VRFC 10-311] analyzing module xpm_cdc_single
INFO: [VRFC 10-311] analyzing module xpm_cdc_gray
INFO: [VRFC 10-311] analyzing module xpm_cdc_handshake
INFO: [VRFC 10-311] analyzing module xpm_cdc_pulse
INFO: [VRFC 10-311] analyzing module xpm_cdc_array_single
INFO: [VRFC 10-311] analyzing module xpm_cdc_sync_rst
INFO: [VRFC 10-311] analyzing module xpm_cdc_async_rst
INFO: [VRFC 10-2263] Analyzing SystemVerilog file "C:/Xilinx/Vivado/2016.2/data/ip/xpm/xpm_memory/hdl/xpm_memory_base.sv" into library xil_defaultlib
INFO: [VRFC 10-311] analyzing module xpm_memory_base
INFO: [VRFC 10-2263] Analyzing SystemVerilog file "C:/Xilinx/Vivado/2016.2/data/ip/xpm/xpm_memory/hdl/xpm_memory_dpdistram.sv" into library xil_defaultlib
INFO: [VRFC 10-311] analyzing module xpm_memory_dpdistram
INFO: [VRFC 10-2263] Analyzing SystemVerilog file "C:/Xilinx/Vivado/2016.2/data/ip/xpm/xpm_memory/hdl/xpm_memory_dprom.sv" into library xil_defaultlib
INFO: [VRFC 10-311] analyzing module xpm_memory_dprom
INFO: [VRFC 10-2263] Analyzing SystemVerilog file "C:/Xilinx/Vivado/2016.2/data/ip/xpm/xpm_memory/hdl/xpm_memory_sdpram.sv" into library xil_defaultlib
INFO: [VRFC 10-311] analyzing module xpm_memory_sdpram
INFO: [VRFC 10-2263] Analyzing SystemVerilog file "C:/Xilinx/Vivado/2016.2/data/ip/xpm/xpm_memory/hdl/xpm_memory_spram.sv" into library xil_defaultlib
INFO: [VRFC 10-311] analyzing module xpm_memory_spram
INFO: [VRFC 10-2263] Analyzing SystemVerilog file "C:/Xilinx/Vivado/2016.2/data/ip/xpm/xpm_memory/hdl/xpm_memory_sprom.sv" into library xil_defaultlib
INFO: [VRFC 10-311] analyzing module xpm_memory_sprom
INFO: [VRFC 10-2263] Analyzing SystemVerilog file "C:/Xilinx/Vivado/2016.2/data/ip/xpm/xpm_memory/hdl/xpm_memory_tdpram.sv" into library xil_defaultlib
INFO: [VRFC 10-311] analyzing module xpm_memory_tdpram
INFO: [VRFC 10-2263] Analyzing Verilog file "C:/Users/Neil/Documents/Neil/EngSci/year_4_winter/ECE532/GrandTheftAuto/image_processing/img_proc_mb/img_proc_mb.srcs/sources_1/imports/img_proc_axi/image_processor_tb.v" into library xil_defaultlib
INFO: [VRFC 10-311] analyzing module image_processor_tb
INFO: [VRFC 10-2263] Analyzing Verilog file "C:/Users/Neil/Documents/Neil/EngSci/year_4_winter/ECE532/GrandTheftAuto/image_processing/img_proc_mb/img_proc_mb.srcs/sources_1/imports/img_proc_axi/image_processor.v" into library xil_defaultlib
INFO: [VRFC 10-311] analyzing module image_processor
INFO: [VRFC 10-2263] Analyzing Verilog file "C:/Users/Neil/Documents/Neil/EngSci/year_4_winter/ECE532/GrandTheftAuto/image_processing/img_proc_mb/img_proc_mb.srcs/sources_1/imports/img_proc_axi/image_proc_AXI_v1_0_S00_AXI.v" into library xil_defaultlib
INFO: [VRFC 10-311] analyzing module image_proc_AXI_v1_0_S00_AXI
INFO: [VRFC 10-2263] Analyzing Verilog file "C:/Users/Neil/Documents/Neil/EngSci/year_4_winter/ECE532/GrandTheftAuto/image_processing/img_proc_mb/img_proc_mb.srcs/sources_1/imports/img_proc_axi/image_proc_AXI_v1_0.v" into library xil_defaultlib
INFO: [VRFC 10-311] analyzing module image_proc_AXI_v1_0
INFO: [VRFC 10-2263] Analyzing Verilog file "C:/Users/Neil/Documents/Neil/EngSci/year_4_winter/ECE532/GrandTheftAuto/image_processing/img_proc_mb/img_proc_mb.ip_user_files/ipstatic/blk_mem_gen_v8_3/simulation/blk_mem_gen_v8_3.v" into library blk_mem_gen_v8_3_3
INFO: [VRFC 10-311] analyzing module STATE_LOGIC_v8_3
INFO: [VRFC 10-311] analyzing module beh_vlog_muxf7_v8_3
INFO: [VRFC 10-311] analyzing module beh_vlog_ff_clr_v8_3
INFO: [VRFC 10-311] analyzing module beh_vlog_ff_pre_v8_3
INFO: [VRFC 10-311] analyzing module beh_vlog_ff_ce_clr_v8_3
INFO: [VRFC 10-311] analyzing module write_netlist_v8_3
INFO: [VRFC 10-311] analyzing module read_netlist_v8_3
INFO: [VRFC 10-311] analyzing module blk_mem_axi_write_wrapper_beh_v8_3
INFO: [VRFC 10-311] analyzing module blk_mem_axi_read_wrapper_beh_v8_3
INFO: [VRFC 10-311] analyzing module blk_mem_axi_regs_fwd_v8_3
INFO: [VRFC 10-311] analyzing module blk_mem_gen_v8_3_3_output_stage
INFO: [VRFC 10-311] analyzing module blk_mem_gen_v8_3_3_softecc_output_reg_stage
INFO: [VRFC 10-311] analyzing module blk_mem_gen_v8_3_3_mem_module
INFO: [VRFC 10-311] analyzing module blk_mem_gen_v8_3_3
INFO: [VRFC 10-2263] Analyzing Verilog file "C:/Users/Neil/Documents/Neil/EngSci/year_4_winter/ECE532/GrandTheftAuto/image_processing/img_proc_mb/img_proc_mb.srcs/sources_1/bd/img_proc_mb/ip/img_proc_mb_lmb_bram_0/sim/img_proc_mb_lmb_bram_0.v" into library xil_defaultlib
INFO: [VRFC 10-311] analyzing module img_proc_mb_lmb_bram_0
INFO: [VRFC 10-2263] Analyzing Verilog file "C:/Users/Neil/Documents/Neil/EngSci/year_4_winter/ECE532/GrandTheftAuto/image_processing/img_proc_mb/img_proc_mb.srcs/sources_1/bd/img_proc_mb/ipshared/xilinx.com/xlconcat_v2_1/xlconcat.v" into library xil_defaultlib
INFO: [VRFC 10-311] analyzing module xlconcat
INFO: [VRFC 10-2263] Analyzing Verilog file "C:/Users/Neil/Documents/Neil/EngSci/year_4_winter/ECE532/GrandTheftAuto/image_processing/img_proc_mb/img_proc_mb.srcs/sources_1/bd/img_proc_mb/ip/img_proc_mb_microblaze_0_xlconcat_0/sim/img_proc_mb_microblaze_0_xlconcat_0.v" into library xil_defaultlib
INFO: [VRFC 10-311] analyzing module img_proc_mb_microblaze_0_xlconcat_0
INFO: [VRFC 10-2263] Analyzing Verilog file "C:/Users/Neil/Documents/Neil/EngSci/year_4_winter/ECE532/GrandTheftAuto/image_processing/img_proc_mb/img_proc_mb.srcs/sources_1/bd/img_proc_mb/ip/img_proc_mb_clk_wiz_1_0/img_proc_mb_clk_wiz_1_0_clk_wiz.v" into library xil_defaultlib
INFO: [VRFC 10-311] analyzing module img_proc_mb_clk_wiz_1_0_clk_wiz
INFO: [VRFC 10-2263] Analyzing Verilog file "C:/Users/Neil/Documents/Neil/EngSci/year_4_winter/ECE532/GrandTheftAuto/image_processing/img_proc_mb/img_proc_mb.srcs/sources_1/bd/img_proc_mb/ip/img_proc_mb_clk_wiz_1_0/img_proc_mb_clk_wiz_1_0.v" into library xil_defaultlib
INFO: [VRFC 10-311] analyzing module img_proc_mb_clk_wiz_1_0
INFO: [VRFC 10-2263] Analyzing Verilog file "C:/Users/Neil/Documents/Neil/EngSci/year_4_winter/ECE532/GrandTheftAuto/image_processing/img_proc_mb/img_proc_mb.ip_user_files/ipstatic/generic_baseblocks_v2_1/hdl/verilog/generic_baseblocks_v2_1_carry_and.v" into library generic_baseblocks_v2_1_0
INFO: [VRFC 10-311] analyzing module generic_baseblocks_v2_1_0_carry_and
INFO: [VRFC 10-2263] Analyzing Verilog file "C:/Users/Neil/Documents/Neil/EngSci/year_4_winter/ECE532/GrandTheftAuto/image_processing/img_proc_mb/img_proc_mb.ip_user_files/ipstatic/generic_baseblocks_v2_1/hdl/verilog/generic_baseblocks_v2_1_carry_latch_and.v" into library generic_baseblocks_v2_1_0
INFO: [VRFC 10-311] analyzing module generic_baseblocks_v2_1_0_carry_latch_and
INFO: [VRFC 10-2263] Analyzing Verilog file "C:/Users/Neil/Documents/Neil/EngSci/year_4_winter/ECE532/GrandTheftAuto/image_processing/img_proc_mb/img_proc_mb.ip_user_files/ipstatic/generic_baseblocks_v2_1/hdl/verilog/generic_baseblocks_v2_1_carry_latch_or.v" into library generic_baseblocks_v2_1_0
INFO: [VRFC 10-311] analyzing module generic_baseblocks_v2_1_0_carry_latch_or
INFO: [VRFC 10-2263] Analyzing Verilog file "C:/Users/Neil/Documents/Neil/EngSci/year_4_winter/ECE532/GrandTheftAuto/image_processing/img_proc_mb/img_proc_mb.ip_user_files/ipstatic/generic_baseblocks_v2_1/hdl/verilog/generic_baseblocks_v2_1_carry_or.v" into library generic_baseblocks_v2_1_0
INFO: [VRFC 10-311] analyzing module generic_baseblocks_v2_1_0_carry_or
INFO: [VRFC 10-2263] Analyzing Verilog file "C:/Users/Neil/Documents/Neil/EngSci/year_4_winter/ECE532/GrandTheftAuto/image_processing/img_proc_mb/img_proc_mb.ip_user_files/ipstatic/generic_baseblocks_v2_1/hdl/verilog/generic_baseblocks_v2_1_carry.v" into library generic_baseblocks_v2_1_0
INFO: [VRFC 10-311] analyzing module generic_baseblocks_v2_1_0_carry
INFO: [VRFC 10-2263] Analyzing Verilog file "C:/Users/Neil/Documents/Neil/EngSci/year_4_winter/ECE532/GrandTheftAuto/image_processing/img_proc_mb/img_proc_mb.ip_user_files/ipstatic/generic_baseblocks_v2_1/hdl/verilog/generic_baseblocks_v2_1_command_fifo.v" into library generic_baseblocks_v2_1_0
INFO: [VRFC 10-311] analyzing module generic_baseblocks_v2_1_0_command_fifo
INFO: [VRFC 10-2263] Analyzing Verilog file "C:/Users/Neil/Documents/Neil/EngSci/year_4_winter/ECE532/GrandTheftAuto/image_processing/img_proc_mb/img_proc_mb.ip_user_files/ipstatic/generic_baseblocks_v2_1/hdl/verilog/generic_baseblocks_v2_1_comparator_mask_static.v" into library generic_baseblocks_v2_1_0
INFO: [VRFC 10-311] analyzing module generic_baseblocks_v2_1_0_comparator_mask_static
INFO: [VRFC 10-2263] Analyzing Verilog file "C:/Users/Neil/Documents/Neil/EngSci/year_4_winter/ECE532/GrandTheftAuto/image_processing/img_proc_mb/img_proc_mb.ip_user_files/ipstatic/generic_baseblocks_v2_1/hdl/verilog/generic_baseblocks_v2_1_comparator_mask.v" into library generic_baseblocks_v2_1_0
INFO: [VRFC 10-311] analyzing module generic_baseblocks_v2_1_0_comparator_mask
INFO: [VRFC 10-2263] Analyzing Verilog file "C:/Users/Neil/Documents/Neil/EngSci/year_4_winter/ECE532/GrandTheftAuto/image_processing/img_proc_mb/img_proc_mb.ip_user_files/ipstatic/generic_baseblocks_v2_1/hdl/verilog/generic_baseblocks_v2_1_comparator_sel_mask_static.v" into library generic_baseblocks_v2_1_0
INFO: [VRFC 10-311] analyzing module generic_baseblocks_v2_1_0_comparator_sel_mask_static
INFO: [VRFC 10-2263] Analyzing Verilog file "C:/Users/Neil/Documents/Neil/EngSci/year_4_winter/ECE532/GrandTheftAuto/image_processing/img_proc_mb/img_proc_mb.ip_user_files/ipstatic/generic_baseblocks_v2_1/hdl/verilog/generic_baseblocks_v2_1_comparator_sel_mask.v" into library generic_baseblocks_v2_1_0
INFO: [VRFC 10-311] analyzing module generic_baseblocks_v2_1_0_comparator_sel_mask
INFO: [VRFC 10-2263] Analyzing Verilog file "C:/Users/Neil/Documents/Neil/EngSci/year_4_winter/ECE532/GrandTheftAuto/image_processing/img_proc_mb/img_proc_mb.ip_user_files/ipstatic/generic_baseblocks_v2_1/hdl/verilog/generic_baseblocks_v2_1_comparator_sel_static.v" into library generic_baseblocks_v2_1_0
INFO: [VRFC 10-311] analyzing module generic_baseblocks_v2_1_0_comparator_sel_static
INFO: [VRFC 10-2263] Analyzing Verilog file "C:/Users/Neil/Documents/Neil/EngSci/year_4_winter/ECE532/GrandTheftAuto/image_processing/img_proc_mb/img_proc_mb.ip_user_files/ipstatic/generic_baseblocks_v2_1/hdl/verilog/generic_baseblocks_v2_1_comparator_sel.v" into library generic_baseblocks_v2_1_0
INFO: [VRFC 10-311] analyzing module generic_baseblocks_v2_1_0_comparator_sel
INFO: [VRFC 10-2263] Analyzing Verilog file "C:/Users/Neil/Documents/Neil/EngSci/year_4_winter/ECE532/GrandTheftAuto/image_processing/img_proc_mb/img_proc_mb.ip_user_files/ipstatic/generic_baseblocks_v2_1/hdl/verilog/generic_baseblocks_v2_1_comparator_static.v" into library generic_baseblocks_v2_1_0
INFO: [VRFC 10-311] analyzing module generic_baseblocks_v2_1_0_comparator_static
INFO: [VRFC 10-2263] Analyzing Verilog file "C:/Users/Neil/Documents/Neil/EngSci/year_4_winter/ECE532/GrandTheftAuto/image_processing/img_proc_mb/img_proc_mb.ip_user_files/ipstatic/generic_baseblocks_v2_1/hdl/verilog/generic_baseblocks_v2_1_comparator.v" into library generic_baseblocks_v2_1_0
INFO: [VRFC 10-311] analyzing module generic_baseblocks_v2_1_0_comparator
INFO: [VRFC 10-2263] Analyzing Verilog file "C:/Users/Neil/Documents/Neil/EngSci/year_4_winter/ECE532/GrandTheftAuto/image_processing/img_proc_mb/img_proc_mb.ip_user_files/ipstatic/generic_baseblocks_v2_1/hdl/verilog/generic_baseblocks_v2_1_mux_enc.v" into library generic_baseblocks_v2_1_0
INFO: [VRFC 10-311] analyzing module generic_baseblocks_v2_1_0_mux_enc
INFO: [VRFC 10-2263] Analyzing Verilog file "C:/Users/Neil/Documents/Neil/EngSci/year_4_winter/ECE532/GrandTheftAuto/image_processing/img_proc_mb/img_proc_mb.ip_user_files/ipstatic/generic_baseblocks_v2_1/hdl/verilog/generic_baseblocks_v2_1_mux.v" into library generic_baseblocks_v2_1_0
INFO: [VRFC 10-311] analyzing module generic_baseblocks_v2_1_0_mux
INFO: [VRFC 10-2263] Analyzing Verilog file "C:/Users/Neil/Documents/Neil/EngSci/year_4_winter/ECE532/GrandTheftAuto/image_processing/img_proc_mb/img_proc_mb.ip_user_files/ipstatic/generic_baseblocks_v2_1/hdl/verilog/generic_baseblocks_v2_1_nto1_mux.v" into library generic_baseblocks_v2_1_0
INFO: [VRFC 10-311] analyzing module generic_baseblocks_v2_1_0_nto1_mux
INFO: [VRFC 10-2263] Analyzing Verilog file "C:/Users/Neil/Documents/Neil/EngSci/year_4_winter/ECE532/GrandTheftAuto/image_processing/img_proc_mb/img_proc_mb.ip_user_files/ipstatic/axi_infrastructure_v1_1/hdl/verilog/axi_infrastructure_v1_1_axi2vector.v" into library axi_infrastructure_v1_1_0
INFO: [VRFC 10-311] analyzing module axi_infrastructure_v1_1_0_axi2vector
INFO: [VRFC 10-2263] Analyzing Verilog file "C:/Users/Neil/Documents/Neil/EngSci/year_4_winter/ECE532/GrandTheftAuto/image_processing/img_proc_mb/img_proc_mb.ip_user_files/ipstatic/axi_infrastructure_v1_1/hdl/verilog/axi_infrastructure_v1_1_axic_srl_fifo.v" into library axi_infrastructure_v1_1_0
INFO: [VRFC 10-311] analyzing module axi_infrastructure_v1_1_0_axic_srl_fifo
INFO: [VRFC 10-2263] Analyzing Verilog file "C:/Users/Neil/Documents/Neil/EngSci/year_4_winter/ECE532/GrandTheftAuto/image_processing/img_proc_mb/img_proc_mb.ip_user_files/ipstatic/axi_infrastructure_v1_1/hdl/verilog/axi_infrastructure_v1_1_vector2axi.v" into library axi_infrastructure_v1_1_0
INFO: [VRFC 10-311] analyzing module axi_infrastructure_v1_1_0_vector2axi
INFO: [VRFC 10-2263] Analyzing Verilog file "C:/Users/Neil/Documents/Neil/EngSci/year_4_winter/ECE532/GrandTheftAuto/image_processing/img_proc_mb/img_proc_mb.ip_user_files/ipstatic/axi_register_slice_v2_1/hdl/verilog/axi_register_slice_v2_1_axic_register_slice.v" into library axi_register_slice_v2_1_9
INFO: [VRFC 10-311] analyzing module axi_register_slice_v2_1_9_srl_rtl
INFO: [VRFC 10-311] analyzing module axi_register_slice_v2_1_9_axic_register_slice
INFO: [VRFC 10-2263] Analyzing Verilog file "C:/Users/Neil/Documents/Neil/EngSci/year_4_winter/ECE532/GrandTheftAuto/image_processing/img_proc_mb/img_proc_mb.ip_user_files/ipstatic/axi_register_slice_v2_1/hdl/verilog/axi_register_slice_v2_1_axi_register_slice.v" into library axi_register_slice_v2_1_9
INFO: [VRFC 10-311] analyzing module axi_register_slice_v2_1_9_axi_register_slice
INFO: [VRFC 10-2263] Analyzing Verilog file "C:/Users/Neil/Documents/Neil/EngSci/year_4_winter/ECE532/GrandTheftAuto/image_processing/img_proc_mb/img_proc_mb.ip_user_files/ipstatic/fifo_generator_v13_1/simulation/fifo_generator_vlog_beh.v" into library fifo_generator_v13_1_1
INFO: [VRFC 10-311] analyzing module fifo_generator_vlog_beh
INFO: [VRFC 10-2458] undeclared symbol wr_eop_ad, assumed default net type wire [C:/Users/Neil/Documents/Neil/EngSci/year_4_winter/ECE532/GrandTheftAuto/image_processing/img_proc_mb/img_proc_mb.ip_user_files/ipstatic/fifo_generator_v13_1/simulation/fifo_generator_vlog_beh.v:1321]
INFO: [VRFC 10-2458] undeclared symbol rd_eop_ad, assumed default net type wire [C:/Users/Neil/Documents/Neil/EngSci/year_4_winter/ECE532/GrandTheftAuto/image_processing/img_proc_mb/img_proc_mb.ip_user_files/ipstatic/fifo_generator_v13_1/simulation/fifo_generator_vlog_beh.v:1322]
INFO: [VRFC 10-2458] undeclared symbol wr_rst_busy_axis, assumed default net type wire [C:/Users/Neil/Documents/Neil/EngSci/year_4_winter/ECE532/GrandTheftAuto/image_processing/img_proc_mb/img_proc_mb.ip_user_files/ipstatic/fifo_generator_v13_1/simulation/fifo_generator_vlog_beh.v:1561]
INFO: [VRFC 10-2458] undeclared symbol rd_rst_busy_axis, assumed default net type wire [C:/Users/Neil/Documents/Neil/EngSci/year_4_winter/ECE532/GrandTheftAuto/image_processing/img_proc_mb/img_proc_mb.ip_user_files/ipstatic/fifo_generator_v13_1/simulation/fifo_generator_vlog_beh.v:1562]
INFO: [VRFC 10-2458] undeclared symbol wr_rst_busy_wach, assumed default net type wire [C:/Users/Neil/Documents/Neil/EngSci/year_4_winter/ECE532/GrandTheftAuto/image_processing/img_proc_mb/img_proc_mb.ip_user_files/ipstatic/fifo_generator_v13_1/simulation/fifo_generator_vlog_beh.v:2087]
INFO: [VRFC 10-2458] undeclared symbol rd_rst_busy_wach, assumed default net type wire [C:/Users/Neil/Documents/Neil/EngSci/year_4_winter/ECE532/GrandTheftAuto/image_processing/img_proc_mb/img_proc_mb.ip_user_files/ipstatic/fifo_generator_v13_1/simulation/fifo_generator_vlog_beh.v:2088]
INFO: [VRFC 10-2458] undeclared symbol wr_rst_busy_wdch, assumed default net type wire [C:/Users/Neil/Documents/Neil/EngSci/year_4_winter/ECE532/GrandTheftAuto/image_processing/img_proc_mb/img_proc_mb.ip_user_files/ipstatic/fifo_generator_v13_1/simulation/fifo_generator_vlog_beh.v:2307]
INFO: [VRFC 10-2458] undeclared symbol rd_rst_busy_wdch, assumed default net type wire [C:/Users/Neil/Documents/Neil/EngSci/year_4_winter/ECE532/GrandTheftAuto/image_processing/img_proc_mb/img_proc_mb.ip_user_files/ipstatic/fifo_generator_v13_1/simulation/fifo_generator_vlog_beh.v:2308]
INFO: [VRFC 10-2458] undeclared symbol wr_rst_busy_wrch, assumed default net type wire [C:/Users/Neil/Documents/Neil/EngSci/year_4_winter/ECE532/GrandTheftAuto/image_processing/img_proc_mb/img_proc_mb.ip_user_files/ipstatic/fifo_generator_v13_1/simulation/fifo_generator_vlog_beh.v:2474]
INFO: [VRFC 10-2458] undeclared symbol rd_rst_busy_wrch, assumed default net type wire [C:/Users/Neil/Documents/Neil/EngSci/year_4_winter/ECE532/GrandTheftAuto/image_processing/img_proc_mb/img_proc_mb.ip_user_files/ipstatic/fifo_generator_v13_1/simulation/fifo_generator_vlog_beh.v:2475]
INFO: [VRFC 10-2458] undeclared symbol wr_rst_busy_rach, assumed default net type wire [C:/Users/Neil/Documents/Neil/EngSci/year_4_winter/ECE532/GrandTheftAuto/image_processing/img_proc_mb/img_proc_mb.ip_user_files/ipstatic/fifo_generator_v13_1/simulation/fifo_generator_vlog_beh.v:2854]
INFO: [VRFC 10-2458] undeclared symbol rd_rst_busy_rach, assumed default net type wire [C:/Users/Neil/Documents/Neil/EngSci/year_4_winter/ECE532/GrandTheftAuto/image_processing/img_proc_mb/img_proc_mb.ip_user_files/ipstatic/fifo_generator_v13_1/simulation/fifo_generator_vlog_beh.v:2855]
INFO: [VRFC 10-2458] undeclared symbol wr_rst_busy_rdch, assumed default net type wire [C:/Users/Neil/Documents/Neil/EngSci/year_4_winter/ECE532/GrandTheftAuto/image_processing/img_proc_mb/img_proc_mb.ip_user_files/ipstatic/fifo_generator_v13_1/simulation/fifo_generator_vlog_beh.v:3087]
INFO: [VRFC 10-2458] undeclared symbol rd_rst_busy_rdch, assumed default net type wire [C:/Users/Neil/Documents/Neil/EngSci/year_4_winter/ECE532/GrandTheftAuto/image_processing/img_proc_mb/img_proc_mb.ip_user_files/ipstatic/fifo_generator_v13_1/simulation/fifo_generator_vlog_beh.v:3088]
INFO: [VRFC 10-311] analyzing module fifo_generator_v13_1_1_CONV_VER
INFO: [VRFC 10-311] analyzing module fifo_generator_v13_1_1_sync_stage
INFO: [VRFC 10-311] analyzing module fifo_generator_v13_1_1_bhv_ver_as
INFO: [VRFC 10-311] analyzing module fifo_generator_v13_1_1_beh_ver_ll_afifo
INFO: [VRFC 10-311] analyzing module fifo_generator_v13_1_1_bhv_ver_ss
INFO: [VRFC 10-2458] undeclared symbol srst_wrst_busy, assumed default net type wire [C:/Users/Neil/Documents/Neil/EngSci/year_4_winter/ECE532/GrandTheftAuto/image_processing/img_proc_mb/img_proc_mb.ip_user_files/ipstatic/fifo_generator_v13_1/simulation/fifo_generator_vlog_beh.v:7752]
INFO: [VRFC 10-311] analyzing module fifo_generator_v13_1_1_bhv_ver_preload0
INFO: [VRFC 10-311] analyzing module fifo_generator_v13_1_1_axic_reg_slice
INFO: [VRFC 10-2263] Analyzing Verilog file "C:/Users/Neil/Documents/Neil/EngSci/year_4_winter/ECE532/GrandTheftAuto/image_processing/img_proc_mb/img_proc_mb.ip_user_files/ipstatic/fifo_generator_v13_1/hdl/fifo_generator_v13_1_rfs.v" into library fifo_generator_v13_1_1
INFO: [VRFC 10-311] analyzing module fifo_generator_v13_1_1
INFO: [VRFC 10-2458] undeclared symbol sleep_i, assumed default net type wire [C:/Users/Neil/Documents/Neil/EngSci/year_4_winter/ECE532/GrandTheftAuto/image_processing/img_proc_mb/img_proc_mb.ip_user_files/ipstatic/fifo_generator_v13_1/hdl/fifo_generator_v13_1_rfs.v:519]
INFO: [VRFC 10-2263] Analyzing Verilog file "C:/Users/Neil/Documents/Neil/EngSci/year_4_winter/ECE532/GrandTheftAuto/image_processing/img_proc_mb/img_proc_mb.ip_user_files/ipstatic/axi_data_fifo_v2_1/hdl/verilog/axi_data_fifo_v2_1_axic_fifo.v" into library axi_data_fifo_v2_1_8
INFO: [VRFC 10-311] analyzing module axi_data_fifo_v2_1_8_axic_fifo
INFO: [VRFC 10-2263] Analyzing Verilog file "C:/Users/Neil/Documents/Neil/EngSci/year_4_winter/ECE532/GrandTheftAuto/image_processing/img_proc_mb/img_proc_mb.ip_user_files/ipstatic/axi_data_fifo_v2_1/hdl/verilog/axi_data_fifo_v2_1_fifo_gen.v" into library axi_data_fifo_v2_1_8
INFO: [VRFC 10-311] analyzing module axi_data_fifo_v2_1_8_fifo_gen
INFO: [VRFC 10-2263] Analyzing Verilog file "C:/Users/Neil/Documents/Neil/EngSci/year_4_winter/ECE532/GrandTheftAuto/image_processing/img_proc_mb/img_proc_mb.ip_user_files/ipstatic/axi_data_fifo_v2_1/hdl/verilog/axi_data_fifo_v2_1_axic_srl_fifo.v" into library axi_data_fifo_v2_1_8
INFO: [VRFC 10-311] analyzing module axi_data_fifo_v2_1_8_axic_srl_fifo
INFO: [VRFC 10-2263] Analyzing Verilog file "C:/Users/Neil/Documents/Neil/EngSci/year_4_winter/ECE532/GrandTheftAuto/image_processing/img_proc_mb/img_proc_mb.ip_user_files/ipstatic/axi_data_fifo_v2_1/hdl/verilog/axi_data_fifo_v2_1_axic_reg_srl_fifo.v" into library axi_data_fifo_v2_1_8
INFO: [VRFC 10-311] analyzing module axi_data_fifo_v2_1_8_axic_reg_srl_fifo
INFO: [VRFC 10-2263] Analyzing Verilog file "C:/Users/Neil/Documents/Neil/EngSci/year_4_winter/ECE532/GrandTheftAuto/image_processing/img_proc_mb/img_proc_mb.ip_user_files/ipstatic/axi_data_fifo_v2_1/hdl/verilog/axi_data_fifo_v2_1_ndeep_srl.v" into library axi_data_fifo_v2_1_8
INFO: [VRFC 10-311] analyzing module axi_data_fifo_v2_1_8_ndeep_srl
INFO: [VRFC 10-2263] Analyzing Verilog file "C:/Users/Neil/Documents/Neil/EngSci/year_4_winter/ECE532/GrandTheftAuto/image_processing/img_proc_mb/img_proc_mb.ip_user_files/ipstatic/axi_data_fifo_v2_1/hdl/verilog/axi_data_fifo_v2_1_axi_data_fifo.v" into library axi_data_fifo_v2_1_8
INFO: [VRFC 10-311] analyzing module axi_data_fifo_v2_1_8_axi_data_fifo
INFO: [VRFC 10-2263] Analyzing Verilog file "C:/Users/Neil/Documents/Neil/EngSci/year_4_winter/ECE532/GrandTheftAuto/image_processing/img_proc_mb/img_proc_mb.ip_user_files/ipstatic/axi_crossbar_v2_1/hdl/verilog/axi_crossbar_v2_1_addr_arbiter_sasd.v" into library axi_crossbar_v2_1_10
INFO: [VRFC 10-311] analyzing module axi_crossbar_v2_1_10_addr_arbiter_sasd
INFO: [VRFC 10-2263] Analyzing Verilog file "C:/Users/Neil/Documents/Neil/EngSci/year_4_winter/ECE532/GrandTheftAuto/image_processing/img_proc_mb/img_proc_mb.ip_user_files/ipstatic/axi_crossbar_v2_1/hdl/verilog/axi_crossbar_v2_1_addr_arbiter.v" into library axi_crossbar_v2_1_10
INFO: [VRFC 10-311] analyzing module axi_crossbar_v2_1_10_addr_arbiter
INFO: [VRFC 10-2263] Analyzing Verilog file "C:/Users/Neil/Documents/Neil/EngSci/year_4_winter/ECE532/GrandTheftAuto/image_processing/img_proc_mb/img_proc_mb.ip_user_files/ipstatic/axi_crossbar_v2_1/hdl/verilog/axi_crossbar_v2_1_addr_decoder.v" into library axi_crossbar_v2_1_10
INFO: [VRFC 10-311] analyzing module axi_crossbar_v2_1_10_addr_decoder
INFO: [VRFC 10-2263] Analyzing Verilog file "C:/Users/Neil/Documents/Neil/EngSci/year_4_winter/ECE532/GrandTheftAuto/image_processing/img_proc_mb/img_proc_mb.ip_user_files/ipstatic/axi_crossbar_v2_1/hdl/verilog/axi_crossbar_v2_1_arbiter_resp.v" into library axi_crossbar_v2_1_10
INFO: [VRFC 10-311] analyzing module axi_crossbar_v2_1_10_arbiter_resp
INFO: [VRFC 10-2263] Analyzing Verilog file "C:/Users/Neil/Documents/Neil/EngSci/year_4_winter/ECE532/GrandTheftAuto/image_processing/img_proc_mb/img_proc_mb.ip_user_files/ipstatic/axi_crossbar_v2_1/hdl/verilog/axi_crossbar_v2_1_crossbar_sasd.v" into library axi_crossbar_v2_1_10
INFO: [VRFC 10-311] analyzing module axi_crossbar_v2_1_10_crossbar_sasd
INFO: [VRFC 10-2263] Analyzing Verilog file "C:/Users/Neil/Documents/Neil/EngSci/year_4_winter/ECE532/GrandTheftAuto/image_processing/img_proc_mb/img_proc_mb.ip_user_files/ipstatic/axi_crossbar_v2_1/hdl/verilog/axi_crossbar_v2_1_crossbar.v" into library axi_crossbar_v2_1_10
INFO: [VRFC 10-311] analyzing module axi_crossbar_v2_1_10_crossbar
INFO: [VRFC 10-2263] Analyzing Verilog file "C:/Users/Neil/Documents/Neil/EngSci/year_4_winter/ECE532/GrandTheftAuto/image_processing/img_proc_mb/img_proc_mb.ip_user_files/ipstatic/axi_crossbar_v2_1/hdl/verilog/axi_crossbar_v2_1_decerr_slave.v" into library axi_crossbar_v2_1_10
INFO: [VRFC 10-311] analyzing module axi_crossbar_v2_1_10_decerr_slave
INFO: [VRFC 10-2263] Analyzing Verilog file "C:/Users/Neil/Documents/Neil/EngSci/year_4_winter/ECE532/GrandTheftAuto/image_processing/img_proc_mb/img_proc_mb.ip_user_files/ipstatic/axi_crossbar_v2_1/hdl/verilog/axi_crossbar_v2_1_si_transactor.v" into library axi_crossbar_v2_1_10
INFO: [VRFC 10-311] analyzing module axi_crossbar_v2_1_10_si_transactor
INFO: [VRFC 10-2263] Analyzing Verilog file "C:/Users/Neil/Documents/Neil/EngSci/year_4_winter/ECE532/GrandTheftAuto/image_processing/img_proc_mb/img_proc_mb.ip_user_files/ipstatic/axi_crossbar_v2_1/hdl/verilog/axi_crossbar_v2_1_splitter.v" into library axi_crossbar_v2_1_10
INFO: [VRFC 10-311] analyzing module axi_crossbar_v2_1_10_splitter
INFO: [VRFC 10-2263] Analyzing Verilog file "C:/Users/Neil/Documents/Neil/EngSci/year_4_winter/ECE532/GrandTheftAuto/image_processing/img_proc_mb/img_proc_mb.ip_user_files/ipstatic/axi_crossbar_v2_1/hdl/verilog/axi_crossbar_v2_1_wdata_mux.v" into library axi_crossbar_v2_1_10
INFO: [VRFC 10-311] analyzing module axi_crossbar_v2_1_10_wdata_mux
INFO: [VRFC 10-2263] Analyzing Verilog file "C:/Users/Neil/Documents/Neil/EngSci/year_4_winter/ECE532/GrandTheftAuto/image_processing/img_proc_mb/img_proc_mb.ip_user_files/ipstatic/axi_crossbar_v2_1/hdl/verilog/axi_crossbar_v2_1_wdata_router.v" into library axi_crossbar_v2_1_10
INFO: [VRFC 10-311] analyzing module axi_crossbar_v2_1_10_wdata_router
INFO: [VRFC 10-2263] Analyzing Verilog file "C:/Users/Neil/Documents/Neil/EngSci/year_4_winter/ECE532/GrandTheftAuto/image_processing/img_proc_mb/img_proc_mb.ip_user_files/ipstatic/axi_crossbar_v2_1/hdl/verilog/axi_crossbar_v2_1_axi_crossbar.v" into library axi_crossbar_v2_1_10
INFO: [VRFC 10-311] analyzing module axi_crossbar_v2_1_10_axi_crossbar
INFO: [VRFC 10-2263] Analyzing Verilog file "C:/Users/Neil/Documents/Neil/EngSci/year_4_winter/ECE532/GrandTheftAuto/image_processing/img_proc_mb/img_proc_mb.srcs/sources_1/bd/img_proc_mb/ip/img_proc_mb_xbar_0/sim/img_proc_mb_xbar_0.v" into library xil_defaultlib
INFO: [VRFC 10-311] analyzing module img_proc_mb_xbar_0
INFO: [VRFC 10-2263] Analyzing Verilog file "C:/Users/Neil/Documents/Neil/EngSci/year_4_winter/ECE532/GrandTheftAuto/image_processing/img_proc_mb/img_proc_mb.srcs/sources_1/bd/img_proc_mb/hdl/img_proc_mb.v" into library xil_defaultlib
INFO: [VRFC 10-311] analyzing module img_proc_mb
INFO: [VRFC 10-311] analyzing module img_proc_mb_microblaze_0_axi_periph_0
INFO: [VRFC 10-311] analyzing module m00_couplers_imp_1ULZGKW
INFO: [VRFC 10-311] analyzing module m01_couplers_imp_V0ODV2
INFO: [VRFC 10-311] analyzing module m02_couplers_imp_5S43IL
INFO: [VRFC 10-311] analyzing module microblaze_0_local_memory_imp_4P8UOX
INFO: [VRFC 10-311] analyzing module s00_couplers_imp_7SB6AO
INFO: [VRFC 10-2263] Analyzing Verilog file "C:/Users/Neil/Documents/Neil/EngSci/year_4_winter/ECE532/GrandTheftAuto/image_processing/img_proc_mb/img_proc_mb.srcs/sources_1/bd/img_proc_mb/ip/img_proc_mb_fifo_generator_0_0/sim/img_proc_mb_fifo_generator_0_0.v" into library xil_defaultlib
INFO: [VRFC 10-311] analyzing module img_proc_mb_fifo_generator_0_0
INFO: [VRFC 10-2263] Analyzing Verilog file "C:/Users/Neil/Documents/Neil/EngSci/year_4_winter/ECE532/GrandTheftAuto/image_processing/img_proc_mb/img_proc_mb.srcs/sources_1/bd/img_proc_mb/ip/img_proc_mb_image_proc_AXI_v1_0_1_0/sim/img_proc_mb_image_proc_AXI_v1_0_1_0.v" into library xil_defaultlib
INFO: [VRFC 10-311] analyzing module img_proc_mb_image_proc_AXI_v1_0_1_0
INFO: [VRFC 10-2263] Analyzing Verilog file "C:/Users/Neil/Documents/Neil/EngSci/year_4_winter/ECE532/GrandTheftAuto/image_processing/img_proc_mb/img_proc_mb.srcs/sources_1/bd/img_proc_mb/hdl/img_proc_mb_wrapper.v" into library xil_defaultlib
INFO: [VRFC 10-311] analyzing module img_proc_mb_wrapper
INFO: [VRFC 10-2263] Analyzing Verilog file "C:/Users/Neil/Documents/Neil/EngSci/year_4_winter/ECE532/GrandTheftAuto/image_processing/img_proc_mb/img_proc_mb.srcs/sim_1/new/tb_top.v" into library xil_defaultlib
INFO: [VRFC 10-311] analyzing module tb_top
INFO: [VRFC 10-2263] Analyzing Verilog file "C:/Users/Neil/Documents/Neil/EngSci/year_4_winter/ECE532/GrandTheftAuto/image_processing/img_proc_mb/img_proc_mb.sim/sim_1/behav/glbl.v" into library xil_defaultlib
INFO: [VRFC 10-311] analyzing module glbl
