INFO: [VRFC 10-163] Analyzing VHDL file "C:/Users/Neil/Documents/Neil/EngSci/year_4_winter/ECE532/GrandTheftAuto/img_proc_full_v2/jpeg.sim/sim_1/synth/func/wrapper_tb_func_synth.vhd" into library xil_defaultlib
INFO: [VRFC 10-307] analyzing entity jpeg_dequant_multiplier_mult_gen_v8_0_xst_1
INFO: [VRFC 10-307] analyzing entity jpeg_ht_tables_blk_mem_gen_v1_1_xst_1
INFO: [VRFC 10-307] analyzing entity jpeg_qt_sr_c_shift_ram_v8_0_xst_1
INFO: [VRFC 10-307] analyzing entity jpeg_upsampling_buffer_blk_mem_gen_v1_1_xst_1
INFO: [VRFC 10-307] analyzing entity jpeg_upsampling_buffer_blk_mem_gen_v1_1_xst_1_HD11
INFO: [VRFC 10-307] analyzing entity jpeg_upsampling_buffer_blk_mem_gen_v1_1_xst_1_HD9
INFO: [VRFC 10-307] analyzing entity VGAdrive
INFO: [VRFC 10-307] analyzing entity clk_wiz_0_clk_wiz
INFO: [VRFC 10-307] analyzing entity jpeg_YCbCr2RGB
INFO: [VRFC 10-307] analyzing entity jpeg_check_FF
INFO: [VRFC 10-307] analyzing entity jpeg_dezigzag
INFO: [VRFC 10-307] analyzing entity jpeg_header
INFO: [VRFC 10-307] analyzing entity jpeg_ht_nr_of_symbols
INFO: [VRFC 10-307] analyzing entity jpeg_huffman_input_sr
INFO: [VRFC 10-307] analyzing entity jpeg_idct_core_12
INFO: [VRFC 10-307] analyzing entity \bindec__1\
INFO: [VRFC 10-307] analyzing entity \bindec__parameterized0\
INFO: [VRFC 10-307] analyzing entity \bindec__parameterized1\
INFO: [VRFC 10-307] analyzing entity \bindec__parameterized2\
INFO: [VRFC 10-307] analyzing entity \bindec__parameterized3\
INFO: [VRFC 10-307] analyzing entity blk_mem_gen_mux
INFO: [VRFC 10-307] analyzing entity \blk_mem_gen_mux__parameterized2\
INFO: [VRFC 10-307] analyzing entity \blk_mem_gen_mux__parameterized4\
INFO: [VRFC 10-307] analyzing entity blk_mem_gen_prim_wrapper
INFO: [VRFC 10-307] analyzing entity \blk_mem_gen_prim_wrapper__parameterized0\
INFO: [VRFC 10-307] analyzing entity \blk_mem_gen_prim_wrapper__parameterized1\
INFO: [VRFC 10-307] analyzing entity \blk_mem_gen_prim_wrapper__parameterized10\
INFO: [VRFC 10-307] analyzing entity \blk_mem_gen_prim_wrapper__parameterized11\
INFO: [VRFC 10-307] analyzing entity \blk_mem_gen_prim_wrapper__parameterized12\
INFO: [VRFC 10-307] analyzing entity \blk_mem_gen_prim_wrapper__parameterized13\
INFO: [VRFC 10-307] analyzing entity \blk_mem_gen_prim_wrapper__parameterized14\
INFO: [VRFC 10-307] analyzing entity \blk_mem_gen_prim_wrapper__parameterized15\
INFO: [VRFC 10-307] analyzing entity \blk_mem_gen_prim_wrapper__parameterized16\
INFO: [VRFC 10-307] analyzing entity \blk_mem_gen_prim_wrapper__parameterized17\
INFO: [VRFC 10-307] analyzing entity \blk_mem_gen_prim_wrapper__parameterized18\
INFO: [VRFC 10-307] analyzing entity \blk_mem_gen_prim_wrapper__parameterized19\
INFO: [VRFC 10-307] analyzing entity \blk_mem_gen_prim_wrapper__parameterized2\
INFO: [VRFC 10-307] analyzing entity \blk_mem_gen_prim_wrapper__parameterized20\
INFO: [VRFC 10-307] analyzing entity \blk_mem_gen_prim_wrapper__parameterized21\
INFO: [VRFC 10-307] analyzing entity \blk_mem_gen_prim_wrapper__parameterized22\
INFO: [VRFC 10-307] analyzing entity \blk_mem_gen_prim_wrapper__parameterized23\
INFO: [VRFC 10-307] analyzing entity \blk_mem_gen_prim_wrapper__parameterized24\
INFO: [VRFC 10-307] analyzing entity \blk_mem_gen_prim_wrapper__parameterized25\
INFO: [VRFC 10-307] analyzing entity \blk_mem_gen_prim_wrapper__parameterized26\
INFO: [VRFC 10-307] analyzing entity \blk_mem_gen_prim_wrapper__parameterized27\
INFO: [VRFC 10-307] analyzing entity \blk_mem_gen_prim_wrapper__parameterized28\
INFO: [VRFC 10-307] analyzing entity \blk_mem_gen_prim_wrapper__parameterized3\
INFO: [VRFC 10-307] analyzing entity \blk_mem_gen_prim_wrapper__parameterized4\
INFO: [VRFC 10-307] analyzing entity \blk_mem_gen_prim_wrapper__parameterized5\
INFO: [VRFC 10-307] analyzing entity \blk_mem_gen_prim_wrapper__parameterized6\
INFO: [VRFC 10-307] analyzing entity \blk_mem_gen_prim_wrapper__parameterized7\
INFO: [VRFC 10-307] analyzing entity \blk_mem_gen_prim_wrapper__parameterized8\
INFO: [VRFC 10-307] analyzing entity \blk_mem_gen_prim_wrapper__parameterized9\
INFO: [VRFC 10-307] analyzing entity blk_mem_gen_prim_wrapper_init
INFO: [VRFC 10-307] analyzing entity \blk_mem_gen_prim_wrapper_init__parameterized0\
INFO: [VRFC 10-307] analyzing entity \blk_mem_gen_prim_wrapper_init__parameterized1\
INFO: [VRFC 10-307] analyzing entity \blk_mem_gen_prim_wrapper_init__parameterized10\
INFO: [VRFC 10-307] analyzing entity \blk_mem_gen_prim_wrapper_init__parameterized11\
INFO: [VRFC 10-307] analyzing entity \blk_mem_gen_prim_wrapper_init__parameterized12\
INFO: [VRFC 10-307] analyzing entity \blk_mem_gen_prim_wrapper_init__parameterized13\
INFO: [VRFC 10-307] analyzing entity \blk_mem_gen_prim_wrapper_init__parameterized2\
INFO: [VRFC 10-307] analyzing entity \blk_mem_gen_prim_wrapper_init__parameterized3\
INFO: [VRFC 10-307] analyzing entity \blk_mem_gen_prim_wrapper_init__parameterized4\
INFO: [VRFC 10-307] analyzing entity \blk_mem_gen_prim_wrapper_init__parameterized5\
INFO: [VRFC 10-307] analyzing entity \blk_mem_gen_prim_wrapper_init__parameterized6\
INFO: [VRFC 10-307] analyzing entity \blk_mem_gen_prim_wrapper_init__parameterized7\
INFO: [VRFC 10-307] analyzing entity \blk_mem_gen_prim_wrapper_init__parameterized8\
INFO: [VRFC 10-307] analyzing entity \blk_mem_gen_prim_wrapper_init__parameterized9\
INFO: [VRFC 10-307] analyzing entity jpeg_checkff_fifo_fifo_generator_v2_3_xst_1_blkmemdp_v6_2_xst
INFO: [VRFC 10-307] analyzing entity jpeg_input_fifo_fifo_generator_v2_3_xst_1_blkmemdp_v6_2_xst
INFO: [VRFC 10-307] analyzing entity jpeg_ht_tables
INFO: [VRFC 10-307] analyzing entity jpeg_upsampling_buffer
INFO: [VRFC 10-307] analyzing entity jpeg_upsampling_buffer_HD10
INFO: [VRFC 10-307] analyzing entity jpeg_upsampling_buffer_HD8
INFO: [VRFC 10-307] analyzing entity clk_wiz_0
INFO: [VRFC 10-307] analyzing entity jpeg_dequant_multiplier
INFO: [VRFC 10-307] analyzing entity jpeg_idct
INFO: [VRFC 10-307] analyzing entity jpeg_qt_sr
INFO: [VRFC 10-307] analyzing entity jpeg_qt_sr_HD2
INFO: [VRFC 10-307] analyzing entity jpeg_qt_sr_HD4
INFO: [VRFC 10-307] analyzing entity jpeg_qt_sr_HD6
INFO: [VRFC 10-307] analyzing entity blk_mem_gen_prim_width
INFO: [VRFC 10-307] analyzing entity \blk_mem_gen_prim_width__parameterized0\
INFO: [VRFC 10-307] analyzing entity \blk_mem_gen_prim_width__parameterized1\
INFO: [VRFC 10-307] analyzing entity \blk_mem_gen_prim_width__parameterized10\
INFO: [VRFC 10-307] analyzing entity \blk_mem_gen_prim_width__parameterized11\
INFO: [VRFC 10-307] analyzing entity \blk_mem_gen_prim_width__parameterized12\
INFO: [VRFC 10-307] analyzing entity \blk_mem_gen_prim_width__parameterized13\
INFO: [VRFC 10-307] analyzing entity \blk_mem_gen_prim_width__parameterized14\
INFO: [VRFC 10-307] analyzing entity \blk_mem_gen_prim_width__parameterized15\
INFO: [VRFC 10-307] analyzing entity \blk_mem_gen_prim_width__parameterized16\
INFO: [VRFC 10-307] analyzing entity \blk_mem_gen_prim_width__parameterized17\
INFO: [VRFC 10-307] analyzing entity \blk_mem_gen_prim_width__parameterized18\
INFO: [VRFC 10-307] analyzing entity \blk_mem_gen_prim_width__parameterized19\
INFO: [VRFC 10-307] analyzing entity \blk_mem_gen_prim_width__parameterized2\
INFO: [VRFC 10-307] analyzing entity \blk_mem_gen_prim_width__parameterized20\
INFO: [VRFC 10-307] analyzing entity \blk_mem_gen_prim_width__parameterized21\
INFO: [VRFC 10-307] analyzing entity \blk_mem_gen_prim_width__parameterized22\
INFO: [VRFC 10-307] analyzing entity \blk_mem_gen_prim_width__parameterized23\
INFO: [VRFC 10-307] analyzing entity \blk_mem_gen_prim_width__parameterized24\
INFO: [VRFC 10-307] analyzing entity \blk_mem_gen_prim_width__parameterized25\
INFO: [VRFC 10-307] analyzing entity \blk_mem_gen_prim_width__parameterized26\
INFO: [VRFC 10-307] analyzing entity \blk_mem_gen_prim_width__parameterized27\
INFO: [VRFC 10-307] analyzing entity \blk_mem_gen_prim_width__parameterized28\
INFO: [VRFC 10-307] analyzing entity \blk_mem_gen_prim_width__parameterized29\
INFO: [VRFC 10-307] analyzing entity \blk_mem_gen_prim_width__parameterized3\
INFO: [VRFC 10-307] analyzing entity \blk_mem_gen_prim_width__parameterized30\
INFO: [VRFC 10-307] analyzing entity \blk_mem_gen_prim_width__parameterized31\
INFO: [VRFC 10-307] analyzing entity \blk_mem_gen_prim_width__parameterized32\
INFO: [VRFC 10-307] analyzing entity \blk_mem_gen_prim_width__parameterized33\
INFO: [VRFC 10-307] analyzing entity \blk_mem_gen_prim_width__parameterized34\
INFO: [VRFC 10-307] analyzing entity \blk_mem_gen_prim_width__parameterized35\
INFO: [VRFC 10-307] analyzing entity \blk_mem_gen_prim_width__parameterized36\
INFO: [VRFC 10-307] analyzing entity \blk_mem_gen_prim_width__parameterized37\
INFO: [VRFC 10-307] analyzing entity \blk_mem_gen_prim_width__parameterized38\
INFO: [VRFC 10-307] analyzing entity \blk_mem_gen_prim_width__parameterized39\
INFO: [VRFC 10-307] analyzing entity \blk_mem_gen_prim_width__parameterized4\
INFO: [VRFC 10-307] analyzing entity \blk_mem_gen_prim_width__parameterized40\
INFO: [VRFC 10-307] analyzing entity \blk_mem_gen_prim_width__parameterized41\
INFO: [VRFC 10-307] analyzing entity \blk_mem_gen_prim_width__parameterized42\
INFO: [VRFC 10-307] analyzing entity \blk_mem_gen_prim_width__parameterized43\
INFO: [VRFC 10-307] analyzing entity \blk_mem_gen_prim_width__parameterized5\
INFO: [VRFC 10-307] analyzing entity \blk_mem_gen_prim_width__parameterized6\
INFO: [VRFC 10-307] analyzing entity \blk_mem_gen_prim_width__parameterized7\
INFO: [VRFC 10-307] analyzing entity \blk_mem_gen_prim_width__parameterized8\
INFO: [VRFC 10-307] analyzing entity \blk_mem_gen_prim_width__parameterized9\
INFO: [VRFC 10-307] analyzing entity fifo_generator_v2_3_as_lib_jpeg_checkff_fifo_fifo_generator_v2_3_xst_1_lib
INFO: [VRFC 10-307] analyzing entity fifo_generator_v2_3_as_lib_jpeg_input_fifo_fifo_generator_v2_3_xst_1_lib
INFO: [VRFC 10-307] analyzing entity jpeg_checkff_fifo_fifo_generator_v2_3_xst_1
INFO: [VRFC 10-307] analyzing entity jpeg_input_fifo_fifo_generator_v2_3_xst_1
INFO: [VRFC 10-307] analyzing entity jpeg_dequantize
INFO: [VRFC 10-307] analyzing entity jpeg_huffman
INFO: [VRFC 10-307] analyzing entity jpeg_upsampling
INFO: [VRFC 10-307] analyzing entity blk_mem_gen_generic_cstr
INFO: [VRFC 10-307] analyzing entity \blk_mem_gen_generic_cstr__parameterized0\
INFO: [VRFC 10-307] analyzing entity \blk_mem_gen_generic_cstr__parameterized1\
INFO: [VRFC 10-307] analyzing entity \blk_mem_gen_generic_cstr__parameterized2\
INFO: [VRFC 10-307] analyzing entity jpeg_checkff_fifo
INFO: [VRFC 10-307] analyzing entity jpeg_input_fifo
INFO: [VRFC 10-307] analyzing entity blk_mem_gen_top
INFO: [VRFC 10-307] analyzing entity \blk_mem_gen_top__parameterized0\
INFO: [VRFC 10-307] analyzing entity \blk_mem_gen_top__parameterized1\
INFO: [VRFC 10-307] analyzing entity \blk_mem_gen_top__parameterized2\
INFO: [VRFC 10-307] analyzing entity jpeg
INFO: [VRFC 10-307] analyzing entity blk_mem_gen_v8_3_3_synth
INFO: [VRFC 10-307] analyzing entity \blk_mem_gen_v8_3_3_synth__parameterized0\
INFO: [VRFC 10-307] analyzing entity \blk_mem_gen_v8_3_3_synth__parameterized1\
INFO: [VRFC 10-307] analyzing entity \blk_mem_gen_v8_3_3_synth__parameterized2\
INFO: [VRFC 10-307] analyzing entity blk_mem_gen_v8_3_3
INFO: [VRFC 10-307] analyzing entity \blk_mem_gen_v8_3_3__parameterized1\
INFO: [VRFC 10-307] analyzing entity \blk_mem_gen_v8_3_3__parameterized3\
INFO: [VRFC 10-307] analyzing entity \blk_mem_gen_v8_3_3__parameterized5\
INFO: [VRFC 10-307] analyzing entity blk_mem_gen_0
INFO: [VRFC 10-307] analyzing entity blk_mem_gen_2
INFO: [VRFC 10-307] analyzing entity blk_mem_gen_3
INFO: [VRFC 10-307] analyzing entity blk_mem_gen_4
INFO: [VRFC 10-307] analyzing entity edge_detector
INFO: [VRFC 10-307] analyzing entity vga_controller
INFO: [VRFC 10-307] analyzing entity image_processor
INFO: [VRFC 10-307] analyzing entity image_processor_wrapper
