Release 14.7 - ngc2edif P_INT.20160526 (nt64)
Copyright (c) 1995-2013 Xilinx, Inc.  All rights reserved.
Reading design jpeg_ht_tables.ngc ...
WARNING:NetListWriters:298 - No output is written to jpeg_ht_tables.xncf,
   ignored.
Processing design ...
   Preping design's networks ...
   Preping design's macros ...
  finished :Prep
Writing EDIF netlist file jpeg_ht_tables.edif ...
ngc2edif: Total memory usage is 85928 kilobytes

Release 14.7 - ngc2edif P_INT.20160526 (nt64)
Copyright (c) 1995-2013 Xilinx, Inc.  All rights reserved.
Reading design jpeg_upsampling_buffer.ngc ...
WARNING:NetListWriters:298 - No output is written to
   jpeg_upsampling_buffer.xncf, ignored.
Processing design ...
   Preping design's networks ...
   Preping design's macros ...
  finished :Prep
Writing EDIF netlist file jpeg_upsampling_buffer.edif ...
ngc2edif: Total memory usage is 85928 kilobytes

Release 14.7 - ngc2edif P_INT.20160526 (nt64)
Copyright (c) 1995-2013 Xilinx, Inc.  All rights reserved.
Reading design jpeg_input_fifo_fifo_generator_v2_3_xst_1.ngc ...
WARNING:NetListWriters:298 - No output is written to
   jpeg_input_fifo_fifo_generator_v2_3_xst_1.xncf, ignored.
Processing design ...
   Preping design's networks ...
   Preping design's macros ...
  finished :Prep
Writing EDIF netlist file jpeg_input_fifo_fifo_generator_v2_3_xst_1.edif ...
ngc2edif: Total memory usage is 87016 kilobytes

Release 14.7 - ngc2edif P_INT.20160526 (nt64)
Copyright (c) 1995-2013 Xilinx, Inc.  All rights reserved.
Reading design jpeg_checkff_fifo_fifo_generator_v2_3_xst_1.ngc ...
WARNING:NetListWriters:298 - No output is written to
   jpeg_checkff_fifo_fifo_generator_v2_3_xst_1.xncf, ignored.
Processing design ...
   Preping design's networks ...
   Preping design's macros ...
  finished :Prep
Writing EDIF netlist file jpeg_checkff_fifo_fifo_generator_v2_3_xst_1.edif ...
ngc2edif: Total memory usage is 87528 kilobytes

Release 14.7 - ngc2edif P_INT.20160526 (nt64)
Copyright (c) 1995-2013 Xilinx, Inc.  All rights reserved.
Reading design jpeg_dequant_multiplier_mult_gen_v8_0_xst_1.ngc ...
WARNING:NetListWriters:298 - No output is written to
   jpeg_dequant_multiplier_mult_gen_v8_0_xst_1.xncf, ignored.
Processing design ...
   Preping design's networks ...
   Preping design's macros ...
  finished :Prep
Writing EDIF netlist file jpeg_dequant_multiplier_mult_gen_v8_0_xst_1.edif ...
ngc2edif: Total memory usage is 85800 kilobytes

Release 14.7 - ngc2edif P_INT.20160526 (nt64)
Copyright (c) 1995-2013 Xilinx, Inc.  All rights reserved.
Reading design jpeg_qt_sr_c_shift_ram_v8_0_xst_1.ngc ...
WARNING:NetListWriters:298 - No output is written to
   jpeg_qt_sr_c_shift_ram_v8_0_xst_1.xncf, ignored.
Processing design ...
   Preping design's networks ...
   Preping design's macros ...
  finished :Prep
Writing EDIF netlist file jpeg_qt_sr_c_shift_ram_v8_0_xst_1.edif ...
ngc2edif: Total memory usage is 86952 kilobytes

Release 14.7 - ngc2edif P_INT.20160526 (nt64)
Copyright (c) 1995-2013 Xilinx, Inc.  All rights reserved.
Reading design jpeg_input_fifo_fifo_generator_v2_3_xst_1.ngc ...
WARNING:NetListWriters:298 - No output is written to
   jpeg_input_fifo_fifo_generator_v2_3_xst_1.xncf, ignored.
Processing design ...
   Preping design's networks ...
   Preping design's macros ...
  finished :Prep
Writing EDIF netlist file jpeg_input_fifo_fifo_generator_v2_3_xst_1.edif ...
ngc2edif: Total memory usage is 86952 kilobytes

Release 14.7 - ngc2edif P_INT.20160526 (nt64)
Copyright (c) 1995-2013 Xilinx, Inc.  All rights reserved.
Reading design jpeg_checkff_fifo_fifo_generator_v2_3_xst_1.ngc ...
WARNING:NetListWriters:298 - No output is written to
   jpeg_checkff_fifo_fifo_generator_v2_3_xst_1.xncf, ignored.
Processing design ...
   Preping design's networks ...
   Preping design's macros ...
  finished :Prep
Writing EDIF netlist file jpeg_checkff_fifo_fifo_generator_v2_3_xst_1.edif ...
ngc2edif: Total memory usage is 86952 kilobytes

Release 14.7 - ngc2edif P_INT.20160526 (nt64)
Copyright (c) 1995-2013 Xilinx, Inc.  All rights reserved.
Reading design jpeg_dequant_multiplier_mult_gen_v8_0_xst_1.ngc ...
WARNING:NetListWriters:298 - No output is written to
   jpeg_dequant_multiplier_mult_gen_v8_0_xst_1.xncf, ignored.
Processing design ...
   Preping design's networks ...
   Preping design's macros ...
  finished :Prep
Writing EDIF netlist file jpeg_dequant_multiplier_mult_gen_v8_0_xst_1.edif ...
ngc2edif: Total memory usage is 85864 kilobytes

Release 14.7 - ngc2edif P_INT.20160526 (nt64)
Copyright (c) 1995-2013 Xilinx, Inc.  All rights reserved.
Reading design jpeg_qt_sr_c_shift_ram_v8_0_xst_1.ngc ...
WARNING:NetListWriters:298 - No output is written to
   jpeg_qt_sr_c_shift_ram_v8_0_xst_1.xncf, ignored.
Processing design ...
   Preping design's networks ...
   Preping design's macros ...
  finished :Prep
Writing EDIF netlist file jpeg_qt_sr_c_shift_ram_v8_0_xst_1.edif ...
ngc2edif: Total memory usage is 86888 kilobytes

Release 14.7 - ngc2edif P_INT.20160526 (nt64)
Copyright (c) 1995-2013 Xilinx, Inc.  All rights reserved.
Reading design jpeg_ht_tables.ngc ...
WARNING:NetListWriters:298 - No output is written to jpeg_ht_tables.xncf,
   ignored.
Processing design ...
   Preping design's networks ...
   Preping design's macros ...
  finished :Prep
Writing EDIF netlist file jpeg_ht_tables.edif ...
ngc2edif: Total memory usage is 85928 kilobytes

Release 14.7 - ngc2edif P_INT.20160526 (nt64)
Copyright (c) 1995-2013 Xilinx, Inc.  All rights reserved.
Reading design jpeg_upsampling_buffer.ngc ...
WARNING:NetListWriters:298 - No output is written to
   jpeg_upsampling_buffer.xncf, ignored.
Processing design ...
   Preping design's networks ...
   Preping design's macros ...
  finished :Prep
Writing EDIF netlist file jpeg_upsampling_buffer.edif ...
ngc2edif: Total memory usage is 85928 kilobytes

Release 14.7 - ngc2edif P_INT.20160526 (nt64)
Copyright (c) 1995-2013 Xilinx, Inc.  All rights reserved.
Reading design jpeg_input_fifo_fifo_generator_v2_3_xst_1.ngc ...
WARNING:NetListWriters:298 - No output is written to
   jpeg_input_fifo_fifo_generator_v2_3_xst_1.xncf, ignored.
Processing design ...
   Preping design's networks ...
   Preping design's macros ...
  finished :Prep
Writing EDIF netlist file jpeg_input_fifo_fifo_generator_v2_3_xst_1.edif ...
ngc2edif: Total memory usage is 88500 kilobytes

Release 14.7 - ngc2edif P_INT.20160526 (nt64)
Copyright (c) 1995-2013 Xilinx, Inc.  All rights reserved.
Reading design jpeg_checkff_fifo_fifo_generator_v2_3_xst_1.ngc ...
WARNING:NetListWriters:298 - No output is written to
   jpeg_checkff_fifo_fifo_generator_v2_3_xst_1.xncf, ignored.
Processing design ...
   Preping design's networks ...
   Preping design's macros ...
  finished :Prep
Writing EDIF netlist file jpeg_checkff_fifo_fifo_generator_v2_3_xst_1.edif ...
ngc2edif: Total memory usage is 88436 kilobytes

Release 14.7 - ngc2edif P_INT.20160526 (nt64)
Copyright (c) 1995-2013 Xilinx, Inc.  All rights reserved.
Reading design jpeg_dequant_multiplier_mult_gen_v8_0_xst_1.ngc ...
WARNING:NetListWriters:298 - No output is written to
   jpeg_dequant_multiplier_mult_gen_v8_0_xst_1.xncf, ignored.
Processing design ...
   Preping design's networks ...
   Preping design's macros ...
  finished :Prep
Writing EDIF netlist file jpeg_dequant_multiplier_mult_gen_v8_0_xst_1.edif ...
ngc2edif: Total memory usage is 87412 kilobytes

Release 14.7 - ngc2edif P_INT.20160526 (nt64)
Copyright (c) 1995-2013 Xilinx, Inc.  All rights reserved.
Reading design jpeg_qt_sr_c_shift_ram_v8_0_xst_1.ngc ...
WARNING:NetListWriters:298 - No output is written to
   jpeg_qt_sr_c_shift_ram_v8_0_xst_1.xncf, ignored.
Processing design ...
   Preping design's networks ...
   Preping design's macros ...
  finished :Prep
Writing EDIF netlist file jpeg_qt_sr_c_shift_ram_v8_0_xst_1.edif ...
ngc2edif: Total memory usage is 87924 kilobytes

Release 14.7 - ngc2edif P_INT.20160526 (nt64)
Copyright (c) 1995-2013 Xilinx, Inc.  All rights reserved.
Reading design jpeg_ht_tables.ngc ...
WARNING:NetListWriters:298 - No output is written to jpeg_ht_tables.xncf,
   ignored.
Processing design ...
   Preping design's networks ...
   Preping design's macros ...
  finished :Prep
Writing EDIF netlist file jpeg_ht_tables.edif ...
ngc2edif: Total memory usage is 87412 kilobytes

Release 14.7 - ngc2edif P_INT.20160526 (nt64)
Copyright (c) 1995-2013 Xilinx, Inc.  All rights reserved.
Reading design jpeg_upsampling_buffer.ngc ...
WARNING:NetListWriters:298 - No output is written to
   jpeg_upsampling_buffer.xncf, ignored.
Processing design ...
   Preping design's networks ...
   Preping design's macros ...
  finished :Prep
Writing EDIF netlist file jpeg_upsampling_buffer.edif ...
ngc2edif: Total memory usage is 87988 kilobytes

Release 14.7 - ngc2edif P_INT.20160526 (lin64)
Copyright (c) 1995-2013 Xilinx, Inc.  All rights reserved.
Reading design jpeg_input_fifo_fifo_generator_v2_3_xst_1.ngc ...
WARNING:NetListWriters:298 - No output is written to
   jpeg_input_fifo_fifo_generator_v2_3_xst_1.xncf, ignored.
Processing design ...
   Preping design's networks ...
   Preping design's macros ...
  finished :Prep
Writing EDIF netlist file jpeg_input_fifo_fifo_generator_v2_3_xst_1.edif ...
PMSPEC -- Overriding Xilinx file
</cad1/Xilinx/Vivado/2016.2/ids_lite/ISE/data/ngc2edif.pfd> with local file
</nfs/ug/cad/cad1/Xilinx/Vivado/2016.2/ids_lite/ISE/data/ngc2edif.pfd>
ngc2edif: Total memory usage is 104872 kilobytes

Release 14.7 - ngc2edif P_INT.20160526 (lin64)
Copyright (c) 1995-2013 Xilinx, Inc.  All rights reserved.
Reading design jpeg_checkff_fifo_fifo_generator_v2_3_xst_1.ngc ...
WARNING:NetListWriters:298 - No output is written to
   jpeg_checkff_fifo_fifo_generator_v2_3_xst_1.xncf, ignored.
Processing design ...
   Preping design's networks ...
   Preping design's macros ...
  finished :Prep
Writing EDIF netlist file jpeg_checkff_fifo_fifo_generator_v2_3_xst_1.edif ...
PMSPEC -- Overriding Xilinx file
</cad1/Xilinx/Vivado/2016.2/ids_lite/ISE/data/ngc2edif.pfd> with local file
</nfs/ug/cad/cad1/Xilinx/Vivado/2016.2/ids_lite/ISE/data/ngc2edif.pfd>
ngc2edif: Total memory usage is 105072 kilobytes

Release 14.7 - ngc2edif P_INT.20160526 (lin64)
Copyright (c) 1995-2013 Xilinx, Inc.  All rights reserved.
Reading design jpeg_ht_tables.ngc ...
WARNING:NetListWriters:298 - No output is written to jpeg_ht_tables.xncf,
   ignored.
Processing design ...
   Preping design's networks ...
   Preping design's macros ...
  finished :Prep
Writing EDIF netlist file jpeg_ht_tables.edif ...
PMSPEC -- Overriding Xilinx file
</cad1/Xilinx/Vivado/2016.2/ids_lite/ISE/data/ngc2edif.pfd> with local file
</nfs/ug/cad/cad1/Xilinx/Vivado/2016.2/ids_lite/ISE/data/ngc2edif.pfd>
ngc2edif: Total memory usage is 103664 kilobytes

Release 14.7 - ngc2edif P_INT.20160526 (lin64)
Copyright (c) 1995-2013 Xilinx, Inc.  All rights reserved.
Reading design jpeg_dequant_multiplier_mult_gen_v8_0_xst_1.ngc ...
WARNING:NetListWriters:298 - No output is written to
   jpeg_dequant_multiplier_mult_gen_v8_0_xst_1.xncf, ignored.
Processing design ...
   Preping design's networks ...
   Preping design's macros ...
  finished :Prep
Writing EDIF netlist file jpeg_dequant_multiplier_mult_gen_v8_0_xst_1.edif ...
PMSPEC -- Overriding Xilinx file
</cad1/Xilinx/Vivado/2016.2/ids_lite/ISE/data/ngc2edif.pfd> with local file
</nfs/ug/cad/cad1/Xilinx/Vivado/2016.2/ids_lite/ISE/data/ngc2edif.pfd>
ngc2edif: Total memory usage is 103464 kilobytes

Release 14.7 - ngc2edif P_INT.20160526 (lin64)
Copyright (c) 1995-2013 Xilinx, Inc.  All rights reserved.
Reading design jpeg_qt_sr_c_shift_ram_v8_0_xst_1.ngc ...
WARNING:NetListWriters:298 - No output is written to
   jpeg_qt_sr_c_shift_ram_v8_0_xst_1.xncf, ignored.
Processing design ...
   Preping design's networks ...
   Preping design's macros ...
  finished :Prep
Writing EDIF netlist file jpeg_qt_sr_c_shift_ram_v8_0_xst_1.edif ...
PMSPEC -- Overriding Xilinx file
</cad1/Xilinx/Vivado/2016.2/ids_lite/ISE/data/ngc2edif.pfd> with local file
</nfs/ug/cad/cad1/Xilinx/Vivado/2016.2/ids_lite/ISE/data/ngc2edif.pfd>
ngc2edif: Total memory usage is 103548 kilobytes

Release 14.7 - ngc2edif P_INT.20160526 (lin64)
Copyright (c) 1995-2013 Xilinx, Inc.  All rights reserved.
Reading design jpeg_upsampling_buffer.ngc ...
WARNING:NetListWriters:298 - No output is written to
   jpeg_upsampling_buffer.xncf, ignored.
Processing design ...
   Preping design's networks ...
   Preping design's macros ...
  finished :Prep
Writing EDIF netlist file jpeg_upsampling_buffer.edif ...
PMSPEC -- Overriding Xilinx file
</cad1/Xilinx/Vivado/2016.2/ids_lite/ISE/data/ngc2edif.pfd> with local file
</nfs/ug/cad/cad1/Xilinx/Vivado/2016.2/ids_lite/ISE/data/ngc2edif.pfd>
ngc2edif: Total memory usage is 103540 kilobytes

Release 14.7 - ngc2edif P_INT.20160526 (nt64)
Copyright (c) 1995-2013 Xilinx, Inc.  All rights reserved.
Reading design jpeg_input_fifo_fifo_generator_v2_3_xst_1.ngc ...
WARNING:NetListWriters:298 - No output is written to
   jpeg_input_fifo_fifo_generator_v2_3_xst_1.xncf, ignored.
Processing design ...
   Preping design's networks ...
   Preping design's macros ...
  finished :Prep
Writing EDIF netlist file jpeg_input_fifo_fifo_generator_v2_3_xst_1.edif ...
ngc2edif: Total memory usage is 88116 kilobytes

Release 14.7 - ngc2edif P_INT.20160526 (nt64)
Copyright (c) 1995-2013 Xilinx, Inc.  All rights reserved.
Reading design jpeg_checkff_fifo_fifo_generator_v2_3_xst_1.ngc ...
WARNING:NetListWriters:298 - No output is written to
   jpeg_checkff_fifo_fifo_generator_v2_3_xst_1.xncf, ignored.
Processing design ...
   Preping design's networks ...
   Preping design's macros ...
  finished :Prep
Writing EDIF netlist file jpeg_checkff_fifo_fifo_generator_v2_3_xst_1.edif ...
ngc2edif: Total memory usage is 88052 kilobytes

Release 14.7 - ngc2edif P_INT.20160526 (nt64)
Copyright (c) 1995-2013 Xilinx, Inc.  All rights reserved.
Reading design jpeg_ht_tables.ngc ...
WARNING:NetListWriters:298 - No output is written to jpeg_ht_tables.xncf,
   ignored.
Processing design ...
   Preping design's networks ...
   Preping design's macros ...
  finished :Prep
Writing EDIF netlist file jpeg_ht_tables.edif ...
ngc2edif: Total memory usage is 87668 kilobytes

Release 14.7 - ngc2edif P_INT.20160526 (nt64)
Copyright (c) 1995-2013 Xilinx, Inc.  All rights reserved.
Reading design jpeg_dequant_multiplier_mult_gen_v8_0_xst_1.ngc ...
WARNING:NetListWriters:298 - No output is written to
   jpeg_dequant_multiplier_mult_gen_v8_0_xst_1.xncf, ignored.
Processing design ...
   Preping design's networks ...
   Preping design's macros ...
  finished :Prep
Writing EDIF netlist file jpeg_dequant_multiplier_mult_gen_v8_0_xst_1.edif ...
ngc2edif: Total memory usage is 87412 kilobytes

Release 14.7 - ngc2edif P_INT.20160526 (nt64)
Copyright (c) 1995-2013 Xilinx, Inc.  All rights reserved.
Reading design jpeg_qt_sr_c_shift_ram_v8_0_xst_1.ngc ...
WARNING:NetListWriters:298 - No output is written to
   jpeg_qt_sr_c_shift_ram_v8_0_xst_1.xncf, ignored.
Processing design ...
   Preping design's networks ...
   Preping design's macros ...
  finished :Prep
Writing EDIF netlist file jpeg_qt_sr_c_shift_ram_v8_0_xst_1.edif ...
ngc2edif: Total memory usage is 88436 kilobytes

Release 14.7 - ngc2edif P_INT.20160526 (nt64)
Copyright (c) 1995-2013 Xilinx, Inc.  All rights reserved.
Reading design jpeg_upsampling_buffer.ngc ...
WARNING:NetListWriters:298 - No output is written to
   jpeg_upsampling_buffer.xncf, ignored.
Processing design ...
   Preping design's networks ...
   Preping design's macros ...
  finished :Prep
Writing EDIF netlist file jpeg_upsampling_buffer.edif ...
ngc2edif: Total memory usage is 87412 kilobytes

Release 14.7 - ngc2edif P_INT.20160526 (nt64)
Copyright (c) 1995-2013 Xilinx, Inc.  All rights reserved.
Reading design jpeg_input_fifo_fifo_generator_v2_3_xst_1.ngc ...
WARNING:NetListWriters:298 - No output is written to
   jpeg_input_fifo_fifo_generator_v2_3_xst_1.xncf, ignored.
Processing design ...
   Preping design's networks ...
   Preping design's macros ...
  finished :Prep
Writing EDIF netlist file jpeg_input_fifo_fifo_generator_v2_3_xst_1.edif ...
ngc2edif: Total memory usage is 78416 kilobytes

Release 14.7 - ngc2edif P_INT.20160526 (nt64)
Copyright (c) 1995-2013 Xilinx, Inc.  All rights reserved.
Reading design jpeg_checkff_fifo_fifo_generator_v2_3_xst_1.ngc ...
WARNING:NetListWriters:298 - No output is written to
   jpeg_checkff_fifo_fifo_generator_v2_3_xst_1.xncf, ignored.
Processing design ...
   Preping design's networks ...
   Preping design's macros ...
  finished :Prep
Writing EDIF netlist file jpeg_checkff_fifo_fifo_generator_v2_3_xst_1.edif ...
ngc2edif: Total memory usage is 78352 kilobytes

Release 14.7 - ngc2edif P_INT.20160526 (nt64)
Copyright (c) 1995-2013 Xilinx, Inc.  All rights reserved.
Reading design jpeg_ht_tables.ngc ...
WARNING:NetListWriters:298 - No output is written to jpeg_ht_tables.xncf,
   ignored.
Processing design ...
   Preping design's networks ...
   Preping design's macros ...
  finished :Prep
Writing EDIF netlist file jpeg_ht_tables.edif ...
ngc2edif: Total memory usage is 78608 kilobytes

Release 14.7 - ngc2edif P_INT.20160526 (nt64)
Copyright (c) 1995-2013 Xilinx, Inc.  All rights reserved.
Reading design jpeg_dequant_multiplier_mult_gen_v8_0_xst_1.ngc ...
WARNING:NetListWriters:298 - No output is written to
   jpeg_dequant_multiplier_mult_gen_v8_0_xst_1.xncf, ignored.
Processing design ...
   Preping design's networks ...
   Preping design's macros ...
  finished :Prep
Writing EDIF netlist file jpeg_dequant_multiplier_mult_gen_v8_0_xst_1.edif ...
ngc2edif: Total memory usage is 77328 kilobytes

Release 14.7 - ngc2edif P_INT.20160526 (nt64)
Copyright (c) 1995-2013 Xilinx, Inc.  All rights reserved.
Reading design jpeg_qt_sr_c_shift_ram_v8_0_xst_1.ngc ...
WARNING:NetListWriters:298 - No output is written to
   jpeg_qt_sr_c_shift_ram_v8_0_xst_1.xncf, ignored.
Processing design ...
   Preping design's networks ...
   Preping design's macros ...
  finished :Prep
Writing EDIF netlist file jpeg_qt_sr_c_shift_ram_v8_0_xst_1.edif ...
ngc2edif: Total memory usage is 78480 kilobytes

Release 14.7 - ngc2edif P_INT.20160526 (nt64)
Copyright (c) 1995-2013 Xilinx, Inc.  All rights reserved.
Reading design jpeg_upsampling_buffer.ngc ...
WARNING:NetListWriters:298 - No output is written to
   jpeg_upsampling_buffer.xncf, ignored.
Processing design ...
   Preping design's networks ...
   Preping design's macros ...
  finished :Prep
Writing EDIF netlist file jpeg_upsampling_buffer.edif ...
ngc2edif: Total memory usage is 78608 kilobytes

Release 14.7 - ngc2edif P_INT.20160526 (nt64)
Copyright (c) 1995-2013 Xilinx, Inc.  All rights reserved.
Reading design jpeg_input_fifo_fifo_generator_v2_3_xst_1.ngc ...
WARNING:NetListWriters:298 - No output is written to
   jpeg_input_fifo_fifo_generator_v2_3_xst_1.xncf, ignored.
Processing design ...
   Preping design's networks ...
   Preping design's macros ...
  finished :Prep
Writing EDIF netlist file jpeg_input_fifo_fifo_generator_v2_3_xst_1.edif ...
ngc2edif: Total memory usage is 88244 kilobytes

Release 14.7 - ngc2edif P_INT.20160526 (nt64)
Copyright (c) 1995-2013 Xilinx, Inc.  All rights reserved.
Reading design jpeg_checkff_fifo_fifo_generator_v2_3_xst_1.ngc ...
WARNING:NetListWriters:298 - No output is written to
   jpeg_checkff_fifo_fifo_generator_v2_3_xst_1.xncf, ignored.
Processing design ...
   Preping design's networks ...
   Preping design's macros ...
  finished :Prep
Writing EDIF netlist file jpeg_checkff_fifo_fifo_generator_v2_3_xst_1.edif ...
ngc2edif: Total memory usage is 88692 kilobytes

Release 14.7 - ngc2edif P_INT.20160526 (nt64)
Copyright (c) 1995-2013 Xilinx, Inc.  All rights reserved.
Reading design jpeg_ht_tables.ngc ...
WARNING:NetListWriters:298 - No output is written to jpeg_ht_tables.xncf,
   ignored.
Processing design ...
   Preping design's networks ...
   Preping design's macros ...
  finished :Prep
Writing EDIF netlist file jpeg_ht_tables.edif ...
ngc2edif: Total memory usage is 87604 kilobytes

Release 14.7 - ngc2edif P_INT.20160526 (nt64)
Copyright (c) 1995-2013 Xilinx, Inc.  All rights reserved.
Reading design jpeg_dequant_multiplier_mult_gen_v8_0_xst_1.ngc ...
WARNING:NetListWriters:298 - No output is written to
   jpeg_dequant_multiplier_mult_gen_v8_0_xst_1.xncf, ignored.
Processing design ...
   Preping design's networks ...
   Preping design's macros ...
  finished :Prep
Writing EDIF netlist file jpeg_dequant_multiplier_mult_gen_v8_0_xst_1.edif ...
ngc2edif: Total memory usage is 87476 kilobytes

Release 14.7 - ngc2edif P_INT.20160526 (nt64)
Copyright (c) 1995-2013 Xilinx, Inc.  All rights reserved.
Reading design jpeg_qt_sr_c_shift_ram_v8_0_xst_1.ngc ...
WARNING:NetListWriters:298 - No output is written to
   jpeg_qt_sr_c_shift_ram_v8_0_xst_1.xncf, ignored.
Processing design ...
   Preping design's networks ...
   Preping design's macros ...
  finished :Prep
Writing EDIF netlist file jpeg_qt_sr_c_shift_ram_v8_0_xst_1.edif ...
ngc2edif: Total memory usage is 88820 kilobytes

Release 14.7 - ngc2edif P_INT.20160526 (nt64)
Copyright (c) 1995-2013 Xilinx, Inc.  All rights reserved.
Reading design jpeg_upsampling_buffer.ngc ...
WARNING:NetListWriters:298 - No output is written to
   jpeg_upsampling_buffer.xncf, ignored.
Processing design ...
   Preping design's networks ...
   Preping design's macros ...
  finished :Prep
Writing EDIF netlist file jpeg_upsampling_buffer.edif ...
ngc2edif: Total memory usage is 87412 kilobytes

