
*** Running vivado
    with args -log image_processor.vds -m64 -mode batch -messageDb vivado.pb -notrace -source image_processor.tcl


****** Vivado v2016.2 (64-bit)
  **** SW Build 1577090 on Thu Jun  2 16:32:40 MDT 2016
  **** IP Build 1577682 on Fri Jun  3 12:00:54 MDT 2016
    ** Copyright 1986-2016 Xilinx, Inc. All Rights Reserved.

source image_processor.tcl -notrace
Command: synth_design -top image_processor -part xc7a100tcsg324-1
Starting synth_design
Attempting to get a license for feature 'Synthesis' and/or device 'xc7a100t'
INFO: [Common 17-349] Got license for feature 'Synthesis' and/or device 'xc7a100t'
INFO: Launching helper process for spawning children vivado processes
INFO: Helper process launched with PID 5316 
---------------------------------------------------------------------------------
Starting Synthesize : Time (s): cpu = 00:00:25 ; elapsed = 00:00:45 . Memory (MB): peak = 294.531 ; gain = 87.938
---------------------------------------------------------------------------------
INFO: [Synth 8-638] synthesizing module 'image_processor' [C:/Users/Neil/Documents/Neil/EngSci/year_4_winter/ECE532/image_processing/image_processor/image_processor.srcs/sources_1/new/image_processor.v:23]
	Parameter target_r bound to: 255 - type: integer 
	Parameter target_g bound to: 255 - type: integer 
	Parameter target_b bound to: 255 - type: integer 
	Parameter loss_threshold bound to: 3500 - type: integer 
INFO: [Synth 8-256] done synthesizing module 'image_processor' (1#1) [C:/Users/Neil/Documents/Neil/EngSci/year_4_winter/ECE532/image_processing/image_processor/image_processor.srcs/sources_1/new/image_processor.v:23]
WARNING: [Synth 8-3331] design image_processor has unconnected port x[7]
WARNING: [Synth 8-3331] design image_processor has unconnected port x[6]
WARNING: [Synth 8-3331] design image_processor has unconnected port x[5]
WARNING: [Synth 8-3331] design image_processor has unconnected port x[4]
WARNING: [Synth 8-3331] design image_processor has unconnected port x[3]
WARNING: [Synth 8-3331] design image_processor has unconnected port x[2]
WARNING: [Synth 8-3331] design image_processor has unconnected port x[1]
WARNING: [Synth 8-3331] design image_processor has unconnected port x[0]
WARNING: [Synth 8-3331] design image_processor has unconnected port y[7]
WARNING: [Synth 8-3331] design image_processor has unconnected port y[6]
WARNING: [Synth 8-3331] design image_processor has unconnected port y[5]
WARNING: [Synth 8-3331] design image_processor has unconnected port y[4]
WARNING: [Synth 8-3331] design image_processor has unconnected port y[3]
WARNING: [Synth 8-3331] design image_processor has unconnected port y[2]
WARNING: [Synth 8-3331] design image_processor has unconnected port y[1]
WARNING: [Synth 8-3331] design image_processor has unconnected port y[0]
---------------------------------------------------------------------------------
Finished Synthesize : Time (s): cpu = 00:00:28 ; elapsed = 00:00:49 . Memory (MB): peak = 330.969 ; gain = 124.375
---------------------------------------------------------------------------------
---------------------------------------------------------------------------------
Finished Constraint Validation : Time (s): cpu = 00:00:28 ; elapsed = 00:00:50 . Memory (MB): peak = 330.969 ; gain = 124.375
---------------------------------------------------------------------------------
---------------------------------------------------------------------------------
Start Loading Part and Timing Information
---------------------------------------------------------------------------------
Loading part: xc7a100tcsg324-1
---------------------------------------------------------------------------------
Finished Loading Part and Timing Information : Time (s): cpu = 00:00:28 ; elapsed = 00:00:50 . Memory (MB): peak = 330.969 ; gain = 124.375
---------------------------------------------------------------------------------
INFO: [Device 21-403] Loading part xc7a100tcsg324-1
---------------------------------------------------------------------------------
Finished RTL Optimization Phase 2 : Time (s): cpu = 00:00:28 ; elapsed = 00:00:50 . Memory (MB): peak = 339.387 ; gain = 132.793
---------------------------------------------------------------------------------

Report RTL Partitions: 
+-+--------------+------------+----------+
| |RTL Partition |Replication |Instances |
+-+--------------+------------+----------+
+-+--------------+------------+----------+
No constraint files found.
---------------------------------------------------------------------------------
Start RTL Component Statistics 
---------------------------------------------------------------------------------
Detailed RTL Component Info : 
+---Adders : 
	   2 Input     17 Bit       Adders := 3     
+---Registers : 
	                1 Bit    Registers := 1     
---------------------------------------------------------------------------------
Finished RTL Component Statistics 
---------------------------------------------------------------------------------
---------------------------------------------------------------------------------
Start RTL Hierarchical Component Statistics 
---------------------------------------------------------------------------------
Hierarchical RTL Component report 
Module image_processor 
Detailed RTL Component Info : 
+---Adders : 
	   2 Input     17 Bit       Adders := 3     
+---Registers : 
	                1 Bit    Registers := 1     
---------------------------------------------------------------------------------
Finished RTL Hierarchical Component Statistics
---------------------------------------------------------------------------------
---------------------------------------------------------------------------------
Start Part Resource Summary
---------------------------------------------------------------------------------
Part Resources:
DSPs: 240 (col length:80)
BRAMs: 270 (col length: RAMB18 80 RAMB36 40)
---------------------------------------------------------------------------------
Finished Part Resource Summary
---------------------------------------------------------------------------------
Start Parallel Synthesis Optimization  : Time (s): cpu = 00:00:41 ; elapsed = 00:01:08 . Memory (MB): peak = 458.832 ; gain = 252.238
---------------------------------------------------------------------------------
Start Cross Boundary Optimization
---------------------------------------------------------------------------------
DSP Report: Generating DSP loss0, operation Mode is: A*B.
DSP Report: operator loss0 is absorbed into DSP loss0.
DSP Report: Generating DSP loss, operation Mode is: C+A*B.
DSP Report: operator loss is absorbed into DSP loss.
DSP Report: operator loss1 is absorbed into DSP loss.
DSP Report: Generating DSP loss, operation Mode is: PCIN+A*B.
DSP Report: operator loss is absorbed into DSP loss.
DSP Report: operator loss1 is absorbed into DSP loss.
WARNING: [Synth 8-3331] design image_processor has unconnected port x[7]
WARNING: [Synth 8-3331] design image_processor has unconnected port x[6]
WARNING: [Synth 8-3331] design image_processor has unconnected port x[5]
WARNING: [Synth 8-3331] design image_processor has unconnected port x[4]
WARNING: [Synth 8-3331] design image_processor has unconnected port x[3]
WARNING: [Synth 8-3331] design image_processor has unconnected port x[2]
WARNING: [Synth 8-3331] design image_processor has unconnected port x[1]
WARNING: [Synth 8-3331] design image_processor has unconnected port x[0]
WARNING: [Synth 8-3331] design image_processor has unconnected port y[7]
WARNING: [Synth 8-3331] design image_processor has unconnected port y[6]
WARNING: [Synth 8-3331] design image_processor has unconnected port y[5]
WARNING: [Synth 8-3331] design image_processor has unconnected port y[4]
WARNING: [Synth 8-3331] design image_processor has unconnected port y[3]
WARNING: [Synth 8-3331] design image_processor has unconnected port y[2]
WARNING: [Synth 8-3331] design image_processor has unconnected port y[1]
WARNING: [Synth 8-3331] design image_processor has unconnected port y[0]
---------------------------------------------------------------------------------
Finished Cross Boundary Optimization : Time (s): cpu = 00:00:43 ; elapsed = 00:01:11 . Memory (MB): peak = 458.832 ; gain = 252.238
---------------------------------------------------------------------------------
Finished Parallel Reinference  : Time (s): cpu = 00:00:43 ; elapsed = 00:01:11 . Memory (MB): peak = 458.832 ; gain = 252.238

Report RTL Partitions: 
+-+--------------+------------+----------+
| |RTL Partition |Replication |Instances |
+-+--------------+------------+----------+
+-+--------------+------------+----------+
---------------------------------------------------------------------------------
Start ROM, RAM, DSP and Shift Register Reporting
---------------------------------------------------------------------------------

DSP: Preliminary Mapping  Report (see note below)
+----------------+-------------+--------+--------+--------+--------+--------+------+------+------+------+-------+------+------+
|Module Name     | DSP Mapping | A Size | B Size | C Size | D Size | P Size | AREG | BREG | CREG | DREG | ADREG | MREG | PREG | 
+----------------+-------------+--------+--------+--------+--------+--------+------+------+------+------+-------+------+------+
|image_processor | A*B         | 17     | 17     | -      | -      | 34     | 0    | 0    | -    | -    | -     | 0    | 0    | 
|image_processor | C+A*B       | 17     | 17     | 17     | -      | 17     | 0    | 0    | 0    | -    | -     | 0    | 0    | 
|image_processor | PCIN+A*B    | 17     | 17     | -      | -      | 17     | 0    | 0    | -    | -    | -     | 0    | 0    | 
+----------------+-------------+--------+--------+--------+--------+--------+------+------+------+------+-------+------+------+

Note: The table above is a preliminary report that shows the DSPs inferred at the current stage of the synthesis flow. Some DSP may be reimplemented as non DSP primitives later in the synthesis flow. Multiple instantiated DSPs are reported only once.
---------------------------------------------------------------------------------
Finished ROM, RAM, DSP and Shift Register Reporting
---------------------------------------------------------------------------------
No constraint files found.
---------------------------------------------------------------------------------
Start Area Optimization
---------------------------------------------------------------------------------
---------------------------------------------------------------------------------
Finished Area Optimization : Time (s): cpu = 00:00:44 ; elapsed = 00:01:14 . Memory (MB): peak = 479.723 ; gain = 273.129
---------------------------------------------------------------------------------
Finished Parallel Area Optimization  : Time (s): cpu = 00:00:44 ; elapsed = 00:01:14 . Memory (MB): peak = 479.723 ; gain = 273.129

Report RTL Partitions: 
+-+--------------+------------+----------+
| |RTL Partition |Replication |Instances |
+-+--------------+------------+----------+
+-+--------------+------------+----------+
---------------------------------------------------------------------------------
Start Timing Optimization
---------------------------------------------------------------------------------
No constraint files found.
---------------------------------------------------------------------------------
Finished Timing Optimization : Time (s): cpu = 00:00:44 ; elapsed = 00:01:14 . Memory (MB): peak = 479.723 ; gain = 273.129
---------------------------------------------------------------------------------

Report RTL Partitions: 
+-+--------------+------------+----------+
| |RTL Partition |Replication |Instances |
+-+--------------+------------+----------+
+-+--------------+------------+----------+
---------------------------------------------------------------------------------
Start Technology Mapping
---------------------------------------------------------------------------------
---------------------------------------------------------------------------------
Finished Technology Mapping : Time (s): cpu = 00:00:44 ; elapsed = 00:01:15 . Memory (MB): peak = 479.723 ; gain = 273.129
---------------------------------------------------------------------------------
Finished Parallel Technology Mapping Optimization  : Time (s): cpu = 00:00:44 ; elapsed = 00:01:15 . Memory (MB): peak = 479.723 ; gain = 273.129

Report RTL Partitions: 
+-+--------------+------------+----------+
| |RTL Partition |Replication |Instances |
+-+--------------+------------+----------+
+-+--------------+------------+----------+
Finished Parallel Synthesis Optimization  : Time (s): cpu = 00:00:44 ; elapsed = 00:01:15 . Memory (MB): peak = 479.723 ; gain = 273.129
---------------------------------------------------------------------------------
Start IO Insertion
---------------------------------------------------------------------------------
---------------------------------------------------------------------------------
Start Flattening Before IO Insertion
---------------------------------------------------------------------------------
---------------------------------------------------------------------------------
Finished Flattening Before IO Insertion
---------------------------------------------------------------------------------
---------------------------------------------------------------------------------
Start Final Netlist Cleanup
---------------------------------------------------------------------------------
---------------------------------------------------------------------------------
Finished Final Netlist Cleanup
---------------------------------------------------------------------------------
---------------------------------------------------------------------------------
Finished IO Insertion : Time (s): cpu = 00:00:46 ; elapsed = 00:01:18 . Memory (MB): peak = 479.723 ; gain = 273.129
---------------------------------------------------------------------------------

Report Check Netlist: 
+------+------------------+-------+---------+-------+------------------+
|      |Item              |Errors |Warnings |Status |Description       |
+------+------------------+-------+---------+-------+------------------+
|1     |multi_driven_nets |      0|        0|Passed |Multi driven nets |
+------+------------------+-------+---------+-------+------------------+
---------------------------------------------------------------------------------
Start Renaming Generated Instances
---------------------------------------------------------------------------------
---------------------------------------------------------------------------------
Finished Renaming Generated Instances : Time (s): cpu = 00:00:46 ; elapsed = 00:01:18 . Memory (MB): peak = 479.723 ; gain = 273.129
---------------------------------------------------------------------------------

Report RTL Partitions: 
+-+--------------+------------+----------+
| |RTL Partition |Replication |Instances |
+-+--------------+------------+----------+
+-+--------------+------------+----------+
---------------------------------------------------------------------------------
Start Rebuilding User Hierarchy
---------------------------------------------------------------------------------
---------------------------------------------------------------------------------
Finished Rebuilding User Hierarchy : Time (s): cpu = 00:00:46 ; elapsed = 00:01:18 . Memory (MB): peak = 479.723 ; gain = 273.129
---------------------------------------------------------------------------------
---------------------------------------------------------------------------------
Start Renaming Generated Ports
---------------------------------------------------------------------------------
---------------------------------------------------------------------------------
Finished Renaming Generated Ports : Time (s): cpu = 00:00:46 ; elapsed = 00:01:18 . Memory (MB): peak = 479.723 ; gain = 273.129
---------------------------------------------------------------------------------
---------------------------------------------------------------------------------
Start Handling Custom Attributes
---------------------------------------------------------------------------------
---------------------------------------------------------------------------------
Finished Handling Custom Attributes : Time (s): cpu = 00:00:47 ; elapsed = 00:01:19 . Memory (MB): peak = 479.723 ; gain = 273.129
---------------------------------------------------------------------------------
---------------------------------------------------------------------------------
Start Renaming Generated Nets
---------------------------------------------------------------------------------
---------------------------------------------------------------------------------
Finished Renaming Generated Nets : Time (s): cpu = 00:00:47 ; elapsed = 00:01:19 . Memory (MB): peak = 479.723 ; gain = 273.129
---------------------------------------------------------------------------------
---------------------------------------------------------------------------------
Start Writing Synthesis Report
---------------------------------------------------------------------------------

Report BlackBoxes: 
+-+--------------+----------+
| |BlackBox name |Instances |
+-+--------------+----------+
+-+--------------+----------+

Report Cell Usage: 
+------+--------+------+
|      |Cell    |Count |
+------+--------+------+
|1     |BUFG    |     1|
|2     |DSP48E1 |     3|
|3     |LUT1    |     4|
|4     |LUT2    |     7|
|5     |LUT3    |     9|
|6     |LUT4    |     3|
|7     |LUT5    |     5|
|8     |LUT6    |     7|
|9     |FDRE    |     1|
|10    |IBUF    |    27|
|11    |OBUF    |     1|
+------+--------+------+

Report Instance Areas: 
+------+---------+-------+------+
|      |Instance |Module |Cells |
+------+---------+-------+------+
|1     |top      |       |    68|
+------+---------+-------+------+
---------------------------------------------------------------------------------
Finished Writing Synthesis Report : Time (s): cpu = 00:00:47 ; elapsed = 00:01:19 . Memory (MB): peak = 479.723 ; gain = 273.129
---------------------------------------------------------------------------------
Synthesis finished with 0 errors, 0 critical warnings and 32 warnings.
Synthesis Optimization Runtime : Time (s): cpu = 00:00:36 ; elapsed = 00:00:52 . Memory (MB): peak = 479.723 ; gain = 263.008
Synthesis Optimization Complete : Time (s): cpu = 00:00:47 ; elapsed = 00:01:19 . Memory (MB): peak = 479.723 ; gain = 273.129
INFO: [Project 1-571] Translating synthesized netlist
INFO: [Netlist 29-17] Analyzing 30 Unisim elements for replacement
INFO: [Netlist 29-28] Unisim Transformation completed in 0 CPU seconds
INFO: [Project 1-570] Preparing netlist for logic optimization
INFO: [Opt 31-138] Pushed 0 inverter(s) to 0 load pin(s).
INFO: [Project 1-111] Unisim Transformation Summary:
No Unisim elements were transformed.

INFO: [Common 17-83] Releasing license: Synthesis
11 Infos, 32 Warnings, 0 Critical Warnings and 0 Errors encountered.
synth_design completed successfully
synth_design: Time (s): cpu = 00:00:46 ; elapsed = 00:01:23 . Memory (MB): peak = 544.801 ; gain = 330.258
report_utilization: Time (s): cpu = 00:00:00 ; elapsed = 00:00:00.969 . Memory (MB): peak = 544.801 ; gain = 0.000
INFO: [Common 17-206] Exiting Vivado at Wed Feb 15 11:42:25 2017...
