Duplicated file found; will not be sent for synthesis: c:/Users/Neil/Documents/Neil/EngSci/year_4_winter/ECE532/GrandTheftAuto/image_processing/img_proc_mb/img_proc_mb.srcs/sources_1/bd/img_proc_mb/ipshared/xilinx.com/lmb_v10_v3_0/hdl/vhdl/lmb_v10.vhd
Duplicated file found; will not be sent for synthesis: c:/Users/Neil/Documents/Neil/EngSci/year_4_winter/ECE532/GrandTheftAuto/image_processing/img_proc_mb/img_proc_mb.srcs/sources_1/bd/img_proc_mb/ipshared/xilinx.com/lmb_bram_if_cntlr_v4_0/hdl/vhdl/lmb_bram_if_funcs.vhd
Duplicated file found; will not be sent for synthesis: c:/Users/Neil/Documents/Neil/EngSci/year_4_winter/ECE532/GrandTheftAuto/image_processing/img_proc_mb/img_proc_mb.srcs/sources_1/bd/img_proc_mb/ipshared/xilinx.com/lmb_bram_if_cntlr_v4_0/hdl/vhdl/lmb_bram_if_primitives.vhd
Duplicated file found; will not be sent for synthesis: c:/Users/Neil/Documents/Neil/EngSci/year_4_winter/ECE532/GrandTheftAuto/image_processing/img_proc_mb/img_proc_mb.srcs/sources_1/bd/img_proc_mb/ipshared/xilinx.com/lmb_bram_if_cntlr_v4_0/hdl/vhdl/xor18.vhd
Duplicated file found; will not be sent for synthesis: c:/Users/Neil/Documents/Neil/EngSci/year_4_winter/ECE532/GrandTheftAuto/image_processing/img_proc_mb/img_proc_mb.srcs/sources_1/bd/img_proc_mb/ipshared/xilinx.com/lmb_bram_if_cntlr_v4_0/hdl/vhdl/parity.vhd
Duplicated file found; will not be sent for synthesis: c:/Users/Neil/Documents/Neil/EngSci/year_4_winter/ECE532/GrandTheftAuto/image_processing/img_proc_mb/img_proc_mb.srcs/sources_1/bd/img_proc_mb/ipshared/xilinx.com/lmb_bram_if_cntlr_v4_0/hdl/vhdl/parityenable.vhd
Duplicated file found; will not be sent for synthesis: c:/Users/Neil/Documents/Neil/EngSci/year_4_winter/ECE532/GrandTheftAuto/image_processing/img_proc_mb/img_proc_mb.srcs/sources_1/bd/img_proc_mb/ipshared/xilinx.com/lmb_bram_if_cntlr_v4_0/hdl/vhdl/checkbit_handler.vhd
Duplicated file found; will not be sent for synthesis: c:/Users/Neil/Documents/Neil/EngSci/year_4_winter/ECE532/GrandTheftAuto/image_processing/img_proc_mb/img_proc_mb.srcs/sources_1/bd/img_proc_mb/ipshared/xilinx.com/lmb_bram_if_cntlr_v4_0/hdl/vhdl/correct_one_bit.vhd
Duplicated file found; will not be sent for synthesis: c:/Users/Neil/Documents/Neil/EngSci/year_4_winter/ECE532/GrandTheftAuto/image_processing/img_proc_mb/img_proc_mb.srcs/sources_1/bd/img_proc_mb/ipshared/xilinx.com/lmb_bram_if_cntlr_v4_0/hdl/vhdl/pselect_mask.vhd
Duplicated file found; will not be sent for synthesis: c:/Users/Neil/Documents/Neil/EngSci/year_4_winter/ECE532/GrandTheftAuto/image_processing/img_proc_mb/img_proc_mb.srcs/sources_1/bd/img_proc_mb/ipshared/xilinx.com/lmb_bram_if_cntlr_v4_0/hdl/vhdl/axi_interface.vhd
Duplicated file found; will not be sent for synthesis: c:/Users/Neil/Documents/Neil/EngSci/year_4_winter/ECE532/GrandTheftAuto/image_processing/img_proc_mb/img_proc_mb.srcs/sources_1/bd/img_proc_mb/ipshared/xilinx.com/lmb_bram_if_cntlr_v4_0/hdl/vhdl/lmb_mux.vhd
Duplicated file found; will not be sent for synthesis: c:/Users/Neil/Documents/Neil/EngSci/year_4_winter/ECE532/GrandTheftAuto/image_processing/img_proc_mb/img_proc_mb.srcs/sources_1/bd/img_proc_mb/ipshared/xilinx.com/lmb_bram_if_cntlr_v4_0/hdl/vhdl/lmb_bram_if_cntlr.vhd
Duplicated file found; will not be sent for synthesis: c:/Users/Neil/Documents/Neil/EngSci/year_4_winter/ECE532/GrandTheftAuto/image_processing/img_proc_mb/img_proc_mb.srcs/sources_1/bd/img_proc_mb/ipshared/xilinx.com/axi_lite_ipif_v3_0/hdl/src/vhdl/ipif_pkg.vhd
Duplicated file found; will not be sent for synthesis: c:/Users/Neil/Documents/Neil/EngSci/year_4_winter/ECE532/GrandTheftAuto/image_processing/img_proc_mb/img_proc_mb.srcs/sources_1/bd/img_proc_mb/ipshared/xilinx.com/axi_lite_ipif_v3_0/hdl/src/vhdl/pselect_f.vhd
Duplicated file found; will not be sent for synthesis: c:/Users/Neil/Documents/Neil/EngSci/year_4_winter/ECE532/GrandTheftAuto/image_processing/img_proc_mb/img_proc_mb.srcs/sources_1/bd/img_proc_mb/ipshared/xilinx.com/axi_lite_ipif_v3_0/hdl/src/vhdl/address_decoder.vhd
Duplicated file found; will not be sent for synthesis: c:/Users/Neil/Documents/Neil/EngSci/year_4_winter/ECE532/GrandTheftAuto/image_processing/img_proc_mb/img_proc_mb.srcs/sources_1/bd/img_proc_mb/ipshared/xilinx.com/axi_lite_ipif_v3_0/hdl/src/vhdl/slave_attachment.vhd
Duplicated file found; will not be sent for synthesis: c:/Users/Neil/Documents/Neil/EngSci/year_4_winter/ECE532/GrandTheftAuto/image_processing/img_proc_mb/img_proc_mb.srcs/sources_1/bd/img_proc_mb/ipshared/xilinx.com/axi_lite_ipif_v3_0/hdl/src/vhdl/axi_lite_ipif.vhd
Duplicated file found; will not be sent for synthesis: c:/Users/Neil/Documents/Neil/EngSci/year_4_winter/ECE532/GrandTheftAuto/image_processing/img_proc_mb/img_proc_mb.srcs/sources_1/bd/img_proc_mb/ipshared/xilinx.com/blk_mem_gen_v8_3/hdl/blk_mem_gen_v8_3_vhsyn_rfs.vhd
Duplicated file found; will not be sent for synthesis: c:/Users/Neil/Documents/Neil/EngSci/year_4_winter/ECE532/GrandTheftAuto/image_processing/img_proc_mb/img_proc_mb.srcs/sources_1/bd/img_proc_mb/ipshared/xilinx.com/blk_mem_gen_v8_3/hdl/blk_mem_gen_v8_3.vhd
Duplicated file found; will not be sent for synthesis: c:/Users/Neil/Documents/Neil/EngSci/year_4_winter/ECE532/GrandTheftAuto/image_processing/img_proc_mb/img_proc_mb.srcs/sources_1/bd/img_proc_mb/ipshared/xilinx.com/axi_lite_ipif_v3_0/hdl/src/vhdl/ipif_pkg.vhd
Duplicated file found; will not be sent for synthesis: c:/Users/Neil/Documents/Neil/EngSci/year_4_winter/ECE532/GrandTheftAuto/image_processing/img_proc_mb/img_proc_mb.srcs/sources_1/bd/img_proc_mb/ipshared/xilinx.com/axi_lite_ipif_v3_0/hdl/src/vhdl/pselect_f.vhd
Duplicated file found; will not be sent for synthesis: c:/Users/Neil/Documents/Neil/EngSci/year_4_winter/ECE532/GrandTheftAuto/image_processing/img_proc_mb/img_proc_mb.srcs/sources_1/bd/img_proc_mb/ipshared/xilinx.com/axi_lite_ipif_v3_0/hdl/src/vhdl/address_decoder.vhd
Duplicated file found; will not be sent for synthesis: c:/Users/Neil/Documents/Neil/EngSci/year_4_winter/ECE532/GrandTheftAuto/image_processing/img_proc_mb/img_proc_mb.srcs/sources_1/bd/img_proc_mb/ipshared/xilinx.com/axi_lite_ipif_v3_0/hdl/src/vhdl/slave_attachment.vhd
Duplicated file found; will not be sent for synthesis: c:/Users/Neil/Documents/Neil/EngSci/year_4_winter/ECE532/GrandTheftAuto/image_processing/img_proc_mb/img_proc_mb.srcs/sources_1/bd/img_proc_mb/ipshared/xilinx.com/axi_lite_ipif_v3_0/hdl/src/vhdl/axi_lite_ipif.vhd
Duplicated file found; will not be sent for synthesis: c:/Users/Neil/Documents/Neil/EngSci/year_4_winter/ECE532/GrandTheftAuto/image_processing/img_proc_mb/img_proc_mb.srcs/sources_1/bd/img_proc_mb/ipshared/xilinx.com/lib_cdc_v1_0/hdl/src/vhdl/cdc_sync.vhd
Duplicated file found; will not be sent for synthesis: c:/Users/Neil/Documents/Neil/EngSci/year_4_winter/ECE532/GrandTheftAuto/image_processing/img_proc_mb/img_proc_mb.srcs/sources_1/bd/img_proc_mb/ipshared/xilinx.com/blk_mem_gen_v8_3/hdl/blk_mem_gen_v8_3_vhsyn_rfs.vhd
Duplicated file found; will not be sent for synthesis: c:/Users/Neil/Documents/Neil/EngSci/year_4_winter/ECE532/GrandTheftAuto/image_processing/img_proc_mb/img_proc_mb.srcs/sources_1/bd/img_proc_mb/ipshared/xilinx.com/blk_mem_gen_v8_3/hdl/blk_mem_gen_v8_3.vhd
Duplicated file found; will not be sent for synthesis: c:/Users/Neil/Documents/Neil/EngSci/year_4_winter/ECE532/GrandTheftAuto/image_processing/img_proc_mb/img_proc_mb.srcs/sources_1/bd/img_proc_mb/ipshared/xilinx.com/fifo_generator_v13_1/hdl/fifo_generator_v13_1_vhsyn_rfs.vhd
Duplicated file found; will not be sent for synthesis: c:/Users/Neil/Documents/Neil/EngSci/year_4_winter/ECE532/GrandTheftAuto/image_processing/img_proc_mb/img_proc_mb.srcs/sources_1/bd/img_proc_mb/ipshared/xilinx.com/fifo_generator_v13_1/hdl/fifo_generator_v13_1.vhd
CRC performance measure: elapsed=00:00:03s;;memory_peak=2000.863MB;;memory_gain=0.000MB
