14:41:11 INFO  : Launching XSDB server: xsdb.bat -interactive C:\Users\Neil\Documents\Neil\EngSci\year_4_winter\ECE532\warmup_demo\warmup\warmup.sdk\temp_xsdb_launch_script.tcl
14:41:24 INFO  : XSDB server has started successfully.
14:41:25 INFO  : Processing command line option -hwspec C:/Users/Neil/Documents/Neil/EngSci/year_4_winter/ECE532/warmup_demo/warmup/warmup.sdk/design_1_wrapper.hdf.
14:45:21 INFO  : Connected to target on host '127.0.0.1' and port '3121'.
14:45:27 INFO  : 'targets -set -filter {jtag_cable_name =~ "Digilent Nexys4DDR 210292646030A" && level==0} -index 0' command is executed.
14:45:30 INFO  : FPGA configured successfully with bitstream "C:/Users/Neil/Documents/Neil/EngSci/year_4_winter/ECE532/warmup_demo/warmup/warmup.sdk/design_1_wrapper_hw_platform_0/download.bit"
14:47:36 INFO  : Processor reset is completed for microblaze_0
14:47:36 ERROR : Port COM3 is already in use.
14:47:56 INFO  : Processor reset is completed for microblaze_0
14:47:56 ERROR : Port COM4 is already in use.
14:48:26 INFO  : Processor reset is completed for microblaze_0
14:48:26 ERROR : Port COM4 is already in use.
14:48:47 INFO  : Processor reset is completed for microblaze_0
14:48:47 ERROR : Port COM4 is already in use.
14:49:12 INFO  : Processor reset is completed for microblaze_0
14:49:12 ERROR : Port COM3 is already in use.
14:49:19 INFO  : Processor reset is completed for microblaze_0
14:49:19 ERROR : Port COM3 is already in use.
14:49:33 INFO  : Processor reset is completed for microblaze_0
14:49:33 ERROR : Port COM3 is already in use.
14:50:35 INFO  : Processor reset is completed for microblaze_0
14:50:36 ERROR : Unexpected error while opening JTAG UART: 
java.lang.RuntimeException: Error while opening JTAG UART server: MDM Uart NOT Present in the System

	at com.xilinx.sdk.targetmanager.internal.TM.startJTAGUARTServer(TM.java:951)
	at com.xilinx.sdk.debug.core.internal.comm.JTAGUARTStreamsProxy.<init>(JTAGUARTStreamsProxy.java:32)
	at com.xilinx.sdk.debug.core.internal.RemoteProcess.createStreamsProxy(RemoteProcess.java:164)
	at com.xilinx.sdk.debug.core.internal.RemoteProcess.<init>(RemoteProcess.java:65)
	at com.xilinx.sdk.debug.core.internal.AppRunner.run(AppRunner.java:91)
	at com.xilinx.sdk.debug.core.XilinxAppLaunchConfigurationDelegate.runApplication(XilinxAppLaunchConfigurationDelegate.java:637)
	at com.xilinx.sdk.debug.core.XilinxAppLaunchConfigurationDelegate.launch(XilinxAppLaunchConfigurationDelegate.java:309)
	at com.xilinx.sdk.debug.ui.XilinxAppLaunchDelegateWrapper.launch(XilinxAppLaunchDelegateWrapper.java:31)
	at org.eclipse.debug.internal.core.LaunchConfiguration.launch(LaunchConfiguration.java:885)
	at org.eclipse.debug.internal.core.LaunchConfiguration.launch(LaunchConfiguration.java:739)
	at org.eclipse.debug.internal.ui.DebugUIPlugin.buildAndLaunch(DebugUIPlugin.java:1039)
	at org.eclipse.debug.internal.ui.DebugUIPlugin$8.run(DebugUIPlugin.java:1256)
	at org.eclipse.core.internal.jobs.Worker.run(Worker.java:55)
14:50:54 INFO  : Processor reset is completed for microblaze_0
14:50:54 ERROR : Port COM4 is already in use.
14:51:09 INFO  : Processor reset is completed for microblaze_0
14:53:28 INFO  : Processor reset is completed for microblaze_0
14:54:35 INFO  : Processor reset is completed for microblaze_0
14:54:56 INFO  : Processor reset is completed for microblaze_0
14:56:27 INFO  : Processor reset is completed for microblaze_0
14:56:38 INFO  : Processor reset is completed for microblaze_0
14:57:23 INFO  : Processor reset is completed for microblaze_0
15:00:03 INFO  : Processor reset is completed for microblaze_0
15:27:20 INFO  : SDK has detected change in the last modified timestamps for source hardware specification file Source:1486067239211,  Project:1486011478845
15:27:24 INFO  : Project design_1_wrapper_hw_platform_0's source hardware specification located at C:/Users/Neil/Documents/Neil/EngSci/year_4_winter/ECE532/warmup_demo/warmup/warmup.sdk/design_1_wrapper.hdf is now different from the local copy.
		 The local copy will be replaced with the source specification and your workspace will be updated.
15:28:12 INFO  : Copied contents of C:/Users/Neil/Documents/Neil/EngSci/year_4_winter/ECE532/warmup_demo/warmup/warmup.sdk/design_1_wrapper.hdf into \design_1_wrapper_hw_platform_0\system.hdf.
15:28:26 INFO  : Synchronizing projects in the workspace with the hardware platform specification changes.
