INFO: [VRFC 10-2263] Analyzing Verilog file "C:/Users/Neil/Documents/Neil/EngSci/year_4_winter/ECE532/GrandTheftAuto/mjpeg/jpeg/jpeg.sim/sim_1/synth/func/jpeg_testbench_func_synth.v" into library xil_defaultlib
INFO: [VRFC 10-311] analyzing module jpeg_checkff_fifo_fifo_generator_v2_3_xst_1
INFO: [VRFC 10-311] analyzing module jpeg_dequant_multiplier_mult_gen_v8_0_xst_1
INFO: [VRFC 10-311] analyzing module jpeg_ht_tables
INFO: [VRFC 10-311] analyzing module jpeg_ht_tables_blk_mem_gen_v1_1_xst_1
INFO: [VRFC 10-311] analyzing module jpeg_input_fifo_fifo_generator_v2_3_xst_1
INFO: [VRFC 10-311] analyzing module jpeg_qt_sr_c_shift_ram_v8_0_xst_1
INFO: [VRFC 10-311] analyzing module jpeg_upsampling_buffer
INFO: [VRFC 10-311] analyzing module jpeg_upsampling_buffer_HD7
INFO: [VRFC 10-311] analyzing module jpeg_upsampling_buffer_HD9
INFO: [VRFC 10-311] analyzing module jpeg_upsampling_buffer_blk_mem_gen_v1_1_xst_1
INFO: [VRFC 10-311] analyzing module jpeg_upsampling_buffer_blk_mem_gen_v1_1_xst_1_HD10
INFO: [VRFC 10-311] analyzing module jpeg_upsampling_buffer_blk_mem_gen_v1_1_xst_1_HD8
INFO: [VRFC 10-311] analyzing module jpeg
INFO: [VRFC 10-311] analyzing module jpeg_YCbCr2RGB
INFO: [VRFC 10-311] analyzing module jpeg_check_FF
INFO: [VRFC 10-311] analyzing module jpeg_checkff_fifo
INFO: [VRFC 10-311] analyzing module jpeg_dequant_multiplier
INFO: [VRFC 10-311] analyzing module jpeg_dequantize
INFO: [VRFC 10-311] analyzing module jpeg_dezigzag
INFO: [VRFC 10-311] analyzing module jpeg_header
INFO: [VRFC 10-311] analyzing module jpeg_ht_nr_of_symbols
INFO: [VRFC 10-311] analyzing module jpeg_huffman
INFO: [VRFC 10-311] analyzing module jpeg_huffman_input_sr
INFO: [VRFC 10-311] analyzing module jpeg_idct
INFO: [VRFC 10-311] analyzing module jpeg_idct_core_12
INFO: [VRFC 10-311] analyzing module jpeg_input_fifo
INFO: [VRFC 10-311] analyzing module jpeg_qt_sr
INFO: [VRFC 10-311] analyzing module jpeg_qt_sr_HD1
INFO: [VRFC 10-311] analyzing module jpeg_qt_sr_HD3
INFO: [VRFC 10-311] analyzing module jpeg_qt_sr_HD5
INFO: [VRFC 10-311] analyzing module jpeg_upsampling
INFO: [VRFC 10-311] analyzing module fifo_generator_v2_3_as_lib_jpeg_checkff_fifo_fifo_generator_v2_3_xst_1_lib
INFO: [VRFC 10-311] analyzing module fifo_generator_v2_3_as_lib_jpeg_input_fifo_fifo_generator_v2_3_xst_1_lib
INFO: [VRFC 10-311] analyzing module jpeg_checkff_fifo_fifo_generator_v2_3_xst_1_blkmemdp_v6_2_xst
INFO: [VRFC 10-311] analyzing module jpeg_input_fifo_fifo_generator_v2_3_xst_1_blkmemdp_v6_2_xst
INFO: [VRFC 10-311] analyzing module glbl
INFO: [VRFC 10-2263] Analyzing Verilog file "C:/Users/Neil/Documents/Neil/EngSci/year_4_winter/ECE532/GrandTheftAuto/mjpeg/jpeg/jpeg.srcs/sources_1/image_processor.v" into library xil_defaultlib
INFO: [VRFC 10-311] analyzing module image_processor
INFO: [VRFC 10-2263] Analyzing Verilog file "C:/Users/Neil/Documents/Neil/EngSci/year_4_winter/ECE532/GrandTheftAuto/mjpeg/jpeg/jpeg.srcs/sources_1/edge_detector.v" into library xil_defaultlib
INFO: [VRFC 10-311] analyzing module edge_detector
