#-----------------------------------------------------------
# Vivado v2016.2 (64-bit)
# SW Build 1577090 on Thu Jun  2 16:32:40 MDT 2016
# IP Build 1577682 on Fri Jun  3 12:00:54 MDT 2016
# Start of session at: Wed Feb 01 10:15:31 2017
# Process ID: 7176
# Current directory: E:/ECE532/IPs/ip_repo
# Command line: vivado.exe -gui_launcher_event rodinguilauncherevent13360 E:\ECE532\IPs\ip_repo\edit_Fib_LFSR_v1_0.xpr
# Log file: E:/ECE532/IPs/ip_repo/vivado.log
# Journal file: E:/ECE532/IPs/ip_repo\vivado.jou
#-----------------------------------------------------------
start_gui
open_project E:/ECE532/IPs/ip_repo/edit_Fib_LFSR_v1_0.xpr
Scanning sources...
Finished scanning sources
INFO: [IP_Flow 19-234] Refreshing IP repositories
INFO: [IP_Flow 19-1700] Loaded user IP repository 'e:/ECE532/IPs/ip_repo/Fib_LFSR_1.0'.
INFO: [IP_Flow 19-1700] Loaded user IP repository 'e:/ECE532/IPs/ip_repo/Fibonacci_LFSR_1.0'.
WARNING: [IP_Flow 19-2207] Repository 'e:/ECE532/IPs/ip_repo/fibonacci_LFSR_1.0' already exists; ignoring attempt to add it again.
INFO: [IP_Flow 19-1700] Loaded user IP repository 'e:/ECE532/IPs/ip_repo/fibonacci_LFSR_1.0'.
INFO: [IP_Flow 19-2313] Loaded Vivado IP repository 'E:/Xilinx/Vivado/2016.2/data/ip'.
open_project: Time (s): cpu = 00:00:19 ; elapsed = 00:00:24 . Memory (MB): peak = 799.273 ; gain = 152.066
update_compile_order -fileset sources_1
update_compile_order -fileset sources_1
ipx::open_ipxact_file E:/ECE532/IPs/ip_repo/Fib_LFSR_1.0/component.xml
WARNING: [IP_Flow 19-4308] Project file 'hdl/Fibonacci_LFSR.v' is not found in the component files. Please add the packaging file if necessary.
WARNING: [IP_Flow 19-4308] Project file 'hdl/Fib_LFSR_v1_0_S00_AXI.v' is not found in the component files. Please add the packaging file if necessary.
WARNING: [IP_Flow 19-4308] Project file 'hdl/Fibonacci_LFSR.v' is not found in the component files. Please add the packaging file if necessary.
WARNING: [IP_Flow 19-4308] Project file 'hdl/Fib_LFSR_v1_0_S00_AXI.v' is not found in the component files. Please add the packaging file if necessary.
set_property core_revision 3 [ipx::current_core]
ipx::create_xgui_files [ipx::current_core]
ipx::update_checksums [ipx::current_core]
ipx::save_core [ipx::current_core]
update_ip_catalog -rebuild -repo_path e:/ECE532/IPs/ip_repo/Fib_LFSR_1.0
INFO: [IP_Flow 19-725] Reloaded user IP repository 'e:/ECE532/IPs/ip_repo/Fib_LFSR_1.0'
set_property core_revision 4 [ipx::current_core]
ipx::create_xgui_files [ipx::current_core]
ipx::update_checksums [ipx::current_core]
ipx::save_core [ipx::current_core]
update_ip_catalog -rebuild -repo_path e:/ECE532/IPs/ip_repo/Fib_LFSR_1.0
INFO: [IP_Flow 19-725] Reloaded user IP repository 'e:/ECE532/IPs/ip_repo/Fib_LFSR_1.0'
ipx::merge_project_changes files [ipx::current_core]
ipx::merge_project_changes hdl_parameters [ipx::current_core]
set_property core_revision 5 [ipx::current_core]
ipx::create_xgui_files [ipx::current_core]
ipx::update_checksums [ipx::current_core]
ipx::save_core [ipx::current_core]
update_ip_catalog -rebuild -repo_path e:/ECE532/IPs/ip_repo/Fib_LFSR_1.0
INFO: [IP_Flow 19-725] Reloaded user IP repository 'e:/ECE532/IPs/ip_repo/Fib_LFSR_1.0'
set_property core_revision 6 [ipx::current_core]
ipx::create_xgui_files [ipx::current_core]
ipx::update_checksums [ipx::current_core]
ipx::save_core [ipx::current_core]
update_ip_catalog -rebuild -repo_path e:/ECE532/IPs/ip_repo/Fib_LFSR_1.0
INFO: [IP_Flow 19-725] Reloaded user IP repository 'e:/ECE532/IPs/ip_repo/Fib_LFSR_1.0'
set_property core_revision 7 [ipx::current_core]
ipx::create_xgui_files [ipx::current_core]
ipx::update_checksums [ipx::current_core]
ipx::save_core [ipx::current_core]
update_ip_catalog -rebuild -repo_path e:/ECE532/IPs/ip_repo/Fib_LFSR_1.0
INFO: [IP_Flow 19-725] Reloaded user IP repository 'e:/ECE532/IPs/ip_repo/Fib_LFSR_1.0'
reset_run synth_1
launch_runs synth_1
INFO: [HDL 9-2216] Analyzing Verilog file "E:/ECE532/IPs/ip_repo/Fib_LFSR_1.0/hdl/Fib_LFSR_v1_0_S00_AXI.v" into library work [E:/ECE532/IPs/ip_repo/Fib_LFSR_1.0/hdl/Fib_LFSR_v1_0_S00_AXI.v:1]
[Wed Feb 01 11:07:07 2017] Launched synth_1...
Run output will be captured here: E:/ECE532/IPs/ip_repo/edit_Fib_LFSR_v1_0.runs/synth_1/runme.log
launch_runs impl_1
[Wed Feb 01 11:08:34 2017] Launched impl_1...
Run output will be captured here: E:/ECE532/IPs/ip_repo/edit_Fib_LFSR_v1_0.runs/impl_1/runme.log
exit
INFO: [Common 17-206] Exiting Vivado at Wed Feb 01 11:42:50 2017...
