#
# A fatal error has been detected by the Java Runtime Environment:
#
#  EXCEPTION_UNCAUGHT_CXX_EXCEPTION (0xe06d7363) at pc=0x00007ffeaf157788, pid=12636, tid=9292
#
# JRE version: Java(TM) SE Runtime Environment (8.0_66-b18) (build 1.8.0_66-b18)
# Java VM: Java HotSpot(TM) 64-Bit Server VM (25.66-b18 mixed mode windows-amd64 compressed oops)
# Problematic frame:
# C  [KERNELBASE.dll+0x17788]
#
# Failed to write core dump. Minidumps are not enabled by default on client versions of Windows
#
# If you would like to submit a bug report, please visit:
#   http://bugreport.java.com/bugreport/crash.jsp
#

---------------  T H R E A D  ---------------

Current thread (0x0000000013b47800):  VMThread [stack: 0x0000000014bd0000,0x0000000014cd0000] [id=9292]

siginfo: ExceptionCode=0xe06d7363, ExceptionInformation=0x0000000019930520 0x0000000014ccf648 0x00007ffea0272cb8 0x00007ffea01c0000 

Registers:
RAX=0x004c0044002e006c, RBX=0x00007ffea0272cb8, RCX=0x000000000000004c, RDX=0x0000000000000000
RSP=0x0000000014ccf490, RBP=0x0000000014ccf5d0, RSI=0x00000000ffffffff, RDI=0x000000001ba7c4a0
R8 =0x0000000000000000, R9 =0x0000000000000000, R10=0x0000000000000000, R11=0x0000000000000000
R12=0x0000000000000001, R13=0x0000000000000008, R14=0x0000000000000000, R15=0xffffffffffffffff
RIP=0x00007ffeaf157788, EFLAGS=0x0000000000000206

Top of Stack: (sp=0x0000000014ccf490)
0x0000000014ccf490:   0000000000000000 00007ffea0272cb8
0x0000000014ccf4a0:   00000000ffffffff 000000001ba7c4a0
0x0000000014ccf4b0:   00000001e06d7363 0000000000000000
0x0000000014ccf4c0:   00007ffeaf157788 0000000000000004
0x0000000014ccf4d0:   0000000019930520 0000000014ccf648
0x0000000014ccf4e0:   00007ffea0272cb8 00007ffea01c0000
0x0000000014ccf4f0:   0000000000000008 0000000000000001
0x0000000014ccf500:   000000001ba7c4a0 00000000ffffffff
0x0000000014ccf510:   0000000014ccf5d0 00007ffeb21bc26f
0x0000000014ccf520:   0000000014ccf5e0 0000000000000000
0x0000000014ccf530:   0000c506d92b59fc 0000000000000001
0x0000000014ccf540:   00007ffea0289000 00007ffea01c0000
0x0000000014ccf550:   00002a20c435a7f5 00000000000003ff
0x0000000014ccf560:   00007ffea0272cb8 00007ffea021e92c
0x0000000014ccf570:   000000000000001f 0000000000000008
0x0000000014ccf580:   0000000000000001 000000001ba7c4a0 

Instructions: (pc=0x00007ffeaf157788)
0x00007ffeaf157768:   49 8b d1 44 0f 47 c0 44 89 44 24 38 49 c1 e0 03
0x00007ffeaf157778:   e8 07 55 06 00 48 8d 4c 24 20 ff 15 e0 08 13 00
0x00007ffeaf157788:   48 8b 8c 24 c0 00 00 00 48 33 cc e8 98 1a 06 00
0x00007ffeaf157798:   48 81 c4 d8 00 00 00 c3 83 64 24 38 00 eb d6 cc 


Register to memory mapping:

RAX=0x004c0044002e006c is an unknown value
RBX=0x00007ffea0272cb8 is an unknown value
RCX=0x000000000000004c is an unknown value
RDX=0x0000000000000000 is an unknown value
RSP=0x0000000014ccf490 is an unknown value
RBP=0x0000000014ccf5d0 is an unknown value
RSI=0x00000000ffffffff is an unknown value
RDI=0x000000001ba7c4a0 is an unknown value
R8 =0x0000000000000000 is an unknown value
R9 =0x0000000000000000 is an unknown value
R10=0x0000000000000000 is an unknown value
R11=0x0000000000000000 is an unknown value
R12=0x0000000000000001 is an unknown value
R13=0x0000000000000008 is an unknown value
R14=0x0000000000000000 is an unknown value
R15=0xffffffffffffffff is an unknown value


Stack: [0x0000000014bd0000,0x0000000014cd0000],  sp=0x0000000014ccf490,  free space=1021k
Native frames: (J=compiled Java code, j=interpreted, Vv=VM code, C=native code)
C  [KERNELBASE.dll+0x17788]
C  [MSVCR110.dll+0x5e92c]
C  [MSVCR110.dll+0x1315c]
C  [MSVCR110.dll+0x136a9]
C  [MSVCR110.dll+0x13e9c]
C  [MSVCR110.dll+0x239e]
C  [MSVCR110.dll+0xaf9e]
C  [MSVCP110.dll+0x397b9]
C  [librdi_common.dll+0x182316]
C  [librdi_common.dll+0x180fab]
C  0x00007ffe8c382400
C  0x00007ffe8c382682
C  [ntdll.dll+0x2a35f]
C  [ntdll.dll+0x806b]
C  [ntdll.dll+0x7d94]
C  [KERNEL32.DLL+0x1ce6a]
C  [MSVCR100.dll+0x20ccd]
V  [jvm.dll+0x210cc5]
V  [jvm.dll+0x249897]
V  [jvm.dll+0x248b36]
V  [jvm.dll+0x248fd1]
V  [jvm.dll+0x2491ee]
V  [jvm.dll+0x29a0fa]
C  [MSVCR100.dll+0x21d9f]
C  [MSVCR100.dll+0x21e3b]
C  [KERNEL32.DLL+0x8364]
C  [ntdll.dll+0x670d1]

VM_Operation (0x000000000014f4c0): Exit, mode: safepoint, requested by thread 0x00000000025de000


---------------  P R O C E S S  ---------------

Java Threads: ( => current thread )
  0x000000001ac10000 JavaThread "Spawner Reaper" daemon [_thread_in_native, id=11824, stack(0x000000004b490000,0x000000004b590000)]
  0x00000000195a5800 JavaThread "pool-2-thread-6" [_thread_blocked, id=8828, stack(0x0000000046f90000,0x0000000047090000)]
  0x00000000195a5000 JavaThread "pool-2-thread-5" [_thread_blocked, id=11236, stack(0x0000000044f90000,0x0000000045090000)]
  0x000000001b248800 JavaThread "pool-2-thread-4" [_thread_blocked, id=4904, stack(0x000000003f990000,0x000000003fa90000)]
  0x000000001b246000 JavaThread "pool-2-thread-3" [_thread_blocked, id=10832, stack(0x000000003a590000,0x000000003a690000)]
  0x000000001b243000 JavaThread "pool-2-thread-2" [_thread_blocked, id=208, stack(0x0000000038f90000,0x0000000039090000)]
  0x000000001b244800 JavaThread "pool-2-thread-1" [_thread_blocked, id=9140, stack(0x0000000037a90000,0x0000000037b90000)]
  0x000000001b242800 JavaThread "Thread-135" daemon [_thread_blocked, id=13664, stack(0x0000000033790000,0x0000000033890000)]
  0x0000000017366000 JavaThread "TCF Channel Transmitter" daemon [_thread_blocked, id=2284, stack(0x0000000027ce0000,0x0000000027de0000)]
  0x000000001735f800 JavaThread "Process monitor" daemon [_thread_in_native, id=6860, stack(0x00000000273e0000,0x00000000274e0000)]
  0x000000001735e000 JavaThread "Input Stream Monitor" daemon [_thread_blocked, id=7180, stack(0x00000000272e0000,0x00000000273e0000)]
  0x0000000017364800 JavaThread "Output Stream Monitor" daemon [_thread_in_native, id=5532, stack(0x00000000271e0000,0x00000000272e0000)]
  0x000000001735e800 JavaThread "Output Stream Monitor" daemon [_thread_in_native, id=8208, stack(0x00000000270e0000,0x00000000271e0000)]
  0x000000001a6f6800 JavaThread "TCF Locator DNS Lookup" daemon [_thread_blocked, id=13380, stack(0x000000001fd20000,0x000000001fe20000)]
  0x000000001a6f2800 JavaThread "TCF Timer Dispatcher" daemon [_thread_blocked, id=9592, stack(0x000000001f920000,0x000000001fa20000)]
  0x00000000165ef000 JavaThread "EMF Reference Cleaner" daemon [_thread_blocked, id=10760, stack(0x0000000018640000,0x0000000018740000)]
  0x00000000154f9000 JavaThread "Service Thread" daemon [_thread_blocked, id=5912, stack(0x00000000158c0000,0x00000000159c0000)]
  0x0000000013bad000 JavaThread "C1 CompilerThread2" daemon [_thread_blocked, id=12192, stack(0x00000000153c0000,0x00000000154c0000)]
  0x0000000013b83800 JavaThread "C2 CompilerThread1" daemon [_thread_blocked, id=6504, stack(0x00000000152c0000,0x00000000153c0000)]
  0x0000000013b8b800 JavaThread "C2 CompilerThread0" daemon [_thread_blocked, id=11016, stack(0x00000000151c0000,0x00000000152c0000)]
  0x0000000013b88000 JavaThread "Attach Listener" daemon [_thread_blocked, id=11932, stack(0x00000000150c0000,0x00000000151c0000)]
  0x0000000013b87000 JavaThread "Signal Dispatcher" daemon [_thread_blocked, id=1372, stack(0x0000000014fc0000,0x00000000150c0000)]
  0x0000000002756800 JavaThread "Finalizer" daemon [_thread_blocked, id=14240, stack(0x0000000014dd0000,0x0000000014ed0000)]
  0x000000000274e800 JavaThread "Reference Handler" daemon [_thread_blocked, id=10352, stack(0x0000000014cd0000,0x0000000014dd0000)]
  0x00000000025de000 JavaThread "main" [_thread_blocked, id=3916, stack(0x0000000000050000,0x0000000000150000)]

Other Threads:
=>0x0000000013b47800 VMThread [stack: 0x0000000014bd0000,0x0000000014cd0000] [id=9292]

VM state:at safepoint (shutting down)

VM Mutex/Monitor currently owned by a thread:  ([mutex/lock_event])
[0x00000000025dd170] Threads_lock - owner thread: 0x0000000013b47800

Heap:
 PSYoungGen      total 168448K, used 23425K [0x00000000f5580000, 0x0000000100000000, 0x0000000100000000)
  eden space 165888K, 13% used [0x00000000f5580000,0x00000000f6abe598,0x00000000ff780000)
  from space 2560K, 65% used [0x00000000ffa80000,0x00000000ffc22038,0x00000000ffd00000)
  to   space 3072K, 0% used [0x00000000ff780000,0x00000000ff780000,0x00000000ffa80000)
 ParOldGen       total 99328K, used 53625K [0x00000000e0000000, 0x00000000e6100000, 0x00000000f5580000)
  object space 99328K, 53% used [0x00000000e0000000,0x00000000e345e778,0x00000000e6100000)
 Metaspace       used 97576K, capacity 105264K, committed 105496K, reserved 1140736K
  class space    used 11531K, capacity 14041K, committed 14128K, reserved 1048576K

Card table byte_map: [0x0000000011b20000,0x0000000011c30000] byte_map_base: 0x0000000011420000

Marking Bits: (ParMarkBitMap*) 0x0000000061a3a5b0
 Begin Bits: [0x00000000120e0000, 0x00000000128e0000)
 End Bits:   [0x00000000128e0000, 0x00000000130e0000)

Polling page: 0x0000000002590000

CodeCache: size=245760Kb used=55424Kb max_used=55617Kb free=190336Kb
 bounds [0x0000000002760000, 0x0000000005e30000, 0x0000000011760000]
 total_blobs=15358 nmethods=14445 adapters=821
 compilation: enabled

Compilation events (10 events):
Event: 4037.907 Thread 0x0000000013bad000 nmethod 18553 0x0000000004c82650 code [0x0000000004c82860, 0x0000000004c83598]
Event: 4037.907 Thread 0x0000000013bad000 18554       3       org.eclipse.osgi.internal.framework.EquinoxContainerAdaptor::clearManifestCache (84 bytes)
Event: 4037.911 Thread 0x0000000013bad000 nmethod 18554 0x0000000002f08510 code [0x0000000002f08760, 0x0000000002f09e78]
Event: 4037.911 Thread 0x0000000013bad000 18557   !   3       org.eclipse.osgi.storage.BundleInfo$Generation::clearManifestCache (30 bytes)
Event: 4037.912 Thread 0x0000000013bad000 nmethod 18557 0x0000000003088e90 code [0x0000000003089020, 0x0000000003089668]
Event: 4037.912 Thread 0x0000000013bad000 18551       3       sun.misc.Unsafe::getAndSetObject (24 bytes)
Event: 4037.913 Thread 0x0000000013bad000 nmethod 18551 0x0000000002b6f450 code [0x0000000002b6f5c0, 0x0000000002b6f7d0]
Event: 4037.913 Thread 0x0000000013bad000 18558   !   3       org.eclipse.osgi.internal.loader.BundleLoader::close (74 bytes)
Event: 4037.915 Thread 0x0000000013bad000 nmethod 18558 0x00000000039f4bd0 code [0x00000000039f4dc0, 0x00000000039f57b8]
Event: 4037.939 Thread 0x0000000013b8b800 nmethod 18555 0x000000000418bc50 code [0x000000000418bdc0, 0x000000000418c128]

GC Heap History (10 events):
Event: 3729.805 GC heap before
{Heap before GC invocations=125 (full 45):
 PSYoungGen      total 172032K, used 171025K [0x00000000f5580000, 0x0000000100000000, 0x0000000100000000)
  eden space 169472K, 100% used [0x00000000f5580000,0x00000000ffb00000,0x00000000ffb00000)
  from space 2560K, 60% used [0x00000000ffb00000,0x00000000ffc84738,0x00000000ffd80000)
  to   space 2560K, 0% used [0x00000000ffd80000,0x00000000ffd80000,0x0000000100000000)
 ParOldGen       total 99328K, used 53609K [0x00000000e0000000, 0x00000000e6100000, 0x00000000f5580000)
  object space 99328K, 53% used [0x00000000e0000000,0x00000000e345a778,0x00000000e6100000)
 Metaspace       used 96611K, capacity 104432K, committed 104600K, reserved 1140736K
  class space    used 11426K, capacity 13877K, committed 14000K, reserved 1048576K
Event: 3729.930 GC heap after
Heap after GC invocations=125 (full 45):
 PSYoungGen      total 172032K, used 1431K [0x00000000f5580000, 0x0000000100000000, 0x0000000100000000)
  eden space 169472K, 0% used [0x00000000f5580000,0x00000000f5580000,0x00000000ffb00000)
  from space 2560K, 55% used [0x00000000ffd80000,0x00000000ffee5e58,0x0000000100000000)
  to   space 2560K, 0% used [0x00000000ffb00000,0x00000000ffb00000,0x00000000ffd80000)
 ParOldGen       total 99328K, used 53617K [0x00000000e0000000, 0x00000000e6100000, 0x00000000f5580000)
  object space 99328K, 53% used [0x00000000e0000000,0x00000000e345c778,0x00000000e6100000)
 Metaspace       used 96611K, capacity 104432K, committed 104600K, reserved 1140736K
  class space    used 11426K, capacity 13877K, committed 14000K, reserved 1048576K
}
Event: 3788.061 GC heap before
{Heap before GC invocations=126 (full 45):
 PSYoungGen      total 172032K, used 170903K [0x00000000f5580000, 0x0000000100000000, 0x0000000100000000)
  eden space 169472K, 100% used [0x00000000f5580000,0x00000000ffb00000,0x00000000ffb00000)
  from space 2560K, 55% used [0x00000000ffd80000,0x00000000ffee5e58,0x0000000100000000)
  to   space 2560K, 0% used [0x00000000ffb00000,0x00000000ffb00000,0x00000000ffd80000)
 ParOldGen       total 99328K, used 53617K [0x00000000e0000000, 0x00000000e6100000, 0x00000000f5580000)
  object space 99328K, 53% used [0x00000000e0000000,0x00000000e345c778,0x00000000e6100000)
 Metaspace       used 96611K, capacity 104432K, committed 104600K, reserved 1140736K
  class space    used 11426K, capacity 13877K, committed 14000K, reserved 1048576K
Event: 3788.093 GC heap after
Heap after GC invocations=126 (full 45):
 PSYoungGen      total 164864K, used 1457K [0x00000000f5580000, 0x00000000ffe00000, 0x0000000100000000)
  eden space 163328K, 0% used [0x00000000f5580000,0x00000000f5580000,0x00000000ff500000)
  from space 1536K, 94% used [0x00000000ffb00000,0x00000000ffc6c738,0x00000000ffc80000)
  to   space 1536K, 0% used [0x00000000ffc80000,0x00000000ffc80000,0x00000000ffe00000)
 ParOldGen       total 99328K, used 53617K [0x00000000e0000000, 0x00000000e6100000, 0x00000000f5580000)
  object space 99328K, 53% used [0x00000000e0000000,0x00000000e345c778,0x00000000e6100000)
 Metaspace       used 96611K, capacity 104432K, committed 104600K, reserved 1140736K
  class space    used 11426K, capacity 13877K, committed 14000K, reserved 1048576K
}
Event: 3842.757 GC heap before
{Heap before GC invocations=127 (full 45):
 PSYoungGen      total 164864K, used 164785K [0x00000000f5580000, 0x00000000ffe00000, 0x0000000100000000)
  eden space 163328K, 100% used [0x00000000f5580000,0x00000000ff500000,0x00000000ff500000)
  from space 1536K, 94% used [0x00000000ffb00000,0x00000000ffc6c738,0x00000000ffc80000)
  to   space 1536K, 0% used [0x00000000ffc80000,0x00000000ffc80000,0x00000000ffe00000)
 ParOldGen       total 99328K, used 53617K [0x00000000e0000000, 0x00000000e6100000, 0x00000000f5580000)
  object space 99328K, 53% used [0x00000000e0000000,0x00000000e345c778,0x00000000e6100000)
 Metaspace       used 96612K, capacity 104432K, committed 104600K, reserved 1140736K
  class space    used 11426K, capacity 13877K, committed 14000K, reserved 1048576K
Event: 3842.965 GC heap after
Heap after GC invocations=127 (full 45):
 PSYoungGen      total 158720K, used 1457K [0x00000000f5580000, 0x00000000ffe00000, 0x0000000100000000)
  eden space 157184K, 0% used [0x00000000f5580000,0x00000000f5580000,0x00000000fef00000)
  from space 1536K, 94% used [0x00000000ffc80000,0x00000000ffdec738,0x00000000ffe00000)
  to   space 2560K, 0% used [0x00000000ff900000,0x00000000ff900000,0x00000000ffb80000)
 ParOldGen       total 99328K, used 53617K [0x00000000e0000000, 0x00000000e6100000, 0x00000000f5580000)
  object space 99328K, 53% used [0x00000000e0000000,0x00000000e345c778,0x00000000e6100000)
 Metaspace       used 96612K, capacity 104432K, committed 104600K, reserved 1140736K
  class space    used 11426K, capacity 13877K, committed 14000K, reserved 1048576K
}
Event: 3896.300 GC heap before
{Heap before GC invocations=128 (full 45):
 PSYoungGen      total 158720K, used 158641K [0x00000000f5580000, 0x00000000ffe00000, 0x0000000100000000)
  eden space 157184K, 100% used [0x00000000f5580000,0x00000000fef00000,0x00000000fef00000)
  from space 1536K, 94% used [0x00000000ffc80000,0x00000000ffdec738,0x00000000ffe00000)
  to   space 2560K, 0% used [0x00000000ff900000,0x00000000ff900000,0x00000000ffb80000)
 ParOldGen       total 99328K, used 53617K [0x00000000e0000000, 0x00000000e6100000, 0x00000000f5580000)
  object space 99328K, 53% used [0x00000000e0000000,0x00000000e345c778,0x00000000e6100000)
 Metaspace       used 96753K, capacity 104496K, committed 104856K, reserved 1140736K
  class space    used 11442K, capacity 13877K, committed 14000K, reserved 1048576K
Event: 3897.346 GC heap after
Heap after GC invocations=128 (full 45):
 PSYoungGen      total 165888K, used 1408K [0x00000000f5580000, 0x00000000ffd00000, 0x0000000100000000)
  eden space 164352K, 0% used [0x00000000f5580000,0x00000000f5580000,0x00000000ff600000)
  from space 1536K, 91% used [0x00000000ff900000,0x00000000ffa60010,0x00000000ffa80000)
  to   space 2560K, 0% used [0x00000000ffa80000,0x00000000ffa80000,0x00000000ffd00000)
 ParOldGen       total 99328K, used 53617K [0x00000000e0000000, 0x00000000e6100000, 0x00000000f5580000)
  object space 99328K, 53% used [0x00000000e0000000,0x00000000e345c778,0x00000000e6100000)
 Metaspace       used 96753K, capacity 104496K, committed 104856K, reserved 1140736K
  class space    used 11442K, capacity 13877K, committed 14000K, reserved 1048576K
}
Event: 3965.863 GC heap before
{Heap before GC invocations=129 (full 45):
 PSYoungGen      total 165888K, used 165760K [0x00000000f5580000, 0x00000000ffd00000, 0x0000000100000000)
  eden space 164352K, 100% used [0x00000000f5580000,0x00000000ff600000,0x00000000ff600000)
  from space 1536K, 91% used [0x00000000ff900000,0x00000000ffa60010,0x00000000ffa80000)
  to   space 2560K, 0% used [0x00000000ffa80000,0x00000000ffa80000,0x00000000ffd00000)
 ParOldGen       total 99328K, used 53617K [0x00000000e0000000, 0x00000000e6100000, 0x00000000f5580000)
  object space 99328K, 53% used [0x00000000e0000000,0x00000000e345c778,0x00000000e6100000)
 Metaspace       used 97098K, capacity 104834K, committed 105112K, reserved 1140736K
  class space    used 11482K, capacity 13944K, committed 14000K, reserved 1048576K
Event: 3966.025 GC heap after
Heap after GC invocations=129 (full 45):
 PSYoungGen      total 168448K, used 1672K [0x00000000f5580000, 0x0000000100000000, 0x0000000100000000)
  eden space 165888K, 0% used [0x00000000f5580000,0x00000000f5580000,0x00000000ff780000)
  from space 2560K, 65% used [0x00000000ffa80000,0x00000000ffc22038,0x00000000ffd00000)
  to   space 3072K, 0% used [0x00000000ff780000,0x00000000ff780000,0x00000000ffa80000)
 ParOldGen       total 99328K, used 53625K [0x00000000e0000000, 0x00000000e6100000, 0x00000000f5580000)
  object space 99328K, 53% used [0x00000000e0000000,0x00000000e345e778,0x00000000e6100000)
 Metaspace       used 97098K, capacity 104834K, committed 105112K, reserved 1140736K
  class space    used 11482K, capacity 13944K, committed 14000K, reserved 1048576K
}

Deoptimization events (10 events):
Event: 4002.203 Thread 0x000000001ac15800 Uncommon trap: reason=unstable_if action=reinterpret pc=0x000000000399cc64 method=org.eclipse.swt.graphics.Resource.dispose()V @ 15
Event: 4015.457 Thread 0x000000001ac15800 Uncommon trap: reason=class_check action=maybe_recompile pc=0x0000000004a5e5ec method=org.eclipse.swt.widgets.Display.asyncExec(Ljava/lang/Runnable;)V @ 23
Event: 4015.458 Thread 0x000000001ac15800 Uncommon trap: reason=class_check action=maybe_recompile pc=0x0000000004a5e5ec method=org.eclipse.swt.widgets.Display.asyncExec(Ljava/lang/Runnable;)V @ 23
Event: 4024.883 Thread 0x00000000162d1800 Uncommon trap: reason=unstable_if action=reinterpret pc=0x000000000365cac4 method=org.eclipse.osgi.internal.framework.BundleContextImpl.dispatchEvent(Ljava/lang/Object;Ljava/lang/Object;ILjava/lang/Object;)V @ 16
Event: 4027.675 Thread 0x000000001ac14800 Uncommon trap: reason=unstable_if action=reinterpret pc=0x00000000056041b4 method=org.eclipse.core.internal.jobs.JobManager.nextJob()Lorg/eclipse/core/runtime/jobs/Job; @ 80
Event: 4029.116 Thread 0x000000001ac15800 Uncommon trap: reason=unstable_if action=reinterpret pc=0x0000000003bb73d0 method=sun.reflect.UnsafeStaticObjectFieldAccessorImpl.set(Ljava/lang/Object;Ljava/lang/Object;)V @ 13
Event: 4031.204 Thread 0x0000000017367000 Uncommon trap: reason=unstable_if action=reinterpret pc=0x000000000483b080 method=org.eclipse.tcf.EventQueue.invokeLater(Ljava/lang/Runnable;)V @ 22
Event: 4031.223 Thread 0x000000001a6f7000 Uncommon trap: reason=unstable_if action=reinterpret pc=0x00000000049f5888 method=org.eclipse.tcf.EventQueue.invokeLater(Ljava/lang/Runnable;)V @ 22
Event: 4037.156 Thread 0x0000000017367000 Uncommon trap: reason=unstable_if action=reinterpret pc=0x0000000002e4a3b4 method=org.eclipse.osgi.internal.weaving.WeavingHookConfigurator.processClass(Ljava/lang/String;[BLorg/eclipse/osgi/internal/loader/classpath/ClasspathEntry;Lorg/eclipse/osgi/storag§˜s®ÅäØ@
Event: 4037.253 Thread 0x0000000017367000 Uncommon trap: reason=unstable_if action=reinterpret pc=0x0000000002d479cc method=org.eclipse.osgi.internal.weaving.WeavingHookConfigurator.recordClassDefine(Ljava/lang/String;Ljava/lang/Class;[BLorg/eclipse/osgi/internal/loader/classpath/ClasspathEntry;Loè˛ñhDØ@

Internal exceptions (10 events):
Event: 3981.257 Thread 0x00000000025de000 Exception <a 'java/io/FileNotFoundException'> (0x00000000f5e82678) thrown at [C:\re\workspace\8-2-build-windows-amd64-cygwin\jdk8u66\5298\hotspot\src\share\vm\prims\jni.cpp, line 709]
Event: 3981.257 Thread 0x00000000025de000 Exception <a 'java/io/FileNotFoundException'> (0x00000000f5e84888) thrown at [C:\re\workspace\8-2-build-windows-amd64-cygwin\jdk8u66\5298\hotspot\src\share\vm\prims\jni.cpp, line 709]
Event: 3993.811 Thread 0x000000001b23e000 Exception <a 'java/lang/InterruptedException'> (0x00000000f6374598) thrown at [C:\re\workspace\8-2-build-windows-amd64-cygwin\jdk8u66\5298\hotspot\src\share\vm\runtime\objectMonitor.cpp, line 1683]
Event: 3994.166 Thread 0x000000001ac14800 Implicit null exception at 0x0000000005ac0221 to 0x0000000005ac4451
Event: 4027.542 Thread 0x00000000195a2000 Exception <a 'java/lang/InterruptedException'> (0x00000000f5f09b28) thrown at [C:\re\workspace\8-2-build-windows-amd64-cygwin\jdk8u66\5298\hotspot\src\share\vm\runtime\objectMonitor.cpp, line 1683]
Event: 4029.116 Thread 0x000000001ac15800 Implicit null exception at 0x0000000003bb70b7 to 0x0000000003bb73bd
Event: 4029.446 Thread 0x00000000162d1800 Exception <a 'java/lang/InterruptedException'> (0x00000000f678ac28) thrown at [C:\re\workspace\8-2-build-windows-amd64-cygwin\jdk8u66\5298\hotspot\src\share\vm\runtime\objectMonitor.cpp, line 1683]
Event: 4037.138 Thread 0x000000001a6f2000 Exception <a 'java/lang/InterruptedException'> (0x00000000f59bd530) thrown at [C:\re\workspace\8-2-build-windows-amd64-cygwin\jdk8u66\5298\hotspot\src\share\vm\runtime\objectMonitor.cpp, line 1683]
Event: 4037.252 Thread 0x0000000016702000 Exception <a 'java/lang/InterruptedException'> (0x00000000f69cf838) thrown at [C:\re\workspace\8-2-build-windows-amd64-cygwin\jdk8u66\5298\hotspot\src\share\vm\runtime\objectMonitor.cpp, line 1683]
Event: 4038.946 Thread 0x000000001ac15800 Exception <a 'java/io/IOException'> (0x00000000f6a794f0) thrown at [C:\re\workspace\8-2-build-windows-amd64-cygwin\jdk8u66\5298\hotspot\src\share\vm\prims\jni.cpp, line 709]

Events (10 events):
Event: 4038.889 Executing VM operation: RevokeBias
Event: 4038.890 Executing VM operation: RevokeBias done
Event: 4038.890 Executing VM operation: RevokeBias
Event: 4038.890 Executing VM operation: RevokeBias done
Event: 4038.892 Executing VM operation: RevokeBias
Event: 4038.892 Executing VM operation: RevokeBias done
Event: 4038.892 Executing VM operation: RevokeBias
Event: 4038.945 Executing VM operation: RevokeBias done
Event: 4038.947 Thread 0x000000001ac15800 Thread exited: 0x000000001ac15800
Event: 4039.093 Executing VM operation: Exit


Dynamic libraries:
0x0000000000400000 - 0x000000000044f000 	C:\Xilinx\SDK\2016.2\eclipse\win64.o\eclipse.exe
0x00007ffeb2170000 - 0x00007ffeb2341000 	C:\WINDOWS\SYSTEM32\ntdll.dll
0x00007ffeaf710000 - 0x00007ffeaf7bb000 	C:\WINDOWS\System32\KERNEL32.DLL
0x00007ffeaf140000 - 0x00007ffeaf35d000 	C:\WINDOWS\System32\KERNELBASE.dll
0x00007ffeb0510000 - 0x00007ffeb0675000 	C:\WINDOWS\System32\USER32.dll
0x00007ffeaf400000 - 0x00007ffeaf41e000 	C:\WINDOWS\System32\win32u.dll
0x00007ffeb04d0000 - 0x00007ffeb0504000 	C:\WINDOWS\System32\GDI32.dll
0x00007ffeae6d0000 - 0x00007ffeae852000 	C:\WINDOWS\System32\gdi32full.dll
0x00007ffeaf7e0000 - 0x00007ffeaf87e000 	C:\WINDOWS\System32\msvcrt.dll
0x00007ffea9110000 - 0x00007ffea938a000 	C:\WINDOWS\WinSxS\amd64_microsoft.windows.common-controls_6595b64144ccf1df_6.0.14393.726_none_42181c01c683592f\COMCTL32.dll
0x00007ffeaf880000 - 0x00007ffeafb48000 	C:\WINDOWS\System32\combase.dll
0x00007ffeae860000 - 0x00007ffeae955000 	C:\WINDOWS\System32\ucrtbase.dll
0x00007ffeb0720000 - 0x00007ffeb0841000 	C:\WINDOWS\System32\RPCRT4.dll
0x00007ffeae660000 - 0x00007ffeae6ca000 	C:\WINDOWS\System32\bcryptPrimitives.dll
0x00007ffeb06f0000 - 0x00007ffeb071e000 	C:\WINDOWS\System32\IMM32.DLL
0x0000000072000000 - 0x0000000072012000 	C:\Xilinx\SDK\2016.2\eclipse\win64.o\plugins\org.eclipse.equinox.launcher.win32.win32.x86_64_1.1.300.v20150602-1417\eclipse_1611.dll
0x00007ffeafb50000 - 0x00007ffeafbf2000 	C:\WINDOWS\System32\ADVAPI32.dll
0x00007ffeb0950000 - 0x00007ffeb09a9000 	C:\WINDOWS\System32\sechost.dll
0x00007ffeab300000 - 0x00007ffeab30a000 	C:\WINDOWS\SYSTEM32\VERSION.dll
0x00007ffeacd20000 - 0x00007ffeacdb5000 	C:\WINDOWS\system32\uxtheme.dll
0x00007ffeb0b00000 - 0x00007ffeb0c5a000 	C:\WINDOWS\System32\MSCTF.dll
0x00007ffeb0a40000 - 0x00007ffeb0aff000 	C:\WINDOWS\System32\OLEAUT32.dll
0x00007ffeaf360000 - 0x00007ffeaf3fc000 	C:\WINDOWS\System32\msvcp_win.dll
0x0000000061230000 - 0x0000000061ab9000 	C:\Xilinx\SDK\2016.2\tps\win64\jre\bin\server\jvm.dll
0x00007ffeb09b0000 - 0x00007ffeb09b8000 	C:\WINDOWS\System32\PSAPI.DLL
0x00007ffe9f050000 - 0x00007ffe9f059000 	C:\WINDOWS\SYSTEM32\WSOCK32.dll
0x00007ffeaca90000 - 0x00007ffeacab3000 	C:\WINDOWS\SYSTEM32\WINMM.dll
0x0000000061d90000 - 0x0000000061e62000 	C:\WINDOWS\SYSTEM32\MSVCR100.dll
0x00007ffeb0680000 - 0x00007ffeb06ea000 	C:\WINDOWS\System32\WS2_32.dll
0x00007ffeaca30000 - 0x00007ffeaca5b000 	C:\WINDOWS\SYSTEM32\WINMMBASE.dll
0x00007ffeaf0f0000 - 0x00007ffeaf132000 	C:\WINDOWS\System32\cfgmgr32.dll
0x0000000062770000 - 0x000000006277f000 	C:\Xilinx\SDK\2016.2\tps\win64\jre\bin\verify.dll
0x0000000062740000 - 0x0000000062769000 	C:\Xilinx\SDK\2016.2\tps\win64\jre\bin\java.dll
0x0000000062720000 - 0x0000000062736000 	C:\Xilinx\SDK\2016.2\tps\win64\jre\bin\zip.dll
0x00007ffeb0c60000 - 0x00007ffeb2169000 	C:\WINDOWS\System32\SHELL32.dll
0x00007ffeae960000 - 0x00007ffeaf03a000 	C:\WINDOWS\System32\windows.storage.dll
0x00007ffeae610000 - 0x00007ffeae65c000 	C:\WINDOWS\System32\powrprof.dll
0x00007ffeb0470000 - 0x00007ffeb04c2000 	C:\WINDOWS\System32\shlwapi.dll
0x00007ffeae5e0000 - 0x00007ffeae5ef000 	C:\WINDOWS\System32\kernel.appcore.dll
0x00007ffeaf040000 - 0x00007ffeaf0e9000 	C:\WINDOWS\System32\shcore.dll
0x00007ffeae5f0000 - 0x00007ffeae604000 	C:\WINDOWS\System32\profapi.dll
0x00007ffeae0a0000 - 0x00007ffeae0b7000 	C:\WINDOWS\SYSTEM32\CRYPTSP.dll
0x00007ffeadb10000 - 0x00007ffeadb43000 	C:\WINDOWS\system32\rsaenh.dll
0x00007ffeae2a0000 - 0x00007ffeae2cb000 	C:\WINDOWS\SYSTEM32\bcrypt.dll
0x00007ffeadd80000 - 0x00007ffeadd9f000 	C:\WINDOWS\SYSTEM32\USERENV.dll
0x00007ffeae0c0000 - 0x00007ffeae0cb000 	C:\WINDOWS\SYSTEM32\CRYPTBASE.dll
0x0000000062700000 - 0x000000006271a000 	C:\Xilinx\SDK\2016.2\tps\win64\jre\bin\net.dll
0x00007ffeadf00000 - 0x00007ffeadf5c000 	C:\WINDOWS\system32\mswsock.dll
0x00007ffeadc90000 - 0x00007ffeadcc8000 	C:\WINDOWS\SYSTEM32\IPHLPAPI.DLL
0x00007ffeaf700000 - 0x00007ffeaf708000 	C:\WINDOWS\System32\NSI.dll
0x00007ffea93b0000 - 0x00007ffea93c6000 	C:\WINDOWS\SYSTEM32\dhcpcsvc6.DLL
0x00007ffea9390000 - 0x00007ffea93aa000 	C:\WINDOWS\SYSTEM32\dhcpcsvc.DLL
0x0000000061210000 - 0x0000000061221000 	C:\Xilinx\SDK\2016.2\tps\win64\jre\bin\nio.dll
0x00007ffe9ca80000 - 0x00007ffe9ca96000 	C:\WINDOWS\system32\napinsp.dll
0x00007ffe9ca60000 - 0x00007ffe9ca7a000 	C:\WINDOWS\system32\pnrpnsp.dll
0x00007ffeabce0000 - 0x00007ffeabcf8000 	C:\WINDOWS\system32\NLAapi.dll
0x00007ffeadcd0000 - 0x00007ffeadd70000 	C:\WINDOWS\SYSTEM32\DNSAPI.dll
0x00007ffe9caa0000 - 0x00007ffe9caae000 	C:\WINDOWS\System32\winrnr.dll
0x00000000633f0000 - 0x0000000063416000 	C:\Program Files\Bonjour\mdnsNSP.dll
0x00007ffea6080000 - 0x00007ffea608a000 	C:\Windows\System32\rasadhlp.dll
0x00007ffea83b0000 - 0x00007ffea841a000 	C:\WINDOWS\System32\fwpuclnt.dll
0x0000000017780000 - 0x0000000017828000 	C:\Users\Neil\.Xilinx\SDK\2016.2\org.eclipse.osgi\312\0\.cp\swt-win32-4527.dll
0x00007ffeb0130000 - 0x00007ffeb0267000 	C:\WINDOWS\System32\ole32.dll
0x00007ffeb0030000 - 0x00007ffeb012a000 	C:\WINDOWS\System32\comdlg32.dll
0x00007ffeaf4d0000 - 0x00007ffeaf699000 	C:\WINDOWS\System32\CRYPT32.dll
0x00007ffeac6f0000 - 0x00007ffeac709000 	C:\WINDOWS\SYSTEM32\USP10.dll
0x00007ffea5770000 - 0x00007ffea57f6000 	C:\WINDOWS\SYSTEM32\WINSPOOL.DRV
0x00007ffeae5d0000 - 0x00007ffeae5e0000 	C:\WINDOWS\System32\MSASN1.dll
0x00007ffea1a20000 - 0x00007ffea1cb3000 	C:\WINDOWS\SYSTEM32\WININET.dll
0x00007ffeac970000 - 0x00007ffeac996000 	C:\WINDOWS\system32\dwmapi.dll
0x00007ffeac7e0000 - 0x00007ffeac965000 	C:\WINDOWS\SYSTEM32\propsys.dll
0x00007ffeb0850000 - 0x00007ffeb08ef000 	C:\WINDOWS\System32\clbcatq.dll
0x0000000017890000 - 0x00000000178ae000 	C:\Users\Neil\.Xilinx\SDK\2016.2\org.eclipse.osgi\312\0\.cp\swt-gdip-win32-4527.dll
0x00007ffea55d0000 - 0x00007ffea576a000 	C:\WINDOWS\WinSxS\amd64_microsoft.windows.gdiplus_6595b64144ccf1df_1.1.14393.321_none_72fe05dd211a5fae\gdiplus.dll
0x00007ffeabe90000 - 0x00007ffeac038000 	C:\WINDOWS\SYSTEM32\WindowsCodecs.dll
0x00007ffea4080000 - 0x00007ffea40e5000 	C:\WINDOWS\SYSTEM32\oleacc.dll
0x00007ffe9ea40000 - 0x00007ffe9ea7f000 	C:\WINDOWS\system32\mlang.dll
0x00007ffe909a0000 - 0x00007ffe909e9000 	C:\WINDOWS\system32\dataexchange.dll
0x00007ffeab900000 - 0x00007ffeabbb6000 	C:\WINDOWS\system32\d3d11.dll
0x00007ffeac120000 - 0x00007ffeac271000 	C:\WINDOWS\system32\dcomp.dll
0x00007ffead560000 - 0x00007ffead5ff000 	C:\WINDOWS\system32\dxgi.dll
0x00007ffead0c0000 - 0x00007ffead1dc000 	C:\WINDOWS\system32\twinapi.appcore.dll
0x00007ffe8dda0000 - 0x00007ffe8ea28000 	C:\Windows\System32\ieframe.dll
0x00007ffea1880000 - 0x00007ffea1898000 	C:\Windows\System32\NETAPI32.dll
0x00007ffea67f0000 - 0x00007ffea6a93000 	C:\Windows\System32\iertutil.dll
0x00007ffeadd70000 - 0x00007ffeadd7d000 	C:\Windows\System32\NETUTILS.DLL
0x00007ffea96f0000 - 0x00007ffea9706000 	C:\Windows\System32\WKSCLI.DLL
0x00007ffeb09d0000 - 0x00007ffeb0a3e000 	C:\WINDOWS\System32\coml2.dll
0x00007ffea1cc0000 - 0x00007ffea1e82000 	C:\WINDOWS\SYSTEM32\urlmon.dll
0x00007ffeae4a0000 - 0x00007ffeae538000 	C:\WINDOWS\SYSTEM32\sxs.dll
0x00007ffe4b2a0000 - 0x00007ffe4c94b000 	C:\Windows\System32\mshtml.dll
0x00007ffeae2d0000 - 0x00007ffeae2fc000 	C:\WINDOWS\SYSTEM32\SspiCli.dll
0x00007ffe877d0000 - 0x00007ffe877f6000 	C:\Windows\System32\srpapi.dll
0x00007ffe86c90000 - 0x00007ffe86e27000 	C:\Windows\System32\ieapfltr.dll
0x00007ffe4df30000 - 0x00007ffe4e3c1000 	C:\Windows\System32\jscript9.dll
0x00007ffe86e30000 - 0x00007ffe86e40000 	C:\WINDOWS\system32\msimtf.dll
0x00007ffea4600000 - 0x00007ffea460c000 	C:\WINDOWS\SYSTEM32\Secur32.dll
0x00007ffe8d2e0000 - 0x00007ffe8d48a000 	C:\Windows\System32\uiautomationcore.dll
0x00007ffeaa6d0000 - 0x00007ffeaac2f000 	C:\Windows\System32\d2d1.dll
0x00007ffea62b0000 - 0x00007ffea6519000 	C:\Windows\System32\DWrite.dll
0x00007ffe9c080000 - 0x00007ffe9c091000 	C:\Users\Neil\.Xilinx\SDK\2016.2\org.eclipse.osgi\129\0\.cp\jWinHttp-1.0.0.dll
0x00007ffea6540000 - 0x00007ffea660d000 	C:\WINDOWS\SYSTEM32\WINHTTP.dll
0x0000000022290000 - 0x00000000222a2000 	C:\Users\Neil\.Xilinx\SDK\2016.2\org.eclipse.osgi\126\0\.cp\os\win32\x86_64\localfile_1_0_0.dll
0x00007ffeaa610000 - 0x00007ffeaa61f000 	C:\Xilinx\SDK\2016.2\lib\win64.o\librdi_repo_manager.dll
0x00007ffe8a7d0000 - 0x00007ffe8a7fa000 	C:\Xilinx\SDK\2016.2\lib\win64.o\libisl_sysinfo.dll
0x00007ffe4a860000 - 0x00007ffe4b2a0000 	C:\Xilinx\SDK\2016.2\lib\win64.o\librdi_common.dll
0x00007ffe7f560000 - 0x00007ffe7f5b4000 	C:\Xilinx\SDK\2016.2\lib\win64.o\librdi_commonxillic.dll
0x00007ffe4dd30000 - 0x00007ffe4df22000 	C:\Xilinx\SDK\2016.2\lib\win64.o\librdi_hsm.dll
0x00007ffea02a0000 - 0x00007ffea0347000 	C:\WINDOWS\SYSTEM32\MSVCP110.dll
0x00007ffea01c0000 - 0x00007ffea0294000 	C:\WINDOWS\SYSTEM32\MSVCR110.dll
0x00007ffe4d560000 - 0x00007ffe4d8ce000 	C:\Xilinx\SDK\2016.2\lib\win64.o\libCOIN-all.dll
0x00007ffe4d340000 - 0x00007ffe4d55f000 	C:\Xilinx\SDK\2016.2\lib\win64.o\libXil_lmgr11.dll
0x00007ffeaf6a0000 - 0x00007ffeaf6f5000 	C:\WINDOWS\System32\WINTRUST.dll
0x00007ffea90e0000 - 0x00007ffea90f0000 	C:\Xilinx\SDK\2016.2\lib\win64.o\libboost_date_time.dll
0x00007ffe7e720000 - 0x00007ffe7e797000 	C:\Xilinx\SDK\2016.2\lib\win64.o\libboost_program_options.dll
0x00007ffe7d090000 - 0x00007ffe7d196000 	C:\Xilinx\SDK\2016.2\lib\win64.o\libboost_regex.dll
0x00007ffe86880000 - 0x00007ffe86893000 	C:\Xilinx\SDK\2016.2\lib\win64.o\libboost_signals.dll
0x00007ffe9bd70000 - 0x00007ffe9bd79000 	C:\Xilinx\SDK\2016.2\lib\win64.o\libboost_system.dll
0x00007ffe86860000 - 0x00007ffe8687d000 	C:\Xilinx\SDK\2016.2\lib\win64.o\libboost_thread.dll
0x00007ffe92d50000 - 0x00007ffe92d5b000 	C:\Xilinx\SDK\2016.2\lib\win64.o\libboost_xilinx.dll
0x00007ffe7d010000 - 0x00007ffe7d090000 	C:\Xilinx\SDK\2016.2\lib\win64.o\libhdlpsolve.dll
0x00007ffe743d0000 - 0x00007ffe7446a000 	C:\Xilinx\SDK\2016.2\lib\win64.o\libhdxml.dll
0x00007ffe7fc00000 - 0x00007ffe7fc15000 	C:\Xilinx\SDK\2016.2\lib\win64.o\pthreadVC2.dll
0x00007ffe70360000 - 0x00007ffe70490000 	C:\Xilinx\SDK\2016.2\lib\win64.o\librdi_curl.dll
0x00007ffe7f540000 - 0x00007ffe7f558000 	C:\Xilinx\SDK\2016.2\lib\win64.o\librdiconfig.dll
0x00007ffe7f510000 - 0x00007ffe7f534000 	C:\Xilinx\SDK\2016.2\lib\win64.o\libboost_filesystem.dll
0x00007ffe7cfe0000 - 0x00007ffe7d003000 	C:\Xilinx\SDK\2016.2\lib\win64.o\librdizlib.dll
0x0000000062780000 - 0x00000000628a7000 	C:\Xilinx\SDK\2016.2\lib\win64.o\tcl85t.dll

VM Arguments:
jvm_args: -Dcom.xilinx.sdk.args.hwspec=C:/Users/Neil/Documents/Neil/EngSci/year_4_winter/ECE532/warmup_demo/warmup/warmup.sdk/design_1_wrapper.hdf -Xms64m -Xmx512m & 
java_command: <unknown>
java_class_path (initial): C:\Xilinx\SDK\2016.2\eclipse\win64.o\\plugins/org.eclipse.equinox.launcher_1.3.100.v20150511-1540.jar
Launcher Type: generic

Environment Variables:
JAVA_HOME=C:\glassfish3\jdk7
PATH=C:/Xilinx/SDK/2016.2/tps/win64/jre/bin/server;C:/Xilinx/SDK/2016.2/tps/win64/jre/bin;C:/Xilinx/SDK/2016.2/tps/win64/jre/lib/amd64;C:\Xilinx\SDK\2016.2\gnuwin\bin;C:\Xilinx\SDK\2016.2\gnu\microblaze\nt\bin;C:\Xilinx\SDK\2016.2\gnu\microblaze\linux_toolchain\nt64_le\bin;C:\Xilinx\SDK\2016.2\gnu\microblaze\linux_toolchain\nt64_be\bin;C:\Xilinx\SDK\2016.2\gnu\arm\nt\bin;C:\Xilinx\SDK\2016.2\gnu\aarch64\nt\aarch64-none\bin;C:\Xilinx\SDK\2016.2\gnu\aarch64\nt\aarch64-linux\bin;C:\Xilinx\SDK\2016.2\gnu\armr5\nt\gcc-arm-none-eabi\bin;C:\Xilinx\SDK\2016.2\gnu\aarch32\nt\gcc-arm-none-eabi\bin;C:\Xilinx\SDK\2016.2\gnu\aarch32\nt\gcc-arm-linux-gnueabi\bin;C:\Xilinx\SDK\2016.2\tps\win64\cmake-3.3.2\bin;;C:\Xilinx\SDK\2016.2\bin;C:\Xilinx\SDK\2016.2\lib\win64.o;C:\Xilinx\SDK\2016.2\tps\win64\jre\bin\server;C:\Xilinx\SDK\2016.2\tps\win64\jre\bin;C:\Xilinx\Vivado\2016.2\ids_lite\ISE\bin\nt64;C:\Xilinx\Vivado\2016.2\ids_lite\ISE\lib\nt64;C:\Xilinx\Vivado\2016.2\bin;C:\Xilinx\Vivado\2016.2\lib\win64.o;C:\Xilinx\Vivado\2016.2\tps\win64\jre\bin\server;C:\Xilinx\Vivado\2016.2\tps\win64\jre\bin;C:\Xilinx\Vivado_HLS\2016.2\bin;C:\WINDOWS\system32;C:\WINDOWS;C:\WINDOWS\System32\Wbem;C:\WINDOWS\System32\WindowsPowerShell\v1.0\;c:\Program Files (x86)\ATI Technologies\ATI.ACE\Core-Static;C:\Program Files (x86)\Windows Live\Shared;C:\Python27;C:\Python27\Scripts;C:\Program Files (x86)\Codeblocks\MinGW\bin;C:\Program Files (x86)\Heroku\bin;C:\Program Files (x86)\git\cmd;C:\Program Files\MiKTeX 2.9\miktex\bin\x64\;C:\apache-ant-1.9.8\bin;C:\glassfish3\jdk7\bin;C:\Program Files (x86)\Java\jre7\bin;C:\RailsInstaller\Git\cmd;C:\RailsInstaller\Ruby2.2.0\bin;C:\Ruby22\bin;C:\Users\Neil\AppData\Local\Microsoft\WindowsApps;c:\Users\Neil\Documents\Neil\EngSci\year_4_winter\ECE532\warmup_demo\warmup;
USERNAME=Neil
OS=Windows_NT
PROCESSOR_IDENTIFIER=AMD64 Family 22 Model 0 Stepping 1, AuthenticAMD



---------------  S Y S T E M  ---------------

OS: Windows 10.0 , 64 bit Build 14393 (10.0.14393.0)

CPU:total 4 (4 cores per cpu, 1 threads per core) family 22 model 0 stepping 1, cmov, cx8, fxsr, mmx, sse, sse2, sse3, ssse3, sse4.1, sse4.2, popcnt, avx, aes, clmul, mmxext, 3dnowpref, lzcnt, sse4a, tsc, tscinvbit, tscinv, bmi1

Memory: 4k page, physical 3621900k(203492k free), swap 9433316k(1584996k free)

vm_info: Java HotSpot(TM) 64-Bit Server VM (25.66-b18) for windows-amd64 JRE (1.8.0_66-b18), built on Nov  9 2015 10:51:13 by "java_re" with MS VC++ 10.0 (VS2010)

time: Wed Feb 01 17:34:42 2017
elapsed time: 4065 seconds (0d 1h 7m 45s)

