#
# A fatal error has been detected by the Java Runtime Environment:
#
#  EXCEPTION_UNCAUGHT_CXX_EXCEPTION (0xe06d7363) at pc=0x00007ffeaf157788, pid=5580, tid=5404
#
# JRE version: Java(TM) SE Runtime Environment (8.0_66-b18) (build 1.8.0_66-b18)
# Java VM: Java HotSpot(TM) 64-Bit Server VM (25.66-b18 mixed mode windows-amd64 compressed oops)
# Problematic frame:
# C  [KERNELBASE.dll+0x17788]
#
# Failed to write core dump. Minidumps are not enabled by default on client versions of Windows
#
# If you would like to submit a bug report, please visit:
#   http://bugreport.java.com/bugreport/crash.jsp
#

---------------  T H R E A D  ---------------

Current thread (0x0000000013b97800):  VMThread [stack: 0x0000000014c30000,0x0000000014d30000] [id=5404]

siginfo: ExceptionCode=0xe06d7363, ExceptionInformation=0x0000000019930520 0x0000000014d2f648 0x00007ffea0272cb8 0x00007ffea01c0000 

Registers:
RAX=0x004c0044002e006c, RBX=0x00007ffea0272cb8, RCX=0x000000000000004c, RDX=0x0000000000000000
RSP=0x0000000014d2f490, RBP=0x0000000014d2f5d0, RSI=0x00000000ffffffff, RDI=0x00000000229b04a0
R8 =0x0000000000000000, R9 =0x0000000000000000, R10=0x0000000000000000, R11=0x0000000000000000
R12=0x0000000000000001, R13=0x0000000000000008, R14=0x0000000000000000, R15=0xffffffffffffffff
RIP=0x00007ffeaf157788, EFLAGS=0x0000000000000202

Top of Stack: (sp=0x0000000014d2f490)
0x0000000014d2f490:   0000000000000000 00007ffea0272cb8
0x0000000014d2f4a0:   00000000ffffffff 00000000229b04a0
0x0000000014d2f4b0:   00000001e06d7363 0000000000000000
0x0000000014d2f4c0:   00007ffeaf157788 0000000000000004
0x0000000014d2f4d0:   0000000019930520 0000000014d2f648
0x0000000014d2f4e0:   00007ffea0272cb8 00007ffea01c0000
0x0000000014d2f4f0:   0000000000000008 0000000000000001
0x0000000014d2f500:   00000000229b04a0 00000000ffffffff
0x0000000014d2f510:   0000000014d2f5d0 00007ffeb21bc26f
0x0000000014d2f520:   0000000014d2f5e0 0000000000000000
0x0000000014d2f530:   0000aaba8bbb1426 0000000000000001
0x0000000014d2f540:   00007ffea0289000 00007ffea01c0000
0x0000000014d2f550:   0000b93196a55fa6 00000000000003ff
0x0000000014d2f560:   00007ffea0272cb8 00007ffea021e92c
0x0000000014d2f570:   000000000000001f 0000000000000008
0x0000000014d2f580:   0000000000000001 00000000229b04a0 

Instructions: (pc=0x00007ffeaf157788)
0x00007ffeaf157768:   49 8b d1 44 0f 47 c0 44 89 44 24 38 49 c1 e0 03
0x00007ffeaf157778:   e8 07 55 06 00 48 8d 4c 24 20 ff 15 e0 08 13 00
0x00007ffeaf157788:   48 8b 8c 24 c0 00 00 00 48 33 cc e8 98 1a 06 00
0x00007ffeaf157798:   48 81 c4 d8 00 00 00 c3 83 64 24 38 00 eb d6 cc 


Register to memory mapping:

RAX=0x004c0044002e006c is an unknown value
RBX=0x00007ffea0272cb8 is an unknown value
RCX=0x000000000000004c is an unknown value
RDX=0x0000000000000000 is an unknown value
RSP=0x0000000014d2f490 is an unknown value
RBP=0x0000000014d2f5d0 is an unknown value
RSI=0x00000000ffffffff is an unallocated location in the heap
RDI=0x00000000229b04a0 is an unknown value
R8 =0x0000000000000000 is an unknown value
R9 =0x0000000000000000 is an unknown value
R10=0x0000000000000000 is an unknown value
R11=0x0000000000000000 is an unknown value
R12=0x0000000000000001 is an unknown value
R13=0x0000000000000008 is an unknown value
R14=0x0000000000000000 is an unknown value
R15=0xffffffffffffffff is an unknown value


Stack: [0x0000000014c30000,0x0000000014d30000],  sp=0x0000000014d2f490,  free space=1021k
Native frames: (J=compiled Java code, j=interpreted, Vv=VM code, C=native code)
C  [KERNELBASE.dll+0x17788]
C  [MSVCR110.dll+0x5e92c]
C  [MSVCR110.dll+0x1315c]
C  [MSVCR110.dll+0x136a9]
C  [MSVCR110.dll+0x13e9c]
C  [MSVCR110.dll+0x239e]
C  [MSVCR110.dll+0xaf9e]
C  [MSVCP110.dll+0x397b9]
C  [librdi_common.dll+0x182316]
C  [librdi_common.dll+0x180fab]
C  0x00007ffe86c02400
C  0x00007ffe86c02682
C  [ntdll.dll+0x2a35f]
C  [ntdll.dll+0x806b]
C  [ntdll.dll+0x7d94]
C  [KERNEL32.DLL+0x1ce6a]
C  [MSVCR100.dll+0x20ccd]
V  [jvm.dll+0x210cc5]
V  [jvm.dll+0x249897]
V  [jvm.dll+0x248b36]
V  [jvm.dll+0x248fd1]
V  [jvm.dll+0x2491ee]
V  [jvm.dll+0x29a0fa]
C  [MSVCR100.dll+0x21d9f]
C  [MSVCR100.dll+0x21e3b]
C  [KERNEL32.DLL+0x8364]
C  [ntdll.dll+0x670d1]

VM_Operation (0x000000000014f4c0): Exit, mode: safepoint, requested by thread 0x00000000027ae000


---------------  P R O C E S S  ---------------

Java Threads: ( => current thread )
  0x000000001b210000 JavaThread "Spawner Reaper" daemon [_thread_in_native, id=5264, stack(0x000000002f8a0000,0x000000002f9a0000)]
  0x0000000019ce3000 JavaThread "pool-2-thread-10" [_thread_blocked, id=10156, stack(0x0000000046aa0000,0x0000000046ba0000)]
  0x0000000019cdf800 JavaThread "pool-2-thread-9" [_thread_blocked, id=14656, stack(0x00000000449a0000,0x0000000044aa0000)]
  0x0000000019ce1000 JavaThread "pool-2-thread-8" [_thread_blocked, id=9192, stack(0x00000000432a0000,0x00000000433a0000)]
  0x0000000019cde000 JavaThread "pool-2-thread-7" [_thread_blocked, id=13404, stack(0x00000000405a0000,0x00000000406a0000)]
  0x000000001b1e6000 JavaThread "pool-2-thread-6" [_thread_blocked, id=15516, stack(0x000000003eda0000,0x000000003eea0000)]
  0x000000001b20f000 JavaThread "pool-2-thread-5" [_thread_blocked, id=15576, stack(0x000000003bfa0000,0x000000003c0a0000)]
  0x000000001b20c000 JavaThread "pool-2-thread-4" [_thread_blocked, id=11540, stack(0x000000003a6a0000,0x000000003a7a0000)]
  0x000000001b204800 JavaThread "pool-2-thread-3" [_thread_blocked, id=3704, stack(0x00000000385a0000,0x00000000386a0000)]
  0x000000001b209000 JavaThread "pool-2-thread-2" [_thread_blocked, id=2352, stack(0x0000000034ea0000,0x0000000034fa0000)]
  0x000000001b207800 JavaThread "pool-2-thread-1" [_thread_blocked, id=6968, stack(0x0000000033da0000,0x0000000033ea0000)]
  0x000000001b207000 JavaThread "Thread-96" daemon [_thread_blocked, id=9388, stack(0x0000000033ca0000,0x0000000033da0000)]
  0x000000001b1dd000 JavaThread "TCF Channel Transmitter" daemon [_thread_blocked, id=7972, stack(0x00000000285c0000,0x00000000286c0000)]
  0x000000001b1e3800 JavaThread "TCF Channel Receiver" daemon [_thread_in_native, id=10544, stack(0x00000000284c0000,0x00000000285c0000)]
  0x000000001b1e5000 JavaThread "Process monitor" daemon [_thread_in_native, id=4804, stack(0x00000000270f0000,0x00000000271f0000)]
  0x000000001b1eb000 JavaThread "Input Stream Monitor" daemon [_thread_blocked, id=5384, stack(0x0000000026e70000,0x0000000026f70000)]
  0x000000001b1e9000 JavaThread "Output Stream Monitor" daemon [_thread_in_native, id=9236, stack(0x0000000026d70000,0x0000000026e70000)]
  0x000000001b1e4800 JavaThread "Output Stream Monitor" daemon [_thread_in_native, id=384, stack(0x0000000026c70000,0x0000000026d70000)]
  0x0000000015788000 JavaThread "TCF Locator DNS Lookup" daemon [_thread_blocked, id=5064, stack(0x0000000020150000,0x0000000020250000)]
  0x000000001578e800 JavaThread "TCF Locator Timer" daemon [_thread_blocked, id=10172, stack(0x0000000020050000,0x0000000020150000)]
  0x000000001578d000 JavaThread "TCF Locator Receiver" daemon [_thread_in_native, id=11484, stack(0x000000001ff50000,0x0000000020050000)]
  0x000000001578b000 JavaThread "TCF Timer Dispatcher" daemon [_thread_blocked, id=12556, stack(0x000000001fbf0000,0x000000001fcf0000)]
  0x000000001673f800 JavaThread "EMF Reference Cleaner" daemon [_thread_blocked, id=1320, stack(0x0000000018590000,0x0000000018690000)]
  0x0000000013c2e000 JavaThread "Service Thread" daemon [_thread_blocked, id=9096, stack(0x0000000015920000,0x0000000015a20000)]
  0x0000000015428800 JavaThread "C1 CompilerThread2" daemon [_thread_blocked, id=5724, stack(0x0000000015820000,0x0000000015920000)]
  0x0000000013c14000 JavaThread "C2 CompilerThread1" daemon [_thread_blocked, id=12340, stack(0x0000000015320000,0x0000000015420000)]
  0x0000000013bdc800 JavaThread "C2 CompilerThread0" daemon [_thread_blocked, id=4768, stack(0x0000000015220000,0x0000000015320000)]
  0x0000000013bd9800 JavaThread "Attach Listener" daemon [_thread_blocked, id=11320, stack(0x0000000015120000,0x0000000015220000)]
  0x0000000013bd8000 JavaThread "Signal Dispatcher" daemon [_thread_blocked, id=11820, stack(0x0000000015020000,0x0000000015120000)]
  0x0000000002708000 JavaThread "Finalizer" daemon [_thread_blocked, id=9904, stack(0x0000000014e30000,0x0000000014f30000)]
  0x00000000026ff000 JavaThread "Reference Handler" daemon [_thread_blocked, id=8572, stack(0x0000000014d30000,0x0000000014e30000)]
  0x00000000027ae000 JavaThread "main" [_thread_blocked, id=12148, stack(0x0000000000050000,0x0000000000150000)]

Other Threads:
=>0x0000000013b97800 VMThread [stack: 0x0000000014c30000,0x0000000014d30000] [id=5404]

VM state:at safepoint (shutting down)

VM Mutex/Monitor currently owned by a thread:  ([mutex/lock_event])
[0x00000000027ad0f0] Threads_lock - owner thread: 0x0000000013b97800

Heap:
 PSYoungGen      total 40448K, used 36990K [0x00000000f5580000, 0x00000000f8380000, 0x0000000100000000)
  eden space 34816K, 96% used [0x00000000f5580000,0x00000000f7661050,0x00000000f7780000)
  from space 5632K, 58% used [0x00000000f7e00000,0x00000000f813e9a0,0x00000000f8380000)
  to   space 6144K, 0% used [0x00000000f7780000,0x00000000f7780000,0x00000000f7d80000)
 ParOldGen       total 97280K, used 62253K [0x00000000e0000000, 0x00000000e5f00000, 0x00000000f5580000)
  object space 97280K, 63% used [0x00000000e0000000,0x00000000e3ccb6d8,0x00000000e5f00000)
 Metaspace       used 100259K, capacity 108144K, committed 108288K, reserved 1142784K
  class space    used 11636K, capacity 14068K, committed 14080K, reserved 1048576K

Card table byte_map: [0x0000000011b70000,0x0000000011c80000] byte_map_base: 0x0000000011470000

Marking Bits: (ParMarkBitMap*) 0x0000000061a3a5b0
 Begin Bits: [0x0000000012130000, 0x0000000012930000)
 End Bits:   [0x0000000012930000, 0x0000000013130000)

Polling page: 0x00000000004a0000

CodeCache: size=245760Kb used=68743Kb max_used=68743Kb free=177016Kb
 bounds [0x00000000027b0000, 0x0000000006b60000, 0x00000000117b0000]
 total_blobs=18075 nmethods=17156 adapters=823
 compilation: enabled

Compilation events (10 events):
Event: 24950.896 Thread 0x0000000015428800 22376       3       org.eclipse.osgi.internal.framework.EquinoxContainerAdaptor::invalidateWiring (186 bytes)
Event: 24950.954 Thread 0x0000000015428800 nmethod 22376 0x0000000006b48d50 code [0x0000000006b49120, 0x0000000006b4ba98]
Event: 24950.954 Thread 0x0000000015428800 22377   !   3       org.eclipse.osgi.container.ModuleDatabase::getRevisionsTimestamp (25 bytes)
Event: 24950.956 Thread 0x0000000015428800 nmethod 22377 0x0000000006b4d210 code [0x0000000006b4d420, 0x0000000006b4e158]
Event: 24950.956 Thread 0x0000000015428800 22378       3       org.eclipse.osgi.internal.framework.EquinoxContainerAdaptor::clearManifestCache (84 bytes)
Event: 24950.960 Thread 0x0000000015428800 nmethod 22378 0x0000000006b4e810 code [0x0000000006b4ea60, 0x0000000006b50178]
Event: 24950.960 Thread 0x0000000015428800 22379   !   3       org.eclipse.osgi.storage.BundleInfo$Generation::clearManifestCache (30 bytes)
Event: 24950.961 Thread 0x0000000015428800 nmethod 22379 0x0000000006b50ad0 code [0x0000000006b50c60, 0x0000000006b512a8]
Event: 24950.961 Thread 0x0000000015428800 22375       3       sun.misc.Unsafe::getAndSetObject (24 bytes)
Event: 24950.961 Thread 0x0000000015428800 nmethod 22375 0x00000000033deb10 code [0x00000000033dec80, 0x00000000033dee90]

GC Heap History (10 events):
Event: 23767.082 GC heap before
{Heap before GC invocations=129 (full 31):
 PSYoungGen      total 39936K, used 39488K [0x00000000f5580000, 0x00000000f8800000, 0x0000000100000000)
  eden space 37376K, 100% used [0x00000000f5580000,0x00000000f7a00000,0x00000000f7a00000)
  from space 2560K, 82% used [0x00000000f7a80000,0x00000000f7c90010,0x00000000f7d00000)
  to   space 7168K, 0% used [0x00000000f8100000,0x00000000f8100000,0x00000000f8800000)
 ParOldGen       total 97280K, used 62085K [0x00000000e0000000, 0x00000000e5f00000, 0x00000000f5580000)
  object space 97280K, 63% used [0x00000000e0000000,0x00000000e3ca16d8,0x00000000e5f00000)
 Metaspace       used 99317K, capacity 107248K, committed 107392K, reserved 1142784K
  class space    used 11537K, capacity 13904K, committed 13952K, reserved 1048576K
Event: 23767.097 GC heap after
Heap after GC invocations=129 (full 31):
 PSYoungGen      total 43520K, used 2819K [0x00000000f5580000, 0x00000000f8780000, 0x0000000100000000)
  eden space 36864K, 0% used [0x00000000f5580000,0x00000000f5580000,0x00000000f7980000)
  from space 6656K, 42% used [0x00000000f8100000,0x00000000f83c0e50,0x00000000f8780000)
  to   space 7168K, 0% used [0x00000000f7980000,0x00000000f7980000,0x00000000f8080000)
 ParOldGen       total 97280K, used 62117K [0x00000000e0000000, 0x00000000e5f00000, 0x00000000f5580000)
  object space 97280K, 63% used [0x00000000e0000000,0x00000000e3ca96d8,0x00000000e5f00000)
 Metaspace       used 99317K, capacity 107248K, committed 107392K, reserved 1142784K
  class space    used 11537K, capacity 13904K, committed 13952K, reserved 1048576K
}
Event: 23812.959 GC heap before
{Heap before GC invocations=130 (full 31):
 PSYoungGen      total 43520K, used 39683K [0x00000000f5580000, 0x00000000f8780000, 0x0000000100000000)
  eden space 36864K, 100% used [0x00000000f5580000,0x00000000f7980000,0x00000000f7980000)
  from space 6656K, 42% used [0x00000000f8100000,0x00000000f83c0e50,0x00000000f8780000)
  to   space 7168K, 0% used [0x00000000f7980000,0x00000000f7980000,0x00000000f8080000)
 ParOldGen       total 97280K, used 62117K [0x00000000e0000000, 0x00000000e5f00000, 0x00000000f5580000)
  object space 97280K, 63% used [0x00000000e0000000,0x00000000e3ca96d8,0x00000000e5f00000)
 Metaspace       used 99353K, capacity 107248K, committed 107392K, reserved 1142784K
  class space    used 11537K, capacity 13904K, committed 13952K, reserved 1048576K
Event: 23812.969 GC heap after
Heap after GC invocations=130 (full 31):
 PSYoungGen      total 38912K, used 2327K [0x00000000f5580000, 0x00000000f8600000, 0x0000000100000000)
  eden space 36352K, 0% used [0x00000000f5580000,0x00000000f5580000,0x00000000f7900000)
  from space 2560K, 90% used [0x00000000f7980000,0x00000000f7bc5c80,0x00000000f7c00000)
  to   space 6656K, 0% used [0x00000000f7f80000,0x00000000f7f80000,0x00000000f8600000)
 ParOldGen       total 97280K, used 62157K [0x00000000e0000000, 0x00000000e5f00000, 0x00000000f5580000)
  object space 97280K, 63% used [0x00000000e0000000,0x00000000e3cb36d8,0x00000000e5f00000)
 Metaspace       used 99353K, capacity 107248K, committed 107392K, reserved 1142784K
  class space    used 11537K, capacity 13904K, committed 13952K, reserved 1048576K
}
Event: 23817.423 GC heap before
{Heap before GC invocations=131 (full 31):
 PSYoungGen      total 38912K, used 38679K [0x00000000f5580000, 0x00000000f8600000, 0x0000000100000000)
  eden space 36352K, 100% used [0x00000000f5580000,0x00000000f7900000,0x00000000f7900000)
  from space 2560K, 90% used [0x00000000f7980000,0x00000000f7bc5c80,0x00000000f7c00000)
  to   space 6656K, 0% used [0x00000000f7f80000,0x00000000f7f80000,0x00000000f8600000)
 ParOldGen       total 97280K, used 62157K [0x00000000e0000000, 0x00000000e5f00000, 0x00000000f5580000)
  object space 97280K, 63% used [0x00000000e0000000,0x00000000e3cb36d8,0x00000000e5f00000)
 Metaspace       used 99399K, capacity 107248K, committed 107392K, reserved 1142784K
  class space    used 11537K, capacity 13904K, committed 13952K, reserved 1048576K
Event: 23817.437 GC heap after
Heap after GC invocations=131 (full 31):
 PSYoungGen      total 41984K, used 2631K [0x00000000f5580000, 0x00000000f8580000, 0x0000000100000000)
  eden space 35840K, 0% used [0x00000000f5580000,0x00000000f5580000,0x00000000f7880000)
  from space 6144K, 42% used [0x00000000f7f80000,0x00000000f8211c70,0x00000000f8580000)
  to   space 6656K, 0% used [0x00000000f7880000,0x00000000f7880000,0x00000000f7f00000)
 ParOldGen       total 97280K, used 62189K [0x00000000e0000000, 0x00000000e5f00000, 0x00000000f5580000)
  object space 97280K, 63% used [0x00000000e0000000,0x00000000e3cbb6d8,0x00000000e5f00000)
 Metaspace       used 99399K, capacity 107248K, committed 107392K, reserved 1142784K
  class space    used 11537K, capacity 13904K, committed 13952K, reserved 1048576K
}
Event: 24318.933 GC heap before
{Heap before GC invocations=132 (full 31):
 PSYoungGen      total 41984K, used 38471K [0x00000000f5580000, 0x00000000f8580000, 0x0000000100000000)
  eden space 35840K, 100% used [0x00000000f5580000,0x00000000f7880000,0x00000000f7880000)
  from space 6144K, 42% used [0x00000000f7f80000,0x00000000f8211c70,0x00000000f8580000)
  to   space 6656K, 0% used [0x00000000f7880000,0x00000000f7880000,0x00000000f7f00000)
 ParOldGen       total 97280K, used 62189K [0x00000000e0000000, 0x00000000e5f00000, 0x00000000f5580000)
  object space 97280K, 63% used [0x00000000e0000000,0x00000000e3cbb6d8,0x00000000e5f00000)
 Metaspace       used 99408K, capacity 107248K, committed 107392K, reserved 1142784K
  class space    used 11537K, capacity 13904K, committed 13952K, reserved 1048576K
Event: 24319.037 GC heap after
Heap after GC invocations=132 (full 31):
 PSYoungGen      total 38400K, used 3063K [0x00000000f5580000, 0x00000000f8400000, 0x0000000100000000)
  eden space 35328K, 0% used [0x00000000f5580000,0x00000000f5580000,0x00000000f7800000)
  from space 3072K, 99% used [0x00000000f7880000,0x00000000f7b7dc80,0x00000000f7b80000)
  to   space 6144K, 0% used [0x00000000f7e00000,0x00000000f7e00000,0x00000000f8400000)
 ParOldGen       total 97280K, used 62221K [0x00000000e0000000, 0x00000000e5f00000, 0x00000000f5580000)
  object space 97280K, 63% used [0x00000000e0000000,0x00000000e3cc36d8,0x00000000e5f00000)
 Metaspace       used 99408K, capacity 107248K, committed 107392K, reserved 1142784K
  class space    used 11537K, capacity 13904K, committed 13952K, reserved 1048576K
}
Event: 24939.021 GC heap before
{Heap before GC invocations=133 (full 31):
 PSYoungGen      total 38400K, used 38391K [0x00000000f5580000, 0x00000000f8400000, 0x0000000100000000)
  eden space 35328K, 100% used [0x00000000f5580000,0x00000000f7800000,0x00000000f7800000)
  from space 3072K, 99% used [0x00000000f7880000,0x00000000f7b7dc80,0x00000000f7b80000)
  to   space 6144K, 0% used [0x00000000f7e00000,0x00000000f7e00000,0x00000000f8400000)
 ParOldGen       total 97280K, used 62221K [0x00000000e0000000, 0x00000000e5f00000, 0x00000000f5580000)
  object space 97280K, 63% used [0x00000000e0000000,0x00000000e3cc36d8,0x00000000e5f00000)
 Metaspace       used 99596K, capacity 107426K, committed 107648K, reserved 1142784K
  class space    used 11559K, capacity 13939K, committed 13952K, reserved 1048576K
Event: 24939.119 GC heap after
Heap after GC invocations=133 (full 31):
 PSYoungGen      total 40448K, used 3322K [0x00000000f5580000, 0x00000000f8380000, 0x0000000100000000)
  eden space 34816K, 0% used [0x00000000f5580000,0x00000000f5580000,0x00000000f7780000)
  from space 5632K, 58% used [0x00000000f7e00000,0x00000000f813e9a0,0x00000000f8380000)
  to   space 6144K, 0% used [0x00000000f7780000,0x00000000f7780000,0x00000000f7d80000)
 ParOldGen       total 97280K, used 62253K [0x00000000e0000000, 0x00000000e5f00000, 0x00000000f5580000)
  object space 97280K, 63% used [0x00000000e0000000,0x00000000e3ccb6d8,0x00000000e5f00000)
 Metaspace       used 99596K, capacity 107426K, committed 107648K, reserved 1142784K
  class space    used 11559K, capacity 13939K, committed 13952K, reserved 1048576K
}

Deoptimization events (10 events):
Event: 24949.374 Thread 0x0000000016c75800 Uncommon trap: reason=unstable_if action=reinterpret pc=0x0000000003745d18 method=org.eclipse.osgi.internal.framework.BundleContextImpl.dispatchEvent(Ljava/lang/Object;Ljava/lang/Object;ILjava/lang/Object;)V @ 16
Event: 24949.772 Thread 0x000000001b20a000 Uncommon trap: reason=bimorphic action=maybe_recompile pc=0x0000000005f4eb78 method=java.util.concurrent.CopyOnWriteArrayList.indexOf(Ljava/lang/Object;[Ljava/lang/Object;II)I @ 46
Event: 24949.773 Thread 0x000000001b20a000 Uncommon trap: reason=bimorphic action=maybe_recompile pc=0x0000000005f4eb78 method=java.util.concurrent.CopyOnWriteArrayList.indexOf(Ljava/lang/Object;[Ljava/lang/Object;II)I @ 46
Event: 24949.773 Thread 0x000000001b20a000 Uncommon trap: reason=bimorphic action=maybe_recompile pc=0x0000000005f4eb78 method=java.util.concurrent.CopyOnWriteArrayList.indexOf(Ljava/lang/Object;[Ljava/lang/Object;II)I @ 46
Event: 24950.046 Thread 0x000000001b20a000 Uncommon trap: reason=unstable_if action=reinterpret pc=0x0000000003c2f460 method=java.lang.Class.getDeclaredMethod(Ljava/lang/String;[Ljava/lang/Class;)Ljava/lang/reflect/Method; @ 21
Event: 24950.431 Thread 0x000000001b1e7800 Uncommon trap: reason=unstable_if action=reinterpret pc=0x00000000059b67fc method=org.eclipse.core.internal.jobs.WorkerPool.startJob(Lorg/eclipse/core/internal/jobs/Worker;)Lorg/eclipse/core/internal/jobs/InternalJob; @ 177
Event: 24950.435 Thread 0x0000000019cdc800 Uncommon trap: reason=unstable_if action=reinterpret pc=0x00000000059b67fc method=org.eclipse.core.internal.jobs.WorkerPool.startJob(Lorg/eclipse/core/internal/jobs/Worker;)Lorg/eclipse/core/internal/jobs/InternalJob; @ 177
Event: 24950.581 Thread 0x000000001b20a000 Uncommon trap: reason=unstable_if action=reinterpret pc=0x0000000003af8218 method=sun.reflect.UnsafeStaticObjectFieldAccessorImpl.set(Ljava/lang/Object;Ljava/lang/Object;)V @ 13
Event: 24950.624 Thread 0x0000000016c75800 Uncommon trap: reason=unstable_if action=reinterpret pc=0x0000000006b335a0 method=org.eclipse.osgi.framework.eventmgr.EventManager$EventThread.getNextEvent()Lorg/eclipse/osgi/framework/eventmgr/EventManager$EventThread$Queued; @ 15
Event: 24950.839 Thread 0x000000001578a000 Uncommon trap: reason=unstable_if action=reinterpret pc=0x0000000006b335a0 method=org.eclipse.osgi.framework.eventmgr.EventManager$EventThread.getNextEvent()Lorg/eclipse/osgi/framework/eventmgr/EventManager$EventThread$Queued; @ 15

Internal exceptions (10 events):
Event: 24946.732 Thread 0x000000001b201000 Exception <a 'java/lang/InterruptedException'> (0x00000000f712ad00) thrown at [C:\re\workspace\8-2-build-windows-amd64-cygwin\jdk8u66\5298\hotspot\src\share\vm\runtime\objectMonitor.cpp, line 1683]
Event: 24946.775 Thread 0x000000001b1e1800 Implicit null exception at 0x00000000059b4c41 to 0x00000000059b8a21
Event: 24948.999 Thread 0x0000000019ce2800 Implicit null exception at 0x00000000059b4c41 to 0x00000000059b8a21
Event: 24949.133 Thread 0x0000000019ce2800 Implicit null exception at 0x0000000005861c39 to 0x0000000005862089
Event: 24950.428 Thread 0x000000001b1dd800 Exception <a 'java/lang/InterruptedException'> (0x00000000f6cc8b48) thrown at [C:\re\workspace\8-2-build-windows-amd64-cygwin\jdk8u66\5298\hotspot\src\share\vm\runtime\objectMonitor.cpp, line 1683]
Event: 24950.581 Thread 0x000000001b20a000 Implicit null exception at 0x0000000003af7e13 to 0x0000000003af8205
Event: 24950.624 Thread 0x0000000016c75800 Exception <a 'java/lang/InterruptedException'> (0x00000000f74b7e80) thrown at [C:\re\workspace\8-2-build-windows-amd64-cygwin\jdk8u66\5298\hotspot\src\share\vm\runtime\objectMonitor.cpp, line 1683]
Event: 24950.839 Thread 0x000000001578a000 Exception <a 'java/lang/InterruptedException'> (0x00000000f679d538) thrown at [C:\re\workspace\8-2-build-windows-amd64-cygwin\jdk8u66\5298\hotspot\src\share\vm\runtime\objectMonitor.cpp, line 1683]
Event: 24950.891 Thread 0x00000000168ea000 Exception <a 'java/lang/InterruptedException'> (0x00000000f7634368) thrown at [C:\re\workspace\8-2-build-windows-amd64-cygwin\jdk8u66\5298\hotspot\src\share\vm\runtime\objectMonitor.cpp, line 1683]
Event: 24951.047 Thread 0x000000001b201000 Exception <a 'java/io/IOException'> (0x00000000f7657f00) thrown at [C:\re\workspace\8-2-build-windows-amd64-cygwin\jdk8u66\5298\hotspot\src\share\vm\prims\jni.cpp, line 709]

Events (10 events):
Event: 24951.045 Executing VM operation: RevokeBias
Event: 24951.046 Executing VM operation: RevokeBias done
Event: 24951.046 Executing VM operation: RevokeBias
Event: 24951.046 Executing VM operation: RevokeBias done
Event: 24951.046 Executing VM operation: RevokeBias
Event: 24951.046 Executing VM operation: RevokeBias done
Event: 24951.046 Executing VM operation: RevokeBias
Event: 24951.047 Executing VM operation: RevokeBias done
Event: 24951.047 Thread 0x000000001b201000 Thread exited: 0x000000001b201000
Event: 24951.075 Executing VM operation: Exit


Dynamic libraries:
0x0000000000400000 - 0x000000000044f000 	C:\Xilinx\SDK\2016.2\eclipse\win64.o\eclipse.exe
0x00007ffeb2170000 - 0x00007ffeb2341000 	C:\WINDOWS\SYSTEM32\ntdll.dll
0x00007ffeaf710000 - 0x00007ffeaf7bb000 	C:\WINDOWS\System32\KERNEL32.DLL
0x00007ffeaf140000 - 0x00007ffeaf35d000 	C:\WINDOWS\System32\KERNELBASE.dll
0x00007ffeb0510000 - 0x00007ffeb0675000 	C:\WINDOWS\System32\USER32.dll
0x00007ffeaf400000 - 0x00007ffeaf41e000 	C:\WINDOWS\System32\win32u.dll
0x00007ffeb04d0000 - 0x00007ffeb0504000 	C:\WINDOWS\System32\GDI32.dll
0x00007ffeae6d0000 - 0x00007ffeae852000 	C:\WINDOWS\System32\gdi32full.dll
0x00007ffeaf7e0000 - 0x00007ffeaf87e000 	C:\WINDOWS\System32\msvcrt.dll
0x00007ffea9110000 - 0x00007ffea938a000 	C:\WINDOWS\WinSxS\amd64_microsoft.windows.common-controls_6595b64144ccf1df_6.0.14393.726_none_42181c01c683592f\COMCTL32.dll
0x00007ffeaf880000 - 0x00007ffeafb48000 	C:\WINDOWS\System32\combase.dll
0x00007ffeae860000 - 0x00007ffeae955000 	C:\WINDOWS\System32\ucrtbase.dll
0x00007ffeb0720000 - 0x00007ffeb0841000 	C:\WINDOWS\System32\RPCRT4.dll
0x00007ffeae660000 - 0x00007ffeae6ca000 	C:\WINDOWS\System32\bcryptPrimitives.dll
0x00007ffeb06f0000 - 0x00007ffeb071e000 	C:\WINDOWS\System32\IMM32.DLL
0x0000000072000000 - 0x0000000072012000 	C:\Xilinx\SDK\2016.2\eclipse\win64.o\plugins\org.eclipse.equinox.launcher.win32.win32.x86_64_1.1.300.v20150602-1417\eclipse_1611.dll
0x00007ffeafb50000 - 0x00007ffeafbf2000 	C:\WINDOWS\System32\ADVAPI32.dll
0x00007ffeb0950000 - 0x00007ffeb09a9000 	C:\WINDOWS\System32\sechost.dll
0x00007ffeab300000 - 0x00007ffeab30a000 	C:\WINDOWS\SYSTEM32\VERSION.dll
0x00007ffeacd20000 - 0x00007ffeacdb5000 	C:\WINDOWS\system32\uxtheme.dll
0x00007ffeb0b00000 - 0x00007ffeb0c5a000 	C:\WINDOWS\System32\MSCTF.dll
0x00007ffeb0a40000 - 0x00007ffeb0aff000 	C:\WINDOWS\System32\OLEAUT32.dll
0x00007ffeaf360000 - 0x00007ffeaf3fc000 	C:\WINDOWS\System32\msvcp_win.dll
0x0000000061230000 - 0x0000000061ab9000 	C:\Xilinx\SDK\2016.2\tps\win64\jre\bin\server\jvm.dll
0x00007ffeb09b0000 - 0x00007ffeb09b8000 	C:\WINDOWS\System32\PSAPI.DLL
0x00007ffe9f050000 - 0x00007ffe9f059000 	C:\WINDOWS\SYSTEM32\WSOCK32.dll
0x00007ffeaca90000 - 0x00007ffeacab3000 	C:\WINDOWS\SYSTEM32\WINMM.dll
0x0000000061d90000 - 0x0000000061e62000 	C:\WINDOWS\SYSTEM32\MSVCR100.dll
0x00007ffeb0680000 - 0x00007ffeb06ea000 	C:\WINDOWS\System32\WS2_32.dll
0x00007ffeaca30000 - 0x00007ffeaca5b000 	C:\WINDOWS\SYSTEM32\WINMMBASE.dll
0x00007ffeaf0f0000 - 0x00007ffeaf132000 	C:\WINDOWS\System32\cfgmgr32.dll
0x00000000610f0000 - 0x00000000610ff000 	C:\Xilinx\SDK\2016.2\tps\win64\jre\bin\verify.dll
0x00000000610c0000 - 0x00000000610e9000 	C:\Xilinx\SDK\2016.2\tps\win64\jre\bin\java.dll
0x00000000610a0000 - 0x00000000610b6000 	C:\Xilinx\SDK\2016.2\tps\win64\jre\bin\zip.dll
0x00007ffeb0c60000 - 0x00007ffeb2169000 	C:\WINDOWS\System32\SHELL32.dll
0x00007ffeae960000 - 0x00007ffeaf03a000 	C:\WINDOWS\System32\windows.storage.dll
0x00007ffeae610000 - 0x00007ffeae65c000 	C:\WINDOWS\System32\powrprof.dll
0x00007ffeb0470000 - 0x00007ffeb04c2000 	C:\WINDOWS\System32\shlwapi.dll
0x00007ffeae5e0000 - 0x00007ffeae5ef000 	C:\WINDOWS\System32\kernel.appcore.dll
0x00007ffeaf040000 - 0x00007ffeaf0e9000 	C:\WINDOWS\System32\shcore.dll
0x00007ffeae5f0000 - 0x00007ffeae604000 	C:\WINDOWS\System32\profapi.dll
0x00007ffeae0a0000 - 0x00007ffeae0b7000 	C:\WINDOWS\SYSTEM32\CRYPTSP.dll
0x00007ffeadb10000 - 0x00007ffeadb43000 	C:\WINDOWS\system32\rsaenh.dll
0x00007ffeae2a0000 - 0x00007ffeae2cb000 	C:\WINDOWS\SYSTEM32\bcrypt.dll
0x00007ffeadd80000 - 0x00007ffeadd9f000 	C:\WINDOWS\SYSTEM32\USERENV.dll
0x00007ffeae0c0000 - 0x00007ffeae0cb000 	C:\WINDOWS\SYSTEM32\CRYPTBASE.dll
0x0000000061080000 - 0x000000006109a000 	C:\Xilinx\SDK\2016.2\tps\win64\jre\bin\net.dll
0x00007ffeadf00000 - 0x00007ffeadf5c000 	C:\WINDOWS\system32\mswsock.dll
0x00007ffeadc90000 - 0x00007ffeadcc8000 	C:\WINDOWS\SYSTEM32\IPHLPAPI.DLL
0x00007ffeaf700000 - 0x00007ffeaf708000 	C:\WINDOWS\System32\NSI.dll
0x00007ffea93b0000 - 0x00007ffea93c6000 	C:\WINDOWS\SYSTEM32\dhcpcsvc6.DLL
0x00007ffea9390000 - 0x00007ffea93aa000 	C:\WINDOWS\SYSTEM32\dhcpcsvc.DLL
0x0000000061060000 - 0x0000000061071000 	C:\Xilinx\SDK\2016.2\tps\win64\jre\bin\nio.dll
0x00007ffe9ca80000 - 0x00007ffe9ca96000 	C:\WINDOWS\system32\napinsp.dll
0x00007ffe9ca60000 - 0x00007ffe9ca7a000 	C:\WINDOWS\system32\pnrpnsp.dll
0x00007ffeabce0000 - 0x00007ffeabcf8000 	C:\WINDOWS\system32\NLAapi.dll
0x00007ffeadcd0000 - 0x00007ffeadd70000 	C:\WINDOWS\SYSTEM32\DNSAPI.dll
0x00007ffe9caa0000 - 0x00007ffe9caae000 	C:\WINDOWS\System32\winrnr.dll
0x00000000633f0000 - 0x0000000063416000 	C:\Program Files\Bonjour\mdnsNSP.dll
0x00007ffea6080000 - 0x00007ffea608a000 	C:\Windows\System32\rasadhlp.dll
0x00007ffea83b0000 - 0x00007ffea841a000 	C:\WINDOWS\System32\fwpuclnt.dll
0x0000000018290000 - 0x0000000018338000 	C:\Users\Neil\.Xilinx\SDK\2016.2\org.eclipse.osgi\312\0\.cp\swt-win32-4527.dll
0x00007ffeb0130000 - 0x00007ffeb0267000 	C:\WINDOWS\System32\ole32.dll
0x00007ffeb0030000 - 0x00007ffeb012a000 	C:\WINDOWS\System32\comdlg32.dll
0x00007ffeaf4d0000 - 0x00007ffeaf699000 	C:\WINDOWS\System32\CRYPT32.dll
0x00007ffea5770000 - 0x00007ffea57f6000 	C:\WINDOWS\SYSTEM32\WINSPOOL.DRV
0x00007ffeac6f0000 - 0x00007ffeac709000 	C:\WINDOWS\SYSTEM32\USP10.dll
0x00007ffeae5d0000 - 0x00007ffeae5e0000 	C:\WINDOWS\System32\MSASN1.dll
0x00007ffea1a20000 - 0x00007ffea1cb3000 	C:\WINDOWS\SYSTEM32\WININET.dll
0x00007ffeac970000 - 0x00007ffeac996000 	C:\WINDOWS\system32\dwmapi.dll
0x00007ffeac7e0000 - 0x00007ffeac965000 	C:\WINDOWS\SYSTEM32\propsys.dll
0x00007ffeb0850000 - 0x00007ffeb08ef000 	C:\WINDOWS\System32\clbcatq.dll
0x00000000177f0000 - 0x000000001780e000 	C:\Users\Neil\.Xilinx\SDK\2016.2\org.eclipse.osgi\312\0\.cp\swt-gdip-win32-4527.dll
0x00007ffea55d0000 - 0x00007ffea576a000 	C:\WINDOWS\WinSxS\amd64_microsoft.windows.gdiplus_6595b64144ccf1df_1.1.14393.321_none_72fe05dd211a5fae\gdiplus.dll
0x00007ffeabe90000 - 0x00007ffeac038000 	C:\WINDOWS\SYSTEM32\WindowsCodecs.dll
0x00007ffea4080000 - 0x00007ffea40e5000 	C:\WINDOWS\SYSTEM32\oleacc.dll
0x00007ffe9ea40000 - 0x00007ffe9ea7f000 	C:\WINDOWS\system32\mlang.dll
0x00007ffe909a0000 - 0x00007ffe909e9000 	C:\WINDOWS\system32\dataexchange.dll
0x00007ffeab900000 - 0x00007ffeabbb6000 	C:\WINDOWS\system32\d3d11.dll
0x00007ffeac120000 - 0x00007ffeac271000 	C:\WINDOWS\system32\dcomp.dll
0x00007ffead560000 - 0x00007ffead5ff000 	C:\WINDOWS\system32\dxgi.dll
0x00007ffead0c0000 - 0x00007ffead1dc000 	C:\WINDOWS\system32\twinapi.appcore.dll
0x00007ffe8dda0000 - 0x00007ffe8ea28000 	C:\Windows\System32\ieframe.dll
0x00007ffea67f0000 - 0x00007ffea6a93000 	C:\Windows\System32\iertutil.dll
0x00007ffea1880000 - 0x00007ffea1898000 	C:\Windows\System32\NETAPI32.dll
0x00007ffeadd70000 - 0x00007ffeadd7d000 	C:\Windows\System32\NETUTILS.DLL
0x00007ffea96f0000 - 0x00007ffea9706000 	C:\Windows\System32\WKSCLI.DLL
0x00007ffeb09d0000 - 0x00007ffeb0a3e000 	C:\WINDOWS\System32\coml2.dll
0x00007ffea1cc0000 - 0x00007ffea1e82000 	C:\WINDOWS\SYSTEM32\urlmon.dll
0x00007ffeae4a0000 - 0x00007ffeae538000 	C:\WINDOWS\SYSTEM32\sxs.dll
0x00007ffe4b2a0000 - 0x00007ffe4c94b000 	C:\Windows\System32\mshtml.dll
0x00007ffeae2d0000 - 0x00007ffeae2fc000 	C:\WINDOWS\SYSTEM32\SspiCli.dll
0x00007ffe877d0000 - 0x00007ffe877f6000 	C:\Windows\System32\srpapi.dll
0x00007ffe86c90000 - 0x00007ffe86e27000 	C:\Windows\System32\ieapfltr.dll
0x00007ffe4e160000 - 0x00007ffe4e5f1000 	C:\Windows\System32\jscript9.dll
0x00007ffe86e30000 - 0x00007ffe86e40000 	C:\WINDOWS\system32\msimtf.dll
0x00007ffea4600000 - 0x00007ffea460c000 	C:\WINDOWS\SYSTEM32\Secur32.dll
0x00007ffe8d2e0000 - 0x00007ffe8d48a000 	C:\Windows\System32\uiautomationcore.dll
0x00007ffeaa6d0000 - 0x00007ffeaac2f000 	C:\Windows\System32\d2d1.dll
0x00007ffea62b0000 - 0x00007ffea6519000 	C:\Windows\System32\DWrite.dll
0x00007ffe9c080000 - 0x00007ffe9c091000 	C:\Users\Neil\.Xilinx\SDK\2016.2\org.eclipse.osgi\129\0\.cp\jWinHttp-1.0.0.dll
0x00007ffea6540000 - 0x00007ffea660d000 	C:\WINDOWS\SYSTEM32\WINHTTP.dll
0x0000000025e20000 - 0x0000000025e32000 	C:\Users\Neil\.Xilinx\SDK\2016.2\org.eclipse.osgi\126\0\.cp\os\win32\x86_64\localfile_1_0_0.dll
0x00007ffeaa610000 - 0x00007ffeaa61f000 	C:\Xilinx\SDK\2016.2\lib\win64.o\librdi_repo_manager.dll
0x00007ffe8c030000 - 0x00007ffe8c05a000 	C:\Xilinx\SDK\2016.2\lib\win64.o\libisl_sysinfo.dll
0x00007ffe4a860000 - 0x00007ffe4b2a0000 	C:\Xilinx\SDK\2016.2\lib\win64.o\librdi_common.dll
0x00007ffe867d0000 - 0x00007ffe86824000 	C:\Xilinx\SDK\2016.2\lib\win64.o\librdi_commonxillic.dll
0x00007ffea02a0000 - 0x00007ffea0347000 	C:\WINDOWS\SYSTEM32\MSVCP110.dll
0x00007ffea01c0000 - 0x00007ffea0294000 	C:\WINDOWS\SYSTEM32\MSVCR110.dll
0x00007ffe7c710000 - 0x00007ffe7c92f000 	C:\Xilinx\SDK\2016.2\lib\win64.o\libXil_lmgr11.dll
0x00007ffe8a7d0000 - 0x00007ffe8a7f4000 	C:\Xilinx\SDK\2016.2\lib\win64.o\libboost_filesystem.dll
0x00007ffe7f4b0000 - 0x00007ffe7f5b6000 	C:\Xilinx\SDK\2016.2\lib\win64.o\libboost_regex.dll
0x00007ffeaf6a0000 - 0x00007ffeaf6f5000 	C:\WINDOWS\System32\WINTRUST.dll
0x00007ffe9bd70000 - 0x00007ffe9bd79000 	C:\Xilinx\SDK\2016.2\lib\win64.o\libboost_system.dll
0x00007ffe4ddf0000 - 0x00007ffe4e15e000 	C:\Xilinx\SDK\2016.2\lib\win64.o\libCOIN-all.dll
0x00007ffe92d50000 - 0x00007ffe92d60000 	C:\Xilinx\SDK\2016.2\lib\win64.o\libboost_date_time.dll
0x00007ffe7e720000 - 0x00007ffe7e797000 	C:\Xilinx\SDK\2016.2\lib\win64.o\libboost_program_options.dll
0x00007ffe86c30000 - 0x00007ffe86c43000 	C:\Xilinx\SDK\2016.2\lib\win64.o\libboost_signals.dll
0x00007ffe86c10000 - 0x00007ffe86c2d000 	C:\Xilinx\SDK\2016.2\lib\win64.o\libboost_thread.dll
0x00007ffe903e0000 - 0x00007ffe903eb000 	C:\Xilinx\SDK\2016.2\lib\win64.o\libboost_xilinx.dll
0x00007ffe7d120000 - 0x00007ffe7d1a0000 	C:\Xilinx\SDK\2016.2\lib\win64.o\libhdlpsolve.dll
0x00007ffe7d080000 - 0x00007ffe7d11a000 	C:\Xilinx\SDK\2016.2\lib\win64.o\libhdxml.dll
0x00007ffe4d460000 - 0x00007ffe4d8c5e00 	C:\Xilinx\SDK\2016.2\lib\win64.o\libisl_iostreams.dll
0x00007ffe74340000 - 0x00007ffe74470000 	C:\Xilinx\SDK\2016.2\lib\win64.o\librdi_curl.dll
0x00007ffe86880000 - 0x00007ffe86898000 	C:\Xilinx\SDK\2016.2\lib\win64.o\librdiconfig.dll
0x00007ffe81080000 - 0x00007ffe810a3000 	C:\Xilinx\SDK\2016.2\lib\win64.o\librdizlib.dll
0x00000000261a0000 - 0x0000000026403000 	C:\Xilinx\SDK\2016.2\lib\win64.o\xerces-c_3_1.dll
0x0000000062780000 - 0x00000000628a7000 	C:\Xilinx\SDK\2016.2\lib\win64.o\tcl85t.dll

VM Arguments:
jvm_args: -Dcom.xilinx.sdk.args.hwspec=C:/Users/Neil/Documents/Neil/EngSci/year_4_winter/ECE532/warmup_demo/warmup/warmup.sdk/design_1_wrapper.hdf -Xms64m -Xmx512m & 
java_command: <unknown>
java_class_path (initial): C:\Xilinx\SDK\2016.2\eclipse\win64.o\\plugins/org.eclipse.equinox.launcher_1.3.100.v20150511-1540.jar
Launcher Type: generic

Environment Variables:
JAVA_HOME=C:\glassfish3\jdk7
PATH=C:/Xilinx/SDK/2016.2/tps/win64/jre/bin/server;C:/Xilinx/SDK/2016.2/tps/win64/jre/bin;C:/Xilinx/SDK/2016.2/tps/win64/jre/lib/amd64;C:\Xilinx\SDK\2016.2\gnuwin\bin;C:\Xilinx\SDK\2016.2\gnu\microblaze\nt\bin;C:\Xilinx\SDK\2016.2\gnu\microblaze\linux_toolchain\nt64_le\bin;C:\Xilinx\SDK\2016.2\gnu\microblaze\linux_toolchain\nt64_be\bin;C:\Xilinx\SDK\2016.2\gnu\arm\nt\bin;C:\Xilinx\SDK\2016.2\gnu\aarch64\nt\aarch64-none\bin;C:\Xilinx\SDK\2016.2\gnu\aarch64\nt\aarch64-linux\bin;C:\Xilinx\SDK\2016.2\gnu\armr5\nt\gcc-arm-none-eabi\bin;C:\Xilinx\SDK\2016.2\gnu\aarch32\nt\gcc-arm-none-eabi\bin;C:\Xilinx\SDK\2016.2\gnu\aarch32\nt\gcc-arm-linux-gnueabi\bin;C:\Xilinx\SDK\2016.2\tps\win64\cmake-3.3.2\bin;;C:\Xilinx\SDK\2016.2\bin;C:\Xilinx\SDK\2016.2\lib\win64.o;C:\Xilinx\SDK\2016.2\tps\win64\jre\bin\server;C:\Xilinx\SDK\2016.2\tps\win64\jre\bin;C:\Xilinx\Vivado\2016.2\ids_lite\ISE\bin\nt64;C:\Xilinx\Vivado\2016.2\ids_lite\ISE\lib\nt64;C:\Xilinx\Vivado\2016.2\bin;C:\Xilinx\Vivado\2016.2\lib\win64.o;C:\Xilinx\Vivado\2016.2\tps\win64\jre\bin\server;C:\Xilinx\Vivado\2016.2\tps\win64\jre\bin;C:\Xilinx\Vivado_HLS\2016.2\bin;C:\WINDOWS\system32;C:\WINDOWS;C:\WINDOWS\System32\Wbem;C:\WINDOWS\System32\WindowsPowerShell\v1.0\;c:\Program Files (x86)\ATI Technologies\ATI.ACE\Core-Static;C:\Program Files (x86)\Windows Live\Shared;C:\Python27;C:\Python27\Scripts;C:\Program Files (x86)\Codeblocks\MinGW\bin;C:\Program Files (x86)\Heroku\bin;C:\Program Files (x86)\git\cmd;C:\Program Files\MiKTeX 2.9\miktex\bin\x64\;C:\apache-ant-1.9.8\bin;C:\glassfish3\jdk7\bin;C:\Program Files (x86)\Java\jre7\bin;C:\RailsInstaller\Git\cmd;C:\RailsInstaller\Ruby2.2.0\bin;C:\Ruby22\bin;C:\Users\Neil\AppData\Local\Microsoft\WindowsApps;c:\Users\Neil\Documents\Neil\EngSci\year_4_winter\ECE532\warmup_demo\warmup;
USERNAME=Neil
OS=Windows_NT
PROCESSOR_IDENTIFIER=AMD64 Family 22 Model 0 Stepping 1, AuthenticAMD



---------------  S Y S T E M  ---------------

OS: Windows 10.0 , 64 bit Build 14393 (10.0.14393.0)

CPU:total 4 (4 cores per cpu, 1 threads per core) family 22 model 0 stepping 1, cmov, cx8, fxsr, mmx, sse, sse2, sse3, ssse3, sse4.1, sse4.2, popcnt, avx, aes, clmul, mmxext, 3dnowpref, lzcnt, sse4a, tsc, tscinvbit, tscinv, bmi1

Memory: 4k page, physical 3621900k(776716k free), swap 10657188k(5298476k free)

vm_info: Java HotSpot(TM) 64-Bit Server VM (25.66-b18) for windows-amd64 JRE (1.8.0_66-b18), built on Nov  9 2015 10:51:13 by "java_re" with MS VC++ 10.0 (VS2010)

time: Thu Feb 02 00:52:30 2017
elapsed time: 24952 seconds (0d 6h 55m 52s)

