Copyright 1986-2016 Xilinx, Inc. All Rights Reserved.
------------------------------------------------------------------------------------
| Tool Version : Vivado v.2016.2 (win64) Build 1577090 Thu Jun  2 16:32:40 MDT 2016
| Date         : Wed Feb 01 23:28:34 2017
| Host         : DESKTOP-QUJLBQI running 64-bit major release  (build 9200)
| Command      : upgrade_ip
| Device       : xc7a100tcsg324-1
------------------------------------------------------------------------------------

Upgrade Log for IP 'design_1_Fib_LFSR_0_0'

1. Summary
----------

SUCCESS in the upgrade of design_1_Fib_LFSR_0_0 (user:user:Fib_LFSR:1.0) from (Rev. 14) to (Rev. 15)






Copyright 1986-2016 Xilinx, Inc. All Rights Reserved.
------------------------------------------------------------------------------------
| Tool Version : Vivado v.2016.2 (win64) Build 1577090 Thu Jun  2 16:32:40 MDT 2016
| Date         : Wed Feb 01 20:40:50 2017
| Host         : DESKTOP-QUJLBQI running 64-bit major release  (build 9200)
| Command      : upgrade_ip
| Device       : xc7a100tcsg324-1
------------------------------------------------------------------------------------

Upgrade Log for IP 'design_1_Fib_LFSR_0_0'

1. Summary
----------

SUCCESS in the upgrade of design_1_Fib_LFSR_0_0 (user:user:Fib_LFSR:1.0) from (Rev. 13) to (Rev. 14)






Copyright 1986-2016 Xilinx, Inc. All Rights Reserved.
------------------------------------------------------------------------------------
| Tool Version : Vivado v.2016.2 (win64) Build 1577090 Thu Jun  2 16:32:40 MDT 2016
| Date         : Wed Feb 01 14:48:49 2017
| Host         : DESKTOP-MK74K7A running 64-bit major release  (build 9200)
| Command      : upgrade_ip
| Device       : xc7a100tcsg324-1
------------------------------------------------------------------------------------

Upgrade Log for IP 'design_1_Fib_LFSR_0_0'

1. Summary
----------

SUCCESS in the upgrade of design_1_Fib_LFSR_0_0 (user:user:Fib_LFSR:1.0) from (Rev. 12) to (Rev. 13)






Copyright 1986-2016 Xilinx, Inc. All Rights Reserved.
------------------------------------------------------------------------------------
| Tool Version : Vivado v.2016.2 (win64) Build 1577090 Thu Jun  2 16:32:40 MDT 2016
| Date         : Wed Feb 01 14:45:29 2017
| Host         : DESKTOP-MK74K7A running 64-bit major release  (build 9200)
| Command      : upgrade_ip
| Device       : xc7a100tcsg324-1
------------------------------------------------------------------------------------

Upgrade Log for IP 'design_1_Fib_LFSR_0_0'

1. Summary
----------

SUCCESS in the upgrade of design_1_Fib_LFSR_0_0 (user:user:Fib_LFSR:1.0) from (Rev. 11) to (Rev. 12)






Copyright 1986-2016 Xilinx, Inc. All Rights Reserved.
------------------------------------------------------------------------------------
| Tool Version : Vivado v.2016.2 (win64) Build 1577090 Thu Jun  2 16:32:40 MDT 2016
| Date         : Wed Feb 01 14:36:13 2017
| Host         : DESKTOP-MK74K7A running 64-bit major release  (build 9200)
| Command      : upgrade_ip
| Device       : xc7a100tcsg324-1
------------------------------------------------------------------------------------

Upgrade Log for IP 'design_1_Fib_LFSR_0_0'

1. Summary
----------

SUCCESS in the upgrade of design_1_Fib_LFSR_0_0 (user:user:Fib_LFSR:1.0) from (Rev. 8) to (Rev. 11)






Copyright 1986-2016 Xilinx, Inc. All Rights Reserved.
------------------------------------------------------------------------------------
| Tool Version : Vivado v.2016.2 (win64) Build 1577090 Thu Jun  2 16:32:40 MDT 2016
| Date         : Wed Feb 01 13:43:32 2017
| Host         : DESKTOP-MK74K7A running 64-bit major release  (build 9200)
| Command      : upgrade_ip
| Device       : xc7a100tcsg324-1
------------------------------------------------------------------------------------

Upgrade Log for IP 'design_1_Fib_LFSR_0_0'

1. Summary
----------

SUCCESS in the upgrade of design_1_Fib_LFSR_0_0 (user:user:Fib_LFSR:1.0) from (Rev. 7) to (Rev. 8)

