#
# A fatal error has been detected by the Java Runtime Environment:
#
#  Internal Error (0xc000000d), pid=8968, tid=10920
#
# JRE version: Java(TM) SE Runtime Environment (8.0_66-b18) (build 1.8.0_66-b18)
# Java VM: Java HotSpot(TM) 64-Bit Server VM (25.66-b18 mixed mode windows-amd64 compressed oops)
# Problematic frame:
# C  [ntdll.dll+0xff44c]
#
# Failed to write core dump. Minidumps are not enabled by default on client versions of Windows
#
# If you would like to submit a bug report, please visit:
#   http://bugreport.java.com/bugreport/crash.jsp
#

---------------  T H R E A D  ---------------

Current thread (0x0000000013b07800):  VMThread [stack: 0x0000000014bb0000,0x0000000014cb0000] [id=10920]

siginfo: ExceptionCode=0xc000000d

Registers:
RAX=0x0000000000000000, RBX=0xfffffffffffffffe, RCX=0x0000000000000000, RDX=0x0000000000000000
RSP=0x0000000014caf270, RBP=0x00007ff803527408, RSI=0x0000000000000000, RDI=0x0000000000000d70
R8 =0x0000000000000000, R9 =0x0000000000020000, R10=0x0000000014caed50, R11=0x0000000014caed50
R12=0x0000000000554a40, R13=0x000000001f888e20, R14=0x0000000000554b48, R15=0x0000000014caf3e8
RIP=0x00007ff814fdf44c, EFLAGS=0x0000000000000202

Top of Stack: (sp=0x0000000014caf270)
0x0000000014caf270:   0000000000000057 fffffffffffffffe
0x0000000014caf280:   0000000000000000 0000000000000d70
0x0000000014caf290:   00000000c000000d 0000000000000000
0x0000000014caf2a0:   00007ff814fdf44c 0000000000000000
0x0000000014caf2b0:   0000000000000000 0000000000000000
0x0000000014caf2c0:   0000000000000000 0000000000000000
0x0000000014caf2d0:   0000000000000000 0000000000000000
0x0000000014caf2e0:   0000000000000000 0000000000000000
0x0000000014caf2f0:   0000000000000000 0000000000000000
0x0000000014caf300:   0000000000000000 0000000000000000
0x0000000014caf310:   0000000000000000 0000000000000000
0x0000000014caf320:   0000000000000000 0000000000000000
0x0000000014caf330:   0000ec518d6c9e6b 0000000000000000
0x0000000014caf340:   0000000900000020 00007ff814fa150d
0x0000000014caf350:   0000000900000000 0000000000000000
0x0000000014caf360:   004e00520045004b 00320033004c0045 

Instructions: (pc=0x00007ff814fdf44c)
0x00007ff814fdf42c:   d5 fa ff c7 44 24 20 0d 00 00 c0 b9 57 00 00 00
0x00007ff814fdf43c:   e8 7f 13 f6 ff 90 48 8d 4c 24 20 e8 04 bf f4 ff
0x00007ff814fdf44c:   eb 00 48 8b 8c 24 c0 00 00 00 48 33 cc e8 82 74
0x00007ff814fdf45c:   f9 ff 48 81 c4 d8 00 00 00 c3 40 55 48 83 ec 20 


Register to memory mapping:

RAX=0x0000000000000000 is an unknown value
RBX=0xfffffffffffffffe is an unknown value
RCX=0x0000000000000000 is an unknown value
RDX=0x0000000000000000 is an unknown value
RSP=0x0000000014caf270 is an unknown value
RBP=0x00007ff803527408 is an unknown value
RSI=0x0000000000000000 is an unknown value
RDI=0x0000000000000d70 is an unknown value
R8 =0x0000000000000000 is an unknown value
R9 =0x0000000000020000 is an unknown value
R10=0x0000000014caed50 is an unknown value
R11=0x0000000014caed50 is an unknown value
R12=0x0000000000554a40 is an unknown value
R13=0x000000001f888e20 is an unknown value
R14=0x0000000000554b48 is an unknown value
R15=0x0000000014caf3e8 is an unknown value


Stack: [0x0000000014bb0000,0x0000000014cb0000],  sp=0x0000000014caf270,  free space=1020k
Native frames: (J=compiled Java code, j=interpreted, Vv=VM code, C=native code)
C  [ntdll.dll+0xff44c]
C  [ntdll.dll+0xc150d]
C  [KERNEL32.DLL+0x1fbba]
C  [MSVCR110.dll+0x752d]
C  [MSVCR110.dll+0x73c6]
C  [MSVCR110.dll+0x14cca]
C  [MSVCR110.dll+0x13edc]
C  [MSVCR110.dll+0x239e]
C  [MSVCR110.dll+0xaf9e]
C  [MSVCP110.dll+0x397b9]
C  [librdi_common.dll+0x182316]
C  [librdi_common.dll+0x180fab]
C  [librdi_target_manager.dll+0x2400]
C  [librdi_target_manager.dll+0x2682]
C  [ntdll.dll+0x2a35f]
C  [ntdll.dll+0x806b]
C  [ntdll.dll+0x7d94]
C  [KERNEL32.DLL+0x1ce6a]
C  [MSVCR100.dll+0x20ccd]
V  [jvm.dll+0x210cc5]
V  [jvm.dll+0x249897]
V  [jvm.dll+0x248b36]
V  [jvm.dll+0x248fd1]
V  [jvm.dll+0x2491ee]
V  [jvm.dll+0x29a0fa]
C  [MSVCR100.dll+0x21d9f]
C  [MSVCR100.dll+0x21e3b]
C  [KERNEL32.DLL+0x8364]
C  [ntdll.dll+0x670d1]

VM_Operation (0x000000000014f4c0): Exit, mode: safepoint, requested by thread 0x000000000251e800


---------------  P R O C E S S  ---------------

Java Threads: ( => current thread )
  0x000000001ad19000 JavaThread "Thread-26" daemon [_thread_blocked, id=8520, stack(0x0000000025230000,0x0000000025330000)]
  0x000000001d9d7000 JavaThread "TCF Channel Transmitter" daemon [_thread_blocked, id=8440, stack(0x0000000020db0000,0x0000000020eb0000)]
  0x000000001d9d5800 JavaThread "TCF Channel Receiver" daemon [_thread_in_native, id=7880, stack(0x0000000020cb0000,0x0000000020db0000)]
  0x000000001d9d4000 JavaThread "Process monitor" daemon [_thread_in_native, id=9252, stack(0x0000000020ab0000,0x0000000020bb0000)]
  0x000000001d9d1000 JavaThread "Input Stream Monitor" daemon [_thread_blocked, id=1748, stack(0x00000000209b0000,0x0000000020ab0000)]
  0x000000001d9d5000 JavaThread "Output Stream Monitor" daemon [_thread_in_native, id=11252, stack(0x00000000208b0000,0x00000000209b0000)]
  0x000000001d9d8000 JavaThread "Output Stream Monitor" daemon [_thread_in_native, id=5512, stack(0x00000000207b0000,0x00000000208b0000)]
  0x000000001d9d3800 JavaThread "TCF Locator DNS Lookup" daemon [_thread_blocked, id=10740, stack(0x00000000206b0000,0x00000000207b0000)]
  0x000000001d9cf800 JavaThread "TCF Locator Timer" daemon [_thread_blocked, id=9748, stack(0x00000000205b0000,0x00000000206b0000)]
  0x000000001d9d2800 JavaThread "TCF Locator Receiver" daemon [_thread_in_native, id=4512, stack(0x00000000204b0000,0x00000000205b0000)]
  0x000000001d9d0800 JavaThread "TCF Timer Dispatcher" daemon [_thread_blocked, id=6856, stack(0x00000000202b0000,0x00000000203b0000)]
  0x0000000015eae000 JavaThread "EMF Reference Cleaner" daemon [_thread_blocked, id=6524, stack(0x00000000184b0000,0x00000000185b0000)]
  0x0000000013b9e800 JavaThread "Service Thread" daemon [_thread_blocked, id=196, stack(0x00000000158a0000,0x00000000159a0000)]
  0x0000000013b77000 JavaThread "C1 CompilerThread2" daemon [_thread_blocked, id=3532, stack(0x00000000153a0000,0x00000000154a0000)]
  0x0000000013b4f000 JavaThread "C2 CompilerThread1" daemon [_thread_blocked, id=2628, stack(0x00000000152a0000,0x00000000153a0000)]
  0x0000000013b3f000 JavaThread "C2 CompilerThread0" daemon [_thread_blocked, id=10556, stack(0x00000000151a0000,0x00000000152a0000)]
  0x0000000013b3d800 JavaThread "Attach Listener" daemon [_thread_blocked, id=10432, stack(0x00000000150a0000,0x00000000151a0000)]
  0x0000000013b3c800 JavaThread "Signal Dispatcher" daemon [_thread_blocked, id=10492, stack(0x0000000014fa0000,0x00000000150a0000)]
  0x0000000002716800 JavaThread "Finalizer" daemon [_thread_blocked, id=7356, stack(0x0000000014db0000,0x0000000014eb0000)]
  0x000000000270e800 JavaThread "Reference Handler" daemon [_thread_blocked, id=9920, stack(0x0000000014cb0000,0x0000000014db0000)]
  0x000000000251e800 JavaThread "main" [_thread_blocked, id=10768, stack(0x0000000000050000,0x0000000000150000)]

Other Threads:
=>0x0000000013b07800 VMThread [stack: 0x0000000014bb0000,0x0000000014cb0000] [id=10920]

VM state:at safepoint (shutting down)

VM Mutex/Monitor currently owned by a thread:  ([mutex/lock_event])
[0x000000000251dbe0] Threads_lock - owner thread: 0x0000000013b07800

Heap:
 PSYoungGen      total 60928K, used 11277K [0x00000000f5580000, 0x00000000fa000000, 0x0000000100000000)
  eden space 46592K, 20% used [0x00000000f5580000,0x00000000f5eff620,0x00000000f8300000)
  from space 14336K, 10% used [0x00000000f9180000,0x00000000f9304020,0x00000000f9f80000)
  to   space 14848K, 0% used [0x00000000f8300000,0x00000000f8300000,0x00000000f9180000)
 ParOldGen       total 110080K, used 42594K [0x00000000e0000000, 0x00000000e6b80000, 0x00000000f5580000)
  object space 110080K, 38% used [0x00000000e0000000,0x00000000e2998aa8,0x00000000e6b80000)
 Metaspace       used 71404K, capacity 77738K, committed 77976K, reserved 1116160K
  class space    used 8603K, capacity 10631K, committed 10672K, reserved 1048576K

Card table byte_map: [0x0000000011ae0000,0x0000000011bf0000] byte_map_base: 0x00000000113e0000

Marking Bits: (ParMarkBitMap*) 0x000000007581a5b0
 Begin Bits: [0x00000000120a0000, 0x00000000128a0000)
 End Bits:   [0x00000000128a0000, 0x00000000130a0000)

Polling page: 0x0000000002180000

CodeCache: size=245760Kb used=25087Kb max_used=25847Kb free=220672Kb
 bounds [0x0000000002720000, 0x0000000004090000, 0x0000000011720000]
 total_blobs=7684 nmethods=6829 adapters=763
 compilation: enabled

Compilation events (10 events):
Event: 380.864 Thread 0x0000000013b77000 8501       3       java.util.concurrent.atomic.AtomicReference::getAndSet (12 bytes)
Event: 380.865 Thread 0x0000000013b77000 nmethod 8501 0x00000000033e4d90 code [0x00000000033e4ee0, 0x00000000033e5050]
Event: 380.866 Thread 0x0000000013b77000 8503       3       org.eclipse.osgi.internal.framework.EquinoxContainerAdaptor::invalidateWiring (186 bytes)
Event: 380.874 Thread 0x0000000013b77000 nmethod 8503 0x0000000003785610 code [0x00000000037859e0, 0x0000000003788358]
Event: 380.875 Thread 0x0000000013b77000 8504   !   3       org.eclipse.osgi.container.ModuleDatabase::getRevisionsTimestamp (25 bytes)
Event: 380.878 Thread 0x0000000013b77000 nmethod 8504 0x0000000002f8fb10 code [0x0000000002f8fd20, 0x0000000002f90a58]
Event: 380.879 Thread 0x0000000013b77000 8506       3       org.eclipse.osgi.internal.framework.EquinoxContainerAdaptor::clearManifestCache (84 bytes)
Event: 380.883 Thread 0x0000000013b77000 nmethod 8506 0x0000000002e25c90 code [0x0000000002e25ee0, 0x0000000002e275f8]
Event: 380.885 Thread 0x0000000013b77000 8507   !   3       org.eclipse.osgi.storage.BundleInfo$Generation::clearManifestCache (30 bytes)
Event: 380.886 Thread 0x0000000013b77000 nmethod 8507 0x0000000002c93dd0 code [0x0000000002c93f60, 0x0000000002c945a8]

GC Heap History (10 events):
Event: 225.445 GC heap before
{Heap before GC invocations=23 (full 4):
 PSYoungGen      total 57856K, used 7292K [0x00000000f5580000, 0x00000000f9b80000, 0x0000000100000000)
  eden space 44032K, 0% used [0x00000000f5580000,0x00000000f5580000,0x00000000f8080000)
  from space 13824K, 52% used [0x00000000f8080000,0x00000000f879f3e0,0x00000000f8e00000)
  to   space 13824K, 0% used [0x00000000f8e00000,0x00000000f8e00000,0x00000000f9b80000)
 ParOldGen       total 110080K, used 36615K [0x00000000e0000000, 0x00000000e6b80000, 0x00000000f5580000)
  object space 110080K, 33% used [0x00000000e0000000,0x00000000e23c1fc0,0x00000000e6b80000)
 Metaspace       used 65746K, capacity 71732K, committed 71832K, reserved 1112064K
  class space    used 7963K, capacity 9874K, committed 9904K, reserved 1048576K
Event: 226.303 GC heap after
Heap after GC invocations=23 (full 4):
 PSYoungGen      total 57856K, used 0K [0x00000000f5580000, 0x00000000f9b80000, 0x0000000100000000)
  eden space 44032K, 0% used [0x00000000f5580000,0x00000000f5580000,0x00000000f8080000)
  from space 13824K, 0% used [0x00000000f8080000,0x00000000f8080000,0x00000000f8e00000)
  to   space 13824K, 0% used [0x00000000f8e00000,0x00000000f8e00000,0x00000000f9b80000)
 ParOldGen       total 110080K, used 40164K [0x00000000e0000000, 0x00000000e6b80000, 0x00000000f5580000)
  object space 110080K, 36% used [0x00000000e0000000,0x00000000e2739128,0x00000000e6b80000)
 Metaspace       used 65746K, capacity 71732K, committed 71832K, reserved 1112064K
  class space    used 7963K, capacity 9874K, committed 9904K, reserved 1048576K
}
Event: 288.969 GC heap before
{Heap before GC invocations=24 (full 4):
 PSYoungGen      total 57856K, used 44032K [0x00000000f5580000, 0x00000000f9b80000, 0x0000000100000000)
  eden space 44032K, 100% used [0x00000000f5580000,0x00000000f8080000,0x00000000f8080000)
  from space 13824K, 0% used [0x00000000f8080000,0x00000000f8080000,0x00000000f8e00000)
  to   space 13824K, 0% used [0x00000000f8e00000,0x00000000f8e00000,0x00000000f9b80000)
 ParOldGen       total 110080K, used 40164K [0x00000000e0000000, 0x00000000e6b80000, 0x00000000f5580000)
  object space 110080K, 36% used [0x00000000e0000000,0x00000000e2739128,0x00000000e6b80000)
 Metaspace       used 69428K, capacity 75600K, committed 75800K, reserved 1114112K
  class space    used 8467K, capacity 10433K, committed 10544K, reserved 1048576K
Event: 289.002 GC heap after
Heap after GC invocations=24 (full 4):
 PSYoungGen      total 57856K, used 5521K [0x00000000f5580000, 0x00000000f9e80000, 0x0000000100000000)
  eden space 44032K, 0% used [0x00000000f5580000,0x00000000f5580000,0x00000000f8080000)
  from space 13824K, 39% used [0x00000000f8e00000,0x00000000f9364658,0x00000000f9b80000)
  to   space 13824K, 0% used [0x00000000f8080000,0x00000000f8080000,0x00000000f8e00000)
 ParOldGen       total 110080K, used 40172K [0x00000000e0000000, 0x00000000e6b80000, 0x00000000f5580000)
  object space 110080K, 36% used [0x00000000e0000000,0x00000000e273b128,0x00000000e6b80000)
 Metaspace       used 69428K, capacity 75600K, committed 75800K, reserved 1114112K
  class space    used 8467K, capacity 10433K, committed 10544K, reserved 1048576K
}
Event: 320.702 GC heap before
{Heap before GC invocations=25 (full 4):
 PSYoungGen      total 57856K, used 16158K [0x00000000f5580000, 0x00000000f9e80000, 0x0000000100000000)
  eden space 44032K, 24% used [0x00000000f5580000,0x00000000f5fe35a0,0x00000000f8080000)
  from space 13824K, 39% used [0x00000000f8e00000,0x00000000f9364658,0x00000000f9b80000)
  to   space 13824K, 0% used [0x00000000f8080000,0x00000000f8080000,0x00000000f8e00000)
 ParOldGen       total 110080K, used 40172K [0x00000000e0000000, 0x00000000e6b80000, 0x00000000f5580000)
  object space 110080K, 36% used [0x00000000e0000000,0x00000000e273b128,0x00000000e6b80000)
 Metaspace       used 69702K, capacity 75984K, committed 76056K, reserved 1114112K
  class space    used 8488K, capacity 10497K, committed 10544K, reserved 1048576K
Event: 320.715 GC heap after
Heap after GC invocations=25 (full 4):
 PSYoungGen      total 57856K, used 2747K [0x00000000f5580000, 0x00000000f9f80000, 0x0000000100000000)
  eden space 44032K, 0% used [0x00000000f5580000,0x00000000f5580000,0x00000000f8080000)
  from space 13824K, 19% used [0x00000000f8080000,0x00000000f832eff8,0x00000000f8e00000)
  to   space 14336K, 0% used [0x00000000f9180000,0x00000000f9180000,0x00000000f9f80000)
 ParOldGen       total 110080K, used 40172K [0x00000000e0000000, 0x00000000e6b80000, 0x00000000f5580000)
  object space 110080K, 36% used [0x00000000e0000000,0x00000000e273b128,0x00000000e6b80000)
 Metaspace       used 69702K, capacity 75984K, committed 76056K, reserved 1114112K
  class space    used 8488K, capacity 10497K, committed 10544K, reserved 1048576K
}
Event: 320.716 GC heap before
{Heap before GC invocations=26 (full 5):
 PSYoungGen      total 57856K, used 2747K [0x00000000f5580000, 0x00000000f9f80000, 0x0000000100000000)
  eden space 44032K, 0% used [0x00000000f5580000,0x00000000f5580000,0x00000000f8080000)
  from space 13824K, 19% used [0x00000000f8080000,0x00000000f832eff8,0x00000000f8e00000)
  to   space 14336K, 0% used [0x00000000f9180000,0x00000000f9180000,0x00000000f9f80000)
 ParOldGen       total 110080K, used 40172K [0x00000000e0000000, 0x00000000e6b80000, 0x00000000f5580000)
  object space 110080K, 36% used [0x00000000e0000000,0x00000000e273b128,0x00000000e6b80000)
 Metaspace       used 69702K, capacity 75984K, committed 76056K, reserved 1114112K
  class space    used 8488K, capacity 10497K, committed 10544K, reserved 1048576K
Event: 321.485 GC heap after
Heap after GC invocations=26 (full 5):
 PSYoungGen      total 57856K, used 0K [0x00000000f5580000, 0x00000000f9f80000, 0x0000000100000000)
  eden space 44032K, 0% used [0x00000000f5580000,0x00000000f5580000,0x00000000f8080000)
  from space 13824K, 0% used [0x00000000f8080000,0x00000000f8080000,0x00000000f8e00000)
  to   space 14336K, 0% used [0x00000000f9180000,0x00000000f9180000,0x00000000f9f80000)
 ParOldGen       total 110080K, used 42586K [0x00000000e0000000, 0x00000000e6b80000, 0x00000000f5580000)
  object space 110080K, 38% used [0x00000000e0000000,0x00000000e2996aa8,0x00000000e6b80000)
 Metaspace       used 69702K, capacity 75984K, committed 76056K, reserved 1114112K
  class space    used 8488K, capacity 10497K, committed 10544K, reserved 1048576K
}
Event: 378.053 GC heap before
{Heap before GC invocations=27 (full 5):
 PSYoungGen      total 57856K, used 44032K [0x00000000f5580000, 0x00000000f9f80000, 0x0000000100000000)
  eden space 44032K, 100% used [0x00000000f5580000,0x00000000f8080000,0x00000000f8080000)
  from space 13824K, 0% used [0x00000000f8080000,0x00000000f8080000,0x00000000f8e00000)
  to   space 14336K, 0% used [0x00000000f9180000,0x00000000f9180000,0x00000000f9f80000)
 ParOldGen       total 110080K, used 42586K [0x00000000e0000000, 0x00000000e6b80000, 0x00000000f5580000)
  object space 110080K, 38% used [0x00000000e0000000,0x00000000e2996aa8,0x00000000e6b80000)
 Metaspace       used 70541K, capacity 76872K, committed 77080K, reserved 1116160K
  class space    used 8536K, capacity 10533K, committed 10544K, reserved 1048576K
Event: 378.068 GC heap after
Heap after GC invocations=27 (full 5):
 PSYoungGen      total 60928K, used 1552K [0x00000000f5580000, 0x00000000fa000000, 0x0000000100000000)
  eden space 46592K, 0% used [0x00000000f5580000,0x00000000f5580000,0x00000000f8300000)
  from space 14336K, 10% used [0x00000000f9180000,0x00000000f9304020,0x00000000f9f80000)
  to   space 14848K, 0% used [0x00000000f8300000,0x00000000f8300000,0x00000000f9180000)
 ParOldGen       total 110080K, used 42594K [0x00000000e0000000, 0x00000000e6b80000, 0x00000000f5580000)
  object space 110080K, 38% used [0x00000000e0000000,0x00000000e2998aa8,0x00000000e6b80000)
 Metaspace       used 70541K, capacity 76872K, committed 77080K, reserved 1116160K
  class space    used 8536K, capacity 10533K, committed 10544K, reserved 1048576K
}

Deoptimization events (10 events):
Event: 378.601 Thread 0x000000001ad14800 Uncommon trap: reason=unstable_if action=reinterpret pc=0x0000000003d21210 method=java.nio.charset.CharsetEncoder.encode(Ljava/nio/CharBuffer;Ljava/nio/ByteBuffer;Z)Ljava/nio/charset/CoderResult; @ 105
Event: 378.624 Thread 0x000000001ad15800 Uncommon trap: reason=array_check action=maybe_recompile pc=0x0000000002e3f888 method=java.util.AbstractCollection.toArray([Ljava/lang/Object;)[Ljava/lang/Object; @ 119
Event: 378.900 Thread 0x000000001ad15800 Uncommon trap: reason=array_check action=maybe_recompile pc=0x0000000002e3f888 method=java.util.AbstractCollection.toArray([Ljava/lang/Object;)[Ljava/lang/Object; @ 119
Event: 378.901 Thread 0x000000001ad15800 Uncommon trap: reason=array_check action=maybe_recompile pc=0x0000000002e3f888 method=java.util.AbstractCollection.toArray([Ljava/lang/Object;)[Ljava/lang/Object; @ 119
Event: 379.055 Thread 0x000000001ad15800 Uncommon trap: reason=array_check action=maybe_recompile pc=0x0000000002e3f888 method=java.util.AbstractCollection.toArray([Ljava/lang/Object;)[Ljava/lang/Object; @ 119
Event: 379.384 Thread 0x000000001ad15800 Uncommon trap: reason=unstable_if action=reinterpret pc=0x0000000002cb5060 method=sun.nio.cs.UTF_8$Decoder.decodeArrayLoop(Ljava/nio/ByteBuffer;Ljava/nio/CharBuffer;)Ljava/nio/charset/CoderResult; @ 110
Event: 379.384 Thread 0x000000001ad15800 Uncommon trap: reason=unstable_if action=reinterpret pc=0x000000000345d7fc method=java.nio.charset.CoderResult.isOverflow()Z @ 5
Event: 380.047 Thread 0x000000001ad15800 Uncommon trap: reason=unstable_if action=reinterpret pc=0x000000000317d4d0 method=org.eclipse.osgi.internal.hooks.EclipseLazyStarter.shouldActivateFor(Ljava/lang/String;Lorg/eclipse/osgi/container/Module;Lorg/eclipse/osgi/container/ModuleRevision;Lorg/ecliªYo9Áw@
Event: 380.076 Thread 0x0000000016bb0800 Uncommon trap: reason=unstable_if action=reinterpret pc=0x0000000003668808 method=org.eclipse.osgi.internal.framework.BundleContextImpl.dispatchEvent(Ljava/lang/Object;Ljava/lang/Object;ILjava/lang/Object;)V @ 16
Event: 380.295 Thread 0x000000001ad15800 Uncommon trap: reason=class_check action=maybe_recompile pc=0x00000000031efb94 method=java.util.Hashtable.put(Ljava/lang/Object;Ljava/lang/Object;)Ljava/lang/Object; @ 60

Internal exceptions (10 events):
Event: 377.916 Thread 0x000000000251e800 Exception <a 'java/io/FileNotFoundException'> (0x00000000f80124e8) thrown at [C:\re\workspace\8-2-build-windows-amd64-cygwin\jdk8u66\5298\hotspot\src\share\vm\prims\jni.cpp, line 709]
Event: 377.917 Thread 0x000000000251e800 Exception <a 'java/io/FileNotFoundException'> (0x00000000f8014700) thrown at [C:\re\workspace\8-2-build-windows-amd64-cygwin\jdk8u66\5298\hotspot\src\share\vm\prims\jni.cpp, line 709]
Event: 377.918 Thread 0x000000000251e800 Exception <a 'java/io/FileNotFoundException'> (0x00000000f8017a60) thrown at [C:\re\workspace\8-2-build-windows-amd64-cygwin\jdk8u66\5298\hotspot\src\share\vm\prims\jni.cpp, line 709]
Event: 377.919 Thread 0x000000000251e800 Exception <a 'java/io/FileNotFoundException'> (0x00000000f8019d88) thrown at [C:\re\workspace\8-2-build-windows-amd64-cygwin\jdk8u66\5298\hotspot\src\share\vm\prims\jni.cpp, line 709]
Event: 377.921 Thread 0x000000000251e800 Exception <a 'java/io/FileNotFoundException'> (0x00000000f801c200) thrown at [C:\re\workspace\8-2-build-windows-amd64-cygwin\jdk8u66\5298\hotspot\src\share\vm\prims\jni.cpp, line 709]
Event: 378.585 Thread 0x000000001ad11800 Exception <a 'java/lang/InterruptedException'> (0x00000000f58e5340) thrown at [C:\re\workspace\8-2-build-windows-amd64-cygwin\jdk8u66\5298\hotspot\src\share\vm\runtime\objectMonitor.cpp, line 1683]
Event: 380.597 Thread 0x00000000173bc000 Exception <a 'java/lang/InterruptedException'> (0x00000000f5d126e0) thrown at [C:\re\workspace\8-2-build-windows-amd64-cygwin\jdk8u66\5298\hotspot\src\share\vm\runtime\objectMonitor.cpp, line 1683]
Event: 380.782 Thread 0x0000000016bb0800 Exception <a 'java/lang/InterruptedException'> (0x00000000f5d12260) thrown at [C:\re\workspace\8-2-build-windows-amd64-cygwin\jdk8u66\5298\hotspot\src\share\vm\runtime\objectMonitor.cpp, line 1683]
Event: 380.839 Thread 0x00000000173b9800 Exception <a 'java/lang/InterruptedException'> (0x00000000f5bf01e8) thrown at [C:\re\workspace\8-2-build-windows-amd64-cygwin\jdk8u66\5298\hotspot\src\share\vm\runtime\objectMonitor.cpp, line 1683]
Event: 380.845 Thread 0x000000001668e000 Exception <a 'java/lang/InterruptedException'> (0x00000000f5ec5948) thrown at [C:\re\workspace\8-2-build-windows-amd64-cygwin\jdk8u66\5298\hotspot\src\share\vm\runtime\objectMonitor.cpp, line 1683]

Events (10 events):
Event: 380.892 loading class java/util/IdentityHashMap$KeyIterator done
Event: 380.893 Thread 0x000000001ad12800 Thread added: 0x000000001ad12800
Event: 380.907 Executing VM operation: RevokeBias
Event: 380.907 Executing VM operation: RevokeBias done
Event: 380.907 Executing VM operation: RevokeBias
Event: 380.907 Executing VM operation: RevokeBias done
Event: 380.908 Executing VM operation: RevokeBias
Event: 380.908 Executing VM operation: RevokeBias done
Event: 380.908 Thread 0x000000001ad12800 Thread exited: 0x000000001ad12800
Event: 380.955 Executing VM operation: Exit


Dynamic libraries:
0x0000000000400000 - 0x000000000044f000 	C:\Xilinx\SDK\2016.2\eclipse\win64.o\eclipse.exe
0x00007ff814ee0000 - 0x00007ff8150b1000 	C:\WINDOWS\SYSTEM32\ntdll.dll
0x00007ff813380000 - 0x00007ff81342b000 	C:\WINDOWS\System32\KERNEL32.DLL
0x00007ff8113d0000 - 0x00007ff8115ed000 	C:\WINDOWS\System32\KERNELBASE.dll
0x00007ff812b70000 - 0x00007ff812cd5000 	C:\WINDOWS\System32\USER32.dll
0x00007ff811af0000 - 0x00007ff811b0e000 	C:\WINDOWS\System32\win32u.dll
0x00007ff8127a0000 - 0x00007ff8127d4000 	C:\WINDOWS\System32\GDI32.dll
0x00007ff811960000 - 0x00007ff811ae2000 	C:\WINDOWS\System32\gdi32full.dll
0x00007ff812900000 - 0x00007ff81299e000 	C:\WINDOWS\System32\msvcrt.dll
0x00007ff80b430000 - 0x00007ff80b6aa000 	C:\WINDOWS\WinSxS\amd64_microsoft.windows.common-controls_6595b64144ccf1df_6.0.14393.726_none_42181c01c683592f\COMCTL32.dll
0x00007ff812470000 - 0x00007ff812738000 	C:\WINDOWS\System32\combase.dll
0x00007ff811650000 - 0x00007ff811745000 	C:\WINDOWS\System32\ucrtbase.dll
0x00007ff814b00000 - 0x00007ff814c21000 	C:\WINDOWS\System32\RPCRT4.dll
0x00007ff811750000 - 0x00007ff8117ba000 	C:\WINDOWS\System32\bcryptPrimitives.dll
0x00007ff814cd0000 - 0x00007ff814cfe000 	C:\WINDOWS\System32\IMM32.DLL
0x0000000072000000 - 0x0000000072012000 	C:\Xilinx\SDK\2016.2\eclipse\win64.o\plugins\org.eclipse.equinox.launcher.win32.win32.x86_64_1.1.300.v20150602-1417\eclipse_1611.dll
0x00007ff814e20000 - 0x00007ff814ec2000 	C:\WINDOWS\System32\ADVAPI32.dll
0x00007ff812740000 - 0x00007ff812799000 	C:\WINDOWS\System32\sechost.dll
0x00007ff80dd80000 - 0x00007ff80dd8a000 	C:\WINDOWS\SYSTEM32\VERSION.dll
0x00007ff80fa90000 - 0x00007ff80fb25000 	C:\WINDOWS\system32\uxtheme.dll
0x00007ff8129a0000 - 0x00007ff812afa000 	C:\WINDOWS\System32\MSCTF.dll
0x00007ff814d00000 - 0x00007ff814dbf000 	C:\WINDOWS\System32\OLEAUT32.dll
0x00007ff811870000 - 0x00007ff81190c000 	C:\WINDOWS\System32\msvcp_win.dll
0x0000000075010000 - 0x0000000075899000 	C:\Xilinx\SDK\2016.2\tps\win64\jre\bin\server\jvm.dll
0x00007ff814af0000 - 0x00007ff814af8000 	C:\WINDOWS\System32\PSAPI.DLL
0x00007ffffcc50000 - 0x00007ffffcc59000 	C:\WINDOWS\SYSTEM32\WSOCK32.dll
0x00007ff80f260000 - 0x00007ff80f283000 	C:\WINDOWS\SYSTEM32\WINMM.dll
0x00007ff812b00000 - 0x00007ff812b6a000 	C:\WINDOWS\System32\WS2_32.dll
0x0000000075a40000 - 0x0000000075b12000 	C:\WINDOWS\SYSTEM32\MSVCR100.dll
0x00007ff80f230000 - 0x00007ff80f25b000 	C:\WINDOWS\SYSTEM32\WINMMBASE.dll
0x00007ff811910000 - 0x00007ff811952000 	C:\WINDOWS\System32\cfgmgr32.dll
0x00000000769a0000 - 0x00000000769af000 	C:\Xilinx\SDK\2016.2\tps\win64\jre\bin\verify.dll
0x0000000076970000 - 0x0000000076999000 	C:\Xilinx\SDK\2016.2\tps\win64\jre\bin\java.dll
0x0000000076950000 - 0x0000000076966000 	C:\Xilinx\SDK\2016.2\tps\win64\jre\bin\zip.dll
0x00007ff8135e0000 - 0x00007ff814ae9000 	C:\WINDOWS\System32\SHELL32.dll
0x00007ff811d90000 - 0x00007ff81246a000 	C:\WINDOWS\System32\windows.storage.dll
0x00007ff811340000 - 0x00007ff81138c000 	C:\WINDOWS\System32\powrprof.dll
0x00007ff813580000 - 0x00007ff8135d2000 	C:\WINDOWS\System32\shlwapi.dll
0x00007ff8113c0000 - 0x00007ff8113cf000 	C:\WINDOWS\System32\kernel.appcore.dll
0x00007ff811b10000 - 0x00007ff811bb9000 	C:\WINDOWS\System32\shcore.dll
0x00007ff8113a0000 - 0x00007ff8113b4000 	C:\WINDOWS\System32\profapi.dll
0x00007ff810db0000 - 0x00007ff810dc7000 	C:\WINDOWS\SYSTEM32\CRYPTSP.dll
0x00007ff810820000 - 0x00007ff810853000 	C:\WINDOWS\system32\rsaenh.dll
0x00007ff811280000 - 0x00007ff8112ab000 	C:\WINDOWS\SYSTEM32\bcrypt.dll
0x00007ff810a90000 - 0x00007ff810aaf000 	C:\WINDOWS\SYSTEM32\USERENV.dll
0x00007ff810dd0000 - 0x00007ff810ddb000 	C:\WINDOWS\SYSTEM32\CRYPTBASE.dll
0x0000000076930000 - 0x000000007694a000 	C:\Xilinx\SDK\2016.2\tps\win64\jre\bin\net.dll
0x00007ff810c10000 - 0x00007ff810c6c000 	C:\WINDOWS\system32\mswsock.dll
0x00007ff8109a0000 - 0x00007ff8109d8000 	C:\WINDOWS\SYSTEM32\IPHLPAPI.DLL
0x00007ff814ed0000 - 0x00007ff814ed8000 	C:\WINDOWS\System32\NSI.dll
0x00007ff80b940000 - 0x00007ff80b956000 	C:\WINDOWS\SYSTEM32\dhcpcsvc6.DLL
0x00007ff80b920000 - 0x00007ff80b93a000 	C:\WINDOWS\SYSTEM32\dhcpcsvc.DLL
0x0000000076910000 - 0x0000000076921000 	C:\Xilinx\SDK\2016.2\tps\win64\jre\bin\nio.dll
0x00007ff8000f0000 - 0x00007ff800106000 	C:\WINDOWS\system32\napinsp.dll
0x00007ff800110000 - 0x00007ff80012a000 	C:\WINDOWS\system32\pnrpnsp.dll
0x00007ff80e9f0000 - 0x00007ff80ea08000 	C:\WINDOWS\system32\NLAapi.dll
0x00007ff8109e0000 - 0x00007ff810a80000 	C:\WINDOWS\SYSTEM32\DNSAPI.dll
0x00007ff800130000 - 0x00007ff80013e000 	C:\WINDOWS\System32\winrnr.dll
0x00000000538e0000 - 0x0000000053906000 	C:\Program Files\Bonjour\mdnsNSP.dll
0x00007ff80a910000 - 0x00007ff80a91a000 	C:\Windows\System32\rasadhlp.dll
0x00007ff80b2e0000 - 0x00007ff80b34a000 	C:\WINDOWS\System32\fwpuclnt.dll
0x0000000017cb0000 - 0x0000000017d58000 	C:\Users\Neil\.Xilinx\SDK\2016.2\org.eclipse.osgi\312\0\.cp\swt-win32-4527.dll
0x00007ff813430000 - 0x00007ff813567000 	C:\WINDOWS\System32\ole32.dll
0x00007ff8127e0000 - 0x00007ff8128da000 	C:\WINDOWS\System32\comdlg32.dll
0x00007ff811bc0000 - 0x00007ff811d89000 	C:\WINDOWS\System32\CRYPT32.dll
0x00007ff811390000 - 0x00007ff8113a0000 	C:\WINDOWS\System32\MSASN1.dll
0x00007ff807d70000 - 0x00007ff807df6000 	C:\WINDOWS\SYSTEM32\WINSPOOL.DRV
0x00007fffe5e00000 - 0x00007fffe5e19000 	C:\WINDOWS\SYSTEM32\USP10.dll
0x00007ff806670000 - 0x00007ff806903000 	C:\WINDOWS\SYSTEM32\WININET.dll
0x00007ff80f170000 - 0x00007ff80f196000 	C:\WINDOWS\system32\dwmapi.dll
0x00007ff80eda0000 - 0x00007ff80ef25000 	C:\WINDOWS\SYSTEM32\propsys.dll
0x00007ff814c30000 - 0x00007ff814ccf000 	C:\WINDOWS\System32\clbcatq.dll
0x00000000181c0000 - 0x00000000181de000 	C:\Users\Neil\.Xilinx\SDK\2016.2\org.eclipse.osgi\312\0\.cp\swt-gdip-win32-4527.dll
0x00007ff807bd0000 - 0x00007ff807d6a000 	C:\WINDOWS\WinSxS\amd64_microsoft.windows.gdiplus_6595b64144ccf1df_1.1.14393.321_none_72fe05dd211a5fae\gdiplus.dll
0x00007ff80ef30000 - 0x00007ff80f0d8000 	C:\WINDOWS\SYSTEM32\WindowsCodecs.dll
0x0000000180000000 - 0x0000000180012000 	C:\Users\Neil\.Xilinx\SDK\2016.2\org.eclipse.osgi\126\0\.cp\os\win32\x86_64\localfile_1_0_0.dll
0x00007ff8065e0000 - 0x00007ff806645000 	C:\WINDOWS\SYSTEM32\oleacc.dll
0x00007ff807e30000 - 0x00007ff807e37000 	C:\WINDOWS\SYSTEM32\msimg32.dll
0x00007ff804000000 - 0x00007ff804011000 	C:\Users\Neil\.Xilinx\SDK\2016.2\org.eclipse.osgi\129\0\.cp\jWinHttp-1.0.0.dll
0x00007ff80b160000 - 0x00007ff80b22d000 	C:\WINDOWS\SYSTEM32\WINHTTP.dll
0x00007ff806390000 - 0x00007ff80639f000 	C:\Xilinx\SDK\2016.2\lib\win64.o\librdi_repo_manager.dll
0x00007ff805850000 - 0x00007ff80587a000 	C:\Xilinx\SDK\2016.2\lib\win64.o\libisl_sysinfo.dll
0x00007ff803600000 - 0x00007ff8036a7000 	C:\WINDOWS\SYSTEM32\MSVCP110.dll
0x00007ff803520000 - 0x00007ff8035f4000 	C:\WINDOWS\SYSTEM32\MSVCR110.dll
0x00007fffb3480000 - 0x00007fffb3ec0000 	C:\Xilinx\SDK\2016.2\lib\win64.o\librdi_common.dll
0x00007fffdcf20000 - 0x00007fffdd28e000 	C:\Xilinx\SDK\2016.2\lib\win64.o\libCOIN-all.dll
0x00007ff805150000 - 0x00007ff8051a4000 	C:\Xilinx\SDK\2016.2\lib\win64.o\librdi_commonxillic.dll
0x00007fffe2b10000 - 0x00007fffe2d02000 	C:\Xilinx\SDK\2016.2\lib\win64.o\librdi_hsm.dll
0x00007fffe0df0000 - 0x00007fffe100f000 	C:\Xilinx\SDK\2016.2\lib\win64.o\libXil_lmgr11.dll
0x00007ff8115f0000 - 0x00007ff811645000 	C:\WINDOWS\System32\WINTRUST.dll
0x00007ff80bb70000 - 0x00007ff80bb80000 	C:\Xilinx\SDK\2016.2\lib\win64.o\libboost_date_time.dll
0x00007ff806420000 - 0x00007ff806444000 	C:\Xilinx\SDK\2016.2\lib\win64.o\libboost_filesystem.dll
0x00007ff8063a0000 - 0x00007ff806417000 	C:\Xilinx\SDK\2016.2\lib\win64.o\libboost_program_options.dll
0x00007fffe6af0000 - 0x00007fffe6bf6000 	C:\Xilinx\SDK\2016.2\lib\win64.o\libboost_regex.dll
0x00007ff80c740000 - 0x00007ff80c753000 	C:\Xilinx\SDK\2016.2\lib\win64.o\libboost_signals.dll
0x00007ff80c110000 - 0x00007ff80c119000 	C:\Xilinx\SDK\2016.2\lib\win64.o\libboost_system.dll
0x00007ff80b3c0000 - 0x00007ff80b3dd000 	C:\Xilinx\SDK\2016.2\lib\win64.o\libboost_thread.dll
0x00007ff80bac0000 - 0x00007ff80bacb000 	C:\Xilinx\SDK\2016.2\lib\win64.o\libboost_xilinx.dll
0x00007ff800890000 - 0x00007ff800910000 	C:\Xilinx\SDK\2016.2\lib\win64.o\libhdlpsolve.dll
0x00007ff803f30000 - 0x00007ff803fca000 	C:\Xilinx\SDK\2016.2\lib\win64.o\libhdxml.dll
0x00007fffb2cd0000 - 0x00007fffb3135e00 	C:\Xilinx\SDK\2016.2\lib\win64.o\libisl_iostreams.dll
0x00007fffe52e0000 - 0x00007fffe5410000 	C:\Xilinx\SDK\2016.2\lib\win64.o\librdi_curl.dll
0x00007ff805540000 - 0x00007ff805558000 	C:\Xilinx\SDK\2016.2\lib\win64.o\librdiconfig.dll
0x00007ff8048a0000 - 0x00007ff8048c3000 	C:\Xilinx\SDK\2016.2\lib\win64.o\librdizlib.dll
0x00007ff80f360000 - 0x00007ff80f375000 	C:\Xilinx\SDK\2016.2\lib\win64.o\pthreadVC2.dll
0x0000000074ee0000 - 0x0000000075007000 	C:\Xilinx\SDK\2016.2\lib\win64.o\tcl85t.dll
0x00007ff8069b0000 - 0x00007ff806b72000 	C:\WINDOWS\SYSTEM32\urlmon.dll
0x00007ff8051f0000 - 0x00007ff805213000 	C:\WINDOWS\SYSTEM32\VCOMP110.DLL
0x0000000022910000 - 0x0000000022b73000 	C:\Xilinx\SDK\2016.2\lib\win64.o\xerces-c_3_1.dll
0x00007ff806650000 - 0x00007ff806668000 	C:\WINDOWS\SYSTEM32\NETAPI32.dll
0x00007fffffde0000 - 0x00007fffffe23000 	C:\Xilinx\SDK\2016.2\lib\win64.o\librdi_hdf.dll
0x00007fffe0650000 - 0x00007fffe08d1000 	C:\Xilinx\SDK\2016.2\lib\win64.o\librdi_ippcw.dll
0x00007ff808c40000 - 0x00007ff808c4b000 	C:\Xilinx\SDK\2016.2\lib\win64.o\libboost_chrono.dll
0x00007ff805e10000 - 0x00007ff805e26000 	C:\Xilinx\SDK\2016.2\lib\win64.o\libboost_iostreams.dll
0x00007ff804870000 - 0x00007ff804893000 	C:\Xilinx\SDK\2016.2\lib\win64.o\libisl_iosutils.dll
0x00007ff8095f0000 - 0x00007ff809893000 	C:\WINDOWS\SYSTEM32\iertutil.dll
0x00007ffffdb90000 - 0x00007ffffdbd2000 	C:\WINDOWS\SYSTEM32\edputil.dll
0x00007ff805bf0000 - 0x00007ff805bfa000 	C:\Xilinx\SDK\2016.2\lib\win64.o\librdi_jtag_settings.dll
0x00007ff803f00000 - 0x00007ff803f29000 	C:\Xilinx\SDK\2016.2\lib\win64.o\librdi_debug_dialog.dll
0x00007ff805140000 - 0x00007ff805148000 	C:\Xilinx\SDK\2016.2\lib\win64.o\librdi_target_manager.dll
0x00007fffa8430000 - 0x00007fffa8c40000 	C:\Xilinx\SDK\2016.2\lib\win64.o\libXil_lmgr11FNP.dll
0x00007ff812f50000 - 0x00007ff813379000 	C:\WINDOWS\System32\SETUPAPI.dll
0x00007ff80bf90000 - 0x00007ff80bf9c000 	C:\WINDOWS\SYSTEM32\snmpapi.dll
0x00007ff810fb0000 - 0x00007ff810fdc000 	C:\WINDOWS\SYSTEM32\SspiCli.dll
0x000000001a0d0000 - 0x000000001a0d3000 	C:\WINDOWS\SYSTEM32\icmp.Dll
0x00007ff80ba20000 - 0x00007ff80ba2b000 	C:\WINDOWS\SYSTEM32\WINNSI.DLL
0x00007ff810010000 - 0x00007ff810038000 	C:\WINDOWS\SYSTEM32\DEVOBJ.dll
0x00007ff8106f0000 - 0x00007ff810722000 	C:\WINDOWS\SYSTEM32\ntmarta.dll

VM Arguments:
jvm_args: -Dcom.xilinx.sdk.args.hwspec=C:/Users/Neil/Documents/Neil/EngSci/year_4_winter/ECE532/GrandTheftAuto/image_processing/img_proc_mb/img_proc_mb.sdk/img_proc_mb_wrapper.hdf -Xms64m -Xmx512m & 
java_command: <unknown>
java_class_path (initial): C:\Xilinx\SDK\2016.2\eclipse\win64.o\\plugins/org.eclipse.equinox.launcher_1.3.100.v20150511-1540.jar
Launcher Type: generic

Environment Variables:
JAVA_HOME=C:\glassfish3\jdk7
PATH=C:/Xilinx/SDK/2016.2/tps/win64/jre/bin/server;C:/Xilinx/SDK/2016.2/tps/win64/jre/bin;C:/Xilinx/SDK/2016.2/tps/win64/jre/lib/amd64;C:\Xilinx\SDK\2016.2\gnuwin\bin;C:\Xilinx\SDK\2016.2\gnu\microblaze\nt\bin;C:\Xilinx\SDK\2016.2\gnu\microblaze\linux_toolchain\nt64_le\bin;C:\Xilinx\SDK\2016.2\gnu\microblaze\linux_toolchain\nt64_be\bin;C:\Xilinx\SDK\2016.2\gnu\arm\nt\bin;C:\Xilinx\SDK\2016.2\gnu\aarch64\nt\aarch64-none\bin;C:\Xilinx\SDK\2016.2\gnu\aarch64\nt\aarch64-linux\bin;C:\Xilinx\SDK\2016.2\gnu\armr5\nt\gcc-arm-none-eabi\bin;C:\Xilinx\SDK\2016.2\gnu\aarch32\nt\gcc-arm-none-eabi\bin;C:\Xilinx\SDK\2016.2\gnu\aarch32\nt\gcc-arm-linux-gnueabi\bin;C:\Xilinx\SDK\2016.2\tps\win64\cmake-3.3.2\bin;;C:\Xilinx\SDK\2016.2\bin;C:\Xilinx\SDK\2016.2\lib\win64.o;C:\Xilinx\SDK\2016.2\tps\win64\jre\bin\server;C:\Xilinx\SDK\2016.2\tps\win64\jre\bin;C:\Xilinx\Vivado\2016.2\ids_lite\ISE\bin\nt64;C:\Xilinx\Vivado\2016.2\ids_lite\ISE\lib\nt64;C:\Xilinx\Vivado\2016.2\bin;C:\Xilinx\Vivado\2016.2\lib\win64.o;C:\Xilinx\Vivado\2016.2\tps\win64\jre\bin\server;C:\Xilinx\Vivado\2016.2\tps\win64\jre\bin;C:\Xilinx\Vivado_HLS\2016.2\bin;C:\WINDOWS\system32;C:\WINDOWS;C:\WINDOWS\System32\Wbem;C:\WINDOWS\System32\WindowsPowerShell\v1.0\;c:\Program Files (x86)\ATI Technologies\ATI.ACE\Core-Static;C:\Program Files (x86)\Windows Live\Shared;C:\Python27;C:\Python27\Scripts;C:\Program Files (x86)\Codeblocks\MinGW\bin;C:\Program Files (x86)\Heroku\bin;C:\Program Files (x86)\git\cmd;C:\Program Files\MiKTeX 2.9\miktex\bin\x64\;C:\apache-ant-1.9.8\bin;C:\glassfish3\jdk7\bin;C:\Program Files (x86)\Java\jre7\bin;C:\Program Files (x86)\Graphviz2.38\bin;C:\RailsInstaller\Git\cmd;C:\RailsInstaller\Ruby2.2.0\bin;C:\Ruby22\bin;C:\Users\Neil\AppData\Local\Microsoft\WindowsApps;c:\Users\Neil\Documents\Neil\EngSci\year_4_winter\ECE532\GrandTheftAuto\image_processing\img_proc_mb;
USERNAME=Neil
OS=Windows_NT
PROCESSOR_IDENTIFIER=AMD64 Family 22 Model 0 Stepping 1, AuthenticAMD



---------------  S Y S T E M  ---------------

OS: Windows 10.0 , 64 bit Build 14393 (10.0.14393.0)

CPU:total 4 (4 cores per cpu, 1 threads per core) family 22 model 0 stepping 1, cmov, cx8, fxsr, mmx, sse, sse2, sse3, ssse3, sse4.1, sse4.2, popcnt, avx, aes, clmul, mmxext, 3dnowpref, lzcnt, sse4a, tsc, tscinvbit, tscinv, bmi1

Memory: 4k page, physical 3621900k(602028k free), swap 8078348k(1559344k free)

vm_info: Java HotSpot(TM) 64-Bit Server VM (25.66-b18) for windows-amd64 JRE (1.8.0_66-b18), built on Nov  9 2015 10:51:13 by "java_re" with MS VC++ 10.0 (VS2010)

time: Mon Feb 27 20:43:45 2017
elapsed time: 700 seconds (0d 0h 11m 40s)

