#
# A fatal error has been detected by the Java Runtime Environment:
#
#  EXCEPTION_ACCESS_VIOLATION (0xc0000005) at pc=0x000007fedba05bfe, pid=3372, tid=3928
#
# JRE version: Java(TM) SE Runtime Environment (8.0_66-b18) (build 1.8.0_66-b18)
# Java VM: Java HotSpot(TM) 64-Bit Server VM (25.66-b18 mixed mode windows-amd64 compressed oops)
# Problematic frame:
# C  [librdi_netlist.dll+0xa5bfe]
#
# Failed to write core dump. Minidumps are not enabled by default on client versions of Windows
#
# If you would like to submit a bug report, please visit:
#   http://bugreport.java.com/bugreport/crash.jsp
# The crash happened outside the Java Virtual Machine in native code.
# See problematic frame for where to report the bug.
#

---------------  T H R E A D  ---------------

Current thread (0x0000000007491000):  JavaThread "AWT-EventQueue-1" [_thread_in_native, id=3928, stack(0x0000000025c70000,0x0000000026170000)]

siginfo: ExceptionCode=0xc0000005, reading address 0xffffffffffffffff

Registers:
RAX=0x000007fedb9c7d50, RBX=0x000000008aa6a070, RCX=0x000007fedbc263d8, RDX=0x000000002616d388
RSP=0x000000002616d488, RBP=0x000000002616d559, RSI=0x000000008aa69650, RDI=0x000000008aa6a6a0
R8 =0x000000000a92f048, R9 =0x0000000051c289b0, R10=0x000000002616d4f0, R11=0x000000008aa69650
R12=0x00000000557e2f10, R13=0x00000000514afcf0, R14=0x00000000514afcf0, R15=0x00000000514aff60
RIP=0x000007fedba05bfe, EFLAGS=0x0000000000010246

Top of Stack: (sp=0x000000002616d488)
0x000000002616d488:   000007fedd778517 000000008aa6a010
0x000000002616d498:   000000008aa6a070 000000008aa69650
0x000000002616d4a8:   000000008aa6a6a0 000000006290fe00
0x000000002616d4b8:   000000006290fe98 000000006290ff40
0x000000002616d4c8:   00000007c0037d28 00000000587944e8
0x000000002616d4d8:   000000008aa69650 0000000000000036
0x000000002616d4e8:   0000000000000001 00000000587944e8
0x000000002616d4f8:   000000006290fd50 000000002616d5e8
0x000000002616d508:   000000008aa6a490 000000008aa696b0
0x000000002616d518:   fffffffffffffffe 0000000000000000
0x000000002616d528:   0000000000000000 0000000000000000
0x000000002616d538:   000000008aa6a6a0 0000000070c3be01
0x000000002616d548:   00000000514aff40 0000000000000000
0x000000002616d558:   00000000514afcf0 00000000514aff60
0x000000002616d568:   00000000514affe0 0000000000000000
0x000000002616d578:   0000b38593f05515 0000000007491000 

Instructions: (pc=0x000007fedba05bfe)
0x000007fedba05bde:   cc cc 48 8b 49 08 48 83 e1 fc 74 35 8b 41 10 c1
0x000007fedba05bee:   e8 04 83 e0 03 83 f8 01 75 0d 48 8b 09 48 8b 01
0x000007fedba05bfe:   48 ff a0 f8 00 00 00 83 f8 02 75 08 48 8b 01 48
0x000007fedba05c0e:   8b 40 08 c3 85 c0 75 04 48 8b 01 c3 e9 51 16 00 


Register to memory mapping:

RAX=0x000007fedb9c7d50 is an unknown value
RBX=0x000000008aa6a070 is an unknown value
RCX=0x000007fedbc263d8 is an unknown value
RDX=0x000000002616d388 is pointing into the stack for thread: 0x0000000007491000
RSP=0x000000002616d488 is pointing into the stack for thread: 0x0000000007491000
RBP=0x000000002616d559 is pointing into the stack for thread: 0x0000000007491000
RSI=0x000000008aa69650 is an unknown value
RDI=0x000000008aa6a6a0 is an unknown value
R8 =0x000000000a92f048 is an unknown value
R9 =0x0000000051c289b0 is an unknown value
R10=0x000000002616d4f0 is pointing into the stack for thread: 0x0000000007491000
R11=0x000000008aa69650 is an unknown value
R12=0x00000000557e2f10 is an unknown value
R13=0x00000000514afcf0 is an unknown value
R14=0x00000000514afcf0 is an unknown value
R15=0x00000000514aff60 is an unknown value


Stack: [0x0000000025c70000,0x0000000026170000],  sp=0x000000002616d488,  free space=5109k
Native frames: (J=compiled Java code, j=interpreted, Vv=VM code, C=native code)
C  [librdi_netlist.dll+0xa5bfe]

Java frames: (J=compiled Java code, j=interpreted, Vv=VM code)
j  ui.data.chipscope.chipscopei.DebugCoreMgr_createUnassignedNetIter(J)J+0
j  ui.data.chipscope.d.rE()Lui/data/netlist/a/i;+4
j  ui.b.h.x.dQx()Ljava/util/Collection;+27
j  ui.b.h.x.dQq()V+52
j  ui.b.h.x.dQp()V+192
j  ui.views.t.a.fXJ()V+36
j  ui.views.t.a.fXI()Lui/g/m/u/g;+52
j  ui.views.t.a.cy()V+13
j  ui.views.t.a.<init>(Lui/views/cD;)V+22
j  ui.views.cD.fEp()V+9
j  ui.views.ag.fAh()V+134
j  ui.cL.<init>(Lui/bh;Lui/project/v;Lui/project/a;)V+34
j  ui.views.cD.<init>(Lui/bh;Lui/project/v;Lui/project/a;)V+4
j  ui.views.ag.<init>(Lui/bh;Lui/project/a;)V+7
j  ui.views.M.N.z(Lui/project/a;)Lui/views/ag;+9
j  ui.views.M.N.y(Lui/project/a;)Lui/views/cD;+14
j  ui.views.M.aD.y(Lui/project/a;)Lui/views/cD;+9
j  ui.views.M.aD.w(Lui/project/a;)V+3
j  ui.views.M.ay.G(Lui/project/a;)V+19
j  ui.views.M.ay.a(Lui/frmwork/a/g;)V+131
J 14777 C1 ui.frmwork.a.j.d(Lui/frmwork/a/g;)V (61 bytes) @ 0x0000000013b9ef24 [0x0000000013b9e640+0x8e4]
J 7766 C1 ui.frmwork.HTclEventBroker.i(JZ)V (450 bytes) @ 0x0000000013aecd9c [0x0000000013ae9ae0+0x32bc]
J 14776 C1 ui.frmwork.J.run()V (21 bytes) @ 0x0000000013b9f82c [0x0000000013b9f780+0xac]
J 9279 C2 java.awt.EventQueue.dispatchEventImpl(Ljava/awt/AWTEvent;Ljava/lang/Object;)V (149 bytes) @ 0x0000000012d180b4 [0x0000000012d17aa0+0x614]
J 9469 C2 java.awt.EventQueue$3.run()Ljava/lang/Object; (5 bytes) @ 0x0000000013eeaf4c [0x0000000013eeaee0+0x6c]
v  ~StubRoutines::call_stub
J 1639  java.security.AccessController.doPrivileged(Ljava/security/PrivilegedAction;Ljava/security/AccessControlContext;)Ljava/lang/Object; (0 bytes) @ 0x0000000012830be6 [0x0000000012830b80+0x66]
J 9268 C2 java.awt.EventDispatchThread.pumpOneEventForFilters(I)V (295 bytes) @ 0x000000001408c6b0 [0x000000001408b5c0+0x10f0]
J 12954% C2 java.awt.EventDispatchThread.pumpEventsForFilter(ILjava/awt/Conditional;Ljava/awt/EventFilter;)V (47 bytes) @ 0x00000000130cb240 [0x00000000130cb140+0x100]
j  java.awt.EventDispatchThread.pumpEventsForHierarchy(ILjava/awt/Conditional;Ljava/awt/Component;)V+11
j  java.awt.EventDispatchThread.pumpEvents(ILjava/awt/Conditional;)V+4
j  java.awt.EventDispatchThread.pumpEvents(Ljava/awt/Conditional;)V+3
j  java.awt.EventDispatchThread.run()V+9
v  ~StubRoutines::call_stub

---------------  P R O C E S S  ---------------

Java Threads: ( => current thread )
  0x00000000541c9800 JavaThread "Image Fetcher 0" daemon [_thread_blocked, id=416, stack(0x0000000096f80000,0x0000000097480000)]
  0x000000005254e000 JavaThread "RouteApi Load Engine Xgd Thread" [_thread_in_native, id=4128, stack(0x0000000093100000,0x0000000093600000)]
  0x0000000055d75000 JavaThread "Open Implemented Design" [_thread_blocked, id=3012, stack(0x0000000059b20000,0x000000005a020000)]
  0x0000000027f19000 JavaThread "Monitor File Timestamp" [_thread_blocked, id=960, stack(0x0000000056010000,0x0000000056510000)]
  0x0000000054217800 JavaThread "Monitor File Timestamp" [_thread_blocked, id=4468, stack(0x0000000056510000,0x0000000056a10000)]
  0x000000004e079000 JavaThread "Monitor File Timestamp" [_thread_blocked, id=2832, stack(0x0000000054b80000,0x0000000055080000)]
  0x000000004e07a800 JavaThread "Monitor File Timestamp" [_thread_blocked, id=4136, stack(0x00000000545b0000,0x0000000054ab0000)]
  0x0000000038585800 JavaThread "hw_ila_monitor" [_thread_blocked, id=1344, stack(0x0000000038ce0000,0x00000000391e0000)]
  0x0000000038439800 JavaThread "Update Runs" [_thread_blocked, id=2784, stack(0x00000000386a0000,0x0000000038ba0000)]
  0x000000003837d800 JavaThread "Refresh Filesets" [_thread_blocked, id=2288, stack(0x0000000026ac0000,0x0000000026fc0000)]
  0x0000000029445800 JavaThread "Swing-Shell" daemon [_thread_blocked, id=2736, stack(0x000000002a9c0000,0x000000002aec0000)]
  0x0000000028ab3800 JavaThread "Monitor File Timestamp" [_thread_blocked, id=740, stack(0x0000000029ce0000,0x000000002a1e0000)]
=>0x0000000007491000 JavaThread "AWT-EventQueue-1" [_thread_in_native, id=3928, stack(0x0000000025c70000,0x0000000026170000)]
  0x000000000749f000 JavaThread "Process Messages" [_thread_blocked, id=3792, stack(0x0000000025750000,0x0000000025c50000)]
  0x00000000060d3000 JavaThread "Thread-3" [_thread_in_native, id=688, stack(0x0000000002520000,0x0000000003920000)]
  0x0000000023fa7800 JavaThread "AWT-EventQueue-0" [_thread_blocked, id=3600, stack(0x00000000251a0000,0x00000000256a0000)]
  0x00000000219a7800 JavaThread "AWT-Windows" daemon [_thread_in_native, id=3740, stack(0x0000000023a40000,0x0000000023f40000)]
  0x0000000021983800 JavaThread "AWT-Shutdown" [_thread_blocked, id=1240, stack(0x0000000023500000,0x0000000023a00000)]
  0x0000000021981000 JavaThread "Java2D Disposer" daemon [_thread_blocked, id=3560, stack(0x0000000023000000,0x0000000023500000)]
  0x0000000021936000 JavaThread "TimerQueue" daemon [_thread_blocked, id=3548, stack(0x0000000022a50000,0x0000000022f50000)]
  0x000000000a6a5800 JavaThread "Service Thread" daemon [_thread_blocked, id=4084, stack(0x0000000021a00000,0x0000000021f00000)]
  0x000000000a256000 JavaThread "C1 CompilerThread3" daemon [_thread_blocked, id=3156, stack(0x0000000011c20000,0x0000000011d20000)]
  0x000000000a257800 JavaThread "C2 CompilerThread2" daemon [_thread_blocked, id=3272, stack(0x00000000115a0000,0x00000000116a0000)]
  0x000000000a259000 JavaThread "C2 CompilerThread1" daemon [_thread_blocked, id=3128, stack(0x000000000a7b0000,0x000000000a8b0000)]
  0x000000000a25a000 JavaThread "C2 CompilerThread0" daemon [_thread_blocked, id=2268, stack(0x000000000a550000,0x000000000a650000)]
  0x000000000a25c000 JavaThread "Attach Listener" daemon [_thread_blocked, id=1352, stack(0x0000000021340000,0x0000000021840000)]
  0x000000000a25d800 JavaThread "Signal Dispatcher" daemon [_thread_blocked, id=2276, stack(0x00000000116b0000,0x0000000011bb0000)]
  0x0000000009fb8800 JavaThread "Finalizer" daemon [_thread_blocked, id=3528, stack(0x0000000011080000,0x0000000011580000)]
  0x0000000009fb9800 JavaThread "Reference Handler" daemon [_thread_blocked, id=3760, stack(0x0000000010ae0000,0x0000000010fe0000)]
  0x00000000074b5800 JavaThread "main" [_thread_blocked, id=2812, stack(0x0000000007630000,0x0000000007730000)]

Other Threads:
  0x0000000009fa1000 VMThread [stack: 0x000000000a2c0000,0x000000000a3c0000] [id=4036]
  0x000000000a6a2800 WatcherThread [stack: 0x0000000011d80000,0x0000000011e80000] [id=2112]

VM state:not at safepoint (normal execution)

VM Mutex/Monitor currently owned by a thread: None

Heap:
 PSYoungGen      total 48640K, used 32883K [0x00000007bc400000, 0x00000007c0000000, 0x00000007c0000000)
  eden space 35840K, 56% used [0x00000007bc400000,0x00000007bd7a3048,0x00000007be700000)
  from space 12800K, 99% used [0x00000007be700000,0x00000007bf379f88,0x00000007bf380000)
  to   space 12800K, 0% used [0x00000007bf380000,0x00000007bf380000,0x00000007c0000000)
 ParOldGen       total 176128K, used 85514K [0x0000000700000000, 0x000000070ac00000, 0x00000007bc400000)
  object space 176128K, 48% used [0x0000000700000000,0x0000000705382bb0,0x000000070ac00000)
 Metaspace       used 66684K, capacity 67024K, committed 67584K, reserved 1107968K
  class space    used 9546K, capacity 9632K, committed 9728K, reserved 1048576K

Card table byte_map: [0x0000000007af0000,0x0000000008100000] byte_map_base: 0x00000000042f0000

Marking Bits: (ParMarkBitMap*) 0x0000000070e5a5b0
 Begin Bits: [0x000000000a990000, 0x000000000d990000)
 End Bits:   [0x000000000d990000, 0x0000000010990000)

Polling page: 0x0000000000460000

CodeCache: size=245760Kb used=48456Kb max_used=48456Kb free=197303Kb
 bounds [0x0000000012270000, 0x0000000015220000, 0x0000000021270000]
 total_blobs=12918 nmethods=11974 adapters=849
 compilation: enabled

Compilation events (10 events):
Event: 2661.627 Thread 0x000000000a256000 16108       3       com.jidesoft.grid.SortableTableModel$a_::<init> (6 bytes)
Event: 2661.627 Thread 0x000000000a256000 nmethod 16108 0x00000000151f0450 code [0x00000000151f05c0, 0x00000000151f07f0]
Event: 2661.627 Thread 0x000000000a256000 16109       3       com.jidesoft.grid.SortableTableModel$a_::<init> (10 bytes)
Event: 2661.627 Thread 0x000000000a256000 nmethod 16109 0x00000000151f1fd0 code [0x00000000151f2120, 0x00000000151f22f0]
Event: 2661.627 Thread 0x000000000a256000 16112       1       ui.b.h.w::getColumnCount (2 bytes)
Event: 2661.627 Thread 0x000000000a256000 nmethod 16112 0x000000001248ab90 code [0x000000001248ace0, 0x000000001248adf0]
Event: 2661.627 Thread 0x000000000a256000 16114       3       com.jidesoft.grid.JideTable::saveTableRowSettings (68 bytes)
Event: 2661.627 Thread 0x000000000a256000 nmethod 16114 0x00000000151efb50 code [0x00000000151efce0, 0x00000000151f0398]
Event: 2661.627 Thread 0x000000000a256000 16096       3       javax.swing.table.TableColumn::setPreferredWidth (36 bytes)
Event: 2661.627 Thread 0x000000000a256000 nmethod 16096 0x00000000151ef1d0 code [0x00000000151ef380, 0x00000000151ef8c8]

GC Heap History (10 events):
Event: 2659.603 GC heap before
{Heap before GC invocations=264 (full 11):
 PSYoungGen      total 56832K, used 3104K [0x00000007bc400000, 0x00000007c0000000, 0x00000007c0000000)
  eden space 53248K, 0% used [0x00000007bc400000,0x00000007bc400000,0x00000007bf800000)
  from space 3584K, 86% used [0x00000007bf800000,0x00000007bfb08000,0x00000007bfb80000)
  to   space 4608K, 0% used [0x00000007bfb80000,0x00000007bfb80000,0x00000007c0000000)
 ParOldGen       total 176128K, used 70231K [0x0000000700000000, 0x000000070ac00000, 0x00000007bc400000)
  object space 176128K, 39% used [0x0000000700000000,0x0000000704495f08,0x000000070ac00000)
 Metaspace       used 59914K, capacity 60292K, committed 60800K, reserved 1101824K
  class space    used 8419K, capacity 8542K, committed 8576K, reserved 1048576K
Event: 2659.704 GC heap after
Heap after GC invocations=264 (full 11):
 PSYoungGen      total 56832K, used 0K [0x00000007bc400000, 0x00000007c0000000, 0x00000007c0000000)
  eden space 53248K, 0% used [0x00000007bc400000,0x00000007bc400000,0x00000007bf800000)
  from space 3584K, 0% used [0x00000007bf800000,0x00000007bf800000,0x00000007bfb80000)
  to   space 4608K, 0% used [0x00000007bfb80000,0x00000007bfb80000,0x00000007c0000000)
 ParOldGen       total 176128K, used 73134K [0x0000000700000000, 0x000000070ac00000, 0x00000007bc400000)
  object space 176128K, 41% used [0x0000000700000000,0x000000070476ba50,0x000000070ac00000)
 Metaspace       used 59914K, capacity 60292K, committed 60800K, reserved 1101824K
  class space    used 8419K, capacity 8542K, committed 8576K, reserved 1048576K
}
Event: 2660.172 GC heap before
{Heap before GC invocations=265 (full 11):
 PSYoungGen      total 56832K, used 53248K [0x00000007bc400000, 0x00000007c0000000, 0x00000007c0000000)
  eden space 53248K, 100% used [0x00000007bc400000,0x00000007bf800000,0x00000007bf800000)
  from space 3584K, 0% used [0x00000007bf800000,0x00000007bf800000,0x00000007bfb80000)
  to   space 4608K, 0% used [0x00000007bfb80000,0x00000007bfb80000,0x00000007c0000000)
 ParOldGen       total 176128K, used 73134K [0x0000000700000000, 0x000000070ac00000, 0x00000007bc400000)
  object space 176128K, 41% used [0x0000000700000000,0x000000070476ba50,0x000000070ac00000)
 Metaspace       used 62523K, capacity 62948K, committed 63488K, reserved 1103872K
  class space    used 8594K, capacity 8702K, committed 8704K, reserved 1048576K
Event: 2660.179 GC heap after
Heap after GC invocations=265 (full 11):
 PSYoungGen      total 50688K, used 4596K [0x00000007bc400000, 0x00000007c0000000, 0x00000007c0000000)
  eden space 46080K, 0% used [0x00000007bc400000,0x00000007bc400000,0x00000007bf100000)
  from space 4608K, 99% used [0x00000007bfb80000,0x00000007bfffd2e8,0x00000007c0000000)
  to   space 7680K, 0% used [0x00000007bf100000,0x00000007bf100000,0x00000007bf880000)
 ParOldGen       total 176128K, used 78602K [0x0000000700000000, 0x000000070ac00000, 0x00000007bc400000)
  object space 176128K, 44% used [0x0000000700000000,0x0000000704cc2830,0x000000070ac00000)
 Metaspace       used 62523K, capacity 62948K, committed 63488K, reserved 1103872K
  class space    used 8594K, capacity 8702K, committed 8704K, reserved 1048576K
}
Event: 2660.293 GC heap before
{Heap before GC invocations=266 (full 11):
 PSYoungGen      total 50688K, used 50676K [0x00000007bc400000, 0x00000007c0000000, 0x00000007c0000000)
  eden space 46080K, 100% used [0x00000007bc400000,0x00000007bf100000,0x00000007bf100000)
  from space 4608K, 99% used [0x00000007bfb80000,0x00000007bfffd2e8,0x00000007c0000000)
  to   space 7680K, 0% used [0x00000007bf100000,0x00000007bf100000,0x00000007bf880000)
 ParOldGen       total 176128K, used 78602K [0x0000000700000000, 0x000000070ac00000, 0x00000007bc400000)
  object space 176128K, 44% used [0x0000000700000000,0x0000000704cc2830,0x000000070ac00000)
 Metaspace       used 62698K, capacity 63076K, committed 63488K, reserved 1103872K
  class space    used 8604K, capacity 8702K, committed 8704K, reserved 1048576K
Event: 2660.300 GC heap after
Heap after GC invocations=266 (full 11):
 PSYoungGen      total 53760K, used 7668K [0x00000007bc400000, 0x00000007c0000000, 0x00000007c0000000)
  eden space 46080K, 0% used [0x00000007bc400000,0x00000007bc400000,0x00000007bf100000)
  from space 7680K, 99% used [0x00000007bf100000,0x00000007bf87d2e8,0x00000007bf880000)
  to   space 7680K, 0% used [0x00000007bf880000,0x00000007bf880000,0x00000007c0000000)
 ParOldGen       total 176128K, used 80925K [0x0000000700000000, 0x000000070ac00000, 0x00000007bc400000)
  object space 176128K, 45% used [0x0000000700000000,0x0000000704f074e0,0x000000070ac00000)
 Metaspace       used 62698K, capacity 63076K, committed 63488K, reserved 1103872K
  class space    used 8604K, capacity 8702K, committed 8704K, reserved 1048576K
}
Event: 2660.395 GC heap before
{Heap before GC invocations=267 (full 11):
 PSYoungGen      total 53760K, used 53748K [0x00000007bc400000, 0x00000007c0000000, 0x00000007c0000000)
  eden space 46080K, 100% used [0x00000007bc400000,0x00000007bf100000,0x00000007bf100000)
  from space 7680K, 99% used [0x00000007bf100000,0x00000007bf87d2e8,0x00000007bf880000)
  to   space 7680K, 0% used [0x00000007bf880000,0x00000007bf880000,0x00000007c0000000)
 ParOldGen       total 176128K, used 80925K [0x0000000700000000, 0x000000070ac00000, 0x00000007bc400000)
  object space 176128K, 45% used [0x0000000700000000,0x0000000704f074e0,0x000000070ac00000)
 Metaspace       used 62699K, capacity 63076K, committed 63488K, reserved 1103872K
  class space    used 8604K, capacity 8702K, committed 8704K, reserved 1048576K
Event: 2660.435 GC heap after
Heap after GC invocations=267 (full 11):
 PSYoungGen      total 43520K, used 7668K [0x00000007bc400000, 0x00000007c0000000, 0x00000007c0000000)
  eden space 35840K, 0% used [0x00000007bc400000,0x00000007bc400000,0x00000007be700000)
  from space 7680K, 99% used [0x00000007bf880000,0x00000007bfffd2e8,0x00000007c0000000)
  to   space 12800K, 0% used [0x00000007be700000,0x00000007be700000,0x00000007bf380000)
 ParOldGen       total 176128K, used 85354K [0x0000000700000000, 0x000000070ac00000, 0x00000007bc400000)
  object space 176128K, 48% used [0x0000000700000000,0x000000070535a8f8,0x000000070ac00000)
 Metaspace       used 62699K, capacity 63076K, committed 63488K, reserved 1103872K
  class space    used 8604K, capacity 8702K, committed 8704K, reserved 1048576K
}
Event: 2661.152 GC heap before
{Heap before GC invocations=268 (full 11):
 PSYoungGen      total 43520K, used 43508K [0x00000007bc400000, 0x00000007c0000000, 0x00000007c0000000)
  eden space 35840K, 100% used [0x00000007bc400000,0x00000007be700000,0x00000007be700000)
  from space 7680K, 99% used [0x00000007bf880000,0x00000007bfffd2e8,0x00000007c0000000)
  to   space 12800K, 0% used [0x00000007be700000,0x00000007be700000,0x00000007bf380000)
 ParOldGen       total 176128K, used 85354K [0x0000000700000000, 0x000000070ac00000, 0x00000007bc400000)
  object space 176128K, 48% used [0x0000000700000000,0x000000070535a8f8,0x000000070ac00000)
 Metaspace       used 65146K, capacity 65488K, committed 65920K, reserved 1105920K
  class space    used 9220K, capacity 9312K, committed 9344K, reserved 1048576K
Event: 2661.160 GC heap after
Heap after GC invocations=268 (full 11):
 PSYoungGen      total 48640K, used 12775K [0x00000007bc400000, 0x00000007c0000000, 0x00000007c0000000)
  eden space 35840K, 0% used [0x00000007bc400000,0x00000007bc400000,0x00000007be700000)
  from space 12800K, 99% used [0x00000007be700000,0x00000007bf379f88,0x00000007bf380000)
  to   space 12800K, 0% used [0x00000007bf380000,0x00000007bf380000,0x00000007c0000000)
 ParOldGen       total 176128K, used 85514K [0x0000000700000000, 0x000000070ac00000, 0x00000007bc400000)
  object space 176128K, 48% used [0x0000000700000000,0x0000000705382bb0,0x000000070ac00000)
 Metaspace       used 65146K, capacity 65488K, committed 65920K, reserved 1105920K
  class space    used 9220K, capacity 9312K, committed 9344K, reserved 1048576K
}

Deoptimization events (10 events):
Event: 2661.294 Thread 0x0000000007491000 Uncommon trap: reason=class_check action=maybe_recompile pc=0x000000001474eb4c method=java.text.DecimalFormat.subformat(Ljava/lang/StringBuffer;Ljava/text/Format$FieldDelegate;ZZIIII)Ljava/lang/StringBuffer; @ 1046
Event: 2661.312 Thread 0x0000000007491000 Uncommon trap: reason=class_check action=maybe_recompile pc=0x0000000012ab19f4 method=java.lang.Boolean.equals(Ljava/lang/Object;)Z @ 1
Event: 2661.312 Thread 0x0000000007491000 Uncommon trap: reason=class_check action=maybe_recompile pc=0x0000000012ab19f4 method=java.lang.Boolean.equals(Ljava/lang/Object;)Z @ 1
Event: 2661.346 Thread 0x0000000007491000 Uncommon trap: reason=unstable_if action=reinterpret pc=0x000000001509c304 method=ui.b.c.b.C.getTableCellRendererComponent(Ljavax/swing/JTable;Ljava/lang/Object;ZZII)Ljava/awt/Component; @ 95
Event: 2661.399 Thread 0x0000000007491000 Uncommon trap: reason=null_check action=make_not_entrant pc=0x0000000013a22f20 method=ui.data.common.K.equals(Ljava/lang/Object;)Z @ 3
Event: 2661.580 Thread 0x0000000007491000 Uncommon trap: reason=unstable_if action=reinterpret pc=0x000000001453b05c method=com.jidesoft.swing.StyledLabel.addStyleRange(Lcom/jidesoft/swing/StyleRange;)V @ 53
Event: 2661.611 Thread 0x0000000007491000 Uncommon trap: reason=bimorphic action=maybe_recompile pc=0x0000000014f9b71c method=com.jidesoft.grid.AbstractExpandable.getNumberOfVisibleExpandable()I @ 8
Event: 2661.611 Thread 0x0000000007491000 Uncommon trap: reason=bimorphic action=maybe_recompile pc=0x0000000014f9b71c method=com.jidesoft.grid.AbstractExpandable.getNumberOfVisibleExpandable()I @ 8
Event: 2661.611 Thread 0x0000000007491000 Uncommon trap: reason=bimorphic action=maybe_recompile pc=0x0000000014f9b71c method=com.jidesoft.grid.AbstractExpandable.getNumberOfVisibleExpandable()I @ 8
Event: 2661.611 Thread 0x0000000007491000 Uncommon trap: reason=bimorphic action=maybe_recompile pc=0x0000000014f9b71c method=com.jidesoft.grid.AbstractExpandable.getNumberOfVisibleExpandable()I @ 8

Internal exceptions (10 events):
Event: 2618.954 Thread 0x0000000007491000 Exception <a 'java/io/FileNotFoundException'> (0x00000007bd0182b8) thrown at [C:\re\workspace\8-2-build-windows-amd64-cygwin\jdk8u66\5298\hotspot\src\share\vm\prims\jni.cpp, line 709]
Event: 2623.962 Thread 0x0000000007491000 Exception <a 'java/io/FileNotFoundException'> (0x00000007bf163820) thrown at [C:\re\workspace\8-2-build-windows-amd64-cygwin\jdk8u66\5298\hotspot\src\share\vm\prims\jni.cpp, line 709]
Event: 2628.969 Thread 0x0000000007491000 Exception <a 'java/io/FileNotFoundException'> (0x00000007beab4f40) thrown at [C:\re\workspace\8-2-build-windows-amd64-cygwin\jdk8u66\5298\hotspot\src\share\vm\prims\jni.cpp, line 709]
Event: 2633.977 Thread 0x0000000007491000 Exception <a 'java/io/FileNotFoundException'> (0x00000007bcfa40d8) thrown at [C:\re\workspace\8-2-build-windows-amd64-cygwin\jdk8u66\5298\hotspot\src\share\vm\prims\jni.cpp, line 709]
Event: 2638.984 Thread 0x0000000007491000 Exception <a 'java/io/FileNotFoundException'> (0x00000007bc5c16e8) thrown at [C:\re\workspace\8-2-build-windows-amd64-cygwin\jdk8u66\5298\hotspot\src\share\vm\prims\jni.cpp, line 709]
Event: 2643.992 Thread 0x0000000007491000 Exception <a 'java/io/FileNotFoundException'> (0x00000007bc850ee0) thrown at [C:\re\workspace\8-2-build-windows-amd64-cygwin\jdk8u66\5298\hotspot\src\share\vm\prims\jni.cpp, line 709]
Event: 2648.999 Thread 0x0000000007491000 Exception <a 'java/io/FileNotFoundException'> (0x00000007bcb0c8d0) thrown at [C:\re\workspace\8-2-build-windows-amd64-cygwin\jdk8u66\5298\hotspot\src\share\vm\prims\jni.cpp, line 709]
Event: 2654.007 Thread 0x0000000007491000 Exception <a 'java/io/FileNotFoundException'> (0x00000007bcda3890) thrown at [C:\re\workspace\8-2-build-windows-amd64-cygwin\jdk8u66\5298\hotspot\src\share\vm\prims\jni.cpp, line 709]
Event: 2659.014 Thread 0x0000000007491000 Exception <a 'java/io/FileNotFoundException'> (0x00000007bd05a5d8) thrown at [C:\re\workspace\8-2-build-windows-amd64-cygwin\jdk8u66\5298\hotspot\src\share\vm\prims\jni.cpp, line 709]
Event: 2661.399 Thread 0x0000000007491000 Implicit null exception at 0x0000000013a22e90 to 0x0000000013a22f10

Events (10 events):
Event: 2661.611 Thread 0x0000000007491000 DEOPT PACKING pc=0x0000000014f9b71c sp=0x000000002616d3f0
Event: 2661.611 Thread 0x0000000007491000 DEOPT UNPACKING pc=0x00000000122b582a sp=0x000000002616d360 mode 2
Event: 2661.611 Thread 0x0000000007491000 Uncommon trap: trap_request=0xffffffc6 fr.pc=0x0000000014f9b71c
Event: 2661.611 Thread 0x0000000007491000 DEOPT PACKING pc=0x0000000014f9b71c sp=0x000000002616d3f0
Event: 2661.611 Thread 0x0000000007491000 DEOPT UNPACKING pc=0x00000000122b582a sp=0x000000002616d360 mode 2
Event: 2661.611 Thread 0x0000000007491000 Uncommon trap: trap_request=0xffffffc6 fr.pc=0x0000000014f9b71c
Event: 2661.611 Thread 0x0000000007491000 DEOPT PACKING pc=0x0000000014f9b71c sp=0x000000002616d3f0
Event: 2661.611 Thread 0x0000000007491000 DEOPT UNPACKING pc=0x00000000122b582a sp=0x000000002616d360 mode 2
Event: 2661.616 loading class ui/data/netlist/a/i
Event: 2661.616 loading class ui/data/netlist/a/i done


Dynamic libraries:
0x000000013fa40000 - 0x000000013fa70000 	C:\Xilinx\Vivado\2016.2\bin\unwrapped\win64.o\vivado.exe
0x0000000077250000 - 0x00000000773fa000 	C:\Windows\SYSTEM32\ntdll.dll
0x0000000077130000 - 0x000000007724f000 	C:\Windows\system32\kernel32.dll
0x000007fefd0f0000 - 0x000007fefd15a000 	C:\Windows\system32\KERNELBASE.dll
0x000000000a900000 - 0x000000000a98d000 	C:\Xilinx\Vivado\2016.2\lib\win64.o\SHSMP64.dll
0x0000000077030000 - 0x000000007712a000 	C:\Windows\system32\USER32.dll
0x000007fefe130000 - 0x000007fefe197000 	C:\Windows\system32\GDI32.dll
0x000007fefd3f0000 - 0x000007fefd3fe000 	C:\Windows\system32\LPK.dll
0x000007fefde50000 - 0x000007fefdf1a000 	C:\Windows\system32\USP10.dll
0x000007feff4c0000 - 0x000007feff55f000 	C:\Windows\system32\msvcrt.dll
0x000007fefe470000 - 0x000007fefe54b000 	C:\Windows\system32\ADVAPI32.dll
0x000007fefde30000 - 0x000007fefde4f000 	C:\Windows\SYSTEM32\sechost.dll
0x000007fefe560000 - 0x000007fefe68d000 	C:\Windows\system32\RPCRT4.dll
0x000007fefc020000 - 0x000007fefc02c000 	C:\Windows\system32\VERSION.dll
0x000007fefaf40000 - 0x000007fefaf53000 	C:\Xilinx\Vivado\2016.2\lib\win64.o\libboost_signals.dll
0x000007feeb9f0000 - 0x000007feeba97000 	C:\Windows\system32\MSVCP110.dll
0x000007feebb20000 - 0x000007feebbf4000 	C:\Windows\system32\MSVCR110.dll
0x000007fee9ca0000 - 0x000007feea6e0000 	C:\Xilinx\Vivado\2016.2\lib\win64.o\librdi_common.dll
0x000007fee9930000 - 0x000007fee9c9e000 	C:\Xilinx\Vivado\2016.2\lib\win64.o\libCOIN-all.dll
0x000007feeda10000 - 0x000007feedc2f000 	C:\Xilinx\Vivado\2016.2\lib\win64.o\libXil_lmgr11.dll
0x000007fefb000000 - 0x000007fefb016000 	C:\Windows\system32\NETAPI32.dll
0x000007fefc3c0000 - 0x000007fefc3cc000 	C:\Windows\system32\netutils.dll
0x000007fefc9a0000 - 0x000007fefc9c3000 	C:\Windows\system32\srvcli.dll
0x000007fefafe0000 - 0x000007fefaff5000 	C:\Windows\system32\wkscli.dll
0x000007fefd700000 - 0x000007fefd797000 	C:\Windows\system32\COMDLG32.dll
0x000007fefdbd0000 - 0x000007fefdc41000 	C:\Windows\system32\SHLWAPI.dll
0x000007fef4e00000 - 0x000007fef4ea0000 	C:\Windows\WinSxS\amd64_microsoft.windows.common-controls_6595b64144ccf1df_5.82.7601.18837_none_a4d981ff711297b6\COMCTL32.dll
0x000007fefe690000 - 0x000007feff419000 	C:\Windows\system32\SHELL32.dll
0x000007fef86b0000 - 0x000007fef86b9000 	C:\Windows\system32\WSOCK32.dll
0x000007fefd7a0000 - 0x000007fefd7ed000 	C:\Windows\system32\WS2_32.dll
0x000007fefe550000 - 0x000007fefe558000 	C:\Windows\system32\NSI.dll
0x000007fefd430000 - 0x000007fefd508000 	C:\Windows\system32\OLEAUT32.dll
0x000007fefdf20000 - 0x000007fefe123000 	C:\Windows\system32\ole32.dll
0x000007fefd050000 - 0x000007fefd08b000 	C:\Windows\system32\WINTRUST.dll
0x000007fefd1e0000 - 0x000007fefd34d000 	C:\Windows\system32\CRYPT32.dll
0x000007fefcf90000 - 0x000007fefcf9f000 	C:\Windows\system32\MSASN1.dll
0x000007fefaf30000 - 0x000007fefaf40000 	C:\Xilinx\Vivado\2016.2\lib\win64.o\libboost_date_time.dll
0x000007fef9840000 - 0x000007fef9864000 	C:\Xilinx\Vivado\2016.2\lib\win64.o\libboost_filesystem.dll
0x000007fef9830000 - 0x000007fef9839000 	C:\Xilinx\Vivado\2016.2\lib\win64.o\libboost_system.dll
0x000007fef2210000 - 0x000007fef2287000 	C:\Xilinx\Vivado\2016.2\lib\win64.o\libboost_program_options.dll
0x000007feed900000 - 0x000007feeda06000 	C:\Xilinx\Vivado\2016.2\lib\win64.o\libboost_regex.dll
0x000007fef8ec0000 - 0x000007fef8edd000 	C:\Xilinx\Vivado\2016.2\lib\win64.o\libboost_thread.dll
0x000007fef97d0000 - 0x000007fef97db000 	C:\Xilinx\Vivado\2016.2\lib\win64.o\libboost_chrono.dll
0x000007fef9490000 - 0x000007fef949b000 	C:\Xilinx\Vivado\2016.2\lib\win64.o\libboost_xilinx.dll
0x000007feeecd0000 - 0x000007feeed50000 	C:\Xilinx\Vivado\2016.2\lib\win64.o\libhdlpsolve.dll
0x000007feed860000 - 0x000007feed8fa000 	C:\Xilinx\Vivado\2016.2\lib\win64.o\libhdxml.dll
0x000007fee94c0000 - 0x000007fee9925e00 	C:\Xilinx\Vivado\2016.2\lib\win64.o\libisl_iostreams.dll
0x000007fef88d0000 - 0x000007fef88e6000 	C:\Xilinx\Vivado\2016.2\lib\win64.o\libboost_iostreams.dll
0x000007fef8100000 - 0x000007fef8123000 	C:\Xilinx\Vivado\2016.2\lib\win64.o\librdizlib.dll
0x000007fef7dc0000 - 0x000007fef7de3000 	C:\Xilinx\Vivado\2016.2\lib\win64.o\libisl_iosutils.dll
0x000007fef7d90000 - 0x000007fef7dba000 	C:\Xilinx\Vivado\2016.2\lib\win64.o\libisl_sysinfo.dll
0x0000000070650000 - 0x0000000070ed9000 	C:\Xilinx\Vivado\2016.2\tps\win64\jre\bin\server\jvm.dll
0x000007fef9d60000 - 0x000007fef9d9b000 	C:\Windows\system32\WINMM.dll
0x0000000077410000 - 0x0000000077417000 	C:\Windows\system32\PSAPI.DLL
0x00000000733e0000 - 0x00000000734b2000 	C:\Windows\system32\MSVCR100.dll
0x000007fef80e0000 - 0x000007fef80f5000 	C:\Xilinx\Vivado\2016.2\lib\win64.o\pthreadVC2.dll
0x000007feee370000 - 0x000007feee3c4000 	C:\Xilinx\Vivado\2016.2\lib\win64.o\librdi_commonxillic.dll
0x000007feeb1d0000 - 0x000007feeb300000 	C:\Xilinx\Vivado\2016.2\lib\win64.o\librdi_curl.dll
0x000007fef8050000 - 0x000007fef8068000 	C:\Xilinx\Vivado\2016.2\lib\win64.o\librdiconfig.dll
0x00000000732b0000 - 0x00000000733d7000 	C:\Xilinx\Vivado\2016.2\lib\win64.o\tcl85t.dll
0x0000000012000000 - 0x0000000012263000 	C:\Xilinx\Vivado\2016.2\lib\win64.o\xerces-c_3_1.dll
0x000007fefd7f0000 - 0x000007fefdab5000 	C:\Windows\system32\WININET.dll
0x000007fefd1c0000 - 0x000007fefd1c4000 	C:\Windows\system32\api-ms-win-downlevel-user32-l1-1-0.dll
0x000007fefd170000 - 0x000007fefd174000 	C:\Windows\system32\api-ms-win-downlevel-shlwapi-l1-1-0.dll
0x000007fefd0d0000 - 0x000007fefd0d4000 	C:\Windows\system32\api-ms-win-downlevel-version-l1-1-0.dll
0x000007fefd1d0000 - 0x000007fefd1d3000 	C:\Windows\system32\api-ms-win-downlevel-normaliz-l1-1-0.dll
0x0000000077420000 - 0x0000000077423000 	C:\Windows\system32\normaliz.DLL
0x000007fefe1a0000 - 0x000007fefe469000 	C:\Windows\system32\iertutil.dll
0x000007fefd160000 - 0x000007fefd165000 	C:\Windows\system32\api-ms-win-downlevel-advapi32-l1-1-0.dll
0x000007fefd0b0000 - 0x000007fefd0ce000 	C:\Windows\system32\USERENV.dll
0x000007fefcfa0000 - 0x000007fefcfaf000 	C:\Windows\system32\profapi.dll
0x000007fefa040000 - 0x000007fefa0b1000 	C:\Windows\system32\WINHTTP.dll
0x000007fef9210000 - 0x000007fef9274000 	C:\Windows\system32\webio.dll
0x000007fefd570000 - 0x000007fefd6f6000 	C:\Windows\system32\urlmon.dll
0x000007fefd0e0000 - 0x000007fefd0e4000 	C:\Windows\system32\api-ms-win-downlevel-ole32-l1-1-0.dll
0x000007fef30d0000 - 0x000007fef30f3000 	C:\Windows\system32\VCOMP110.DLL
0x000007fef6e70000 - 0x000007fef6e81000 	C:\Xilinx\Vivado\2016.2\lib\win64.o\librdi_commonmain.dll
0x000007fef86a0000 - 0x000007fef86a9000 	C:\Xilinx\Vivado\2016.2\lib\win64.o\librdi_commonversion.dll
0x000007fefd400000 - 0x000007fefd42e000 	C:\Windows\system32\IMM32.DLL
0x000007fefdac0000 - 0x000007fefdbc9000 	C:\Windows\system32\MSCTF.dll
0x000007fee90a0000 - 0x000007fee94be000 	C:\Xilinx\Vivado\2016.2\lib\win64.o\librdi_commontasks.dll
0x000007fee7440000 - 0x000007fee9096000 	C:\Xilinx\Vivado\2016.2\lib\win64.o\librdi_tcltasks.dll
0x000007fee71c0000 - 0x000007fee7437000 	C:\Xilinx\Vivado\2016.2\lib\win64.o\librdi_bitstream.dll
0x000007fede2f0000 - 0x000007fee71b1000 	C:\Xilinx\Vivado\2016.2\lib\win64.o\librdi_device.dll
0x000007fef2040000 - 0x000007fef2087000 	C:\Xilinx\Vivado\2016.2\lib\win64.o\libboost_serialization.dll
0x000007fedd970000 - 0x000007fede2ef000 	C:\Xilinx\Vivado\2016.2\lib\win64.o\libverific.dll
0x000007feeada0000 - 0x000007feeaedf000 	C:\Xilinx\Vivado\2016.2\lib\win64.o\librdi_board.dll
0x000007feede90000 - 0x000007feedeed000 	C:\Xilinx\Vivado\2016.2\lib\win64.o\librdi_boarddep.dll
0x000007fedd750000 - 0x000007fedd961000 	C:\Xilinx\Vivado\2016.2\lib\win64.o\librdi_chipscope.dll
0x000007feeb160000 - 0x000007feeb1c3000 	C:\Xilinx\Vivado\2016.2\lib\win64.o\liblmx6.0.dll
0x000007fedc4e0000 - 0x000007fedd74b000 	C:\Xilinx\Vivado\2016.2\lib\win64.o\librdi_constraints.dll
0x000007fedbf90000 - 0x000007fedc4da000 	C:\Xilinx\Vivado\2016.2\lib\win64.o\librdi_filemgmt.dll
0x000007fedbda0000 - 0x000007fedbf90000 	C:\Xilinx\Vivado\2016.2\lib\win64.o\librdi_sio.dll
0x000007fef9750000 - 0x000007fef9777000 	C:\Windows\system32\IPHLPAPI.DLL
0x000007fef9740000 - 0x000007fef974b000 	C:\Windows\system32\WINNSI.DLL
0x000007fedb960000 - 0x000007fedbd94000 	C:\Xilinx\Vivado\2016.2\lib\win64.o\librdi_netlist.dll
0x000007fedb480000 - 0x000007fedb951000 	C:\Xilinx\Vivado\2016.2\lib\win64.o\librdi_psta.dll
0x000007fed8970000 - 0x000007fedb473000 	C:\Xilinx\Vivado\2016.2\lib\win64.o\librdi_coregen.dll
0x000007fed82b0000 - 0x000007fed8963000 	C:\Xilinx\Vivado\2016.2\lib\win64.o\librdi_coregenipxact.dll
0x000007fed4a40000 - 0x000007fed82a7000 	C:\Xilinx\Vivado\2016.2\lib\win64.o\librdi_designutils.dll
0x000007fed4500000 - 0x000007fed4a40000 	C:\Xilinx\Vivado\2016.2\lib\win64.o\librdi_xdm.dll
0x000007fed3f70000 - 0x000007fed44fd000 	C:\Xilinx\Vivado\2016.2\lib\win64.o\librdi_memdata.dll
0x000007fed3a60000 - 0x000007fed3f63000 	C:\Xilinx\Vivado\2016.2\lib\win64.o\librdi_drc.dll
0x000007fed2fd0000 - 0x000007fed3a5e000 	C:\Xilinx\Vivado\2016.2\lib\win64.o\librdi_timing.dll
0x000007fed2db0000 - 0x000007fed2fd0000 	C:\Xilinx\Vivado\2016.2\lib\win64.o\librdi_dlyest.dll
0x000007feead00000 - 0x000007feead97000 	C:\Xilinx\Vivado\2016.2\lib\win64.o\libise.dll
0x000007fef1b80000 - 0x000007fef1bbb000 	C:\Xilinx\Vivado\2016.2\lib\win64.o\librdi_pfi.dll
0x000007feed810000 - 0x000007feed853000 	C:\Xilinx\Vivado\2016.2\lib\win64.o\librdi_hdf.dll
0x000007fed2bb0000 - 0x000007fed2da2000 	C:\Xilinx\Vivado\2016.2\lib\win64.o\librdi_hsm.dll
0x000007fed2920000 - 0x000007fed2ba1000 	C:\Xilinx\Vivado\2016.2\lib\win64.o\librdi_ippcw.dll
0x000007fed2830000 - 0x000007fed2913000 	C:\Xilinx\Vivado\2016.2\lib\win64.o\librdi_containers.dll
0x000007fed2770000 - 0x000007fed2830000 	C:\Xilinx\Vivado\2016.2\lib\win64.o\librdi_dsp.dll
0x000007fed25f0000 - 0x000007fed276d000 	C:\Xilinx\Vivado\2016.2\lib\win64.o\librdi_simdata.dll
0x000007fed2240000 - 0x000007fed25e1000 	C:\Xilinx\Vivado\2016.2\lib\win64.o\librdi_wavedata.dll
0x000007feeb0e0000 - 0x000007feeb15f000 	C:\Xilinx\Vivado\2016.2\lib\win64.o\librdi_simbridge_kernel.dll
0x000007feee210000 - 0x000007feee24a000 	C:\Xilinx\Vivado\2016.2\lib\win64.o\librdi_wavedata_SimpleApi.dll
0x000007fed2000000 - 0x000007fed2240000 	C:\Xilinx\Vivado\2016.2\lib\win64.o\librdi_guitools.dll
0x000007fed0660000 - 0x000007fed1ffe000 	C:\Xilinx\Vivado\2016.2\lib\win64.o\librdi_place.dll
0x000007fed00a0000 - 0x000007fed065c000 	C:\Xilinx\Vivado\2016.2\lib\win64.o\librdi_abc_nomp.dll
0x000007fef4060000 - 0x000007fef4079000 	C:\Xilinx\Vivado\2016.2\lib\win64.o\librdi_hmetis.dll
0x000007fece860000 - 0x000007fed0091000 	C:\Xilinx\Vivado\2016.2\lib\win64.o\librdi_mig.dll
0x000007fece2a0000 - 0x000007fece858000 	C:\Xilinx\Vivado\2016.2\lib\win64.o\librdi_power.dll
0x000007fecd660000 - 0x000007fece296000 	C:\Xilinx\Vivado\2016.2\lib\win64.o\librdi_route.dll
0x000007fecd1e0000 - 0x000007fecd65d000 	C:\Xilinx\Vivado\2016.2\lib\win64.o\librdi_project.dll
0x000007feccb40000 - 0x000007fecd1d4000 	C:\Xilinx\Vivado\2016.2\lib\win64.o\librdi_labtools.dll
0x000007feede60000 - 0x000007feede88000 	C:\Xilinx\Vivado\2016.2\lib\win64.o\librdi_commoncwebtalk.dll
0x000007feedf60000 - 0x000007feedf8a000 	C:\Xilinx\Vivado\2016.2\lib\win64.o\librdi_hcp.dll
0x000007fecc8d0000 - 0x000007feccb37000 	C:\Xilinx\Vivado\2016.2\lib\win64.o\librdi_xicom_hw.dll

VM Arguments:
jvm_args: -Dsun.java2d.pmoffscreen=false -Dsun.java2d.d3d=false -Dsun.awt.nopixfmt=true -Xverify:none -Dswing.aatext=true -XX:-UsePerfData -Djdk.map.althashing.threshold=512 -XX:StringTableSize=4072 -XX:NewSize=60m -XX:MaxNewSize=60m -Xms128m -Xmx3072m -Xss5m 
java_command: <unknown>
java_class_path (initial): C:/Xilinx/Vivado/2016.2\lib\classes\alloy.jar;C:/Xilinx/Vivado/2016.2\lib\classes\batik-anim.jar;C:/Xilinx/Vivado/2016.2\lib\classes\batik-awt-util.jar;C:/Xilinx/Vivado/2016.2\lib\classes\batik-bridge.jar;C:/Xilinx/Vivado/2016.2\lib\classes\batik-codec.jar;C:/Xilinx/Vivado/2016.2\lib\classes\batik-css.jar;C:/Xilinx/Vivado/2016.2\lib\classes\batik-dom.jar;C:/Xilinx/Vivado/2016.2\lib\classes\batik-ext.jar;C:/Xilinx/Vivado/2016.2\lib\classes\batik-gui-util.jar;C:/Xilinx/Vivado/2016.2\lib\classes\batik-gvt.jar;C:/Xilinx/Vivado/2016.2\lib\classes\batik-parser.jar;C:/Xilinx/Vivado/2016.2\lib\classes\batik-script.jar;C:/Xilinx/Vivado/2016.2\lib\classes\batik-svg-dom.jar;C:/Xilinx/Vivado/2016.2\lib\classes\batik-swing.jar;C:/Xilinx/Vivado/2016.2\lib\classes\batik-transcoder.jar;C:/Xilinx/Vivado/2016.2\lib\classes\batik-util.jar;C:/Xilinx/Vivado/2016.2\lib\classes\batik-xml.jar;C:/Xilinx/Vivado/2016.2\lib\classes\commons-math-2.2.jar;C:/Xilinx/Vivado/2016.2\lib\classes\dom4j-1.6.1.jar;C:/Xilinx/Vivado/2016.2\lib\classes\forms.jar;C:/Xilinx/Vivado/2016.2\lib\classes\guava-18.0.jar;C:/Xilinx/Vivado/2016.2\lib\classes\help.jar;C:/Xilinx/Vivado/2016.2\lib\classes\hsqldb.jar;C:/Xilinx/Vivado/2016.2\lib\classes\jh.jar;C:/Xilinx/Vivado/2016.2\lib\classes\jide-action.jar;C:/Xilinx/Vivado/2016.2\lib\classes\jide-charts.jar;C:/Xilinx/Vivado/2016.2\lib\classes\jide-common.jar;C:/Xilinx/Vivado/2016.2\lib\classes\jide-components.jar;C:/Xilinx/Vivado/2016.2\lib\classes\jide-dashboard.jar;C:/Xilinx/Vivado/2016.2\lib\classes\jide-data.jar;C:/Xilinx/Vivado/2016.2\lib\classes\jide-dialogs.jar;C:/Xilinx/Vivado/2016.2\lib\classes\jide-diff.jar;C:/Xilinx/Vivado/2016.2\lib\classes\jide-dock.jar;C:/Xilinx/Vivado/2016.2\lib\classes\jide-editor.jar;C:/Xilinx/Vivado/2016.2\lib\classes\jide-gantt.jar;C:/Xilinx/Vivado/2016.2\lib\classes\jide-grids.jar;C:/Xilinx/Vivado/2016.2\lib\classes\jide-pivot.jar;C:/Xilinx/Vivado/2016.2\lib\classes\jide-plaf-jdk7.jar;C:/Xilinx/Vivado/2
Launcher Type: generic

Environment Variables:
PATH=C:/Xilinx/Vivado/2016.2/bin;C:/Xilinx/Vivado/2016.2/lib/win64.o;C:/Xilinx/Vivado/2016.2/tps/win64/jre/bin/server;C:/Xilinx/Vivado/2016.2/tps/win64/jre/bin;C:/Xilinx/SDK/2016.2/bin;C:/Xilinx/Vivado/2016.2/ids_lite/ISE/bin/nt64;C:/Xilinx/Vivado/2016.2/ids_lite/ISE/lib/nt64;C:/Xilinx/Vivado_HLS/2016.2/bin;C:\Windows\system32;C:\Windows;C:\Windows\System32\Wbem;C:\Windows\System32\WindowsPowerShell\v1.0\;C:\Program Files (x86)\Java\jre6\bin;C:\Program Files (x86)\eclipse;C:\altera\16.0\quartus\bin64;c:\altera\16.0\quartus\bin64\jre64\bin
USERNAME=milwidya
OS=Windows_NT
PROCESSOR_IDENTIFIER=Intel64 Family 6 Model 60 Stepping 3, GenuineIntel



---------------  S Y S T E M  ---------------

OS: Windows 7 , 64 bit Build 7601 (6.1.7601.23418)

CPU:total 8 (4 cores per cpu, 2 threads per core) family 6 model 60 stepping 3, cmov, cx8, fxsr, mmx, sse, sse2, sse3, ssse3, sse4.1, sse4.2, popcnt, avx, avx2, aes, clmul, erms, lzcnt, ht, tsc, tscinvbit, bmi1, bmi2

Memory: 4k page, physical 16683160k(11122916k free), swap 33364460k(27472892k free)

vm_info: Java HotSpot(TM) 64-Bit Server VM (25.66-b18) for windows-amd64 JRE (1.8.0_66-b18), built on Nov  9 2015 10:51:13 by "java_re" with MS VC++ 10.0 (VS2010)

time: Fri Mar 24 15:08:53 2017
elapsed time: 2661 seconds (0d 0h 44m 21s)

