#-----------------------------------------------------------
# Vivado v2016.2 (64-bit)
# SW Build 1577090 on Thu Jun  2 16:32:40 MDT 2016
# IP Build 1577682 on Fri Jun  3 12:00:54 MDT 2016
# Start of session at: Wed Mar 22 07:46:31 2017
# Process ID: 3584
# Current directory: C:/Users/yy/Desktop/ece532_debug/tr3/yy/project_1
# Command line: vivado.exe -gui_launcher_event rodinguilauncherevent2384 C:\Users\yy\Desktop\ece532_debug\tr3\yy\project_1\project_1.xpr
# Log file: C:/Users/yy/Desktop/ece532_debug/tr3/yy/project_1/vivado.log
# Journal file: C:/Users/yy/Desktop/ece532_debug/tr3/yy/project_1\vivado.jou
#-----------------------------------------------------------
start_gui
open_project C:/Users/yy/Desktop/ece532_debug/tr3/yy/project_1/project_1.xpr
INFO: [Common 17-41] Interrupt caught. Command should exit soon.
Scanning sources...
INFO: [Common 17-344] 'open_project' was cancelled
exit
INFO: [Common 17-206] Exiting Vivado at Wed Mar 22 07:46:53 2017...
tory 'C:/Users/yy/Desktop/ece532_debug/Downloads/vivado-library-master/if/pmod_v1_0'.
WARNING: [filemgmt 56-3] IP Repository Path: Could not find the directory 'C:/Users/yy/Desktop/ece532_debug/Downloads/vivado-library-master/ip/Pmods/Pmod_Bridge_v1_0'.
WARNING: [filemgmt 56-3] IP Repository Path: Could not find the directory 'C:/Users/yy/Desktop/ece532_debug/Downloads/vivado-library-master/ip/Pmods/PmodWIFI_v1_0'.
INFO: [IP_Flow 19-234] Refreshing IP repositories
WARNING: [IP_Flow 19-2248] Failed to load user IP repository 'w:/img_proc_full'; Can't find the specified path.
If this directory should no longer be in your list of user repositories, go to the IP Settings dialog and remove it.
INFO: [IP_Flow 19-1700] Loaded user IP repository 'c:/Users/yy/Desktop/ece532_debug/tr3/yy/img_proc_full'.
INFO: [IP_Flow 19-1700] Loaded user IP repository 'c:/Users/yy/Desktop/ece532_debug/tr3/yy/vivado-library-master/if/pmod_v1_0'.
INFO: [IP_Flow 19-1700] Loaded user IP repository 'c:/Users/yy/Desktop/ece532_debug/tr3/yy/vivado-library-master/ip/Pmods/PmodWIFI_v1_0'.
INFO: [IP_Flow 19-1700] Loaded user IP repository 'c:/Users/yy/Desktop/ece532_debug/tr3/yy/vivado-library-master/ip/Pmods/Pmod_Bridge_v1_0'.
WARNING: [IP_Flow 19-2248] Failed to load user IP repository 'c:/Users/yy/Desktop/ece532_debug/Downloads/vivado-library-master/if/pmod_v1_0'; Can't find the specified path.
If this directory should no longer be in your list of user repositories, go to the IP Settings dialog and remove it.
WARNING: [IP_Flow 19-2248] Failed to load user IP repository 'c:/Users/yy/Desktop/ece532_debug/Downloads/vivado-library-master/ip/Pmods/Pmod_Bridge_v1_0'; Can't find the specified path.
If this directory should no longer be in your list of user repositories, go to the IP Settings dialog and remove it.
WARNING: [IP_Flow 19-2248] Failed to load user IP repository 'c:/Users/yy/Desktop/ece532_debug/Downloads/vivado-library-master/ip/Pmods/PmodWIFI_v1_0'; Can't find the specified path.
If this directory should no longer be in your list of user repositories, go to the IP Settings dialog and remove it.
INFO: [IP_Flow 19-2313] Loaded Vivado IP repository 'C:/Xilinx/Vivado/2016.2/data/ip'.
open_project: Time (s): cpu = 00:00:49 ; elapsed = 00:00:44 . Memory (MB): peak = 1016.477 ; gain = 386.969
open_bd_design {C:/Users/yy/Desktop/ece532_debug/tr3/yy/project_1/project_1.srcs/sources_1/bd/design_1/design_1.bd}
Adding cell -- xilinx.com:ip:microblaze:9.6 - microblaze_0
Adding cell -- xilinx.com:ip:axi_intc:4.1 - microblaze_0_axi_intc
Adding cell -- xilinx.com:ip:xlconcat:2.1 - microblaze_0_xlconcat
Adding cell -- xilinx.com:ip:mdm:3.2 - mdm_1
Adding cell -- xilinx.com:ip:mig_7series:4.0 - mig_7series_0
Adding cell -- xilinx.com:ip:clk_wiz:5.3 - clk_wiz_1
Adding cell -- xilinx.com:ip:proc_sys_reset:5.0 - rst_clk_wiz_1_100M
Adding cell -- xilinx.com:ip:proc_sys_reset:5.0 - rst_mig_7series_0_81M
Adding cell -- digilentinc.com:IP:PmodWIFI:1.0 - PmodWIFI_0
Adding cell -- xilinx.com:ip:axi_uartlite:2.0 - axi_uartlite_0
Adding cell -- user:user:stream_jpg_yy_nv_mn_v1_0_wed2:1.0 - stream_jpg_yy_nv_mn_v1_0_wed2_0
Adding cell -- xilinx.com:ip:axi_crossbar:2.1 - xbar
Adding cell -- xilinx.com:ip:axi_clock_converter:2.1 - auto_cc
Adding cell -- xilinx.com:ip:axi_protocol_converter:2.1 - auto_pc
Adding cell -- xilinx.com:ip:axi_dwidth_converter:2.1 - auto_ds
Adding cell -- xilinx.com:ip:axi_dwidth_converter:2.1 - auto_ds
Adding cell -- xilinx.com:ip:axi_dwidth_converter:2.1 - auto_ds
Adding cell -- xilinx.com:ip:axi_dwidth_converter:2.1 - auto_ds
Adding cell -- xilinx.com:ip:axi_dwidth_converter:2.1 - auto_ds
Adding cell -- xilinx.com:ip:axi_dwidth_converter:2.1 - auto_ds
Adding cell -- xilinx.com:ip:axi_dwidth_converter:2.1 - auto_us
Adding cell -- xilinx.com:ip:axi_dwidth_converter:2.1 - auto_us
Adding cell -- xilinx.com:ip:lmb_v10:3.0 - dlmb_v10
Adding cell -- xilinx.com:ip:lmb_v10:3.0 - ilmb_v10
Adding cell -- xilinx.com:ip:lmb_bram_if_cntlr:4.0 - dlmb_bram_if_cntlr
Adding cell -- xilinx.com:ip:lmb_bram_if_cntlr:4.0 - ilmb_bram_if_cntlr
Adding cell -- xilinx.com:ip:blk_mem_gen:8.3 - lmb_bram
Successfully read diagram <design_1> from BD file <C:/Users/yy/Desktop/ece532_debug/tr3/yy/project_1/project_1.srcs/sources_1/bd/design_1/design_1.bd>
open_bd_design: Time (s): cpu = 00:00:08 ; elapsed = 00:00:06 . Memory (MB): peak = 1065.641 ; gain = 49.164
DADDR_08: 128a	-CLKOUT0 Register 1
DADDR_09: 0000	-CLKOUT0 Register 2
DADDR_08: 128a	-CLKOUT0 Register 1
DADDR_09: 0000	-CLKOUT0 Register 2
DADDR_0A: 1083	-CLKOUT1 Register 1
DADDR_0B: 0080	-CLKOUT1 Register 2
DADDR_0A: 1083	-CLKOUT1 Register 1
DADDR_0B: 0080	-CLKOUT1 Register 2
DADDR_0C: 1514	-CLKOUT2 Register 1
DADDR_0D: 0000	-CLKOUT2 Register 2
DADDR_0C: 1514	-CLKOUT2 Register 1
DADDR_0D: 0000	-CLKOUT2 Register 2

	WARNING: Min duty cycle violation 0.500 < 1.0
	         Changing dutycycle to 1.0


	WARNING: Max duty cycle is 1.0 > 0.0
	         Changing dutycycle to 0.0

DADDR_0E: 1041	-CLKOUT3 Register 1
DADDR_0F: 00c0	-CLKOUT3 Register 2

	WARNING: Min duty cycle violation 0.500 < 1.0
	         Changing dutycycle to 1.0


	WARNING: Max duty cycle is 1.0 > 0.0
	         Changing dutycycle to 0.0

DADDR_0E: 1041	-CLKOUT3 Register 1
DADDR_0F: 00c0	-CLKOUT3 Register 2

	WARNING: Min duty cycle violation 0.500 < 1.0
	         Changing dutycycle to 1.0


	WARNING: Max duty cycle is 1.0 > 0.0
	         Changing dutycycle to 0.0

DADDR_10: 1041	-CLKOUT4 Register 1
DADDR_11: 00c0	-CLKOUT4 Register 2

	WARNING: Min duty cycle violation 0.500 < 1.0
	         Changing dutycycle to 1.0


	WARNING: Max duty cycle is 1.0 > 0.0
	         Changing dutycycle to 0.0

DADDR_10: 1041	-CLKOUT4 Register 1
DADDR_11: 00c0	-CLKOUT4 Register 2

	WARNING: Min duty cycle violation 0.500 < 1.0
	         Changing dutycycle to 1.0


	WARNING: Max duty cycle is 1.0 > 0.0
	         Changing dutycycle to 0.0

DADDR_06: 1041	-CLKOUT5 Register 1
DADDR_07: 00c0	-CLKOUT5 Register 2

	WARNING: Min duty cycle violation 0.500 < 1.0
	         Changing dutycycle to 1.0


	WARNING: Max duty cycle is 1.0 > 0.0
	         Changing dutycycle to 0.0

DADDR_06: 1041	-CLKOUT5 Register 1
DADDR_07: 00c0	-CLKOUT5 Register 2
DADDR_08: 128a	-CLKOUT0 Register 1
DADDR_09: 0000	-CLKOUT0 Register 2

	WARNING: Min duty cycle violation 0.500 < 1.0
	         Changing dutycycle to 1.0


	WARNING: Max duty cycle is 1.0 > 0.0
	         Changing dutycycle to 0.0

DADDR_12: 1041	-CLKOUT6 Register 1
DADDR_13: 00c0	-CLKOUT6 Register 2

	WARNING: Min duty cycle violation 0.500 < 1.0
	         Changing dutycycle to 1.0


	WARNING: Max duty cycle is 1.0 > 0.0
	         Changing dutycycle to 0.0

DADDR_12: 1041	-CLKOUT6 Register 1
DADDR_13: 00c0	-CLKOUT6 Register 2
startgroup
set_property -dict [list CONFIG.CLKOUT1_REQUESTED_OUT_FREQ {50.000} CONFIG.MMCM_DIVCLK_DIVIDE {1} CONFIG.MMCM_CLKOUT0_DIVIDE_F {20.000} CONFIG.CLKOUT1_JITTER {151.636}] [get_bd_cells clk_wiz_1]
DADDR_08: 128a	-CLKOUT0 Register 1
DADDR_09: 0000	-CLKOUT0 Register 2
DADDR_08: 128a	-CLKOUT0 Register 1
DADDR_09: 0000	-CLKOUT0 Register 2
DADDR_0A: 1083	-CLKOUT1 Register 1
DADDR_0B: 0080	-CLKOUT1 Register 2
DADDR_0A: 1083	-CLKOUT1 Register 1
DADDR_0B: 0080	-CLKOUT1 Register 2
DADDR_0C: 1514	-CLKOUT2 Register 1
DADDR_0D: 0000	-CLKOUT2 Register 2
DADDR_0C: 1514	-CLKOUT2 Register 1
DADDR_0D: 0000	-CLKOUT2 Register 2

	WARNING: Min duty cycle violation 0.500 < 1.0
	         Changing dutycycle to 1.0


	WARNING: Max duty cycle is 1.0 > 0.0
	         Changing dutycycle to 0.0

DADDR_0E: 1041	-CLKOUT3 Register 1
DADDR_0F: 00c0	-CLKOUT3 Register 2

	WARNING: Min duty cycle violation 0.500 < 1.0
	         Changing dutycycle to 1.0


	WARNING: Max duty cycle is 1.0 > 0.0
	         Changing dutycycle to 0.0

DADDR_0E: 1041	-CLKOUT3 Register 1
DADDR_0F: 00c0	-CLKOUT3 Register 2

	WARNING: Min duty cycle violation 0.500 < 1.0
	         Changing dutycycle to 1.0


	WARNING: Max duty cycle is 1.0 > 0.0
	         Changing dutycycle to 0.0

DADDR_10: 1041	-CLKOUT4 Register 1
DADDR_11: 00c0	-CLKOUT4 Register 2

	WARNING: Min duty cycle violation 0.500 < 1.0
	         Changing dutycycle to 1.0


	WARNING: Max duty cycle is 1.0 > 0.0
	         Changing dutycycle to 0.0

DADDR_10: 1041	-CLKOUT4 Register 1
DADDR_11: 00c0	-CLKOUT4 Register 2

	WARNING: Min duty cycle violation 0.500 < 1.0
	         Changing dutycycle to 1.0


	WARNING: Max duty cycle is 1.0 > 0.0
	         Changing dutycycle to 0.0

DADDR_06: 1041	-CLKOUT5 Register 1
DADDR_07: 00c0	-CLKOUT5 Register 2

	WARNING: Min duty cycle violation 0.500 < 1.0
	         Changing dutycycle to 1.0


	WARNING: Max duty cycle is 1.0 > 0.0
	         Changing dutycycle to 0.0

DADDR_06: 1041	-CLKOUT5 Register 1
DADDR_07: 00c0	-CLKOUT5 Register 2
DADDR_08: 128a	-CLKOUT0 Register 1
DADDR_09: 0000	-CLKOUT0 Register 2

	WARNING: Min duty cycle violation 0.500 < 1.0
	         Changing dutycycle to 1.0


	WARNING: Max duty cycle is 1.0 > 0.0
	         Changing dutycycle to 0.0

DADDR_12: 1041	-CLKOUT6 Register 1
DADDR_13: 00c0	-CLKOUT6 Register 2

	WARNING: Min duty cycle violation 0.500 < 1.0
	         Changing dutycycle to 1.0


	WARNING: Max duty cycle is 1.0 > 0.0
	         Changing dutycycle to 0.0

DADDR_12: 1041	-CLKOUT6 Register 1
DADDR_13: 00c0	-CLKOUT6 Register 2
INFO: [IP_Flow 19-3438] Customization errors found on 'clk_wiz_1'. Restoring to previous valid configuration.
INFO: [IP_Flow 19-3447] Customization errors found during restoring IP 'clk_wiz_1' to previous valid configuration.
ERROR: [IP_Flow 19-3439] Failed to restore IP 'clk_wiz_1' customization to its previous valid configuration.
INFO: [Common 17-17] undo 'set_property -dict [list CONFIG.CLKOUT1_REQUESTED_OUT_FREQ {50.000} CONFIG.MMCM_DIVCLK_DIVIDE {1} CONFIG.MMCM_CLKOUT0_DIVIDE_F {20.000} CONFIG.CLKOUT1_JITTER {151.636}] [get_bd_cells clk_wiz_1]'
ERROR: [Common 17-39] 'set_property' failed due to earlier errors.
endgroup
startgroup
create_bd_cell -type ip -vlnv xilinx.com:ip:axi_gpio:2.0 axi_gpio_0
apply_board_connection -board_interface "DIP_Switches_16Bits" -ip_intf "axi_gpio_0/GPIO" -diagram "design_1" 
INFO: [board_interface 100-100] set_property CONFIG.USE_BOARD_FLOW true [get_bd_cells -quiet /axi_gpio_0]
INFO: [board_interface 100-100] set_property CONFIG.GPIO_BOARD_INTERFACE DIP_Switches_16Bits [get_bd_cells -quiet /axi_gpio_0]
WARNING: [Board 49-26] cannot add Board Part digilentinc.com:arty-z7-10:part0:1.0 available at C:/Xilinx/Vivado/2016.2/data/boards/board_files/arty-z7-10/A.0/board.xml as part xc7z010clg400-1 specified in board_part file is either invalid or not available
WARNING: [Board 49-26] cannot add Board Part digilentinc.com:arty-z7-20:part0:1.0 available at C:/Xilinx/Vivado/2016.2/data/boards/board_files/arty-z7-20/A.0/board.xml as part xc7z020clg400-1 specified in board_part file is either invalid or not available
WARNING: [Board 49-26] cannot add Board Part digilentinc.com:zedboard:part0:1.0 available at C:/Xilinx/Vivado/2016.2/data/boards/board_files/zedboard/1.3/board.xml as part xc7z020clg484-1 specified in board_part file is either invalid or not available
WARNING: [Board 49-26] cannot add Board Part digilentinc.com:zybo:part0:1.0 available at C:/Xilinx/Vivado/2016.2/data/boards/board_files/zybo/B.3/board.xml as part xc7z010clg400-1 specified in board_part file is either invalid or not available
WARNING: [Board 49-26] cannot add Board Part em.avnet.com:zed:part0:0.9 available at C:/Xilinx/Vivado/2016.2/data/boards/board_parts/zynq/zed/0.9/board_part.xml as part xc7z020clg484-1 specified in board_part file is either invalid or not available
WARNING: [Board 49-26] cannot add Board Part em.avnet.com:zed:part0:1.0 available at C:/Xilinx/Vivado/2016.2/data/boards/board_parts/zynq/zed/1.0/board_part.xml as part xc7z020clg484-1 specified in board_part file is either invalid or not available
WARNING: [Board 49-26] cannot add Board Part em.avnet.com:zed:part0:1.1 available at C:/Xilinx/Vivado/2016.2/data/boards/board_parts/zynq/zed/1.1/board_part.xml as part xc7z020clg484-1 specified in board_part file is either invalid or not available
WARNING: [Board 49-26] cannot add Board Part em.avnet.com:zed:part0:1.2 available at C:/Xilinx/Vivado/2016.2/data/boards/board_parts/zynq/zed/1.2/board_part.xml as part xc7z020clg484-1 specified in board_part file is either invalid or not available
WARNING: [Board 49-26] cannot add Board Part em.avnet.com:zed:part0:1.3 available at C:/Xilinx/Vivado/2016.2/data/boards/board_files/zed/1.3/board.xml as part xc7z020clg484-1 specified in board_part file is either invalid or not available
WARNING: [Board 49-26] cannot add Board Part xilinx.com:kcu105:part0:1.0 available at C:/Xilinx/Vivado/2016.2/data/boards/board_files/kcu105/1.0/board.xml as part xcku040-ffva1156-2-e specified in board_part file is either invalid or not available
WARNING: [Board 49-26] cannot add Board Part xilinx.com:kcu105:part0:1.1 available at C:/Xilinx/Vivado/2016.2/data/boards/board_files/kcu105/1.1/board.xml as part xcku040-ffva1156-2-e specified in board_part file is either invalid or not available
WARNING: [Board 49-26] cannot add Board Part xilinx.com:vcu108:part0:1.1 available at C:/Xilinx/Vivado/2016.2/data/boards/board_files/vcu108/1.1/board.xml as part xcvu095-ffva2104-2-e specified in board_part file is either invalid or not available
WARNING: [Board 49-26] cannot add Board Part xilinx.com:vcu108:part0:1.2 available at C:/Xilinx/Vivado/2016.2/data/boards/board_files/vcu108/1.2/board.xml as part xcvu095-ffva2104-2-e specified in board_part file is either invalid or not available
WARNING: [Board 49-26] cannot add Board Part xilinx.com:vcu110:part0:1.1 available at C:/Xilinx/Vivado/2016.2/data/boards/board_files/vcu110/1.1/board.xml as part xcvu190-flgc2104-2-e specified in board_part file is either invalid or not available
WARNING: [Board 49-26] cannot add Board Part xilinx.com:vcu118:part0:1.0 available at C:/Xilinx/Vivado/2016.2/data/boards/board_files/vcu118/1.0/board.xml as part xcvu9p-flga2104-2l-e-es1 specified in board_part file is either invalid or not available
WARNING: [Board 49-26] cannot add Board Part xilinx.com:zc702:part0:1.0 available at C:/Xilinx/Vivado/2016.2/data/boards/board_parts/zynq/zc702/1.0/board_part.xml as part xc7z020clg484-1 specified in board_part file is either invalid or not available
WARNING: [Board 49-26] cannot add Board Part xilinx.com:zc702:part0:1.1 available at C:/Xilinx/Vivado/2016.2/data/boards/board_parts/zynq/zc702/1.1/board_part.xml as part xc7z020clg484-1 specified in board_part file is either invalid or not available
WARNING: [Board 49-26] cannot add Board Part xilinx.com:zc702:part0:1.2 available at C:/Xilinx/Vivado/2016.2/data/boards/board_files/zc702/1.2/board.xml as part xc7z020clg484-1 specified in board_part file is either invalid or not available
WARNING: [Board 49-26] cannot add Board Part xilinx.com:zc706:part0:1.0 available at C:/Xilinx/Vivado/2016.2/data/boards/board_parts/zynq/zc706/1.0/board_part.xml as part xc7z045ffg900-2 specified in board_part file is either invalid or not available
WARNING: [Board 49-26] cannot add Board Part xilinx.com:zc706:part0:1.1 available at C:/Xilinx/Vivado/2016.2/data/boards/board_parts/zynq/zc706/1.1/board_part.xml as part xc7z045ffg900-2 specified in board_part file is either invalid or not available
WARNING: [Board 49-26] cannot add Board Part xilinx.com:zc706:part0:1.2 available at C:/Xilinx/Vivado/2016.2/data/boards/board_files/zc706/1.2/board.xml as part xc7z045ffg900-2 specified in board_part file is either invalid or not available
WARNING: [Board 49-26] cannot add Board Part xilinx.com:zc706:part0:1.3 available at C:/Xilinx/Vivado/2016.2/data/boards/board_files/zc706/1.3/board.xml as part xc7z045ffg900-2 specified in board_part file is either invalid or not available
WARNING: [Board 49-26] cannot add Board Part xilinx.com:zcu102:part0:2.0 available at C:/Xilinx/Vivado/2016.2/data/boards/board_files/zcu102/2.0/board.xml as part xczu9eg-ffvb1156-2-i-es2 specified in board_part file is either invalid or not available
WARNING: [Board 49-26] cannot add Board Part digilentinc.com:arty-z7-10:part0:1.0 available at C:/Xilinx/Vivado/2016.2/data/boards/board_files/arty-z7-10/A.0/board.xml as part xc7z010clg400-1 specified in board_part file is either invalid or not available
WARNING: [Board 49-26] cannot add Board Part digilentinc.com:arty-z7-20:part0:1.0 available at C:/Xilinx/Vivado/2016.2/data/boards/board_files/arty-z7-20/A.0/board.xml as part xc7z020clg400-1 specified in board_part file is either invalid or not available
WARNING: [Board 49-26] cannot add Board Part digilentinc.com:zedboard:part0:1.0 available at C:/Xilinx/Vivado/2016.2/data/boards/board_files/zedboard/1.3/board.xml as part xc7z020clg484-1 specified in board_part file is either invalid or not available
WARNING: [Board 49-26] cannot add Board Part digilentinc.com:zybo:part0:1.0 available at C:/Xilinx/Vivado/2016.2/data/boards/board_files/zybo/B.3/board.xml as part xc7z010clg400-1 specified in board_part file is either invalid or not available
WARNING: [Board 49-26] cannot add Board Part em.avnet.com:zed:part0:0.9 available at C:/Xilinx/Vivado/2016.2/data/boards/board_parts/zynq/zed/0.9/board_part.xml as part xc7z020clg484-1 specified in board_part file is either invalid or not available
WARNING: [Board 49-26] cannot add Board Part em.avnet.com:zed:part0:1.0 available at C:/Xilinx/Vivado/2016.2/data/boards/board_parts/zynq/zed/1.0/board_part.xml as part xc7z020clg484-1 specified in board_part file is either invalid or not available
WARNING: [Board 49-26] cannot add Board Part em.avnet.com:zed:part0:1.1 available at C:/Xilinx/Vivado/2016.2/data/boards/board_parts/zynq/zed/1.1/board_part.xml as part xc7z020clg484-1 specified in board_part file is either invalid or not available
WARNING: [Board 49-26] cannot add Board Part em.avnet.com:zed:part0:1.2 available at C:/Xilinx/Vivado/2016.2/data/boards/board_parts/zynq/zed/1.2/board_part.xml as part xc7z020clg484-1 specified in board_part file is either invalid or not available
WARNING: [Board 49-26] cannot add Board Part em.avnet.com:zed:part0:1.3 available at C:/Xilinx/Vivado/2016.2/data/boards/board_files/zed/1.3/board.xml as part xc7z020clg484-1 specified in board_part file is either invalid or not available
WARNING: [Board 49-26] cannot add Board Part xilinx.com:kcu105:part0:1.0 available at C:/Xilinx/Vivado/2016.2/data/boards/board_files/kcu105/1.0/board.xml as part xcku040-ffva1156-2-e specified in board_part file is either invalid or not available
WARNING: [Board 49-26] cannot add Board Part xilinx.com:kcu105:part0:1.1 available at C:/Xilinx/Vivado/2016.2/data/boards/board_files/kcu105/1.1/board.xml as part xcku040-ffva1156-2-e specified in board_part file is either invalid or not available
WARNING: [Board 49-26] cannot add Board Part xilinx.com:vcu108:part0:1.1 available at C:/Xilinx/Vivado/2016.2/data/boards/board_files/vcu108/1.1/board.xml as part xcvu095-ffva2104-2-e specified in board_part file is either invalid or not available
WARNING: [Board 49-26] cannot add Board Part xilinx.com:vcu108:part0:1.2 available at C:/Xilinx/Vivado/2016.2/data/boards/board_files/vcu108/1.2/board.xml as part xcvu095-ffva2104-2-e specified in board_part file is either invalid or not available
WARNING: [Board 49-26] cannot add Board Part xilinx.com:vcu110:part0:1.1 available at C:/Xilinx/Vivado/2016.2/data/boards/board_files/vcu110/1.1/board.xml as part xcvu190-flgc2104-2-e specified in board_part file is either invalid or not available
WARNING: [Board 49-26] cannot add Board Part xilinx.com:vcu118:part0:1.0 available at C:/Xilinx/Vivado/2016.2/data/boards/board_files/vcu118/1.0/board.xml as part xcvu9p-flga2104-2l-e-es1 specified in board_part file is either invalid or not available
WARNING: [Board 49-26] cannot add Board Part xilinx.com:zc702:part0:1.0 available at C:/Xilinx/Vivado/2016.2/data/boards/board_parts/zynq/zc702/1.0/board_part.xml as part xc7z020clg484-1 specified in board_part file is either invalid or not available
WARNING: [Board 49-26] cannot add Board Part xilinx.com:zc702:part0:1.1 available at C:/Xilinx/Vivado/2016.2/data/boards/board_parts/zynq/zc702/1.1/board_part.xml as part xc7z020clg484-1 specified in board_part file is either invalid or not available
WARNING: [Board 49-26] cannot add Board Part xilinx.com:zc702:part0:1.2 available at C:/Xilinx/Vivado/2016.2/data/boards/board_files/zc702/1.2/board.xml as part xc7z020clg484-1 specified in board_part file is either invalid or not available
WARNING: [Board 49-26] cannot add Board Part xilinx.com:zc706:part0:1.0 available at C:/Xilinx/Vivado/2016.2/data/boards/board_parts/zynq/zc706/1.0/board_part.xml as part xc7z045ffg900-2 specified in board_part file is either invalid or not available
WARNING: [Board 49-26] cannot add Board Part xilinx.com:zc706:part0:1.1 available at C:/Xilinx/Vivado/2016.2/data/boards/board_parts/zynq/zc706/1.1/board_part.xml as part xc7z045ffg900-2 specified in board_part file is either invalid or not available
WARNING: [Board 49-26] cannot add Board Part xilinx.com:zc706:part0:1.2 available at C:/Xilinx/Vivado/2016.2/data/boards/board_files/zc706/1.2/board.xml as part xc7z045ffg900-2 specified in board_part file is either invalid or not available
WARNING: [Board 49-26] cannot add Board Part xilinx.com:zc706:part0:1.3 available at C:/Xilinx/Vivado/2016.2/data/boards/board_files/zc706/1.3/board.xml as part xc7z045ffg900-2 specified in board_part file is either invalid or not available
WARNING: [Board 49-26] cannot add Board Part xilinx.com:zcu102:part0:2.0 available at C:/Xilinx/Vivado/2016.2/data/boards/board_files/zcu102/2.0/board.xml as part xczu9eg-ffvb1156-2-i-es2 specified in board_part file is either invalid or not available
WARNING: [Board 49-26] cannot add Board Part digilentinc.com:arty-z7-10:part0:1.0 available at C:/Xilinx/Vivado/2016.2/data/boards/board_files/arty-z7-10/A.0/board.xml as part xc7z010clg400-1 specified in board_part file is either invalid or not available
WARNING: [Board 49-26] cannot add Board Part digilentinc.com:arty-z7-20:part0:1.0 available at C:/Xilinx/Vivado/2016.2/data/boards/board_files/arty-z7-20/A.0/board.xml as part xc7z020clg400-1 specified in board_part file is either invalid or not available
WARNING: [Board 49-26] cannot add Board Part digilentinc.com:zedboard:part0:1.0 available at C:/Xilinx/Vivado/2016.2/data/boards/board_files/zedboard/1.3/board.xml as part xc7z020clg484-1 specified in board_part file is either invalid or not available
WARNING: [Board 49-26] cannot add Board Part digilentinc.com:zybo:part0:1.0 available at C:/Xilinx/Vivado/2016.2/data/boards/board_files/zybo/B.3/board.xml as part xc7z010clg400-1 specified in board_part file is either invalid or not available
WARNING: [Board 49-26] cannot add Board Part em.avnet.com:zed:part0:0.9 available at C:/Xilinx/Vivado/2016.2/data/boards/board_parts/zynq/zed/0.9/board_part.xml as part xc7z020clg484-1 specified in board_part file is either invalid or not available
WARNING: [Board 49-26] cannot add Board Part em.avnet.com:zed:part0:1.0 available at C:/Xilinx/Vivado/2016.2/data/boards/board_parts/zynq/zed/1.0/board_part.xml as part xc7z020clg484-1 specified in board_part file is either invalid or not available
WARNING: [Board 49-26] cannot add Board Part em.avnet.com:zed:part0:1.1 available at C:/Xilinx/Vivado/2016.2/data/boards/board_parts/zynq/zed/1.1/board_part.xml as part xc7z020clg484-1 specified in board_part file is either invalid or not available
WARNING: [Board 49-26] cannot add Board Part em.avnet.com:zed:part0:1.2 available at C:/Xilinx/Vivado/2016.2/data/boards/board_parts/zynq/zed/1.2/board_part.xml as part xc7z020clg484-1 specified in board_part file is either invalid or not available
WARNING: [Board 49-26] cannot add Board Part em.avnet.com:zed:part0:1.3 available at C:/Xilinx/Vivado/2016.2/data/boards/board_files/zed/1.3/board.xml as part xc7z020clg484-1 specified in board_part file is either invalid or not available
WARNING: [Board 49-26] cannot add Board Part xilinx.com:kcu105:part0:1.0 available at C:/Xilinx/Vivado/2016.2/data/boards/board_files/kcu105/1.0/board.xml as part xcku040-ffva1156-2-e specified in board_part file is either invalid or not available
WARNING: [Board 49-26] cannot add Board Part xilinx.com:kcu105:part0:1.1 available at C:/Xilinx/Vivado/2016.2/data/boards/board_files/kcu105/1.1/board.xml as part xcku040-ffva1156-2-e specified in board_part file is either invalid or not available
WARNING: [Board 49-26] cannot add Board Part xilinx.com:vcu108:part0:1.1 available at C:/Xilinx/Vivado/2016.2/data/boards/board_files/vcu108/1.1/board.xml as part xcvu095-ffva2104-2-e specified in board_part file is either invalid or not available
WARNING: [Board 49-26] cannot add Board Part xilinx.com:vcu108:part0:1.2 available at C:/Xilinx/Vivado/2016.2/data/boards/board_files/vcu108/1.2/board.xml as part xcvu095-ffva2104-2-e specified in board_part file is either invalid or not available
WARNING: [Board 49-26] cannot add Board Part xilinx.com:vcu110:part0:1.1 available at C:/Xilinx/Vivado/2016.2/data/boards/board_files/vcu110/1.1/board.xml as part xcvu190-flgc2104-2-e specified in board_part file is either invalid or not available
WARNING: [Board 49-26] cannot add Board Part xilinx.com:vcu118:part0:1.0 available at C:/Xilinx/Vivado/2016.2/data/boards/board_files/vcu118/1.0/board.xml as part xcvu9p-flga2104-2l-e-es1 specified in board_part file is either invalid or not available
WARNING: [Board 49-26] cannot add Board Part xilinx.com:zc702:part0:1.0 available at C:/Xilinx/Vivado/2016.2/data/boards/board_parts/zynq/zc702/1.0/board_part.xml as part xc7z020clg484-1 specified in board_part file is either invalid or not available
WARNING: [Board 49-26] cannot add Board Part xilinx.com:zc702:part0:1.1 available at C:/Xilinx/Vivado/2016.2/data/boards/board_parts/zynq/zc702/1.1/board_part.xml as part xc7z020clg484-1 specified in board_part file is either invalid or not available
WARNING: [Board 49-26] cannot add Board Part xilinx.com:zc702:part0:1.2 available at C:/Xilinx/Vivado/2016.2/data/boards/board_files/zc702/1.2/board.xml as part xc7z020clg484-1 specified in board_part file is either invalid or not available
WARNING: [Board 49-26] cannot add Board Part xilinx.com:zc706:part0:1.0 available at C:/Xilinx/Vivado/2016.2/data/boards/board_parts/zynq/zc706/1.0/board_part.xml as part xc7z045ffg900-2 specified in board_part file is either invalid or not available
WARNING: [Board 49-26] cannot add Board Part xilinx.com:zc706:part0:1.1 available at C:/Xilinx/Vivado/2016.2/data/boards/board_parts/zynq/zc706/1.1/board_part.xml as part xc7z045ffg900-2 specified in board_part file is either invalid or not available
WARNING: [Board 49-26] cannot add Board Part xilinx.com:zc706:part0:1.2 available at C:/Xilinx/Vivado/2016.2/data/boards/board_files/zc706/1.2/board.xml as part xc7z045ffg900-2 specified in board_part file is either invalid or not available
WARNING: [Board 49-26] cannot add Board Part xilinx.com:zc706:part0:1.3 available at C:/Xilinx/Vivado/2016.2/data/boards/board_files/zc706/1.3/board.xml as part xc7z045ffg900-2 specified in board_part file is either invalid or not available
WARNING: [Board 49-26] cannot add Board Part xilinx.com:zcu102:part0:2.0 available at C:/Xilinx/Vivado/2016.2/data/boards/board_files/zcu102/2.0/board.xml as part xczu9eg-ffvb1156-2-i-es2 specified in board_part file is either invalid or not available
WARNING: [Board 49-26] cannot add Board Part digilentinc.com:arty-z7-10:part0:1.0 available at C:/Xilinx/Vivado/2016.2/data/boards/board_files/arty-z7-10/A.0/board.xml as part xc7z010clg400-1 specified in board_part file is either invalid or not available
WARNING: [Board 49-26] cannot add Board Part digilentinc.com:arty-z7-20:part0:1.0 available at C:/Xilinx/Vivado/2016.2/data/boards/board_files/arty-z7-20/A.0/board.xml as part xc7z020clg400-1 specified in board_part file is either invalid or not available
WARNING: [Board 49-26] cannot add Board Part digilentinc.com:zedboard:part0:1.0 available at C:/Xilinx/Vivado/2016.2/data/boards/board_files/zedboard/1.3/board.xml as part xc7z020clg484-1 specified in board_part file is either invalid or not available
WARNING: [Board 49-26] cannot add Board Part digilentinc.com:zybo:part0:1.0 available at C:/Xilinx/Vivado/2016.2/data/boards/board_files/zybo/B.3/board.xml as part xc7z010clg400-1 specified in board_part file is either invalid or not available
WARNING: [Board 49-26] cannot add Board Part em.avnet.com:zed:part0:0.9 available at C:/Xilinx/Vivado/2016.2/data/boards/board_parts/zynq/zed/0.9/board_part.xml as part xc7z020clg484-1 specified in board_part file is either invalid or not available
WARNING: [Board 49-26] cannot add Board Part em.avnet.com:zed:part0:1.0 available at C:/Xilinx/Vivado/2016.2/data/boards/board_parts/zynq/zed/1.0/board_part.xml as part xc7z020clg484-1 specified in board_part file is either invalid or not available
WARNING: [Board 49-26] cannot add Board Part em.avnet.com:zed:part0:1.1 available at C:/Xilinx/Vivado/2016.2/data/boards/board_parts/zynq/zed/1.1/board_part.xml as part xc7z020clg484-1 specified in board_part file is either invalid or not available
WARNING: [Board 49-26] cannot add Board Part em.avnet.com:zed:part0:1.2 available at C:/Xilinx/Vivado/2016.2/data/boards/board_parts/zynq/zed/1.2/board_part.xml as part xc7z020clg484-1 specified in board_part file is either invalid or not available
WARNING: [Board 49-26] cannot add Board Part em.avnet.com:zed:part0:1.3 available at C:/Xilinx/Vivado/2016.2/data/boards/board_files/zed/1.3/board.xml as part xc7z020clg484-1 specified in board_part file is either invalid or not available
WARNING: [Board 49-26] cannot add Board Part xilinx.com:kcu105:part0:1.0 available at C:/Xilinx/Vivado/2016.2/data/boards/board_files/kcu105/1.0/board.xml as part xcku040-ffva1156-2-e specified in board_part file is either invalid or not available
WARNING: [Board 49-26] cannot add Board Part xilinx.com:kcu105:part0:1.1 available at C:/Xilinx/Vivado/2016.2/data/boards/board_files/kcu105/1.1/board.xml as part xcku040-ffva1156-2-e specified in board_part file is either invalid or not available
WARNING: [Board 49-26] cannot add Board Part xilinx.com:vcu108:part0:1.1 available at C:/Xilinx/Vivado/2016.2/data/boards/board_files/vcu108/1.1/board.xml as part xcvu095-ffva2104-2-e specified in board_part file is either invalid or not available
WARNING: [Board 49-26] cannot add Board Part xilinx.com:vcu108:part0:1.2 available at C:/Xilinx/Vivado/2016.2/data/boards/board_files/vcu108/1.2/board.xml as part xcvu095-ffva2104-2-e specified in board_part file is either invalid or not available
WARNING: [Board 49-26] cannot add Board Part xilinx.com:vcu110:part0:1.1 available at C:/Xilinx/Vivado/2016.2/data/boards/board_files/vcu110/1.1/board.xml as part xcvu190-flgc2104-2-e specified in board_part file is either invalid or not available
WARNING: [Board 49-26] cannot add Board Part xilinx.com:vcu118:part0:1.0 available at C:/Xilinx/Vivado/2016.2/data/boards/board_files/vcu118/1.0/board.xml as part xcvu9p-flga2104-2l-e-es1 specified in board_part file is either invalid or not available
WARNING: [Board 49-26] cannot add Board Part xilinx.com:zc702:part0:1.0 available at C:/Xilinx/Vivado/2016.2/data/boards/board_parts/zynq/zc702/1.0/board_part.xml as part xc7z020clg484-1 specified in board_part file is either invalid or not available
WARNING: [Board 49-26] cannot add Board Part xilinx.com:zc702:part0:1.1 available at C:/Xilinx/Vivado/2016.2/data/boards/board_parts/zynq/zc702/1.1/board_part.xml as part xc7z020clg484-1 specified in board_part file is either invalid or not available
WARNING: [Board 49-26] cannot add Board Part xilinx.com:zc702:part0:1.2 available at C:/Xilinx/Vivado/2016.2/data/boards/board_files/zc702/1.2/board.xml as part xc7z020clg484-1 specified in board_part file is either invalid or not available
WARNING: [Board 49-26] cannot add Board Part xilinx.com:zc706:part0:1.0 available at C:/Xilinx/Vivado/2016.2/data/boards/board_parts/zynq/zc706/1.0/board_part.xml as part xc7z045ffg900-2 specified in board_part file is either invalid or not available
WARNING: [Board 49-26] cannot add Board Part xilinx.com:zc706:part0:1.1 available at C:/Xilinx/Vivado/2016.2/data/boards/board_parts/zynq/zc706/1.1/board_part.xml as part xc7z045ffg900-2 specified in board_part file is either invalid or not available
WARNING: [Board 49-26] cannot add Board Part xilinx.com:zc706:part0:1.2 available at C:/Xilinx/Vivado/2016.2/data/boards/board_files/zc706/1.2/board.xml as part xc7z045ffg900-2 specified in board_part file is either invalid or not available
WARNING: [Board 49-26] cannot add Board Part xilinx.com:zc706:part0:1.3 available at C:/Xilinx/Vivado/2016.2/data/boards/board_files/zc706/1.3/board.xml as part xc7z045ffg900-2 specified in board_part file is either invalid or not available
WARNING: [Board 49-26] cannot add Board Part xilinx.com:zcu102:part0:2.0 available at C:/Xilinx/Vivado/2016.2/data/boards/board_files/zcu102/2.0/board.xml as part xczu9eg-ffvb1156-2-i-es2 specified in board_part file is either invalid or not available
WARNING: [Board 49-26] cannot add Board Part digilentinc.com:arty-z7-10:part0:1.0 available at C:/Xilinx/Vivado/2016.2/data/boards/board_files/arty-z7-10/A.0/board.xml as part xc7z010clg400-1 specified in board_part file is either invalid or not available
WARNING: [Board 49-26] cannot add Board Part digilentinc.com:arty-z7-20:part0:1.0 available at C:/Xilinx/Vivado/2016.2/data/boards/board_files/arty-z7-20/A.0/board.xml as part xc7z020clg400-1 specified in board_part file is either invalid or not available
WARNING: [Board 49-26] cannot add Board Part digilentinc.com:zedboard:part0:1.0 available at C:/Xilinx/Vivado/2016.2/data/boards/board_files/zedboard/1.3/board.xml as part xc7z020clg484-1 specified in board_part file is either invalid or not available
WARNING: [Board 49-26] cannot add Board Part digilentinc.com:zybo:part0:1.0 available at C:/Xilinx/Vivado/2016.2/data/boards/board_files/zybo/B.3/board.xml as part xc7z010clg400-1 specified in board_part file is either invalid or not available
WARNING: [Board 49-26] cannot add Board Part em.avnet.com:zed:part0:0.9 available at C:/Xilinx/Vivado/2016.2/data/boards/board_parts/zynq/zed/0.9/board_part.xml as part xc7z020clg484-1 specified in board_part file is either invalid or not available
WARNING: [Board 49-26] cannot add Board Part em.avnet.com:zed:part0:1.0 available at C:/Xilinx/Vivado/2016.2/data/boards/board_parts/zynq/zed/1.0/board_part.xml as part xc7z020clg484-1 specified in board_part file is either invalid or not available
WARNING: [Board 49-26] cannot add Board Part em.avnet.com:zed:part0:1.1 available at C:/Xilinx/Vivado/2016.2/data/boards/board_parts/zynq/zed/1.1/board_part.xml as part xc7z020clg484-1 specified in board_part file is either invalid or not available
WARNING: [Board 49-26] cannot add Board Part em.avnet.com:zed:part0:1.2 available at C:/Xilinx/Vivado/2016.2/data/boards/board_parts/zynq/zed/1.2/board_part.xml as part xc7z020clg484-1 specified in board_part file is either invalid or not available
INFO: [Common 17-14] Message 'Board 49-26' appears 100 times and further instances of the messages will be disabled. Use the Tcl command set_msg_config to change the current settings.
INFO: [board_interface 100-100] create_bd_intf_port -mode Master -vlnv xilinx.com:interface:gpio_rtl:1.0 DIP_Switches_16Bits
INFO: [board_interface 100-100] connect_bd_intf_net /DIP_Switches_16Bits /axi_gpio_0/GPIO
endgroup
undo
INFO: [Common 17-17] undo 'endgroup'
INFO: [Common 17-17] undo 'apply_board_connection -board_interface "DIP_Switches_16Bits" -ip_intf "axi_gpio_0/GPIO" -diagram "design_1" '
INFO: [Common 17-17] undo 'create_bd_cell -type ip -vlnv xilinx.com:ip:axi_gpio:2.0 axi_gpio_0'
INFO: [Common 17-17] undo 'startgroup'
startgroup
create_bd_cell -type ip -vlnv xilinx.com:ip:axi_gpio:2.0 axi_gpio_0
endgroup
WARNING: [Board 49-26] cannot add Board Part digilentinc.com:arty-z7-10:part0:1.0 available at C:/Xilinx/Vivado/2016.2/data/boards/board_files/arty-z7-10/A.0/board.xml as part xc7z010clg400-1 specified in board_part file is either invalid or not available
WARNING: [Board 49-26] cannot add Board Part digilentinc.com:arty-z7-20:part0:1.0 available at C:/Xilinx/Vivado/2016.2/data/boards/board_files/arty-z7-20/A.0/board.xml as part xc7z020clg400-1 specified in board_part file is either invalid or not available
WARNING: [Board 49-26] cannot add Board Part digilentinc.com:zedboard:part0:1.0 available at C:/Xilinx/Vivado/2016.2/data/boards/board_files/zedboard/1.3/board.xml as part xc7z020clg484-1 specified in board_part file is either invalid or not available
WARNING: [Board 49-26] cannot add Board Part digilentinc.com:zybo:part0:1.0 available at C:/Xilinx/Vivado/2016.2/data/boards/board_files/zybo/B.3/board.xml as part xc7z010clg400-1 specified in board_part file is either invalid or not available
WARNING: [Board 49-26] cannot add Board Part em.avnet.com:zed:part0:0.9 available at C:/Xilinx/Vivado/2016.2/data/boards/board_parts/zynq/zed/0.9/board_part.xml as part xc7z020clg484-1 specified in board_part file is either invalid or not available
WARNING: [Board 49-26] cannot add Board Part em.avnet.com:zed:part0:1.0 available at C:/Xilinx/Vivado/2016.2/data/boards/board_parts/zynq/zed/1.0/board_part.xml as part xc7z020clg484-1 specified in board_part file is either invalid or not available
WARNING: [Board 49-26] cannot add Board Part em.avnet.com:zed:part0:1.1 available at C:/Xilinx/Vivado/2016.2/data/boards/board_parts/zynq/zed/1.1/board_part.xml as part xc7z020clg484-1 specified in board_part file is either invalid or not available
WARNING: [Board 49-26] cannot add Board Part em.avnet.com:zed:part0:1.2 available at C:/Xilinx/Vivado/2016.2/data/boards/board_parts/zynq/zed/1.2/board_part.xml as part xc7z020clg484-1 specified in board_part file is either invalid or not available
WARNING: [Board 49-26] cannot add Board Part em.avnet.com:zed:part0:1.3 available at C:/Xilinx/Vivado/2016.2/data/boards/board_files/zed/1.3/board.xml as part xc7z020clg484-1 specified in board_part file is either invalid or not available
WARNING: [Board 49-26] cannot add Board Part xilinx.com:kcu105:part0:1.0 available at C:/Xilinx/Vivado/2016.2/data/boards/board_files/kcu105/1.0/board.xml as part xcku040-ffva1156-2-e specified in board_part file is either invalid or not available
WARNING: [Board 49-26] cannot add Board Part xilinx.com:kcu105:part0:1.1 available at C:/Xilinx/Vivado/2016.2/data/boards/board_files/kcu105/1.1/board.xml as part xcku040-ffva1156-2-e specified in board_part file is either invalid or not available
WARNING: [Board 49-26] cannot add Board Part xilinx.com:vcu108:part0:1.1 available at C:/Xilinx/Vivado/2016.2/data/boards/board_files/vcu108/1.1/board.xml as part xcvu095-ffva2104-2-e specified in board_part file is either invalid or not available
WARNING: [Board 49-26] cannot add Board Part xilinx.com:vcu108:part0:1.2 available at C:/Xilinx/Vivado/2016.2/data/boards/board_files/vcu108/1.2/board.xml as part xcvu095-ffva2104-2-e specified in board_part file is either invalid or not available
WARNING: [Board 49-26] cannot add Board Part xilinx.com:vcu110:part0:1.1 available at C:/Xilinx/Vivado/2016.2/data/boards/board_files/vcu110/1.1/board.xml as part xcvu190-flgc2104-2-e specified in board_part file is either invalid or not available
WARNING: [Board 49-26] cannot add Board Part xilinx.com:vcu118:part0:1.0 available at C:/Xilinx/Vivado/2016.2/data/boards/board_files/vcu118/1.0/board.xml as part xcvu9p-flga2104-2l-e-es1 specified in board_part file is either invalid or not available
WARNING: [Board 49-26] cannot add Board Part xilinx.com:zc702:part0:1.0 available at C:/Xilinx/Vivado/2016.2/data/boards/board_parts/zynq/zc702/1.0/board_part.xml as part xc7z020clg484-1 specified in board_part file is either invalid or not available
WARNING: [Board 49-26] cannot add Board Part xilinx.com:zc702:part0:1.1 available at C:/Xilinx/Vivado/2016.2/data/boards/board_parts/zynq/zc702/1.1/board_part.xml as part xc7z020clg484-1 specified in board_part file is either invalid or not available
WARNING: [Board 49-26] cannot add Board Part xilinx.com:zc702:part0:1.2 available at C:/Xilinx/Vivado/2016.2/data/boards/board_files/zc702/1.2/board.xml as part xc7z020clg484-1 specified in board_part file is either invalid or not available
WARNING: [Board 49-26] cannot add Board Part xilinx.com:zc706:part0:1.0 available at C:/Xilinx/Vivado/2016.2/data/boards/board_parts/zynq/zc706/1.0/board_part.xml as part xc7z045ffg900-2 specified in board_part file is either invalid or not available
WARNING: [Board 49-26] cannot add Board Part xilinx.com:zc706:part0:1.1 available at C:/Xilinx/Vivado/2016.2/data/boards/board_parts/zynq/zc706/1.1/board_part.xml as part xc7z045ffg900-2 specified in board_part file is either invalid or not available
WARNING: [Board 49-26] cannot add Board Part xilinx.com:zc706:part0:1.2 available at C:/Xilinx/Vivado/2016.2/data/boards/board_files/zc706/1.2/board.xml as part xc7z045ffg900-2 specified in board_part file is either invalid or not available
WARNING: [Board 49-26] cannot add Board Part xilinx.com:zc706:part0:1.3 available at C:/Xilinx/Vivado/2016.2/data/boards/board_files/zc706/1.3/board.xml as part xc7z045ffg900-2 specified in board_part file is either invalid or not available
WARNING: [Board 49-26] cannot add Board Part xilinx.com:zcu102:part0:2.0 available at C:/Xilinx/Vivado/2016.2/data/boards/board_files/zcu102/2.0/board.xml as part xczu9eg-ffvb1156-2-i-es2 specified in board_part file is either invalid or not available
WARNING: [Board 49-26] cannot add Board Part digilentinc.com:arty-z7-10:part0:1.0 available at C:/Xilinx/Vivado/2016.2/data/boards/board_files/arty-z7-10/A.0/board.xml as part xc7z010clg400-1 specified in board_part file is either invalid or not available
WARNING: [Board 49-26] cannot add Board Part digilentinc.com:arty-z7-20:part0:1.0 available at C:/Xilinx/Vivado/2016.2/data/boards/board_files/arty-z7-20/A.0/board.xml as part xc7z020clg400-1 specified in board_part file is either invalid or not available
WARNING: [Board 49-26] cannot add Board Part digilentinc.com:zedboard:part0:1.0 available at C:/Xilinx/Vivado/2016.2/data/boards/board_files/zedboard/1.3/board.xml as part xc7z020clg484-1 specified in board_part file is either invalid or not available
WARNING: [Board 49-26] cannot add Board Part digilentinc.com:zybo:part0:1.0 available at C:/Xilinx/Vivado/2016.2/data/boards/board_files/zybo/B.3/board.xml as part xc7z010clg400-1 specified in board_part file is either invalid or not available
WARNING: [Board 49-26] cannot add Board Part em.avnet.com:zed:part0:0.9 available at C:/Xilinx/Vivado/2016.2/data/boards/board_parts/zynq/zed/0.9/board_part.xml as part xc7z020clg484-1 specified in board_part file is either invalid or not available
WARNING: [Board 49-26] cannot add Board Part em.avnet.com:zed:part0:1.0 available at C:/Xilinx/Vivado/2016.2/data/boards/board_parts/zynq/zed/1.0/board_part.xml as part xc7z020clg484-1 specified in board_part file is either invalid or not available
WARNING: [Board 49-26] cannot add Board Part em.avnet.com:zed:part0:1.1 available at C:/Xilinx/Vivado/2016.2/data/boards/board_parts/zynq/zed/1.1/board_part.xml as part xc7z020clg484-1 specified in board_part file is either invalid or not available
WARNING: [Board 49-26] cannot add Board Part em.avnet.com:zed:part0:1.2 available at C:/Xilinx/Vivado/2016.2/data/boards/board_parts/zynq/zed/1.2/board_part.xml as part xc7z020clg484-1 specified in board_part file is either invalid or not available
WARNING: [Board 49-26] cannot add Board Part em.avnet.com:zed:part0:1.3 available at C:/Xilinx/Vivado/2016.2/data/boards/board_files/zed/1.3/board.xml as part xc7z020clg484-1 specified in board_part file is either invalid or not available
WARNING: [Board 49-26] cannot add Board Part xilinx.com:kcu105:part0:1.0 available at C:/Xilinx/Vivado/2016.2/data/boards/board_files/kcu105/1.0/board.xml as part xcku040-ffva1156-2-e specified in board_part file is either invalid or not available
WARNING: [Board 49-26] cannot add Board Part xilinx.com:kcu105:part0:1.1 available at C:/Xilinx/Vivado/2016.2/data/boards/board_files/kcu105/1.1/board.xml as part xcku040-ffva1156-2-e specified in board_part file is either invalid or not available
WARNING: [Board 49-26] cannot add Board Part xilinx.com:vcu108:part0:1.1 available at C:/Xilinx/Vivado/2016.2/data/boards/board_files/vcu108/1.1/board.xml as part xcvu095-ffva2104-2-e specified in board_part file is either invalid or not available
WARNING: [Board 49-26] cannot add Board Part xilinx.com:vcu108:part0:1.2 available at C:/Xilinx/Vivado/2016.2/data/boards/board_files/vcu108/1.2/board.xml as part xcvu095-ffva2104-2-e specified in board_part file is either invalid or not available
WARNING: [Board 49-26] cannot add Board Part xilinx.com:vcu110:part0:1.1 available at C:/Xilinx/Vivado/2016.2/data/boards/board_files/vcu110/1.1/board.xml as part xcvu190-flgc2104-2-e specified in board_part file is either invalid or not available
WARNING: [Board 49-26] cannot add Board Part xilinx.com:vcu118:part0:1.0 available at C:/Xilinx/Vivado/2016.2/data/boards/board_files/vcu118/1.0/board.xml as part xcvu9p-flga2104-2l-e-es1 specified in board_part file is either invalid or not available
WARNING: [Board 49-26] cannot add Board Part xilinx.com:zc702:part0:1.0 available at C:/Xilinx/Vivado/2016.2/data/boards/board_parts/zynq/zc702/1.0/board_part.xml as part xc7z020clg484-1 specified in board_part file is either invalid or not available
WARNING: [Board 49-26] cannot add Board Part xilinx.com:zc702:part0:1.1 available at C:/Xilinx/Vivado/2016.2/data/boards/board_parts/zynq/zc702/1.1/board_part.xml as part xc7z020clg484-1 specified in board_part file is either invalid or not available
WARNING: [Board 49-26] cannot add Board Part xilinx.com:zc702:part0:1.2 available at C:/Xilinx/Vivado/2016.2/data/boards/board_files/zc702/1.2/board.xml as part xc7z020clg484-1 specified in board_part file is either invalid or not available
WARNING: [Board 49-26] cannot add Board Part xilinx.com:zc706:part0:1.0 available at C:/Xilinx/Vivado/2016.2/data/boards/board_parts/zynq/zc706/1.0/board_part.xml as part xc7z045ffg900-2 specified in board_part file is either invalid or not available
WARNING: [Board 49-26] cannot add Board Part xilinx.com:zc706:part0:1.1 available at C:/Xilinx/Vivado/2016.2/data/boards/board_parts/zynq/zc706/1.1/board_part.xml as part xc7z045ffg900-2 specified in board_part file is either invalid or not available
WARNING: [Board 49-26] cannot add Board Part xilinx.com:zc706:part0:1.2 available at C:/Xilinx/Vivado/2016.2/data/boards/board_files/zc706/1.2/board.xml as part xc7z045ffg900-2 specified in board_part file is either invalid or not available
WARNING: [Board 49-26] cannot add Board Part xilinx.com:zc706:part0:1.3 available at C:/Xilinx/Vivado/2016.2/data/boards/board_files/zc706/1.3/board.xml as part xc7z045ffg900-2 specified in board_part file is either invalid or not available
WARNING: [Board 49-26] cannot add Board Part xilinx.com:zcu102:part0:2.0 available at C:/Xilinx/Vivado/2016.2/data/boards/board_files/zcu102/2.0/board.xml as part xczu9eg-ffvb1156-2-i-es2 specified in board_part file is either invalid or not available
WARNING: [Board 49-26] cannot add Board Part digilentinc.com:arty-z7-10:part0:1.0 available at C:/Xilinx/Vivado/2016.2/data/boards/board_files/arty-z7-10/A.0/board.xml as part xc7z010clg400-1 specified in board_part file is either invalid or not available
WARNING: [Board 49-26] cannot add Board Part digilentinc.com:arty-z7-20:part0:1.0 available at C:/Xilinx/Vivado/2016.2/data/boards/board_files/arty-z7-20/A.0/board.xml as part xc7z020clg400-1 specified in board_part file is either invalid or not available
WARNING: [Board 49-26] cannot add Board Part digilentinc.com:zedboard:part0:1.0 available at C:/Xilinx/Vivado/2016.2/data/boards/board_files/zedboard/1.3/board.xml as part xc7z020clg484-1 specified in board_part file is either invalid or not available
WARNING: [Board 49-26] cannot add Board Part digilentinc.com:zybo:part0:1.0 available at C:/Xilinx/Vivado/2016.2/data/boards/board_files/zybo/B.3/board.xml as part xc7z010clg400-1 specified in board_part file is either invalid or not available
WARNING: [Board 49-26] cannot add Board Part em.avnet.com:zed:part0:0.9 available at C:/Xilinx/Vivado/2016.2/data/boards/board_parts/zynq/zed/0.9/board_part.xml as part xc7z020clg484-1 specified in board_part file is either invalid or not available
WARNING: [Board 49-26] cannot add Board Part em.avnet.com:zed:part0:1.0 available at C:/Xilinx/Vivado/2016.2/data/boards/board_parts/zynq/zed/1.0/board_part.xml as part xc7z020clg484-1 specified in board_part file is either invalid or not available
WARNING: [Board 49-26] cannot add Board Part em.avnet.com:zed:part0:1.1 available at C:/Xilinx/Vivado/2016.2/data/boards/board_parts/zynq/zed/1.1/board_part.xml as part xc7z020clg484-1 specified in board_part file is either invalid or not available
WARNING: [Board 49-26] cannot add Board Part em.avnet.com:zed:part0:1.2 available at C:/Xilinx/Vivado/2016.2/data/boards/board_parts/zynq/zed/1.2/board_part.xml as part xc7z020clg484-1 specified in board_part file is either invalid or not available
WARNING: [Board 49-26] cannot add Board Part em.avnet.com:zed:part0:1.3 available at C:/Xilinx/Vivado/2016.2/data/boards/board_files/zed/1.3/board.xml as part xc7z020clg484-1 specified in board_part file is either invalid or not available
WARNING: [Board 49-26] cannot add Board Part xilinx.com:kcu105:part0:1.0 available at C:/Xilinx/Vivado/2016.2/data/boards/board_files/kcu105/1.0/board.xml as part xcku040-ffva1156-2-e specified in board_part file is either invalid or not available
WARNING: [Board 49-26] cannot add Board Part xilinx.com:kcu105:part0:1.1 available at C:/Xilinx/Vivado/2016.2/data/boards/board_files/kcu105/1.1/board.xml as part xcku040-ffva1156-2-e specified in board_part file is either invalid or not available
WARNING: [Board 49-26] cannot add Board Part xilinx.com:vcu108:part0:1.1 available at C:/Xilinx/Vivado/2016.2/data/boards/board_files/vcu108/1.1/board.xml as part xcvu095-ffva2104-2-e specified in board_part file is either invalid or not available
WARNING: [Board 49-26] cannot add Board Part xilinx.com:vcu108:part0:1.2 available at C:/Xilinx/Vivado/2016.2/data/boards/board_files/vcu108/1.2/board.xml as part xcvu095-ffva2104-2-e specified in board_part file is either invalid or not available
WARNING: [Board 49-26] cannot add Board Part xilinx.com:vcu110:part0:1.1 available at C:/Xilinx/Vivado/2016.2/data/boards/board_files/vcu110/1.1/board.xml as part xcvu190-flgc2104-2-e specified in board_part file is either invalid or not available
WARNING: [Board 49-26] cannot add Board Part xilinx.com:vcu118:part0:1.0 available at C:/Xilinx/Vivado/2016.2/data/boards/board_files/vcu118/1.0/board.xml as part xcvu9p-flga2104-2l-e-es1 specified in board_part file is either invalid or not available
WARNING: [Board 49-26] cannot add Board Part xilinx.com:zc702:part0:1.0 available at C:/Xilinx/Vivado/2016.2/data/boards/board_parts/zynq/zc702/1.0/board_part.xml as part xc7z020clg484-1 specified in board_part file is either invalid or not available
WARNING: [Board 49-26] cannot add Board Part xilinx.com:zc702:part0:1.1 available at C:/Xilinx/Vivado/2016.2/data/boards/board_parts/zynq/zc702/1.1/board_part.xml as part xc7z020clg484-1 specified in board_part file is either invalid or not available
WARNING: [Board 49-26] cannot add Board Part xilinx.com:zc702:part0:1.2 available at C:/Xilinx/Vivado/2016.2/data/boards/board_files/zc702/1.2/board.xml as part xc7z020clg484-1 specified in board_part file is either invalid or not available
WARNING: [Board 49-26] cannot add Board Part xilinx.com:zc706:part0:1.0 available at C:/Xilinx/Vivado/2016.2/data/boards/board_parts/zynq/zc706/1.0/board_part.xml as part xc7z045ffg900-2 specified in board_part file is either invalid or not available
WARNING: [Board 49-26] cannot add Board Part xilinx.com:zc706:part0:1.1 available at C:/Xilinx/Vivado/2016.2/data/boards/board_parts/zynq/zc706/1.1/board_part.xml as part xc7z045ffg900-2 specified in board_part file is either invalid or not available
WARNING: [Board 49-26] cannot add Board Part xilinx.com:zc706:part0:1.2 available at C:/Xilinx/Vivado/2016.2/data/boards/board_files/zc706/1.2/board.xml as part xc7z045ffg900-2 specified in board_part file is either invalid or not available
WARNING: [Board 49-26] cannot add Board Part xilinx.com:zc706:part0:1.3 available at C:/Xilinx/Vivado/2016.2/data/boards/board_files/zc706/1.3/board.xml as part xc7z045ffg900-2 specified in board_part file is either invalid or not available
WARNING: [Board 49-26] cannot add Board Part xilinx.com:zcu102:part0:2.0 available at C:/Xilinx/Vivado/2016.2/data/boards/board_files/zcu102/2.0/board.xml as part xczu9eg-ffvb1156-2-i-es2 specified in board_part file is either invalid or not available
WARNING: [Board 49-26] cannot add Board Part digilentinc.com:arty-z7-10:part0:1.0 available at C:/Xilinx/Vivado/2016.2/data/boards/board_files/arty-z7-10/A.0/board.xml as part xc7z010clg400-1 specified in board_part file is either invalid or not available
WARNING: [Board 49-26] cannot add Board Part digilentinc.com:arty-z7-20:part0:1.0 available at C:/Xilinx/Vivado/2016.2/data/boards/board_files/arty-z7-20/A.0/board.xml as part xc7z020clg400-1 specified in board_part file is either invalid or not available
WARNING: [Board 49-26] cannot add Board Part digilentinc.com:zedboard:part0:1.0 available at C:/Xilinx/Vivado/2016.2/data/boards/board_files/zedboard/1.3/board.xml as part xc7z020clg484-1 specified in board_part file is either invalid or not available
WARNING: [Board 49-26] cannot add Board Part digilentinc.com:zybo:part0:1.0 available at C:/Xilinx/Vivado/2016.2/data/boards/board_files/zybo/B.3/board.xml as part xc7z010clg400-1 specified in board_part file is either invalid or not available
WARNING: [Board 49-26] cannot add Board Part em.avnet.com:zed:part0:0.9 available at C:/Xilinx/Vivado/2016.2/data/boards/board_parts/zynq/zed/0.9/board_part.xml as part xc7z020clg484-1 specified in board_part file is either invalid or not available
WARNING: [Board 49-26] cannot add Board Part em.avnet.com:zed:part0:1.0 available at C:/Xilinx/Vivado/2016.2/data/boards/board_parts/zynq/zed/1.0/board_part.xml as part xc7z020clg484-1 specified in board_part file is either invalid or not available
WARNING: [Board 49-26] cannot add Board Part em.avnet.com:zed:part0:1.1 available at C:/Xilinx/Vivado/2016.2/data/boards/board_parts/zynq/zed/1.1/board_part.xml as part xc7z020clg484-1 specified in board_part file is either invalid or not available
WARNING: [Board 49-26] cannot add Board Part em.avnet.com:zed:part0:1.2 available at C:/Xilinx/Vivado/2016.2/data/boards/board_parts/zynq/zed/1.2/board_part.xml as part xc7z020clg484-1 specified in board_part file is either invalid or not available
WARNING: [Board 49-26] cannot add Board Part em.avnet.com:zed:part0:1.3 available at C:/Xilinx/Vivado/2016.2/data/boards/board_files/zed/1.3/board.xml as part xc7z020clg484-1 specified in board_part file is either invalid or not available
WARNING: [Board 49-26] cannot add Board Part xilinx.com:kcu105:part0:1.0 available at C:/Xilinx/Vivado/2016.2/data/boards/board_files/kcu105/1.0/board.xml as part xcku040-ffva1156-2-e specified in board_part file is either invalid or not available
WARNING: [Board 49-26] cannot add Board Part xilinx.com:kcu105:part0:1.1 available at C:/Xilinx/Vivado/2016.2/data/boards/board_files/kcu105/1.1/board.xml as part xcku040-ffva1156-2-e specified in board_part file is either invalid or not available
WARNING: [Board 49-26] cannot add Board Part xilinx.com:vcu108:part0:1.1 available at C:/Xilinx/Vivado/2016.2/data/boards/board_files/vcu108/1.1/board.xml as part xcvu095-ffva2104-2-e specified in board_part file is either invalid or not available
WARNING: [Board 49-26] cannot add Board Part xilinx.com:vcu108:part0:1.2 available at C:/Xilinx/Vivado/2016.2/data/boards/board_files/vcu108/1.2/board.xml as part xcvu095-ffva2104-2-e specified in board_part file is either invalid or not available
WARNING: [Board 49-26] cannot add Board Part xilinx.com:vcu110:part0:1.1 available at C:/Xilinx/Vivado/2016.2/data/boards/board_files/vcu110/1.1/board.xml as part xcvu190-flgc2104-2-e specified in board_part file is either invalid or not available
WARNING: [Board 49-26] cannot add Board Part xilinx.com:vcu118:part0:1.0 available at C:/Xilinx/Vivado/2016.2/data/boards/board_files/vcu118/1.0/board.xml as part xcvu9p-flga2104-2l-e-es1 specified in board_part file is either invalid or not available
WARNING: [Board 49-26] cannot add Board Part xilinx.com:zc702:part0:1.0 available at C:/Xilinx/Vivado/2016.2/data/boards/board_parts/zynq/zc702/1.0/board_part.xml as part xc7z020clg484-1 specified in board_part file is either invalid or not available
WARNING: [Board 49-26] cannot add Board Part xilinx.com:zc702:part0:1.1 available at C:/Xilinx/Vivado/2016.2/data/boards/board_parts/zynq/zc702/1.1/board_part.xml as part xc7z020clg484-1 specified in board_part file is either invalid or not available
WARNING: [Board 49-26] cannot add Board Part xilinx.com:zc702:part0:1.2 available at C:/Xilinx/Vivado/2016.2/data/boards/board_files/zc702/1.2/board.xml as part xc7z020clg484-1 specified in board_part file is either invalid or not available
WARNING: [Board 49-26] cannot add Board Part xilinx.com:zc706:part0:1.0 available at C:/Xilinx/Vivado/2016.2/data/boards/board_parts/zynq/zc706/1.0/board_part.xml as part xc7z045ffg900-2 specified in board_part file is either invalid or not available
WARNING: [Board 49-26] cannot add Board Part xilinx.com:zc706:part0:1.1 available at C:/Xilinx/Vivado/2016.2/data/boards/board_parts/zynq/zc706/1.1/board_part.xml as part xc7z045ffg900-2 specified in board_part file is either invalid or not available
WARNING: [Board 49-26] cannot add Board Part xilinx.com:zc706:part0:1.2 available at C:/Xilinx/Vivado/2016.2/data/boards/board_files/zc706/1.2/board.xml as part xc7z045ffg900-2 specified in board_part file is either invalid or not available
WARNING: [Board 49-26] cannot add Board Part xilinx.com:zc706:part0:1.3 available at C:/Xilinx/Vivado/2016.2/data/boards/board_files/zc706/1.3/board.xml as part xc7z045ffg900-2 specified in board_part file is either invalid or not available
WARNING: [Board 49-26] cannot add Board Part xilinx.com:zcu102:part0:2.0 available at C:/Xilinx/Vivado/2016.2/data/boards/board_files/zcu102/2.0/board.xml as part xczu9eg-ffvb1156-2-i-es2 specified in board_part file is either invalid or not available
WARNING: [Board 49-26] cannot add Board Part digilentinc.com:arty-z7-10:part0:1.0 available at C:/Xilinx/Vivado/2016.2/data/boards/board_files/arty-z7-10/A.0/board.xml as part xc7z010clg400-1 specified in board_part file is either invalid or not available
WARNING: [Board 49-26] cannot add Board Part digilentinc.com:arty-z7-20:part0:1.0 available at C:/Xilinx/Vivado/2016.2/data/boards/board_files/arty-z7-20/A.0/board.xml as part xc7z020clg400-1 specified in board_part file is either invalid or not available
WARNING: [Board 49-26] cannot add Board Part digilentinc.com:zedboard:part0:1.0 available at C:/Xilinx/Vivado/2016.2/data/boards/board_files/zedboard/1.3/board.xml as part xc7z020clg484-1 specified in board_part file is either invalid or not available
WARNING: [Board 49-26] cannot add Board Part digilentinc.com:zybo:part0:1.0 available at C:/Xilinx/Vivado/2016.2/data/boards/board_files/zybo/B.3/board.xml as part xc7z010clg400-1 specified in board_part file is either invalid or not available
WARNING: [Board 49-26] cannot add Board Part em.avnet.com:zed:part0:0.9 available at C:/Xilinx/Vivado/2016.2/data/boards/board_parts/zynq/zed/0.9/board_part.xml as part xc7z020clg484-1 specified in board_part file is either invalid or not available
WARNING: [Board 49-26] cannot add Board Part em.avnet.com:zed:part0:1.0 available at C:/Xilinx/Vivado/2016.2/data/boards/board_parts/zynq/zed/1.0/board_part.xml as part xc7z020clg484-1 specified in board_part file is either invalid or not available
WARNING: [Board 49-26] cannot add Board Part em.avnet.com:zed:part0:1.1 available at C:/Xilinx/Vivado/2016.2/data/boards/board_parts/zynq/zed/1.1/board_part.xml as part xc7z020clg484-1 specified in board_part file is either invalid or not available
WARNING: [Board 49-26] cannot add Board Part em.avnet.com:zed:part0:1.2 available at C:/Xilinx/Vivado/2016.2/data/boards/board_parts/zynq/zed/1.2/board_part.xml as part xc7z020clg484-1 specified in board_part file is either invalid or not available
INFO: [Common 17-14] Message 'Board 49-26' appears 100 times and further instances of the messages will be disabled. Use the Tcl command set_msg_config to change the current settings.
startgroup
set_property -dict [list CONFIG.C_GPIO_WIDTH {1} CONFIG.C_GPIO2_WIDTH {1} CONFIG.C_ALL_INPUTS {1} CONFIG.GPIO_BOARD_INTERFACE {Custom} CONFIG.GPIO2_BOARD_INTERFACE {Custom} CONFIG.C_IS_DUAL {1} CONFIG.C_ALL_OUTPUTS_2 {1}] [get_bd_cells axi_gpio_0]
endgroup
startgroup
create_bd_intf_port -mode Master -vlnv xilinx.com:interface:gpio_rtl:1.0 GPIO
connect_bd_intf_net [get_bd_intf_pins axi_gpio_0/GPIO] [get_bd_intf_ports GPIO]
endgroup
startgroup
create_bd_intf_port -mode Master -vlnv xilinx.com:interface:gpio_rtl:1.0 GPIO2
connect_bd_intf_net [get_bd_intf_pins axi_gpio_0/GPIO2] [get_bd_intf_ports GPIO2]
endgroup
delete_bd_objs [get_bd_intf_nets axi_gpio_0_GPIO] [get_bd_intf_nets axi_gpio_0_GPIO2] [get_bd_cells axi_gpio_0]
delete_bd_objs [get_bd_intf_ports GPIO2]
delete_bd_objs [get_bd_intf_ports GPIO]
startgroup
create_bd_port -dir I calibrate
connect_bd_net [get_bd_pins /stream_jpg_yy_nv_mn_v1_0_wed2_0/calibrate] [get_bd_ports calibrate]
endgroup
startgroup
create_bd_port -dir O error_o
connect_bd_net [get_bd_pins /stream_jpg_yy_nv_mn_v1_0_wed2_0/error_o] [get_bd_ports error_o]
endgroup
save_bd_design
Wrote  : <C:/Users/yy/Desktop/ece532_debug/tr3/yy/project_1/project_1.srcs/sources_1/bd/design_1/design_1.bd> 
validate_bd_design
INFO: [IP_Flow 19-3438] Customization errors found on 'clk_wiz_1'. Restoring to previous valid configuration.
INFO: [IP_Flow 19-3447] Customization errors found during restoring IP 'clk_wiz_1' to previous valid configuration.
ERROR: [IP_Flow 19-3439] Failed to restore IP 'clk_wiz_1' customization to its previous valid configuration.
ERROR: [IP_Flow 19-479] 'UARTLITE_BOARD_INTERFACE--> UARTLITE_BOARD_INTERFACE' cyclic dependency found while setting value 'usb_uart' on parameter 'UARTLITE_BOARD_INTERFACE'.
ERROR: [Common 17-39] 'set_property' failed due to earlier errors.
ERROR: [IP_Flow 19-3461] Value 'usb_uart' is out of the range for parameter 'UARTLITE BOARD INTERFACE(UARTLITE_BOARD_INTERFACE)' for BD Cell 'axi_uartlite_0' . Valid values are - Custom, USB_Uart
INFO: [Device 21-403] Loading part xc7a100tcsg324-1
ERROR: [IP_Flow 19-3461] Value 'usb_uart' is out of the range for parameter 'UARTLITE BOARD INTERFACE(UARTLITE_BOARD_INTERFACE)' for BD Cell 'axi_uartlite_0' . Valid values are - Custom, USB_Uart
INFO: [IP_Flow 19-3438] Customization errors found on 'clk_wiz_1'. Restoring to previous valid configuration.
INFO: [IP_Flow 19-3447] Customization errors found during restoring IP 'clk_wiz_1' to previous valid configuration.
ERROR: [IP_Flow 19-3439] Failed to restore IP 'clk_wiz_1' customization to its previous valid configuration.
ERROR: [IP_Flow 19-3461] Value 'usb_uart' is out of the range for parameter 'UARTLITE BOARD INTERFACE(UARTLITE_BOARD_INTERFACE)' for BD Cell 'axi_uartlite_0' . Valid values are - Custom, USB_Uart
ERROR: [IP_Flow 19-3461] Value 'usb_uart' is out of the range for parameter 'UARTLITE BOARD INTERFACE(UARTLITE_BOARD_INTERFACE)' for BD Cell 'axi_uartlite_0' . Valid values are - Custom, USB_Uart
ERROR: [IP_Flow 19-3461] Value 'usb_uart' is out of the range for parameter 'UARTLITE BOARD INTERFACE(UARTLITE_BOARD_INTERFACE)' for BD Cell 'axi_uartlite_0' . Valid values are - Custom, USB_Uart
ERROR: [IP_Flow 19-3461] Value 'usb_uart' is out of the range for parameter 'UARTLITE BOARD INTERFACE(UARTLITE_BOARD_INTERFACE)' for BD Cell 'axi_uartlite_0' . Valid values are - Custom, USB_Uart
ERROR: [IP_Flow 19-3461] Value 'usb_uart' is out of the range for parameter 'UARTLITE BOARD INTERFACE(UARTLITE_BOARD_INTERFACE)' for BD Cell 'axi_uartlite_0' . Valid values are - Custom, USB_Uart
INFO: [IP_Flow 19-3438] Customization errors found on 'axi_uartlite_0'. Restoring to previous valid configuration.
ERROR: [IP_Flow 19-3461] Value 'usb_uart' is out of the range for parameter 'UARTLITE BOARD INTERFACE(UARTLITE_BOARD_INTERFACE)' for BD Cell 'axi_uartlite_0' . Valid values are - Custom, USB_Uart
INFO: [IP_Flow 19-3447] Customization errors found during restoring IP 'axi_uartlite_0' to previous valid configuration.
ERROR: [IP_Flow 19-3439] Failed to restore IP 'axi_uartlite_0' customization to its previous valid configuration.
ERROR: [Common 17-39] 'set_property' failed due to earlier errors.
ERROR: [BD 41-1273] Error running post_propagate TCL procedure: ERROR: [Common 17-39] 'set_property' failed due to earlier errors.
    ::xilinx.com_ip_axi_uartlite_2.0::post_propagate Line 13
ERROR: [BD 41-241] Message from IP propagation TCL of /axi_uartlite_0: set_property error: Value 'usb_uart' is out of the range for parameter 'UARTLITE BOARD INTERFACE(UARTLITE_BOARD_INTERFACE)' for BD Cell 'axi_uartlite_0' . Valid values are - Custom, USB_Uart
Customization errors found on 'axi_uartlite_0'. Restoring to previous valid configuration.
Value 'usb_uart' is out of the range for parameter 'UARTLITE BOARD INTERFACE(UARTLITE_BOARD_INTERFACE)' for BD Cell 'axi_uartlite_0' . Valid values are - Custom, USB_Uart
Customization errors found during restoring IP 'axi_uartlite_0' to previous valid configuration.
Failed to restore IP 'axi_uartlite_0' customization to its previous valid configuration.

INFO: [xilinx.com:ip:axi_intc:4.1-1] /microblaze_0_axi_intc: The AXI INTC core has been configured to operate with synchronous clocks.
validate_bd_design: Time (s): cpu = 00:00:16 ; elapsed = 00:00:19 . Memory (MB): peak = 1312.895 ; gain = 108.051
ERROR: [Common 17-39] 'validate_bd_design' failed due to earlier errors.
ERROR: [IP_Flow 19-3461] Value 'usb_uart' is out of the range for parameter 'UARTLITE BOARD INTERFACE(UARTLITE_BOARD_INTERFACE)' for BD Cell 'axi_uartlite_0' . Valid values are - Custom, USB_Uart
INFO: [IP_Flow 19-3438] Customization errors found on 'axi_uartlite_0'. Restoring to previous valid configuration.
ERROR: [IP_Flow 19-3461] Value 'usb_uart' is out of the range for parameter 'UARTLITE BOARD INTERFACE(UARTLITE_BOARD_INTERFACE)' for BD Cell 'axi_uartlite_0' . Valid values are - Custom, USB_Uart
INFO: [IP_Flow 19-3447] Customization errors found during restoring IP 'axi_uartlite_0' to previous valid configuration.
ERROR: [IP_Flow 19-3439] Failed to restore IP 'axi_uartlite_0' customization to its previous valid configuration.
startgroup
endgroup
validate_bd_design
INFO: [IP_Flow 19-3438] Customization errors found on 'clk_wiz_1'. Restoring to previous valid configuration.
INFO: [IP_Flow 19-3447] Customization errors found during restoring IP 'clk_wiz_1' to previous valid configuration.
ERROR: [IP_Flow 19-3439] Failed to restore IP 'clk_wiz_1' customization to its previous valid configuration.
ERROR: [IP_Flow 19-3461] Value 'usb_uart' is out of the range for parameter 'UARTLITE BOARD INTERFACE(UARTLITE_BOARD_INTERFACE)' for BD Cell 'axi_uartlite_0' . Valid values are - Custom, USB_Uart
INFO: [IP_Flow 19-3438] Customization errors found on 'axi_uartlite_0'. Restoring to previous valid configuration.
ERROR: [IP_Flow 19-3461] Value 'usb_uart' is out of the range for parameter 'UARTLITE BOARD INTERFACE(UARTLITE_BOARD_INTERFACE)' for BD Cell 'axi_uartlite_0' . Valid values are - Custom, USB_Uart
INFO: [IP_Flow 19-3447] Customization errors found during restoring IP 'axi_uartlite_0' to previous valid configuration.
ERROR: [IP_Flow 19-3439] Failed to restore IP 'axi_uartlite_0' customization to its previous valid configuration.
INFO: [IP_Flow 19-3438] Customization errors found on 'clk_wiz_1'. Restoring to previous valid configuration.
INFO: [IP_Flow 19-3447] Customization errors found during restoring IP 'clk_wiz_1' to previous valid configuration.
ERROR: [IP_Flow 19-3439] Failed to restore IP 'clk_wiz_1' customization to its previous valid configuration.
ERROR: [IP_Flow 19-3461] Value 'usb_uart' is out of the range for parameter 'UARTLITE BOARD INTERFACE(UARTLITE_BOARD_INTERFACE)' for BD Cell 'axi_uartlite_0' . Valid values are - Custom, USB_Uart
ERROR: [IP_Flow 19-3461] Value 'usb_uart' is out of the range for parameter 'UARTLITE BOARD INTERFACE(UARTLITE_BOARD_INTERFACE)' for BD Cell 'axi_uartlite_0' . Valid values are - Custom, USB_Uart
ERROR: [IP_Flow 19-3461] Value 'usb_uart' is out of the range for parameter 'UARTLITE BOARD INTERFACE(UARTLITE_BOARD_INTERFACE)' for BD Cell 'axi_uartlite_0' . Valid values are - Custom, USB_Uart
ERROR: [IP_Flow 19-3461] Value 'usb_uart' is out of the range for parameter 'UARTLITE BOARD INTERFACE(UARTLITE_BOARD_INTERFACE)' for BD Cell 'axi_uartlite_0' . Valid values are - Custom, USB_Uart
ERROR: [IP_Flow 19-3461] Value 'usb_uart' is out of the range for parameter 'UARTLITE BOARD INTERFACE(UARTLITE_BOARD_INTERFACE)' for BD Cell 'axi_uartlite_0' . Valid values are - Custom, USB_Uart
INFO: [IP_Flow 19-3438] Customization errors found on 'axi_uartlite_0'. Restoring to previous valid configuration.
ERROR: [IP_Flow 19-3461] Value 'usb_uart' is out of the range for parameter 'UARTLITE BOARD INTERFACE(UARTLITE_BOARD_INTERFACE)' for BD Cell 'axi_uartlite_0' . Valid values are - Custom, USB_Uart
INFO: [IP_Flow 19-3447] Customization errors found during restoring IP 'axi_uartlite_0' to previous valid configuration.
ERROR: [IP_Flow 19-3439] Failed to restore IP 'axi_uartlite_0' customization to its previous valid configuration.
ERROR: [Common 17-39] 'set_property' failed due to earlier errors.
ERROR: [BD 41-1273] Error running post_propagate TCL procedure: ERROR: [Common 17-39] 'set_property' failed due to earlier errors.
    ::xilinx.com_ip_axi_uartlite_2.0::post_propagate Line 13
ERROR: [BD 41-241] Message from IP propagation TCL of /axi_uartlite_0: set_property error: Value 'usb_uart' is out of the range for parameter 'UARTLITE BOARD INTERFACE(UARTLITE_BOARD_INTERFACE)' for BD Cell 'axi_uartlite_0' . Valid values are - Custom, USB_Uart
Customization errors found on 'axi_uartlite_0'. Restoring to previous valid configuration.
Value 'usb_uart' is out of the range for parameter 'UARTLITE BOARD INTERFACE(UARTLITE_BOARD_INTERFACE)' for BD Cell 'axi_uartlite_0' . Valid values are - Custom, USB_Uart
Customization errors found during restoring IP 'axi_uartlite_0' to previous valid configuration.
Failed to restore IP 'axi_uartlite_0' customization to its previous valid configuration.

INFO: [xilinx.com:ip:axi_intc:4.1-1] /microblaze_0_axi_intc: The AXI INTC core has been configured to operate with synchronous clocks.
validate_bd_design: Time (s): cpu = 00:00:09 ; elapsed = 00:00:11 . Memory (MB): peak = 1338.324 ; gain = 0.000
save_bd_design
Wrote  : <C:/Users/yy/Desktop/ece532_debug/tr3/yy/project_1/project_1.srcs/sources_1/bd/design_1/design_1.bd> 
exit
INFO: [Common 17-206] Exiting Vivado at Wed Mar 22 07:54:19 2017...
