#-----------------------------------------------------------
# Vivado v2016.2 (64-bit)
# SW Build 1577090 on Thu Jun  2 16:32:40 MDT 2016
# IP Build 1577682 on Fri Jun  3 12:00:54 MDT 2016
# Start of session at: Fri Mar 24 14:24:29 2017
# Process ID: 3372
# Current directory: E:/ECE532/git/GrandTheftAuto/newestgit/GrandTheftAuto/project_1
# Command line: vivado.exe -gui_launcher_event rodinguilauncherevent3196 E:\ECE532\git\GrandTheftAuto\newestgit\GrandTheftAuto\project_1\project_1.xpr
# Log file: E:/ECE532/git/GrandTheftAuto/newestgit/GrandTheftAuto/project_1/vivado.log
# Journal file: E:/ECE532/git/GrandTheftAuto/newestgit/GrandTheftAuto/project_1\vivado.jou
#-----------------------------------------------------------
start_gui
open_project E:/ECE532/git/GrandTheftAuto/newestgit/GrandTheftAuto/project_1/project_1.xpr
Scanning sources...
Finished scanning sources
WARNING: [filemgmt 56-3] IP Repository Path: Could not find the directory 'E:/ECE532/git/GrandTheftAuto/Downloads/vivado-library-master/if/pmod_v1_0'.
WARNING: [filemgmt 56-3] IP Repository Path: Could not find the directory 'E:/ECE532/git/GrandTheftAuto/Downloads/vivado-library-master/ip/Pmods/Pmod_Bridge_v1_0'.
WARNING: [filemgmt 56-3] IP Repository Path: Could not find the directory 'E:/ECE532/git/GrandTheftAuto/Downloads/vivado-library-master/ip/Pmods/PmodWIFI_v1_0'.
INFO: [IP_Flow 19-234] Refreshing IP repositories
INFO: [IP_Flow 19-1700] Loaded user IP repository 'w:/img_proc_full'.
INFO: [IP_Flow 19-1700] Loaded user IP repository 'e:/ECE532/git/GrandTheftAuto/newestgit/GrandTheftAuto/img_proc_full'.
INFO: [IP_Flow 19-1700] Loaded user IP repository 'e:/ECE532/git/GrandTheftAuto/newestgit/GrandTheftAuto/vivado-library-master/if/pmod_v1_0'.
INFO: [IP_Flow 19-1700] Loaded user IP repository 'e:/ECE532/git/GrandTheftAuto/newestgit/GrandTheftAuto/vivado-library-master/ip/Pmods/PmodWIFI_v1_0'.
INFO: [IP_Flow 19-1700] Loaded user IP repository 'e:/ECE532/git/GrandTheftAuto/newestgit/GrandTheftAuto/vivado-library-master/ip/Pmods/Pmod_Bridge_v1_0'.
WARNING: [IP_Flow 19-2248] Failed to load user IP repository 'e:/ECE532/git/GrandTheftAuto/Downloads/vivado-library-master/if/pmod_v1_0'; Can't find the specified path.
If this directory should no longer be in your list of user repositories, go to the IP Settings dialog and remove it.
WARNING: [IP_Flow 19-2248] Failed to load user IP repository 'e:/ECE532/git/GrandTheftAuto/Downloads/vivado-library-master/ip/Pmods/Pmod_Bridge_v1_0'; Can't find the specified path.
If this directory should no longer be in your list of user repositories, go to the IP Settings dialog and remove it.
WARNING: [IP_Flow 19-2248] Failed to load user IP repository 'e:/ECE532/git/GrandTheftAuto/Downloads/vivado-library-master/ip/Pmods/PmodWIFI_v1_0'; Can't find the specified path.
If this directory should no longer be in your list of user repositories, go to the IP Settings dialog and remove it.
INFO: [IP_Flow 19-1700] Loaded user IP repository 'e:/ECE532/git/GrandTheftAuto/newestgit/GrandTheftAuto/remote_controller'.
INFO: [IP_Flow 19-1700] Loaded user IP repository 'e:/ECE532/git/GrandTheftAuto/newestgit/GrandTheftAuto/vivado-library-master/ip/SWLED'.
INFO: [IP_Flow 19-1700] Loaded user IP repository 'e:/ECE532/git/GrandTheftAuto/newestgit/GrandTheftAuto/ip_repo'.
INFO: [IP_Flow 19-2313] Loaded Vivado IP repository 'C:/Xilinx/Vivado/2016.2/data/ip'.
CRITICAL WARNING: [IP_Flow 19-1663] Duplicate IP found for 'user:user:stream_jpg_yy_nv_mn_v1_0_wed2:1.0'. The one found in IP location 'e:/ECE532/git/GrandTheftAuto/newestgit/GrandTheftAuto/img_proc_full' will take precedence over the same IP in location w:/img_proc_full
open_project: Time (s): cpu = 00:00:25 ; elapsed = 00:00:17 . Memory (MB): peak = 1245.965 ; gain = 544.805
reset_run synth_1
launch_runs impl_1 -to_step write_bitstream -jobs 8
[Fri Mar 24 14:25:14 2017] Launched synth_1...
Run output will be captured here: E:/ECE532/git/GrandTheftAuto/newestgit/GrandTheftAuto/project_1/project_1.runs/synth_1/runme.log
[Fri Mar 24 14:25:14 2017] Launched impl_1...
Run output will be captured here: E:/ECE532/git/GrandTheftAuto/newestgit/GrandTheftAuto/project_1/project_1.runs/impl_1/runme.log
open_bd_design {E:/ECE532/git/GrandTheftAuto/newestgit/GrandTheftAuto/project_1/project_1.srcs/sources_1/bd/design_1/design_1.bd}
Adding cell -- xilinx.com:ip:microblaze:9.6 - microblaze_0
Adding cell -- xilinx.com:ip:axi_intc:4.1 - microblaze_0_axi_intc
Adding cell -- xilinx.com:ip:xlconcat:2.1 - microblaze_0_xlconcat
Adding cell -- xilinx.com:ip:mdm:3.2 - mdm_1
Adding cell -- xilinx.com:ip:microblaze:9.6 - microblaze_1
Adding cell -- user:user:switch_led_out:1.0 - switch_led_out_0
Adding cell -- utoronto.ca:user:WR:1.0 - WR_0
Adding cell -- xilinx.com:ip:blk_mem_gen:8.3 - blk_mem_gen_0
Adding cell -- xilinx.com:ip:axi_bram_ctrl:4.0 - axi_bram_ctrl_0
Adding cell -- digilentinc.com:IP:PmodWIFI:1.0 - PmodWIFI_0
Adding cell -- xilinx.com:ip:axi_uartlite:2.0 - axi_uartlite_0
Adding cell -- xilinx.com:ip:clk_wiz:5.3 - clk_wiz_1
Adding cell -- xilinx.com:ip:mig_7series:4.0 - mig_7series_0
Adding cell -- xilinx.com:ip:proc_sys_reset:5.0 - rst_clk_wiz_1_100M
Adding cell -- xilinx.com:ip:proc_sys_reset:5.0 - rst_mig_7series_0_81M
Adding cell -- user:user:stream_jpg_yy_nv_mn_v1_0_wed2:1.0 - stream_jpg_yy_nv_mn_v1_0_wed2_0
Adding cell -- xilinx.com:ip:lmb_v10:3.0 - dlmb_v10
Adding cell -- xilinx.com:ip:lmb_v10:3.0 - ilmb_v10
Adding cell -- xilinx.com:ip:lmb_bram_if_cntlr:4.0 - dlmb_bram_if_cntlr
Adding cell -- xilinx.com:ip:lmb_bram_if_cntlr:4.0 - ilmb_bram_if_cntlr
Adding cell -- xilinx.com:ip:blk_mem_gen:8.3 - lmb_bram
Adding cell -- xilinx.com:ip:axi_crossbar:2.1 - xbar
Adding cell -- xilinx.com:ip:axi_clock_converter:2.1 - auto_cc
Adding cell -- xilinx.com:ip:axi_dwidth_converter:2.1 - auto_ds
Adding cell -- xilinx.com:ip:axi_protocol_converter:2.1 - auto_pc
Adding cell -- xilinx.com:ip:axi_dwidth_converter:2.1 - auto_ds
Adding cell -- xilinx.com:ip:axi_protocol_converter:2.1 - auto_pc
Adding cell -- xilinx.com:ip:axi_dwidth_converter:2.1 - auto_ds
Adding cell -- xilinx.com:ip:axi_protocol_converter:2.1 - auto_pc
Adding cell -- xilinx.com:ip:axi_clock_converter:2.1 - auto_cc
Adding cell -- xilinx.com:ip:axi_dwidth_converter:2.1 - auto_ds
Adding cell -- xilinx.com:ip:axi_dwidth_converter:2.1 - auto_ds
Adding cell -- xilinx.com:ip:axi_protocol_converter:2.1 - auto_pc
Adding cell -- xilinx.com:ip:axi_dwidth_converter:2.1 - auto_ds
Adding cell -- xilinx.com:ip:axi_protocol_converter:2.1 - auto_pc
Adding cell -- xilinx.com:ip:axi_dwidth_converter:2.1 - auto_ds
Adding cell -- xilinx.com:ip:axi_protocol_converter:2.1 - auto_pc
Adding cell -- xilinx.com:ip:axi_dwidth_converter:2.1 - auto_ds
Adding cell -- xilinx.com:ip:axi_protocol_converter:2.1 - auto_pc
Adding cell -- xilinx.com:ip:axi_dwidth_converter:2.1 - auto_ds
Adding cell -- xilinx.com:ip:axi_protocol_converter:2.1 - auto_pc
Adding cell -- xilinx.com:ip:axi_dwidth_converter:2.1 - auto_ds
Adding cell -- xilinx.com:ip:axi_protocol_converter:2.1 - auto_pc
Adding cell -- xilinx.com:ip:axi_protocol_converter:2.1 - auto_pc
Adding cell -- xilinx.com:ip:axi_dwidth_converter:2.1 - auto_us
Adding cell -- xilinx.com:ip:axi_protocol_converter:2.1 - auto_pc
Adding cell -- xilinx.com:ip:axi_dwidth_converter:2.1 - auto_us
Adding cell -- xilinx.com:ip:axi_protocol_converter:2.1 - auto_pc
Adding cell -- xilinx.com:ip:axi_dwidth_converter:2.1 - auto_us
Adding cell -- xilinx.com:ip:lmb_v10:3.0 - dlmb_v10
Adding cell -- xilinx.com:ip:lmb_v10:3.0 - ilmb_v10
Adding cell -- xilinx.com:ip:lmb_bram_if_cntlr:4.0 - dlmb_bram_if_cntlr
Adding cell -- xilinx.com:ip:lmb_bram_if_cntlr:4.0 - ilmb_bram_if_cntlr
Adding cell -- xilinx.com:ip:blk_mem_gen:8.3 - lmb_bram
Excluding </PmodWIFI_0/AXI_LITE_SPI/Reg0> from </microblaze_1/Data>
Excluding </PmodWIFI_0/AXI_LITE_GPIO_WFCS/Reg0> from </microblaze_1/Data>
Excluding </PmodWIFI_0/AXI_LITE_WFGPIO/Reg0> from </microblaze_1/Data>
Excluding </PmodWIFI_0/S_AXI_TIMER/Reg0> from </microblaze_1/Data>
Excluding </PmodWIFI_0/AXI_LITE_SPI/Reg0> from </microblaze_1/Instruction>
Excluding </PmodWIFI_0/AXI_LITE_GPIO_WFCS/Reg0> from </microblaze_1/Instruction>
Excluding </PmodWIFI_0/AXI_LITE_WFGPIO/Reg0> from </microblaze_1/Instruction>
Excluding </PmodWIFI_0/S_AXI_TIMER/Reg0> from </microblaze_1/Instruction>
Excluding </switch_led_out_0/S00_AXI/S00_AXI_reg> from </microblaze_0/Data>
Excluding </switch_led_out_0/S00_AXI/S00_AXI_reg> from </microblaze_0/Instruction>
Successfully read diagram <design_1> from BD file <E:/ECE532/git/GrandTheftAuto/newestgit/GrandTheftAuto/project_1/project_1.srcs/sources_1/bd/design_1/design_1.bd>
open_bd_design: Time (s): cpu = 00:00:07 ; elapsed = 00:00:06 . Memory (MB): peak = 1249.313 ; gain = 0.473
INFO: [Vivado 12-4158] Exported Hardware file is out of date. Exported hardware information may be inconsistent with respect to the current state of the design. It is recommended that you re-export the design and launch SDK otherwise SDK is launched with out of date hardware system file.
launch_sdk -workspace E:/ECE532/git/GrandTheftAuto/newestgit/GrandTheftAuto/project_1/project_1.sdk -hwspec E:/ECE532/git/GrandTheftAuto/newestgit/GrandTheftAuto/project_1/project_1.sdk/design_1_wrapper.hdf
INFO: [Vivado 12-393] Launching SDK...
INFO: [Vivado 12-417] Running xsdk -workspace E:/ECE532/git/GrandTheftAuto/newestgit/GrandTheftAuto/project_1/project_1.sdk -hwspec E:/ECE532/git/GrandTheftAuto/newestgit/GrandTheftAuto/project_1/project_1.sdk/design_1_wrapper.hdf
INFO: [Vivado 12-3157] SDK launch initiated. Please check console for any further messages.
open_run impl_1
INFO: [Netlist 29-17] Analyzing 2592 Unisim elements for replacement
INFO: [Netlist 29-28] Unisim Transformation completed in 0 CPU seconds
INFO: [Project 1-479] Netlist was created with Vivado 2016.2
INFO: [Device 21-403] Loading part xc7a100tcsg324-1
INFO: [Project 1-570] Preparing netlist for logic optimization
Parsing XDC File [E:/ECE532/git/GrandTheftAuto/newestgit/GrandTheftAuto/project_1/.Xil/Vivado-3372-BA3155WS15/dcp/design_1_wrapper_early.xdc]
INFO: [Timing 38-35] Done setting XDC timing constraints. [E:/ECE532/git/GrandTheftAuto/newestgit/GrandTheftAuto/project_1/project_1.srcs/sources_1/bd/design_1/ip/design_1_mdm_1_0/design_1_mdm_1_0.xdc:50]
get_clocks: Time (s): cpu = 00:00:14 ; elapsed = 00:00:11 . Memory (MB): peak = 2385.297 ; gain = 553.785
INFO: [Timing 38-2] Deriving generated clocks [E:/ECE532/git/GrandTheftAuto/newestgit/GrandTheftAuto/project_1/project_1.srcs/sources_1/bd/design_1/ip/design_1_clk_wiz_1_0/design_1_clk_wiz_1_0.xdc:57]
Finished Parsing XDC File [E:/ECE532/git/GrandTheftAuto/newestgit/GrandTheftAuto/project_1/.Xil/Vivado-3372-BA3155WS15/dcp/design_1_wrapper_early.xdc]
Parsing XDC File [E:/ECE532/git/GrandTheftAuto/newestgit/GrandTheftAuto/project_1/.Xil/Vivado-3372-BA3155WS15/dcp/design_1_wrapper.xdc]
INFO: [Timing 38-2] Deriving generated clocks [e:/ECE532/git/GrandTheftAuto/newestgit/GrandTheftAuto/project_1/project_1.runs/impl_1/.Xil/Vivado-4968-BA3155WS15/dbg_hub_CV.0/out/xsdbm.xdc:11]
Finished Parsing XDC File [E:/ECE532/git/GrandTheftAuto/newestgit/GrandTheftAuto/project_1/.Xil/Vivado-3372-BA3155WS15/dcp/design_1_wrapper.xdc]
Parsing XDC File [E:/ECE532/git/GrandTheftAuto/newestgit/GrandTheftAuto/project_1/.Xil/Vivado-3372-BA3155WS15/dcp/design_1_wrapper_late.xdc]
Finished Parsing XDC File [E:/ECE532/git/GrandTheftAuto/newestgit/GrandTheftAuto/project_1/.Xil/Vivado-3372-BA3155WS15/dcp/design_1_wrapper_late.xdc]
Reading XDEF placement.
Reading placer database...
Reading XDEF routing.
Read XDEF File: Time (s): cpu = 00:00:06 ; elapsed = 00:00:06 . Memory (MB): peak = 2557.656 ; gain = 95.773
Restored from archive | CPU: 6.000000 secs | Memory: 0.000000 MB |
Finished XDEF File Restore: Time (s): cpu = 00:00:06 ; elapsed = 00:00:06 . Memory (MB): peak = 2557.656 ; gain = 95.773
Generating merged BMM file for the design top 'design_1_wrapper'...
CRITICAL WARNING: [Memdata 28-122] data2mem failed with a parsing error. Check the bmm file or the bmm_info_* properties on the BRAM components. The design BRAM components initialization strings have not been updated.
INFO: [Project 1-111] Unisim Transformation Summary:
  A total of 1226 instances were transformed.
  CFGLUT5 => CFGLUT5 (SRLC32E, SRL16E): 256 instances
  IOBUF => IOBUF (IBUF, OBUFT): 8 instances
  IOBUFDS_INTERMDISABLE => IOBUFDS_INTERMDISABLE (IBUFDS_INTERMDISABLE_INT, IBUFDS_INTERMDISABLE_INT, OBUFTDS, OBUFTDS, INV): 2 instances
  IOBUF_INTERMDISABLE => IOBUF_INTERMDISABLE (IBUF_INTERMDISABLE, OBUFT): 16 instances
  LUT6_2 => LUT6_2 (LUT6, LUT5): 222 instances
  OBUFDS => OBUFDS_DUAL_BUF (OBUFDS, OBUFDS, INV): 1 instances
  RAM16X1D => RAM32X1D (RAMD32, RAMD32): 32 instances
  RAM32M => RAM32M (RAMS32, RAMS32, RAMD32, RAMD32, RAMD32, RAMD32, RAMD32, RAMD32): 593 instances
  RAM32X1D => RAM32X1D (RAMD32, RAMD32): 64 instances
  RAM64X1D => RAM64X1D (RAMD64E, RAMD64E): 32 instances

