#-----------------------------------------------------------
# Vivado v2016.2 (64-bit)
# SW Build 1577090 on Thu Jun  2 16:32:40 MDT 2016
# IP Build 1577682 on Fri Jun  3 12:00:54 MDT 2016
# Start of session at: Wed Mar 22 10:44:45 2017
# Process ID: 1932
# Current directory: D:/yy/project_1
# Command line: vivado.exe -gui_launcher_event rodinguilauncherevent1444 D:\yy\project_1\project_1.xpr
# Log file: D:/yy/project_1/vivado.log
# Journal file: D:/yy/project_1\vivado.jou
#-----------------------------------------------------------
start_gui
open_project D:/yy/project_1/project_1.xpr
INFO: [Project 1-313] Project file moved from 'C:/Users/yy/Desktop/ece532_debug/tr3/yy/project_1' since last save.
Scanning sources...
Finished scanning sources
WARNING: [filemgmt 56-2] IP Repository Path: Could not find the directory 'D:/../Downloads/vivado-library-master/if/pmod_v1_0', nor could it be found using path 'C:/Users/yy/Desktop/ece532_debug/Downloads/vivado-library-master/if/pmod_v1_0'.
WARNING: [filemgmt 56-2] IP Repository Path: Could not find the directory 'D:/../Downloads/vivado-library-master/ip/Pmods/Pmod_Bridge_v1_0', nor could it be found using path 'C:/Users/yy/Desktop/ece532_debug/Downloads/vivado-library-master/ip/Pmods/Pmod_Bridge_v1_0'.
WARNING: [filemgmt 56-2] IP Repository Path: Could not find the directory 'D:/../Downloads/vivado-library-master/ip/Pmods/PmodWIFI_v1_0', nor could it be found using path 'C:/Users/yy/Desktop/ece532_debug/Downloads/vivado-library-master/ip/Pmods/PmodWIFI_v1_0'.
INFO: [IP_Flow 19-234] Refreshing IP repositories
INFO: [IP_Flow 19-1700] Loaded user IP repository 'w:/img_proc_full'.
INFO: [IP_Flow 19-1700] Loaded user IP repository 'd:/yy/img_proc_full'.
INFO: [IP_Flow 19-1700] Loaded user IP repository 'd:/yy/vivado-library-master/if/pmod_v1_0'.
INFO: [IP_Flow 19-1700] Loaded user IP repository 'd:/yy/vivado-library-master/ip/Pmods/PmodWIFI_v1_0'.
INFO: [IP_Flow 19-1700] Loaded user IP repository 'd:/yy/vivado-library-master/ip/Pmods/Pmod_Bridge_v1_0'.
WARNING: [IP_Flow 19-2248] Failed to load user IP repository 'd:Downloads/vivado-library-master/if/pmod_v1_0'; Can't find the specified path.
If this directory should no longer be in your list of user repositories, go to the IP Settings dialog and remove it.
WARNING: [IP_Flow 19-2248] Failed to load user IP repository 'd:Downloads/vivado-library-master/ip/Pmods/Pmod_Bridge_v1_0'; Can't find the specified path.
If this directory should no longer be in your list of user repositories, go to the IP Settings dialog and remove it.
WARNING: [IP_Flow 19-2248] Failed to load user IP repository 'd:Downloads/vivado-library-master/ip/Pmods/PmodWIFI_v1_0'; Can't find the specified path.
If this directory should no longer be in your list of user repositories, go to the IP Settings dialog and remove it.
INFO: [IP_Flow 19-2313] Loaded Vivado IP repository 'C:/Xilinx/Vivado/2016.2/data/ip'.
CRITICAL WARNING: [IP_Flow 19-1663] Duplicate IP found for 'user:user:stream_jpg_yy_nv_mn_v1_0_wed2:1.0'. The one found in IP location 'd:/yy/img_proc_full' will take precedence over the same IP in location w:/img_proc_full
open_project: Time (s): cpu = 00:00:21 ; elapsed = 00:00:15 . Memory (MB): peak = 1083.539 ; gain = 398.148
open_bd_design {D:/yy/project_1/project_1.srcs/sources_1/bd/design_1/design_1.bd}
Adding cell -- xilinx.com:ip:microblaze:9.6 - microblaze_0
Adding cell -- xilinx.com:ip:axi_intc:4.1 - microblaze_0_axi_intc
Adding cell -- xilinx.com:ip:xlconcat:2.1 - microblaze_0_xlconcat
Adding cell -- xilinx.com:ip:mdm:3.2 - mdm_1
Adding cell -- xilinx.com:ip:mig_7series:4.0 - mig_7series_0
Adding cell -- xilinx.com:ip:clk_wiz:5.3 - clk_wiz_1
Adding cell -- xilinx.com:ip:proc_sys_reset:5.0 - rst_clk_wiz_1_100M
Adding cell -- xilinx.com:ip:proc_sys_reset:5.0 - rst_mig_7series_0_81M
Adding cell -- user:user:stream_jpg_yy_nv_mn_v1_0_wed2:1.0 - stream_jpg_yy_nv_mn_v1_0_wed2_0
Adding cell -- xilinx.com:ip:axi_uartlite:2.0 - axi_uartlite_0
Adding cell -- digilentinc.com:IP:PmodWIFI:1.0 - PmodWIFI_0
Adding cell -- xilinx.com:ip:axi_crossbar:2.1 - xbar
Adding cell -- xilinx.com:ip:axi_clock_converter:2.1 - auto_cc
Adding cell -- xilinx.com:ip:axi_protocol_converter:2.1 - auto_pc
Adding cell -- xilinx.com:ip:axi_dwidth_converter:2.1 - auto_ds
Adding cell -- xilinx.com:ip:axi_dwidth_converter:2.1 - auto_ds
Adding cell -- xilinx.com:ip:axi_dwidth_converter:2.1 - auto_ds
Adding cell -- xilinx.com:ip:axi_dwidth_converter:2.1 - auto_ds
Adding cell -- xilinx.com:ip:axi_dwidth_converter:2.1 - auto_ds
Adding cell -- xilinx.com:ip:axi_dwidth_converter:2.1 - auto_ds
Adding cell -- xilinx.com:ip:axi_dwidth_converter:2.1 - auto_us
Adding cell -- xilinx.com:ip:axi_dwidth_converter:2.1 - auto_us
Adding cell -- xilinx.com:ip:lmb_v10:3.0 - dlmb_v10
Adding cell -- xilinx.com:ip:lmb_v10:3.0 - ilmb_v10
Adding cell -- xilinx.com:ip:lmb_bram_if_cntlr:4.0 - dlmb_bram_if_cntlr
Adding cell -- xilinx.com:ip:lmb_bram_if_cntlr:4.0 - ilmb_bram_if_cntlr
Adding cell -- xilinx.com:ip:blk_mem_gen:8.3 - lmb_bram
Successfully read diagram <design_1> from BD file <D:/yy/project_1/project_1.srcs/sources_1/bd/design_1/design_1.bd>
ipx::edit_ip_in_project -upgrade true -name stream_jpg_yy_nv_mn_v1_0_wed2_v1_0_project -directory D:/yy/project_1/project_1.tmp/stream_jpg_yy_nv_mn_v1_0_wed2_v1_0_project d:/yy/img_proc_full/component.xml
INFO: [IP_Flow 19-234] Refreshing IP repositories
INFO: [IP_Flow 19-1704] No user IP repositories specified
INFO: [IP_Flow 19-2313] Loaded Vivado IP repository 'C:/Xilinx/Vivado/2016.2/data/ip'.
INFO: [IP_Flow 19-234] Refreshing IP repositories
INFO: [IP_Flow 19-1700] Loaded user IP repository 'w:/img_proc_full'.
INFO: [IP_Flow 19-1700] Loaded user IP repository 'd:/yy/img_proc_full'.
INFO: [IP_Flow 19-1700] Loaded user IP repository 'd:/yy/vivado-library-master/if/pmod_v1_0'.
INFO: [IP_Flow 19-1700] Loaded user IP repository 'd:/yy/vivado-library-master/ip/Pmods/PmodWIFI_v1_0'.
INFO: [IP_Flow 19-1700] Loaded user IP repository 'd:/yy/vivado-library-master/ip/Pmods/Pmod_Bridge_v1_0'.
WARNING: [IP_Flow 19-2248] Failed to load user IP repository 'd:Downloads/vivado-library-master/if/pmod_v1_0'; Can't find the specified path.
If this directory should no longer be in your list of user repositories, go to the IP Settings dialog and remove it.
WARNING: [IP_Flow 19-2248] Failed to load user IP repository 'd:Downloads/vivado-library-master/ip/Pmods/Pmod_Bridge_v1_0'; Can't find the specified path.
If this directory should no longer be in your list of user repositories, go to the IP Settings dialog and remove it.
WARNING: [IP_Flow 19-2248] Failed to load user IP repository 'd:Downloads/vivado-library-master/ip/Pmods/PmodWIFI_v1_0'; Can't find the specified path.
If this directory should no longer be in your list of user repositories, go to the IP Settings dialog and remove it.
CRITICAL WARNING: [IP_Flow 19-1663] Duplicate IP found for 'user:user:stream_jpg_yy_nv_mn_v1_0_wed2:1.0'. The one found in IP location 'd:/yy/img_proc_full' will take precedence over the same IP in location w:/img_proc_full
INFO: [IP_Flow 19-795] Syncing license key meta-data
INFO: [IP_Flow 19-793] Syncing display name meta-data
INFO: [IP_Flow 19-798] Syncing taxonomy meta-data
ipx::edit_ip_in_project: Time (s): cpu = 00:00:08 ; elapsed = 00:00:06 . Memory (MB): peak = 1145.352 ; gain = 0.000
update_compile_order -fileset sources_1
set_property source_mgmt_mode DisplayOnly [current_project]
current_project project_1
current_project stream_jpg_yy_nv_mn_v1_0_wed2_v1_0_project
ipx::merge_project_changes files [ipx::current_core]
ipx::merge_project_changes hdl_parameters [ipx::current_core]
set_property core_revision 21 [ipx::current_core]
ipx::create_xgui_files [ipx::current_core]
ipx::update_checksums [ipx::current_core]
ipx::save_core [ipx::current_core]
close_project -delete
update_ip_catalog -rebuild -repo_path d:/yy/img_proc_full
INFO: [IP_Flow 19-725] Reloaded user IP repository 'd:/yy/img_proc_full'
CRITICAL WARNING: [IP_Flow 19-1663] Duplicate IP found for 'user:user:stream_jpg_yy_nv_mn_v1_0_wed2:1.0'. The one found in IP location 'd:/yy/img_proc_full' will take precedence over the same IP in location w:/img_proc_full
