#-----------------------------------------------------------
# Vivado v2016.2 (64-bit)
# SW Build 1577090 on Thu Jun  2 16:32:40 MDT 2016
# IP Build 1577682 on Fri Jun  3 12:00:54 MDT 2016
# Start of session at: Thu Mar 23 22:39:25 2017
# Process ID: 1788
# Current directory: E:/ECE532/git/GrandTheftAuto/newestgit/GrandTheftAuto/project_1
# Command line: vivado.exe -gui_launcher_event rodinguilauncherevent12452 E:\ECE532\git\GrandTheftAuto\newestgit\GrandTheftAuto\project_1\project_1.xpr
# Log file: E:/ECE532/git/GrandTheftAuto/newestgit/GrandTheftAuto/project_1/vivado.log
# Journal file: E:/ECE532/git/GrandTheftAuto/newestgit/GrandTheftAuto/project_1\vivado.jou
#-----------------------------------------------------------
start_gui
open_project E:/ECE532/git/GrandTheftAuto/newestgit/GrandTheftAuto/project_1/project_1.xpr
Scanning sources...
Finished scanning sources
WARNING: [filemgmt 56-3] IP Repository Path: Could not find the directory 'w:/img_proc_full'.
WARNING: [filemgmt 56-3] IP Repository Path: Could not find the directory 'E:/ECE532/git/GrandTheftAuto/Downloads/vivado-library-master/if/pmod_v1_0'.
WARNING: [filemgmt 56-3] IP Repository Path: Could not find the directory 'E:/ECE532/git/GrandTheftAuto/Downloads/vivado-library-master/ip/Pmods/Pmod_Bridge_v1_0'.
WARNING: [filemgmt 56-3] IP Repository Path: Could not find the directory 'E:/ECE532/git/GrandTheftAuto/Downloads/vivado-library-master/ip/Pmods/PmodWIFI_v1_0'.
INFO: [IP_Flow 19-234] Refreshing IP repositories
WARNING: [IP_Flow 19-2248] Failed to load user IP repository 'w:/img_proc_full'; Can't find the specified path.
If this directory should no longer be in your list of user repositories, go to the IP Settings dialog and remove it.
INFO: [IP_Flow 19-1700] Loaded user IP repository 'e:/ECE532/git/GrandTheftAuto/newestgit/GrandTheftAuto/img_proc_full'.
INFO: [IP_Flow 19-1700] Loaded user IP repository 'e:/ECE532/git/GrandTheftAuto/newestgit/GrandTheftAuto/vivado-library-master/if/pmod_v1_0'.
INFO: [IP_Flow 19-1700] Loaded user IP repository 'e:/ECE532/git/GrandTheftAuto/newestgit/GrandTheftAuto/vivado-library-master/ip/Pmods/PmodWIFI_v1_0'.
INFO: [IP_Flow 19-1700] Loaded user IP repository 'e:/ECE532/git/GrandTheftAuto/newestgit/GrandTheftAuto/vivado-library-master/ip/Pmods/Pmod_Bridge_v1_0'.
WARNING: [IP_Flow 19-2248] Failed to load user IP repository 'e:/ECE532/git/GrandTheftAuto/Downloads/vivado-library-master/if/pmod_v1_0'; Can't find the specified path.
If this directory should no longer be in your list of user repositories, go to the IP Settings dialog and remove it.
WARNING: [IP_Flow 19-2248] Failed to load user IP repository 'e:/ECE532/git/GrandTheftAuto/Downloads/vivado-library-master/ip/Pmods/Pmod_Bridge_v1_0'; Can't find the specified path.
If this directory should no longer be in your list of user repositories, go to the IP Settings dialog and remove it.
WARNING: [IP_Flow 19-2248] Failed to load user IP repository 'e:/ECE532/git/GrandTheftAuto/Downloads/vivado-library-master/ip/Pmods/PmodWIFI_v1_0'; Can't find the specified path.
If this directory should no longer be in your list of user repositories, go to the IP Settings dialog and remove it.
INFO: [IP_Flow 19-1700] Loaded user IP repository 'e:/ECE532/git/GrandTheftAuto/newestgit/GrandTheftAuto/remote_controller'.
INFO: [IP_Flow 19-1700] Loaded user IP repository 'e:/ECE532/git/GrandTheftAuto/newestgit/GrandTheftAuto/vivado-library-master/ip/SWLED'.
INFO: [IP_Flow 19-1700] Loaded user IP repository 'e:/ECE532/git/GrandTheftAuto/newestgit/GrandTheftAuto/ip_repo'.
INFO: [IP_Flow 19-2313] Loaded Vivado IP repository 'E:/Xilinx/Vivado/2016.2/data/ip'.
open_project: Time (s): cpu = 00:00:50 ; elapsed = 00:00:55 . Memory (MB): peak = 1133.133 ; gain = 506.043
open_bd_design {E:/ECE532/git/GrandTheftAuto/newestgit/GrandTheftAuto/project_1/project_1.srcs/sources_1/bd/design_1/design_1.bd}
Adding cell -- xilinx.com:ip:microblaze:9.6 - microblaze_0
Adding cell -- xilinx.com:ip:axi_intc:4.1 - microblaze_0_axi_intc
Adding cell -- xilinx.com:ip:xlconcat:2.1 - microblaze_0_xlconcat
Adding cell -- xilinx.com:ip:mdm:3.2 - mdm_1
Adding cell -- user:user:stream_jpg_yy_nv_mn_v1_0_wed2:1.0 - stream_jpg_yy_nv_mn_v1_0_wed2_0
Adding cell -- xilinx.com:ip:microblaze:9.6 - microblaze_1
Adding cell -- user:user:switch_led_out:1.0 - switch_led_out_0
Adding cell -- utoronto.ca:user:WR:1.0 - WR_0
Adding cell -- xilinx.com:ip:blk_mem_gen:8.3 - blk_mem_gen_0
INFO: [Device 21-403] Loading part xc7a100tcsg324-1
Adding cell -- xilinx.com:ip:axi_bram_ctrl:4.0 - axi_bram_ctrl_0
Adding cell -- digilentinc.com:IP:PmodWIFI:1.0 - PmodWIFI_0
Adding cell -- xilinx.com:ip:axi_uartlite:2.0 - axi_uartlite_0
Adding cell -- xilinx.com:ip:clk_wiz:5.3 - clk_wiz_1
Adding cell -- xilinx.com:ip:mig_7series:4.0 - mig_7series_0
Adding cell -- xilinx.com:ip:proc_sys_reset:5.0 - rst_clk_wiz_1_100M
Adding cell -- xilinx.com:ip:proc_sys_reset:5.0 - rst_mig_7series_0_81M
Adding cell -- xilinx.com:ip:lmb_v10:3.0 - dlmb_v10
Adding cell -- xilinx.com:ip:lmb_v10:3.0 - ilmb_v10
Adding cell -- xilinx.com:ip:lmb_bram_if_cntlr:4.0 - dlmb_bram_if_cntlr
Adding cell -- xilinx.com:ip:lmb_bram_if_cntlr:4.0 - ilmb_bram_if_cntlr
Adding cell -- xilinx.com:ip:blk_mem_gen:8.3 - lmb_bram
Adding cell -- xilinx.com:ip:axi_crossbar:2.1 - xbar
Adding cell -- xilinx.com:ip:axi_clock_converter:2.1 - auto_cc
Adding cell -- xilinx.com:ip:axi_dwidth_converter:2.1 - auto_ds
Adding cell -- xilinx.com:ip:axi_protocol_converter:2.1 - auto_pc
Adding cell -- xilinx.com:ip:axi_dwidth_converter:2.1 - auto_ds
Adding cell -- xilinx.com:ip:axi_protocol_converter:2.1 - auto_pc
Adding cell -- xilinx.com:ip:axi_dwidth_converter:2.1 - auto_ds
Adding cell -- xilinx.com:ip:axi_protocol_converter:2.1 - auto_pc
Adding cell -- xilinx.com:ip:axi_clock_converter:2.1 - auto_cc
Adding cell -- xilinx.com:ip:axi_dwidth_converter:2.1 - auto_ds
Adding cell -- xilinx.com:ip:axi_dwidth_converter:2.1 - auto_ds
Adding cell -- xilinx.com:ip:axi_protocol_converter:2.1 - auto_pc
Adding cell -- xilinx.com:ip:axi_dwidth_converter:2.1 - auto_ds
Adding cell -- xilinx.com:ip:axi_protocol_converter:2.1 - auto_pc
Adding cell -- xilinx.com:ip:axi_dwidth_converter:2.1 - auto_ds
Adding cell -- xilinx.com:ip:axi_protocol_converter:2.1 - auto_pc
Adding cell -- xilinx.com:ip:axi_dwidth_converter:2.1 - auto_ds
Adding cell -- xilinx.com:ip:axi_protocol_converter:2.1 - auto_pc
Adding cell -- xilinx.com:ip:axi_dwidth_converter:2.1 - auto_ds
Adding cell -- xilinx.com:ip:axi_protocol_converter:2.1 - auto_pc
Adding cell -- xilinx.com:ip:axi_dwidth_converter:2.1 - auto_ds
Adding cell -- xilinx.com:ip:axi_protocol_converter:2.1 - auto_pc
Adding cell -- xilinx.com:ip:axi_protocol_converter:2.1 - auto_pc
Adding cell -- xilinx.com:ip:axi_dwidth_converter:2.1 - auto_us
Adding cell -- xilinx.com:ip:axi_protocol_converter:2.1 - auto_pc
Adding cell -- xilinx.com:ip:axi_dwidth_converter:2.1 - auto_us
Adding cell -- xilinx.com:ip:axi_protocol_converter:2.1 - auto_pc
Adding cell -- xilinx.com:ip:axi_dwidth_converter:2.1 - auto_us
Adding cell -- xilinx.com:ip:lmb_v10:3.0 - dlmb_v10
Adding cell -- xilinx.com:ip:lmb_v10:3.0 - ilmb_v10
Adding cell -- xilinx.com:ip:lmb_bram_if_cntlr:4.0 - dlmb_bram_if_cntlr
Adding cell -- xilinx.com:ip:lmb_bram_if_cntlr:4.0 - ilmb_bram_if_cntlr
Adding cell -- xilinx.com:ip:blk_mem_gen:8.3 - lmb_bram
Excluding </PmodWIFI_0/AXI_LITE_SPI/Reg0> from </microblaze_1/Data>
Excluding </PmodWIFI_0/AXI_LITE_GPIO_WFCS/Reg0> from </microblaze_1/Data>
Excluding </PmodWIFI_0/AXI_LITE_WFGPIO/Reg0> from </microblaze_1/Data>
Excluding </PmodWIFI_0/S_AXI_TIMER/Reg0> from </microblaze_1/Data>
Excluding </PmodWIFI_0/AXI_LITE_SPI/Reg0> from </microblaze_1/Instruction>
Excluding </PmodWIFI_0/AXI_LITE_GPIO_WFCS/Reg0> from </microblaze_1/Instruction>
Excluding </PmodWIFI_0/AXI_LITE_WFGPIO/Reg0> from </microblaze_1/Instruction>
Excluding </PmodWIFI_0/S_AXI_TIMER/Reg0> from </microblaze_1/Instruction>
Excluding </switch_led_out_0/S00_AXI/S00_AXI_reg> from </microblaze_0/Data>
Excluding </WR_0/S00_AXI/S00_AXI_reg> from </microblaze_0/Data>
Excluding </switch_led_out_0/S00_AXI/S00_AXI_reg> from </microblaze_0/Instruction>
Excluding </WR_0/S00_AXI/S00_AXI_reg> from </microblaze_0/Instruction>
Successfully read diagram <design_1> from BD file <E:/ECE532/git/GrandTheftAuto/newestgit/GrandTheftAuto/project_1/project_1.srcs/sources_1/bd/design_1/design_1.bd>
open_bd_design: Time (s): cpu = 00:00:28 ; elapsed = 00:00:34 . Memory (MB): peak = 1419.766 ; gain = 286.633
DADDR_08: 1145	-CLKOUT0 Register 1
DADDR_09: 0000	-CLKOUT0 Register 2
DADDR_08: 1145	-CLKOUT0 Register 1
DADDR_09: 0000	-CLKOUT0 Register 2
DADDR_0A: 1083	-CLKOUT1 Register 1
DADDR_0B: 0080	-CLKOUT1 Register 2
DADDR_0A: 1083	-CLKOUT1 Register 1
DADDR_0B: 0080	-CLKOUT1 Register 2

	WARNING: Min duty cycle violation 0.500 < 1.0
	         Changing dutycycle to 1.0


	WARNING: Max duty cycle is 1.0 > 0.0
	         Changing dutycycle to 0.0

DADDR_0C: 1041	-CLKOUT2 Register 1
DADDR_0D: 00c0	-CLKOUT2 Register 2

	WARNING: Min duty cycle violation 0.500 < 1.0
	         Changing dutycycle to 1.0


	WARNING: Max duty cycle is 1.0 > 0.0
	         Changing dutycycle to 0.0

DADDR_0C: 1041	-CLKOUT2 Register 1
DADDR_0D: 00c0	-CLKOUT2 Register 2

	WARNING: Min duty cycle violation 0.500 < 1.0
	         Changing dutycycle to 1.0


	WARNING: Max duty cycle is 1.0 > 0.0
	         Changing dutycycle to 0.0

DADDR_0E: 1041	-CLKOUT3 Register 1
DADDR_0F: 00c0	-CLKOUT3 Register 2

	WARNING: Min duty cycle violation 0.500 < 1.0
	         Changing dutycycle to 1.0


	WARNING: Max duty cycle is 1.0 > 0.0
	         Changing dutycycle to 0.0

DADDR_0E: 1041	-CLKOUT3 Register 1
DADDR_0F: 00c0	-CLKOUT3 Register 2

	WARNING: Min duty cycle violation 0.500 < 1.0
	         Changing dutycycle to 1.0


	WARNING: Max duty cycle is 1.0 > 0.0
	         Changing dutycycle to 0.0

DADDR_10: 1041	-CLKOUT4 Register 1
DADDR_11: 00c0	-CLKOUT4 Register 2

	WARNING: Min duty cycle violation 0.500 < 1.0
	         Changing dutycycle to 1.0


	WARNING: Max duty cycle is 1.0 > 0.0
	         Changing dutycycle to 0.0

DADDR_10: 1041	-CLKOUT4 Register 1
DADDR_11: 00c0	-CLKOUT4 Register 2

	WARNING: Min duty cycle violation 0.500 < 1.0
	         Changing dutycycle to 1.0


	WARNING: Max duty cycle is 1.0 > 0.0
	         Changing dutycycle to 0.0

DADDR_06: 1041	-CLKOUT5 Register 1
DADDR_07: 00c0	-CLKOUT5 Register 2

	WARNING: Min duty cycle violation 0.500 < 1.0
	         Changing dutycycle to 1.0


	WARNING: Max duty cycle is 1.0 > 0.0
	         Changing dutycycle to 0.0

DADDR_06: 1041	-CLKOUT5 Register 1
DADDR_07: 00c0	-CLKOUT5 Register 2
DADDR_08: 1145	-CLKOUT0 Register 1
DADDR_09: 0000	-CLKOUT0 Register 2

	WARNING: Min duty cycle violation 0.500 < 1.0
	         Changing dutycycle to 1.0


	WARNING: Max duty cycle is 1.0 > 0.0
	         Changing dutycycle to 0.0

DADDR_12: 1041	-CLKOUT6 Register 1
DADDR_13: 00c0	-CLKOUT6 Register 2

	WARNING: Min duty cycle violation 0.500 < 1.0
	         Changing dutycycle to 1.0


	WARNING: Max duty cycle is 1.0 > 0.0
	         Changing dutycycle to 0.0

DADDR_12: 1041	-CLKOUT6 Register 1
DADDR_13: 00c0	-CLKOUT6 Register 2
DADDR_08: 1145	-CLKOUT0 Register 1
DADDR_09: 0000	-CLKOUT0 Register 2
DADDR_08: 1145	-CLKOUT0 Register 1
DADDR_09: 0000	-CLKOUT0 Register 2
DADDR_0A: 1083	-CLKOUT1 Register 1
DADDR_0B: 0080	-CLKOUT1 Register 2
DADDR_0A: 1083	-CLKOUT1 Register 1
DADDR_0B: 0080	-CLKOUT1 Register 2
DADDR_0C: 1514	-CLKOUT2 Register 1
DADDR_0D: 0000	-CLKOUT2 Register 2
DADDR_0C: 1514	-CLKOUT2 Register 1
DADDR_0D: 0000	-CLKOUT2 Register 2

	WARNING: Min duty cycle violation 0.500 < 1.0
	         Changing dutycycle to 1.0


	WARNING: Max duty cycle is 1.0 > 0.0
	         Changing dutycycle to 0.0

DADDR_0E: 1041	-CLKOUT3 Register 1
DADDR_0F: 00c0	-CLKOUT3 Register 2

	WARNING: Min duty cycle violation 0.500 < 1.0
	         Changing dutycycle to 1.0


	WARNING: Max duty cycle is 1.0 > 0.0
	         Changing dutycycle to 0.0

DADDR_0E: 1041	-CLKOUT3 Register 1
DADDR_0F: 00c0	-CLKOUT3 Register 2

	WARNING: Min duty cycle violation 0.500 < 1.0
	         Changing dutycycle to 1.0


	WARNING: Max duty cycle is 1.0 > 0.0
	         Changing dutycycle to 0.0

DADDR_10: 1041	-CLKOUT4 Register 1
DADDR_11: 00c0	-CLKOUT4 Register 2

	WARNING: Min duty cycle violation 0.500 < 1.0
	         Changing dutycycle to 1.0


	WARNING: Max duty cycle is 1.0 > 0.0
	         Changing dutycycle to 0.0

DADDR_10: 1041	-CLKOUT4 Register 1
DADDR_11: 00c0	-CLKOUT4 Register 2

	WARNING: Min duty cycle violation 0.500 < 1.0
	         Changing dutycycle to 1.0


	WARNING: Max duty cycle is 1.0 > 0.0
	         Changing dutycycle to 0.0

DADDR_06: 1041	-CLKOUT5 Register 1
DADDR_07: 00c0	-CLKOUT5 Register 2

	WARNING: Min duty cycle violation 0.500 < 1.0
	         Changing dutycycle to 1.0


	WARNING: Max duty cycle is 1.0 > 0.0
	         Changing dutycycle to 0.0

DADDR_06: 1041	-CLKOUT5 Register 1
DADDR_07: 00c0	-CLKOUT5 Register 2
DADDR_08: 1145	-CLKOUT0 Register 1
DADDR_09: 0000	-CLKOUT0 Register 2

	WARNING: Min duty cycle violation 0.500 < 1.0
	         Changing dutycycle to 1.0


	WARNING: Max duty cycle is 1.0 > 0.0
	         Changing dutycycle to 0.0

DADDR_12: 1041	-CLKOUT6 Register 1
DADDR_13: 00c0	-CLKOUT6 Register 2

	WARNING: Min duty cycle violation 0.500 < 1.0
	         Changing dutycycle to 1.0


	WARNING: Max duty cycle is 1.0 > 0.0
	         Changing dutycycle to 0.0

DADDR_12: 1041	-CLKOUT6 Register 1
DADDR_13: 00c0	-CLKOUT6 Register 2
DADDR_08: 1145	-CLKOUT0 Register 1
DADDR_09: 0000	-CLKOUT0 Register 2
DADDR_08: 1145	-CLKOUT0 Register 1
DADDR_09: 0000	-CLKOUT0 Register 2
DADDR_0A: 1083	-CLKOUT1 Register 1
DADDR_0B: 0080	-CLKOUT1 Register 2
DADDR_0A: 1083	-CLKOUT1 Register 1
DADDR_0B: 0080	-CLKOUT1 Register 2
DADDR_0C: 1514	-CLKOUT2 Register 1
DADDR_0D: 0000	-CLKOUT2 Register 2
DADDR_0C: 1514	-CLKOUT2 Register 1
DADDR_0D: 0000	-CLKOUT2 Register 2
DADDR_0E: 128a	-CLKOUT3 Register 1
DADDR_0F: 0000	-CLKOUT3 Register 2
DADDR_0E: 128a	-CLKOUT3 Register 1
DADDR_0F: 0000	-CLKOUT3 Register 2

	WARNING: Min duty cycle violation 0.500 < 1.0
	         Changing dutycycle to 1.0


	WARNING: Max duty cycle is 1.0 > 0.0
	         Changing dutycycle to 0.0

DADDR_10: 1041	-CLKOUT4 Register 1
DADDR_11: 00c0	-CLKOUT4 Register 2

	WARNING: Min duty cycle violation 0.500 < 1.0
	         Changing dutycycle to 1.0


	WARNING: Max duty cycle is 1.0 > 0.0
	         Changing dutycycle to 0.0

DADDR_10: 1041	-CLKOUT4 Register 1
DADDR_11: 00c0	-CLKOUT4 Register 2

	WARNING: Min duty cycle violation 0.500 < 1.0
	         Changing dutycycle to 1.0


	WARNING: Max duty cycle is 1.0 > 0.0
	         Changing dutycycle to 0.0

DADDR_06: 1041	-CLKOUT5 Register 1
DADDR_07: 00c0	-CLKOUT5 Register 2

	WARNING: Min duty cycle violation 0.500 < 1.0
	         Changing dutycycle to 1.0


	WARNING: Max duty cycle is 1.0 > 0.0
	         Changing dutycycle to 0.0

DADDR_06: 1041	-CLKOUT5 Register 1
DADDR_07: 00c0	-CLKOUT5 Register 2
DADDR_08: 1145	-CLKOUT0 Register 1
DADDR_09: 0000	-CLKOUT0 Register 2

	WARNING: Min duty cycle violation 0.500 < 1.0
	         Changing dutycycle to 1.0


	WARNING: Max duty cycle is 1.0 > 0.0
	         Changing dutycycle to 0.0

DADDR_12: 1041	-CLKOUT6 Register 1
DADDR_13: 00c0	-CLKOUT6 Register 2

	WARNING: Min duty cycle violation 0.500 < 1.0
	         Changing dutycycle to 1.0


	WARNING: Max duty cycle is 1.0 > 0.0
	         Changing dutycycle to 0.0

DADDR_12: 1041	-CLKOUT6 Register 1
DADDR_13: 00c0	-CLKOUT6 Register 2
startgroup
set_property -dict [list CONFIG.CLKOUT2_USED {true} CONFIG.CLKOUT3_USED {true} CONFIG.CLKOUT4_USED {true} CONFIG.MMCM_DIVCLK_DIVIDE {1} CONFIG.MMCM_CLKOUT1_DIVIDE {5} CONFIG.MMCM_CLKOUT2_DIVIDE {40} CONFIG.MMCM_CLKOUT3_DIVIDE {20} CONFIG.NUM_OUT_CLKS {4} CONFIG.CLKOUT2_JITTER {114.829} CONFIG.CLKOUT2_PHASE_ERROR {98.575} CONFIG.CLKOUT3_JITTER {175.402} CONFIG.CLKOUT3_PHASE_ERROR {98.575} CONFIG.CLKOUT4_JITTER {151.636} CONFIG.CLKOUT4_PHASE_ERROR {98.575}] [get_bd_cells clk_wiz_1]
DADDR_08: 1145	-CLKOUT0 Register 1
DADDR_09: 0000	-CLKOUT0 Register 2
DADDR_08: 1145	-CLKOUT0 Register 1
DADDR_09: 0000	-CLKOUT0 Register 2
DADDR_0A: 1083	-CLKOUT1 Register 1
DADDR_0B: 0080	-CLKOUT1 Register 2
DADDR_0A: 1083	-CLKOUT1 Register 1
DADDR_0B: 0080	-CLKOUT1 Register 2
DADDR_0C: 1514	-CLKOUT2 Register 1
DADDR_0D: 0000	-CLKOUT2 Register 2
DADDR_0C: 1514	-CLKOUT2 Register 1
DADDR_0D: 0000	-CLKOUT2 Register 2
DADDR_0E: 128a	-CLKOUT3 Register 1
DADDR_0F: 0000	-CLKOUT3 Register 2
DADDR_0E: 128a	-CLKOUT3 Register 1
DADDR_0F: 0000	-CLKOUT3 Register 2

	WARNING: Min duty cycle violation 0.500 < 1.0
	         Changing dutycycle to 1.0


	WARNING: Max duty cycle is 1.0 > 0.0
	         Changing dutycycle to 0.0

DADDR_10: 1041	-CLKOUT4 Register 1
DADDR_11: 00c0	-CLKOUT4 Register 2

	WARNING: Min duty cycle violation 0.500 < 1.0
	         Changing dutycycle to 1.0


	WARNING: Max duty cycle is 1.0 > 0.0
	         Changing dutycycle to 0.0

DADDR_10: 1041	-CLKOUT4 Register 1
DADDR_11: 00c0	-CLKOUT4 Register 2

	WARNING: Min duty cycle violation 0.500 < 1.0
	         Changing dutycycle to 1.0


	WARNING: Max duty cycle is 1.0 > 0.0
	         Changing dutycycle to 0.0

DADDR_06: 1041	-CLKOUT5 Register 1
DADDR_07: 00c0	-CLKOUT5 Register 2

	WARNING: Min duty cycle violation 0.500 < 1.0
	         Changing dutycycle to 1.0


	WARNING: Max duty cycle is 1.0 > 0.0
	         Changing dutycycle to 0.0

DADDR_06: 1041	-CLKOUT5 Register 1
DADDR_07: 00c0	-CLKOUT5 Register 2
DADDR_08: 1145	-CLKOUT0 Register 1
DADDR_09: 0000	-CLKOUT0 Register 2

	WARNING: Min duty cycle violation 0.500 < 1.0
	         Changing dutycycle to 1.0


	WARNING: Max duty cycle is 1.0 > 0.0
	         Changing dutycycle to 0.0

DADDR_12: 1041	-CLKOUT6 Register 1
DADDR_13: 00c0	-CLKOUT6 Register 2

	WARNING: Min duty cycle violation 0.500 < 1.0
	         Changing dutycycle to 1.0


	WARNING: Max duty cycle is 1.0 > 0.0
	         Changing dutycycle to 0.0

DADDR_12: 1041	-CLKOUT6 Register 1
DADDR_13: 00c0	-CLKOUT6 Register 2
INFO: [IP_Flow 19-3438] Customization errors found on 'clk_wiz_1'. Restoring to previous valid configuration.
INFO: [IP_Flow 19-3447] Customization errors found during restoring IP 'clk_wiz_1' to previous valid configuration.
ERROR: [IP_Flow 19-3439] Failed to restore IP 'clk_wiz_1' customization to its previous valid configuration.
INFO: [Common 17-17] undo 'set_property -dict [list CONFIG.CLKOUT2_USED {true} CONFIG.CLKOUT3_USED {true} CONFIG.CLKOUT4_USED {true} CONFIG.MMCM_DIVCLK_DIVIDE {1} CONFIG.MMCM_CLKOUT1_DIVIDE {5} CONFIG.MMCM_CLKOUT2_DIVIDE {40} CONFIG.MMCM_CLKOUT3_DIVIDE {20} CONFIG.NUM_OUT_CLKS {4} CONFIG.CLKOUT2_JITTER {114.829} CONFIG.CLKOUT2_PHASE_ERROR {98.575} CONFIG.CLKOUT3_JITTER {175.402} CONFIG.CLKOUT3_PHASE_ERROR {98.575} CONFIG.CLKOUT4_JITTER {151.636} CONFIG.CLKOUT4_PHASE_ERROR {98.575}] [get_bd_cells clk_wiz_1]'
ERROR: [Common 17-39] 'set_property' failed due to earlier errors.
endgroup
exit
INFO: [Common 17-206] Exiting Vivado at Thu Mar 23 22:42:45 2017...
