#-----------------------------------------------------------
# Vivado v2016.2 (64-bit)
# SW Build 1577090 on Thu Jun  2 16:32:40 MDT 2016
# IP Build 1577682 on Fri Jun  3 12:00:54 MDT 2016
# Start of session at: Tue Mar 21 21:38:09 2017
# Process ID: 10948
# Current directory: C:/Users/yy/Desktop/ece532_debug/tr3/yy/project_1
# Command line: vivado.exe -gui_launcher_event rodinguilauncherevent10528 C:\Users\yy\Desktop\ece532_debug\tr3\yy\project_1\project_1.xpr
# Log file: C:/Users/yy/Desktop/ece532_debug/tr3/yy/project_1/vivado.log
# Journal file: C:/Users/yy/Desktop/ece532_debug/tr3/yy/project_1\vivado.jou
#-----------------------------------------------------------
start_gui
open_project C:/Users/yy/Desktop/ece532_debug/tr3/yy/project_1/project_1.xpr
INFO: [Project 1-313] Project file moved from 'C:/Users/IBM_ADMIN/Desktop/yy/project_1' since last save.
Scanning sources...
Finished scanning sources
WARNING: [filemgmt 56-3] IP Repository Path: Could not find the directory 'w:/img_proc_full'.
WARNING: [filemgmt 56-2] IP Repository Path: Could not find the directory 'C:/Users/yy/Desktop/ece532_debug/Downloads/vivado-library-master/if/pmod_v1_0', nor could it be found using path 'C:/Users/IBM_ADMIN/Downloads/vivado-library-master/if/pmod_v1_0'.
WARNING: [filemgmt 56-2] IP Repository Path: Could not find the directory 'C:/Users/yy/Desktop/ece532_debug/Downloads/vivado-library-master/ip/Pmods/Pmod_Bridge_v1_0', nor could it be found using path 'C:/Users/IBM_ADMIN/Downloads/vivado-library-master/ip/Pmods/Pmod_Bridge_v1_0'.
WARNING: [filemgmt 56-2] IP Repository Path: Could not find the directory 'C:/Users/yy/Desktop/ece532_debug/Downloads/vivado-library-master/ip/Pmods/PmodWIFI_v1_0', nor could it be found using path 'C:/Users/IBM_ADMIN/Downloads/vivado-library-master/ip/Pmods/PmodWIFI_v1_0'.
INFO: [IP_Flow 19-234] Refreshing IP repositories
WARNING: [IP_Flow 19-2248] Failed to load user IP repository 'w:/img_proc_full'; Can't find the specified path.
If this directory should no longer be in your list of user repositories, go to the IP Settings dialog and remove it.
INFO: [IP_Flow 19-1700] Loaded user IP repository 'c:/Users/yy/Desktop/ece532_debug/tr3/yy/img_proc_full'.
INFO: [IP_Flow 19-1700] Loaded user IP repository 'c:/Users/yy/Desktop/ece532_debug/tr3/yy/vivado-library-master/if/pmod_v1_0'.
INFO: [IP_Flow 19-1700] Loaded user IP repository 'c:/Users/yy/Desktop/ece532_debug/tr3/yy/vivado-library-master/ip/Pmods/PmodWIFI_v1_0'.
INFO: [IP_Flow 19-1700] Loaded user IP repository 'c:/Users/yy/Desktop/ece532_debug/tr3/yy/vivado-library-master/ip/Pmods/Pmod_Bridge_v1_0'.
WARNING: [IP_Flow 19-2248] Failed to load user IP repository 'c:/Users/yy/Desktop/ece532_debug/Downloads/vivado-library-master/if/pmod_v1_0'; Can't find the specified path.
If this directory should no longer be in your list of user repositories, go to the IP Settings dialog and remove it.
WARNING: [IP_Flow 19-2248] Failed to load user IP repository 'c:/Users/yy/Desktop/ece532_debug/Downloads/vivado-library-master/ip/Pmods/Pmod_Bridge_v1_0'; Can't find the specified path.
If this directory should no longer be in your list of user repositories, go to the IP Settings dialog and remove it.
WARNING: [IP_Flow 19-2248] Failed to load user IP repository 'c:/Users/yy/Desktop/ece532_debug/Downloads/vivado-library-master/ip/Pmods/PmodWIFI_v1_0'; Can't find the specified path.
If this directory should no longer be in your list of user repositories, go to the IP Settings dialog and remove it.
INFO: [IP_Flow 19-2313] Loaded Vivado IP repository 'C:/Xilinx/Vivado/2016.2/data/ip'.
open_project: Time (s): cpu = 00:00:43 ; elapsed = 00:00:37 . Memory (MB): peak = 1003.336 ; gain = 375.000
exit
INFO: [Common 17-206] Exiting Vivado at Tue Mar 21 21:39:20 2017...
