#-----------------------------------------------------------
# Vivado v2016.2 (64-bit)
# SW Build 1577090 on Thu Jun  2 16:32:40 MDT 2016
# IP Build 1577682 on Fri Jun  3 12:00:54 MDT 2016
# Start of session at: Sat Mar 18 22:00:24 2017
# Process ID: 10464
# Current directory: C:/Users/IBM_ADMIN/Desktop/yy/project_1
# Command line: vivado.exe -gui_launcher_event rodinguilauncherevent5344 C:\Users\IBM_ADMIN\Desktop\yy\project_1\project_1.xpr
# Log file: C:/Users/IBM_ADMIN/Desktop/yy/project_1/vivado.log
# Journal file: C:/Users/IBM_ADMIN/Desktop/yy/project_1\vivado.jou
#-----------------------------------------------------------
start_gui
open_project C:/Users/IBM_ADMIN/Desktop/yy/project_1/project_1.xpr
INFO: [Project 1-313] Project file moved from 'C:/Users/yy/Desktop/ece532_debug/project_1' since last save.
Scanning sources...
Finished scanning sources
WARNING: [filemgmt 56-3] IP Repository Path: Could not find the directory 'w:/img_proc_full'.
WARNING: [filemgmt 56-2] IP Repository Path: Could not find the directory 'C:/Users/IBM_ADMIN/Downloads/vivado-library-master/if/pmod_v1_0', nor could it be found using path 'C:/Users/yy/Downloads/vivado-library-master/if/pmod_v1_0'.
WARNING: [filemgmt 56-2] IP Repository Path: Could not find the directory 'C:/Users/IBM_ADMIN/Downloads/vivado-library-master/ip/Pmods/Pmod_Bridge_v1_0', nor could it be found using path 'C:/Users/yy/Downloads/vivado-library-master/ip/Pmods/Pmod_Bridge_v1_0'.
WARNING: [filemgmt 56-2] IP Repository Path: Could not find the directory 'C:/Users/IBM_ADMIN/Downloads/vivado-library-master/ip/Pmods/PmodWIFI_v1_0', nor could it be found using path 'C:/Users/yy/Downloads/vivado-library-master/ip/Pmods/PmodWIFI_v1_0'.
WARNING: [filemgmt 56-2] IP Repository Path: Could not find the directory 'C:/Users/IBM_ADMIN/Desktop/yy/img_proc_full', nor could it be found using path 'C:/Users/yy/Desktop/ece532_debug/img_proc_full'.
INFO: [IP_Flow 19-234] Refreshing IP repositories
WARNING: [IP_Flow 19-2248] Failed to load user IP repository 'w:/img_proc_full'; Can't find the specified path.
If this directory should no longer be in your list of user repositories, go to the IP Settings dialog and remove it.
WARNING: [IP_Flow 19-2248] Failed to load user IP repository 'c:/Users/IBM_ADMIN/Downloads/vivado-library-master/if/pmod_v1_0'; Can't find the specified path.
If this directory should no longer be in your list of user repositories, go to the IP Settings dialog and remove it.
WARNING: [IP_Flow 19-2248] Failed to load user IP repository 'c:/Users/IBM_ADMIN/Downloads/vivado-library-master/ip/Pmods/Pmod_Bridge_v1_0'; Can't find the specified path.
If this directory should no longer be in your list of user repositories, go to the IP Settings dialog and remove it.
WARNING: [IP_Flow 19-2248] Failed to load user IP repository 'c:/Users/IBM_ADMIN/Downloads/vivado-library-master/ip/Pmods/PmodWIFI_v1_0'; Can't find the specified path.
If this directory should no longer be in your list of user repositories, go to the IP Settings dialog and remove it.
WARNING: [IP_Flow 19-2248] Failed to load user IP repository 'c:/Users/IBM_ADMIN/Desktop/yy/img_proc_full'; Can't find the specified path.
If this directory should no longer be in your list of user repositories, go to the IP Settings dialog and remove it.
INFO: [IP_Flow 19-2313] Loaded Vivado IP repository 'C:/Xilinx/Vivado/2016.2/data/ip'.
WARNING: [BD 41-1661] One or more IPs have been locked in the design 'design_1.bd'. Please run report_ip_status for more details and recommendations on how to fix this issue.
List of locked IPs:
design_1_PmodWIFI_1_0
design_1_stream_jpg_yy_nv_mn_v1_0_wed2_0_0

WARNING: [IP_Flow 19-2162] IP 'PmodWIFI_pmod_bridge_0_0' is locked:
* IP definition 'pmod_bridge (1.0)' for IP 'PmodWIFI_pmod_bridge_0_0' was not found in the IP Catalog.
Please select 'Report IP Status' from the 'Tools/Report' menu or run Tcl command 'report_ip_status' for more information.
open_project: Time (s): cpu = 00:00:30 ; elapsed = 00:00:38 . Memory (MB): peak = 1018.945 ; gain = 317.461
open_bd_design {C:/Users/IBM_ADMIN/Desktop/yy/project_1/project_1.srcs/sources_1/bd/design_1/design_1.bd}
Adding cell -- xilinx.com:ip:microblaze:9.6 - microblaze_0
Adding cell -- xilinx.com:ip:axi_intc:4.1 - microblaze_0_axi_intc
Adding cell -- xilinx.com:ip:xlconcat:2.1 - microblaze_0_xlconcat
Adding cell -- xilinx.com:ip:mdm:3.2 - mdm_1
Adding cell -- xilinx.com:ip:mig_7series:4.0 - mig_7series_0
Adding cell -- xilinx.com:ip:fifo_generator:13.1 - fifo_generator_0
INFO: [xilinx.com:ip:fifo_generator:13.1-5968] /fifo_generator_0Executing the post_config_ip from bd
Adding cell -- user:user:stream_jpg_yy_nv_mn_v1_0_wed2:1.0 - stream_jpg_yy_nv_mn_v1_0_wed2_0
Adding cell -- digilentinc.com:IP:PmodWIFI:1.0 - PmodWIFI_1
CRITICAL WARNING: [BD 41-51] Could not find bus definition for the interface: Pmod_out 
CRITICAL WARNING: [BD 41-49] Could not find abstraction definition for the interface: Pmod_out 
Adding cell -- xilinx.com:ip:axi_uartlite:2.0 - axi_uartlite_0
Adding cell -- xilinx.com:ip:clk_wiz:5.3 - clk_wiz_1
Adding cell -- xilinx.com:ip:proc_sys_reset:5.0 - rst_clk_wiz_1_100M
Adding cell -- xilinx.com:ip:proc_sys_reset:5.0 - rst_mig_7series_0_81M
CRITICAL WARNING: [BD 41-52] Could not find the abstraction definition specified by the vlnv: digilentinc.com:interface:pmod_rtl:1.0 
CRITICAL WARNING: [BD 41-181] Type specified by the VLNV: 'digilentinc.com:interface:pmod_rtl:1.0', cannot be found. Interface port: 'Pmod_out' cannot be created
CRITICAL WARNING: [BD 41-52] Could not find the abstraction definition specified by the vlnv: digilentinc.com:interface:pmod_rtl:1.0 
CRITICAL WARNING: [BD 41-181] Type specified by the VLNV: 'digilentinc.com:interface:pmod_rtl:1.0', cannot be found. Interface port: 'Pmod_out' cannot be created
Adding cell -- xilinx.com:ip:axi_crossbar:2.1 - xbar
Adding cell -- xilinx.com:ip:axi_clock_converter:2.1 - auto_cc
Adding cell -- xilinx.com:ip:axi_protocol_converter:2.1 - auto_pc
Adding cell -- xilinx.com:ip:axi_dwidth_converter:2.1 - auto_ds
Adding cell -- xilinx.com:ip:axi_dwidth_converter:2.1 - auto_ds
Adding cell -- xilinx.com:ip:axi_dwidth_converter:2.1 - auto_ds
Adding cell -- xilinx.com:ip:axi_dwidth_converter:2.1 - auto_ds
Adding cell -- xilinx.com:ip:axi_dwidth_converter:2.1 - auto_ds
Adding cell -- xilinx.com:ip:axi_dwidth_converter:2.1 - auto_ds
Adding cell -- xilinx.com:ip:axi_dwidth_converter:2.1 - auto_us
Adding cell -- xilinx.com:ip:axi_dwidth_converter:2.1 - auto_us
Adding cell -- xilinx.com:ip:lmb_v10:3.0 - dlmb_v10
Adding cell -- xilinx.com:ip:lmb_v10:3.0 - ilmb_v10
Adding cell -- xilinx.com:ip:lmb_bram_if_cntlr:4.0 - dlmb_bram_if_cntlr
Adding cell -- xilinx.com:ip:lmb_bram_if_cntlr:4.0 - ilmb_bram_if_cntlr
Adding cell -- xilinx.com:ip:blk_mem_gen:8.3 - lmb_bram
Successfully read diagram <design_1> from BD file <C:/Users/IBM_ADMIN/Desktop/yy/project_1/project_1.srcs/sources_1/bd/design_1/design_1.bd>
open_bd_design: Time (s): cpu = 00:00:11 ; elapsed = 00:00:11 . Memory (MB): peak = 1149.121 ; gain = 122.035
set_property  ip_repo_paths  {w:/img_proc_full C:/Users/IBM_ADMIN/Desktop/yy/vivado-library-master/if/pmod_v1_0 C:/Users/IBM_ADMIN/Desktop/yy/vivado-library-master/ip/Pmods/PmodWIFI_v1_0 C:/Users/IBM_ADMIN/Desktop/yy/vivado-library-master/ip/Pmods/Pmod_Bridge_v1_0 c:/Users/IBM_ADMIN/Downloads/vivado-library-master/if/pmod_v1_0 c:/Users/IBM_ADMIN/Downloads/vivado-library-master/ip/Pmods/Pmod_Bridge_v1_0 c:/Users/IBM_ADMIN/Downloads/vivado-library-master/ip/Pmods/PmodWIFI_v1_0 c:/Users/IBM_ADMIN/Desktop/yy/img_proc_full} [current_project]
update_ip_catalog
INFO: [IP_Flow 19-234] Refreshing IP repositories
WARNING: [IP_Flow 19-2248] Failed to load user IP repository 'w:/img_proc_full'; Can't find the specified path.
If this directory should no longer be in your list of user repositories, go to the IP Settings dialog and remove it.
INFO: [IP_Flow 19-1700] Loaded user IP repository 'c:/Users/IBM_ADMIN/Desktop/yy/vivado-library-master/if/pmod_v1_0'.
INFO: [IP_Flow 19-1700] Loaded user IP repository 'c:/Users/IBM_ADMIN/Desktop/yy/vivado-library-master/ip/Pmods/PmodWIFI_v1_0'.
INFO: [IP_Flow 19-1700] Loaded user IP repository 'c:/Users/IBM_ADMIN/Desktop/yy/vivado-library-master/ip/Pmods/Pmod_Bridge_v1_0'.
WARNING: [IP_Flow 19-2248] Failed to load user IP repository 'c:/Users/IBM_ADMIN/Downloads/vivado-library-master/if/pmod_v1_0'; Can't find the specified path.
If this directory should no longer be in your list of user repositories, go to the IP Settings dialog and remove it.
WARNING: [IP_Flow 19-2248] Failed to load user IP repository 'c:/Users/IBM_ADMIN/Downloads/vivado-library-master/ip/Pmods/Pmod_Bridge_v1_0'; Can't find the specified path.
If this directory should no longer be in your list of user repositories, go to the IP Settings dialog and remove it.
WARNING: [IP_Flow 19-2248] Failed to load user IP repository 'c:/Users/IBM_ADMIN/Downloads/vivado-library-master/ip/Pmods/PmodWIFI_v1_0'; Can't find the specified path.
If this directory should no longer be in your list of user repositories, go to the IP Settings dialog and remove it.
WARNING: [IP_Flow 19-2248] Failed to load user IP repository 'c:/Users/IBM_ADMIN/Desktop/yy/img_proc_full'; Can't find the specified path.
If this directory should no longer be in your list of user repositories, go to the IP Settings dialog and remove it.
report_ip_status -name ip_status 
set_property  ip_repo_paths  {w:/img_proc_full c:/Users/IBM_ADMIN/Desktop/yy/vivado-library-master/if/pmod_v1_0 c:/Users/IBM_ADMIN/Desktop/yy/vivado-library-master/ip/Pmods/PmodWIFI_v1_0 c:/Users/IBM_ADMIN/Desktop/yy/vivado-library-master/ip/Pmods/Pmod_Bridge_v1_0 c:/Users/IBM_ADMIN/Downloads/vivado-library-master/if/pmod_v1_0 c:/Users/IBM_ADMIN/Downloads/vivado-library-master/ip/Pmods/Pmod_Bridge_v1_0 c:/Users/IBM_ADMIN/Downloads/vivado-library-master/ip/Pmods/PmodWIFI_v1_0} [current_project]
update_ip_catalog
INFO: [IP_Flow 19-234] Refreshing IP repositories
WARNING: [IP_Flow 19-2248] Failed to load user IP repository 'w:/img_proc_full'; Can't find the specified path.
If this directory should no longer be in your list of user repositories, go to the IP Settings dialog and remove it.
INFO: [IP_Flow 19-1700] Loaded user IP repository 'c:/Users/IBM_ADMIN/Desktop/yy/vivado-library-master/if/pmod_v1_0'.
INFO: [IP_Flow 19-1700] Loaded user IP repository 'c:/Users/IBM_ADMIN/Desktop/yy/vivado-library-master/ip/Pmods/PmodWIFI_v1_0'.
INFO: [IP_Flow 19-1700] Loaded user IP repository 'c:/Users/IBM_ADMIN/Desktop/yy/vivado-library-master/ip/Pmods/Pmod_Bridge_v1_0'.
WARNING: [IP_Flow 19-2248] Failed to load user IP repository 'c:/Users/IBM_ADMIN/Downloads/vivado-library-master/if/pmod_v1_0'; Can't find the specified path.
If this directory should no longer be in your list of user repositories, go to the IP Settings dialog and remove it.
WARNING: [IP_Flow 19-2248] Failed to load user IP repository 'c:/Users/IBM_ADMIN/Downloads/vivado-library-master/ip/Pmods/Pmod_Bridge_v1_0'; Can't find the specified path.
If this directory should no longer be in your list of user repositories, go to the IP Settings dialog and remove it.
WARNING: [IP_Flow 19-2248] Failed to load user IP repository 'c:/Users/IBM_ADMIN/Downloads/vivado-library-master/ip/Pmods/PmodWIFI_v1_0'; Can't find the specified path.
If this directory should no longer be in your list of user repositories, go to the IP Settings dialog and remove it.
set_property  ip_repo_paths  {w:/img_proc_full C:/Users/IBM_ADMIN/Desktop/yy/img_proc_full c:/Users/IBM_ADMIN/Desktop/yy/vivado-library-master/if/pmod_v1_0 c:/Users/IBM_ADMIN/Desktop/yy/vivado-library-master/ip/Pmods/PmodWIFI_v1_0 c:/Users/IBM_ADMIN/Desktop/yy/vivado-library-master/ip/Pmods/Pmod_Bridge_v1_0 c:/Users/IBM_ADMIN/Downloads/vivado-library-master/if/pmod_v1_0 c:/Users/IBM_ADMIN/Downloads/vivado-library-master/ip/Pmods/Pmod_Bridge_v1_0 c:/Users/IBM_ADMIN/Downloads/vivado-library-master/ip/Pmods/PmodWIFI_v1_0} [current_project]
update_ip_catalog
INFO: [IP_Flow 19-234] Refreshing IP repositories
WARNING: [IP_Flow 19-2248] Failed to load user IP repository 'w:/img_proc_full'; Can't find the specified path.
If this directory should no longer be in your list of user repositories, go to the IP Settings dialog and remove it.
INFO: [IP_Flow 19-1700] Loaded user IP repository 'c:/Users/IBM_ADMIN/Desktop/yy/img_proc_full'.
INFO: [IP_Flow 19-1700] Loaded user IP repository 'c:/Users/IBM_ADMIN/Desktop/yy/vivado-library-master/if/pmod_v1_0'.
INFO: [IP_Flow 19-1700] Loaded user IP repository 'c:/Users/IBM_ADMIN/Desktop/yy/vivado-library-master/ip/Pmods/PmodWIFI_v1_0'.
INFO: [IP_Flow 19-1700] Loaded user IP repository 'c:/Users/IBM_ADMIN/Desktop/yy/vivado-library-master/ip/Pmods/Pmod_Bridge_v1_0'.
WARNING: [IP_Flow 19-2248] Failed to load user IP repository 'c:/Users/IBM_ADMIN/Downloads/vivado-library-master/if/pmod_v1_0'; Can't find the specified path.
If this directory should no longer be in your list of user repositories, go to the IP Settings dialog and remove it.
WARNING: [IP_Flow 19-2248] Failed to load user IP repository 'c:/Users/IBM_ADMIN/Downloads/vivado-library-master/ip/Pmods/Pmod_Bridge_v1_0'; Can't find the specified path.
If this directory should no longer be in your list of user repositories, go to the IP Settings dialog and remove it.
WARNING: [IP_Flow 19-2248] Failed to load user IP repository 'c:/Users/IBM_ADMIN/Downloads/vivado-library-master/ip/Pmods/PmodWIFI_v1_0'; Can't find the specified path.
If this directory should no longer be in your list of user repositories, go to the IP Settings dialog and remove it.
report_ip_status -name ip_status 
export_ip_user_files -of_objects [get_ips  design_1_stream_jpg_yy_nv_mn_v1_0_wed2_0_0] -no_script -reset -quiet
upgrade_ip -vlnv user:user:stream_jpg_yy_nv_mn_v1_0_wed2:1.0 [get_ips  design_1_stream_jpg_yy_nv_mn_v1_0_wed2_0_0] -log ip_upgrade.log
Upgrading 'C:/Users/IBM_ADMIN/Desktop/yy/project_1/project_1.srcs/sources_1/bd/design_1/design_1.bd'
INFO: [IP_Flow 19-3422] Upgraded design_1_stream_jpg_yy_nv_mn_v1_0_wed2_0_0 (stream_jpg_yy_nv_mn_v1_0_v1_0_wed2 1.0) from revision 7 to revision 6
Wrote  : <C:/Users/IBM_ADMIN/Desktop/yy/project_1/project_1.srcs/sources_1/bd/design_1/design_1.bd> 
INFO: [Coretcl 2-1525] Wrote upgrade log to 'C:/Users/IBM_ADMIN/Desktop/yy/project_1/ip_upgrade.log'.
ipx::edit_ip_in_project -upgrade true -name stream_jpg_yy_nv_mn_v1_0_wed2_v1_0_project -directory C:/Users/IBM_ADMIN/Desktop/yy/project_1/project_1.tmp/stream_jpg_yy_nv_mn_v1_0_wed2_v1_0_project c:/Users/IBM_ADMIN/Desktop/yy/img_proc_full/component.xml
INFO: [ProjectBase 1-489] The host OS only allows 260 characters in a normal path. The project is stored in a path with more than 80 characters. If you experience issues with IP, Block Designs, or files not being found, please consider moving the project to a location with a shorter path. Alternately consider using the OS subst command to map part of the path to a drive letter.
Current project path is 'c:/users/ibm_admin/desktop/yy/project_1/project_1.tmp/stream_jpg_yy_nv_mn_v1_0_wed2_v1_0_project'
INFO: [IP_Flow 19-234] Refreshing IP repositories
INFO: [IP_Flow 19-1704] No user IP repositories specified
INFO: [IP_Flow 19-2313] Loaded Vivado IP repository 'C:/Xilinx/Vivado/2016.2/data/ip'.
INFO: [IP_Flow 19-234] Refreshing IP repositories
WARNING: [IP_Flow 19-2248] Failed to load user IP repository 'w:/img_proc_full'; Can't find the specified path.
If this directory should no longer be in your list of user repositories, go to the IP Settings dialog and remove it.
INFO: [IP_Flow 19-1700] Loaded user IP repository 'c:/Users/IBM_ADMIN/Desktop/yy/img_proc_full'.
INFO: [IP_Flow 19-1700] Loaded user IP repository 'c:/Users/IBM_ADMIN/Desktop/yy/vivado-library-master/if/pmod_v1_0'.
INFO: [IP_Flow 19-1700] Loaded user IP repository 'c:/Users/IBM_ADMIN/Desktop/yy/vivado-library-master/ip/Pmods/PmodWIFI_v1_0'.
INFO: [IP_Flow 19-1700] Loaded user IP repository 'c:/Users/IBM_ADMIN/Desktop/yy/vivado-library-master/ip/Pmods/Pmod_Bridge_v1_0'.
WARNING: [IP_Flow 19-2248] Failed to load user IP repository 'c:/Users/IBM_ADMIN/Downloads/vivado-library-master/if/pmod_v1_0'; Can't find the specified path.
If this directory should no longer be in your list of user repositories, go to the IP Settings dialog and remove it.
WARNING: [IP_Flow 19-2248] Failed to load user IP repository 'c:/Users/IBM_ADMIN/Downloads/vivado-library-master/ip/Pmods/Pmod_Bridge_v1_0'; Can't find the specified path.
If this directory should no longer be in your list of user repositories, go to the IP Settings dialog and remove it.
WARNING: [IP_Flow 19-2248] Failed to load user IP repository 'c:/Users/IBM_ADMIN/Downloads/vivado-library-master/ip/Pmods/PmodWIFI_v1_0'; Can't find the specified path.
If this directory should no longer be in your list of user repositories, go to the IP Settings dialog and remove it.
INFO: [IP_Flow 19-795] Syncing license key meta-data
INFO: [IP_Flow 19-793] Syncing display name meta-data
INFO: [IP_Flow 19-798] Syncing taxonomy meta-data
ipx::edit_ip_in_project: Time (s): cpu = 00:00:09 ; elapsed = 00:00:07 . Memory (MB): peak = 1329.102 ; gain = 0.000
update_compile_order -fileset sources_1
set_property source_mgmt_mode DisplayOnly [current_project]
current_project project_1
current_project stream_jpg_yy_nv_mn_v1_0_wed2_v1_0_project
ipx::merge_project_changes files [ipx::current_core]
ipx::merge_project_changes hdl_parameters [ipx::current_core]
set_property core_revision 7 [ipx::current_core]
ipx::create_xgui_files [ipx::current_core]
ipx::update_checksums [ipx::current_core]
ipx::update_checksums: Time (s): cpu = 00:00:08 ; elapsed = 00:00:08 . Memory (MB): peak = 1418.660 ; gain = 0.000
ipx::save_core [ipx::current_core]
close_project -delete
update_ip_catalog -rebuild -repo_path c:/Users/IBM_ADMIN/Desktop/yy/img_proc_full
INFO: [IP_Flow 19-725] Reloaded user IP repository 'c:/Users/IBM_ADMIN/Desktop/yy/img_proc_full'
report_ip_status -name ip_status 
export_ip_user_files -of_objects [get_ips  design_1_stream_jpg_yy_nv_mn_v1_0_wed2_0_0] -no_script -reset -quiet
upgrade_ip -vlnv user:user:stream_jpg_yy_nv_mn_v1_0_wed2:1.0 [get_ips  design_1_stream_jpg_yy_nv_mn_v1_0_wed2_0_0] -log ip_upgrade.log
Upgrading 'C:/Users/IBM_ADMIN/Desktop/yy/project_1/project_1.srcs/sources_1/bd/design_1/design_1.bd'
INFO: [IP_Flow 19-3422] Upgraded design_1_stream_jpg_yy_nv_mn_v1_0_wed2_0_0 (stream_jpg_yy_nv_mn_v1_0_v1_0_wed2 1.0) from revision 6 to revision 7
Wrote  : <C:/Users/IBM_ADMIN/Desktop/yy/project_1/project_1.srcs/sources_1/bd/design_1/design_1.bd> 
INFO: [Coretcl 2-1525] Wrote upgrade log to 'C:/Users/IBM_ADMIN/Desktop/yy/project_1/ip_upgrade.log'.
