#-----------------------------------------------------------
# Vivado v2016.2 (64-bit)
# SW Build 1577090 on Thu Jun  2 16:32:40 MDT 2016
# IP Build 1577682 on Fri Jun  3 12:00:54 MDT 2016
# Start of session at: Mon Mar 20 12:31:05 2017
# Process ID: 7660
# Current directory: C:/Users/IBM_ADMIN/Desktop/yy/project_1
# Command line: vivado.exe -gui_launcher_event rodinguilauncherevent11168 C:\Users\IBM_ADMIN\Desktop\yy\project_1\project_1.xpr
# Log file: C:/Users/IBM_ADMIN/Desktop/yy/project_1/vivado.log
# Journal file: C:/Users/IBM_ADMIN/Desktop/yy/project_1\vivado.jou
#-----------------------------------------------------------start_gui
oopen_project C:/Users/IBM_ADMIN/Desktop/yy/project_1/project_1.xprScanning sources...
Finished scanning sources
WARNING: [filemgmt 56-3] IP Repository Path: Could not find the directory 'w:/img_proc_full'.
WWARNING: [filemgmt 56-3] IP Repository Path: Could not find the directory 'C:/Users/IBM_ADMIN/Downloads/vivado-library-master/if/pmod_v1_0'.WWARNING: [filemgmt 56-3] IP Repository Path: Could not find the directory 'C:/Users/IBM_ADMIN/Downloads/vivado-library-master/ip/Pmods/Pmod_Bridge_v1_0'.WWARNING: [filemgmt 56-3] IP Repository Path: Could not find the directory 'C:/Users/IBM_ADMIN/Downloads/vivado-library-master/ip/Pmods/PmodWIFI_v1_0'.IINFO: [IP_Flow 19-234] Refreshing IP repositories
WARNING: [IP_Flow 19-2248] Failed to load user IP repository 'w:/img_proc_full'; Can't find the specified path.
If this directory should no longer be in your list of user repositories, go to the IP Settings dialog and remove it.IINFO: [IP_Flow 19-1700] Loaded user IP repository 'c:/Users/IBM_ADMIN/Desktop/yy/img_proc_full'.INFO: [IP_Flow 19-1700] Loaded user IP repository 'c:/Users/IBM_ADMIN/Desktop/yy/vivado-library-master/if/pmod_v1_0'.
IINFO: [IP_Flow 19-1700] Loaded user IP repository 'c:/Users/IBM_ADMIN/Desktop/yy/vivado-library-master/ip/Pmods/PmodWIFI_v1_0'.IINFO: [IP_Flow 19-1700] Loaded user IP repository 'c:/Users/IBM_ADMIN/Desktop/yy/vivado-library-master/ip/Pmods/Pmod_Bridge_v1_0'.WWARNING: [IP_Flow 19-2248] Failed to load user IP repository 'c:/Users/IBM_ADMIN/Downloads/vivado-library-master/if/pmod_v1_0'; Can't find the specified path.
If this directory should no longer be in your list of user repositories, go to the IP Settings dialog and remove it.WWARNING: [IP_Flow 19-2248] Failed to load user IP repository 'c:/Users/IBM_ADMIN/Downloads/vivado-library-master/ip/Pmods/Pmod_Bridge_v1_0'; Can't find the specified path.
If this directory should no longer be in your list of user repositories, go to the IP Settings dialog and remove it.WWARNING: [IP_Flow 19-2248] Failed to load user IP repository 'c:/Users/IBM_ADMIN/Downloads/vivado-library-master/ip/Pmods/PmodWIFI_v1_0'; Can't find the specified path.
If this directory should no longer be in your list of user repositories, go to the IP Settings dialog and remove it.INFO: [Common 17-41] Interrupt caught. Command should exit soon.
IINFO: [IP_Flow 19-2313] Loaded Vivado IP repository 'C:/Xilinx/Vivado/2016.2/data/ip'.WWARNING: [BD 41-1661] One or more IPs have been locked in the design 'design_1.bd'. Please run report_ip_status for more details and recommendations on how to fix this issue.
List of locked IPs:
design_1_stream_jpg_yy_nv_mn_v1_0_wed2_0_0
IINFO: [Common 17-344] 'open_project' was cancelledeexit
INFO: [Common 17-206] Exiting Vivado at Mon Mar 20 12:34:08 2017...
