10:03:46 INFO  : Launching XSDB server: xsdb.bat -interactive C:\Users\IBM_ADMIN\Desktop\yy\project_1\project_1.sdk\temp_xsdb_launch_script.tcl
10:03:50 INFO  : XSDB server has started successfully.
10:03:54 INFO  : Processing command line option -hwspec C:/Users/IBM_ADMIN/Desktop/yy/project_1/project_1.sdk/design_1_wrapper.hdf.
11:36:14 INFO  : Launching XSDB server: xsdb.bat -interactive C:\Users\IBM_ADMIN\Desktop\yy\project_1\project_1.sdk\temp_xsdb_launch_script.tcl
11:36:16 INFO  : XSDB server has started successfully.
11:36:17 INFO  : Processing command line option -hwspec C:/Users/IBM_ADMIN/Desktop/yy/project_1/project_1.sdk/design_1_wrapper.hdf.
11:36:17 INFO  : Checking for hwspec changes in the project design_1_wrapper_hw_platform_0.
20:09:57 INFO  : Launching XSDB server: xsdb.bat -interactive C:\Users\IBM_ADMIN\Desktop\yy\project_1\project_1.sdk\temp_xsdb_launch_script.tcl
20:10:00 INFO  : XSDB server has started successfully.
20:10:01 INFO  : Processing command line option -hwspec C:/Users/IBM_ADMIN/Desktop/yy/project_1/project_1.sdk/design_1_wrapper.hdf.
20:10:01 INFO  : Checking for hwspec changes in the project design_1_wrapper_hw_platform_0.
20:10:02 INFO  : SDK has detected change in the last modified timestamps for source hardware specification file Source:1490141290166,  Project:1489932175401
20:10:02 INFO  : The hardware specification for project 'design_1_wrapper_hw_platform_0' is different from C:/Users/IBM_ADMIN/Desktop/yy/project_1/project_1.sdk/design_1_wrapper.hdf.
20:10:02 INFO  : Copied contents of C:/Users/IBM_ADMIN/Desktop/yy/project_1/project_1.sdk/design_1_wrapper.hdf into \design_1_wrapper_hw_platform_0\system.hdf.
20:10:05 INFO  : Synchronizing projects in the workspace with the hardware platform specification changes.
20:10:11 INFO  : 
20:10:12 INFO  : Updating hardware inferred compiler options for test.
20:10:12 INFO  : Clearing existing target manager status.
20:10:47 INFO  : Processor reset is completed for microblaze_0
20:12:02 ERROR : Unexpected error while parsing XMD response ?: com.google.gson.JsonSyntaxException: com.google.gson.stream.MalformedJsonException: invalid number or unquoted string near 
20:13:37 INFO  : Launching XSDB server: xsdb.bat -interactive C:\Users\IBM_ADMIN\Desktop\yy\project_1\project_1.sdk\temp_xsdb_launch_script.tcl
20:13:39 INFO  : XSDB server has started successfully.
20:13:40 INFO  : Processing command line option -hwspec C:/Users/IBM_ADMIN/Desktop/yy/project_1/project_1.sdk/design_1_wrapper.hdf.
20:13:40 INFO  : Checking for hwspec changes in the project design_1_wrapper_hw_platform_0.
20:17:45 INFO  : Processor reset is completed for microblaze_0
20:18:56 INFO  : Processor reset is completed for microblaze_0
20:25:36 INFO  : Processor reset is completed for microblaze_0
20:35:59 INFO  : microblaze_0 Processor is in use. Please stop existing Run or Debug sessions before launching.
20:36:03 INFO  : Processor reset is completed for microblaze_0
20:38:39 INFO  : microblaze_0 Processor is in use. Please stop existing Run or Debug sessions before launching.
20:38:45 INFO  : Processor reset is completed for microblaze_0
20:39:06 INFO  : Processor reset is completed for microblaze_0
20:47:11 INFO  : microblaze_0 Processor is in use. Please stop existing Run or Debug sessions before launching.
20:47:30 INFO  : Processor reset is completed for microblaze_0
20:50:02 INFO  : microblaze_0 Processor is in use. Please stop existing Run or Debug sessions before launching.
20:50:05 INFO  : Processor reset is completed for microblaze_0
20:56:57 INFO  : microblaze_0 Processor is in use. Please stop existing Run or Debug sessions before launching.
20:56:59 INFO  : Processor reset is completed for microblaze_0
21:01:55 ERROR : Unexpected error while parsing XMD response ?: com.google.gson.JsonSyntaxException: com.google.gson.stream.MalformedJsonException: invalid number or unquoted string near 
09:15:21 INFO  : Launching XSDB server: xsdb.bat -interactive C:\Users\yy\Desktop\ece532_debug\tr3\yy\project_1\project_1.sdk\temp_xsdb_launch_script.tcl
09:15:26 INFO  : XSDB server has started successfully.
09:15:28 INFO  : Processing command line option -hwspec C:/Users/yy/Desktop/ece532_debug/tr3/yy/project_1/project_1.sdk/design_1_wrapper.hdf.
10:13:37 INFO  : Processor reset is completed for microblaze_0
10:13:38 ERROR : No such port: COM10
10:14:02 INFO  : microblaze_0 Processor is in use. Please stop existing Run or Debug sessions before launching.
10:14:04 INFO  : Processor reset is completed for microblaze_0
10:14:04 ERROR : Port COM3 is already in use.
10:14:33 INFO  : microblaze_0 Processor is in use. Please stop existing Run or Debug sessions before launching.
10:14:36 INFO  : Processor reset is completed for microblaze_0
10:14:36 ERROR : Port COM3 is already in use.
11:14:44 INFO  : Launching XSDB server: xsdb.bat -interactive D:\yy\project_1\project_1.sdk\temp_xsdb_launch_script.tcl
11:14:49 INFO  : XSDB server has started successfully.
11:14:54 INFO  : Processing command line option -hwspec D:/yy/project_1/project_1.sdk/design_1_wrapper.hdf.
11:15:16 INFO  : Processor reset is completed for microblaze_0
11:15:48 INFO  : microblaze_0 Processor is in use. Please stop existing Run or Debug sessions before launching.
11:15:55 INFO  : microblaze_0 Processor is in use. Please stop existing Run or Debug sessions before launching.
11:15:56 INFO  : Processor reset is completed for microblaze_0
11:20:51 INFO  : microblaze_0 Processor is in use. Please stop existing Run or Debug sessions before launching.
11:20:53 INFO  : Processor reset is completed for microblaze_0
11:25:39 INFO  : microblaze_0 Processor is in use. Please stop existing Run or Debug sessions before launching.
11:25:44 INFO  : microblaze_0 Processor is in use. Please stop existing Run or Debug sessions before launching.
11:25:46 INFO  : Processor reset is completed for microblaze_0
11:34:14 INFO  : microblaze_0 Processor is in use. Please stop existing Run or Debug sessions before launching.
11:34:17 INFO  : Processor reset is completed for microblaze_0
11:40:24 ERROR : Unexpected error while parsing XMD response ?: com.google.gson.JsonSyntaxException: com.google.gson.stream.MalformedJsonException: invalid number or unquoted string near 
