
*** Running vivado
    with args -log dist_mem_gen_0.vds -m64 -mode batch -messageDb vivado.pb -notrace -source dist_mem_gen_0.tcl


****** Vivado v2016.2 (64-bit)
  **** SW Build 1577090 on Thu Jun  2 16:32:40 MDT 2016
  **** IP Build 1577682 on Fri Jun  3 12:00:54 MDT 2016
    ** Copyright 1986-2016 Xilinx, Inc. All Rights Reserved.

source dist_mem_gen_0.tcl -notrace
Command: synth_design -top dist_mem_gen_0 -part xc7a100tcsg324-1 -mode out_of_context
Starting synth_design
Attempting to get a license for feature 'Synthesis' and/or device 'xc7a100t'
INFO: [Common 17-349] Got license for feature 'Synthesis' and/or device 'xc7a100t'
INFO: Launching helper process for spawning children vivado processes
INFO: Helper process launched with PID 8804 
---------------------------------------------------------------------------------
Starting RTL Elaboration : Time (s): cpu = 00:00:30 ; elapsed = 00:01:09 . Memory (MB): peak = 317.066 ; gain = 109.859
---------------------------------------------------------------------------------
INFO: [Synth 8-638] synthesizing module 'dist_mem_gen_0' [c:/Users/Neil/Documents/Neil/EngSci/year_4_winter/ECE532/mjpeg_decoder/tmp/jpeg/jpeg.srcs/sources_1/ip/dist_mem_gen_0/synth/dist_mem_gen_0.vhd:71]
	Parameter C_FAMILY bound to: artix7 - type: string 
	Parameter C_ADDR_WIDTH bound to: 8 - type: integer 
	Parameter C_DEFAULT_DATA bound to: 0 - type: string 
	Parameter C_DEPTH bound to: 256 - type: integer 
	Parameter C_HAS_CLK bound to: 1 - type: integer 
	Parameter C_HAS_D bound to: 1 - type: integer 
	Parameter C_HAS_DPO bound to: 1 - type: integer 
	Parameter C_HAS_DPRA bound to: 1 - type: integer 
	Parameter C_HAS_I_CE bound to: 0 - type: integer 
	Parameter C_HAS_QDPO bound to: 0 - type: integer 
	Parameter C_HAS_QDPO_CE bound to: 0 - type: integer 
	Parameter C_HAS_QDPO_CLK bound to: 0 - type: integer 
	Parameter C_HAS_QDPO_RST bound to: 0 - type: integer 
	Parameter C_HAS_QDPO_SRST bound to: 0 - type: integer 
	Parameter C_HAS_QSPO bound to: 0 - type: integer 
	Parameter C_HAS_QSPO_CE bound to: 0 - type: integer 
	Parameter C_HAS_QSPO_RST bound to: 0 - type: integer 
	Parameter C_HAS_QSPO_SRST bound to: 0 - type: integer 
	Parameter C_HAS_SPO bound to: 1 - type: integer 
	Parameter C_HAS_WE bound to: 1 - type: integer 
	Parameter C_MEM_INIT_FILE bound to: no_coe_file_loaded - type: string 
	Parameter C_ELABORATION_DIR bound to: ./ - type: string 
	Parameter C_MEM_TYPE bound to: 2 - type: integer 
	Parameter C_PIPELINE_STAGES bound to: 0 - type: integer 
	Parameter C_QCE_JOINED bound to: 0 - type: integer 
	Parameter C_QUALIFY_WE bound to: 0 - type: integer 
	Parameter C_READ_MIF bound to: 0 - type: integer 
	Parameter C_REG_A_D_INPUTS bound to: 0 - type: integer 
	Parameter C_REG_DPRA_INPUT bound to: 0 - type: integer 
	Parameter C_SYNC_ENABLE bound to: 1 - type: integer 
	Parameter C_WIDTH bound to: 8 - type: integer 
	Parameter C_PARSER_TYPE bound to: 1 - type: integer 
INFO: [Synth 8-3491] module 'dist_mem_gen_v8_0_10' declared at 'c:/Users/Neil/Documents/Neil/EngSci/year_4_winter/ECE532/mjpeg_decoder/tmp/jpeg/jpeg.srcs/sources_1/ip/dist_mem_gen_0/dist_mem_gen_v8_0_10/hdl/dist_mem_gen_v8_0.vhd:78' bound to instance 'U0' of component 'dist_mem_gen_v8_0_10' [c:/Users/Neil/Documents/Neil/EngSci/year_4_winter/ECE532/mjpeg_decoder/tmp/jpeg/jpeg.srcs/sources_1/ip/dist_mem_gen_0/synth/dist_mem_gen_0.vhd:137]
	Parameter C_FAMILY bound to: artix7 - type: string 
	Parameter C_ADDR_WIDTH bound to: 8 - type: integer 
	Parameter C_DEFAULT_DATA bound to: 0 - type: string 
	Parameter C_DEPTH bound to: 256 - type: integer 
	Parameter C_HAS_CLK bound to: 1 - type: integer 
	Parameter C_HAS_D bound to: 1 - type: integer 
	Parameter C_HAS_DPO bound to: 1 - type: integer 
	Parameter C_HAS_DPRA bound to: 1 - type: integer 
	Parameter C_HAS_I_CE bound to: 0 - type: integer 
	Parameter C_HAS_QDPO bound to: 0 - type: integer 
	Parameter C_HAS_QDPO_CE bound to: 0 - type: integer 
	Parameter C_HAS_QDPO_CLK bound to: 0 - type: integer 
	Parameter C_HAS_QDPO_RST bound to: 0 - type: integer 
	Parameter C_HAS_QDPO_SRST bound to: 0 - type: integer 
	Parameter C_HAS_QSPO bound to: 0 - type: integer 
	Parameter C_HAS_QSPO_CE bound to: 0 - type: integer 
	Parameter C_HAS_QSPO_RST bound to: 0 - type: integer 
	Parameter C_HAS_QSPO_SRST bound to: 0 - type: integer 
	Parameter C_HAS_SPO bound to: 1 - type: integer 
	Parameter C_HAS_WE bound to: 1 - type: integer 
	Parameter C_MEM_INIT_FILE bound to: no_coe_file_loaded - type: string 
	Parameter C_ELABORATION_DIR bound to: ./ - type: string 
	Parameter C_MEM_TYPE bound to: 2 - type: integer 
	Parameter C_PIPELINE_STAGES bound to: 0 - type: integer 
	Parameter C_QCE_JOINED bound to: 0 - type: integer 
	Parameter C_QUALIFY_WE bound to: 0 - type: integer 
	Parameter C_READ_MIF bound to: 0 - type: integer 
	Parameter C_REG_A_D_INPUTS bound to: 0 - type: integer 
	Parameter C_REG_DPRA_INPUT bound to: 0 - type: integer 
	Parameter C_SYNC_ENABLE bound to: 1 - type: integer 
	Parameter C_WIDTH bound to: 8 - type: integer 
	Parameter C_PARSER_TYPE bound to: 1 - type: integer 
	Parameter C_FAMILY bound to: artix7 - type: string 
	Parameter C_ADDR_WIDTH bound to: 8 - type: integer 
	Parameter C_DEFAULT_DATA bound to: 0 - type: string 
	Parameter C_DEPTH bound to: 256 - type: integer 
	Parameter C_HAS_CLK bound to: 1 - type: integer 
	Parameter C_HAS_D bound to: 1 - type: integer 
	Parameter C_HAS_DPO bound to: 1 - type: integer 
	Parameter C_HAS_DPRA bound to: 1 - type: integer 
	Parameter C_HAS_I_CE bound to: 0 - type: integer 
	Parameter C_HAS_QDPO bound to: 0 - type: integer 
	Parameter C_HAS_QDPO_CE bound to: 0 - type: integer 
	Parameter C_HAS_QDPO_CLK bound to: 0 - type: integer 
	Parameter C_HAS_QDPO_RST bound to: 0 - type: integer 
	Parameter C_HAS_QDPO_SRST bound to: 0 - type: integer 
	Parameter C_HAS_QSPO bound to: 0 - type: integer 
	Parameter C_HAS_QSPO_CE bound to: 0 - type: integer 
	Parameter C_HAS_QSPO_RST bound to: 0 - type: integer 
	Parameter C_HAS_QSPO_SRST bound to: 0 - type: integer 
	Parameter C_HAS_SPO bound to: 1 - type: integer 
	Parameter C_HAS_WE bound to: 1 - type: integer 
	Parameter C_MEM_INIT_FILE bound to: no_coe_file_loaded - type: string 
	Parameter C_ELABORATION_DIR bound to: ./ - type: string 
	Parameter C_MEM_TYPE bound to: 2 - type: integer 
	Parameter C_PIPELINE_STAGES bound to: 0 - type: integer 
	Parameter C_QCE_JOINED bound to: 0 - type: integer 
	Parameter C_QUALIFY_WE bound to: 0 - type: integer 
	Parameter C_READ_MIF bound to: 0 - type: integer 
	Parameter C_REG_A_D_INPUTS bound to: 0 - type: integer 
	Parameter C_REG_DPRA_INPUT bound to: 0 - type: integer 
	Parameter C_SYNC_ENABLE bound to: 1 - type: integer 
	Parameter C_WIDTH bound to: 8 - type: integer 
	Parameter C_PARSER_TYPE bound to: 0 - type: integer 
	Parameter c_addr_width bound to: 8 - type: integer 
	Parameter c_depth bound to: 256 - type: integer 
	Parameter c_width bound to: 8 - type: integer 
	Parameter c_default_data bound to: 0 - type: string 
	Parameter c_mem_init_file bound to: no_coe_file_loaded - type: string 
	Parameter c_elaboration_dir bound to: ./ - type: string 
	Parameter c_read_mif bound to: 0 - type: integer 
	Parameter c_has_i_ce bound to: 0 - type: integer 
	Parameter c_qualify_we bound to: 0 - type: integer 
	Parameter c_reg_a_d_inputs bound to: 0 - type: integer 
	Parameter c_pipeline_stages bound to: 0 - type: integer 
	Parameter c_has_qspo_ce bound to: 0 - type: integer 
	Parameter c_has_qspo_rst bound to: 0 - type: integer 
	Parameter c_has_qspo_srst bound to: 0 - type: integer 
	Parameter c_has_spo bound to: 1 - type: integer 
	Parameter c_has_qspo bound to: 0 - type: integer 
	Parameter c_has_qdpo_clk bound to: 0 - type: integer 
	Parameter c_has_qdpo_ce bound to: 0 - type: integer 
	Parameter c_has_qdpo_rst bound to: 0 - type: integer 
	Parameter c_has_qdpo_srst bound to: 0 - type: integer 
	Parameter c_has_dpra bound to: 1 - type: integer 
	Parameter c_reg_dpra_input bound to: 0 - type: integer 
	Parameter c_has_dpo bound to: 1 - type: integer 
	Parameter c_has_qdpo bound to: 0 - type: integer 
	Parameter c_qce_joined bound to: 0 - type: integer 
	Parameter c_sync_enable bound to: 1 - type: integer 
	Parameter c_parser_type bound to: 0 - type: integer 
	Parameter c_addr_width bound to: 8 - type: integer 
	Parameter c_depth bound to: 256 - type: integer 
	Parameter c_width bound to: 8 - type: integer 
	Parameter c_default_data bound to: 0 - type: string 
	Parameter c_mem_init_file bound to: no_coe_file_loaded - type: string 
	Parameter c_elaboration_dir bound to: ./ - type: string 
	Parameter c_read_mif bound to: 0 - type: integer 
	Parameter c_has_i_ce bound to: 0 - type: integer 
	Parameter c_qualify_we bound to: 0 - type: integer 
	Parameter c_reg_a_d_inputs bound to: 0 - type: integer 
	Parameter c_pipeline_stages bound to: 0 - type: integer 
	Parameter c_has_qspo_ce bound to: 0 - type: integer 
	Parameter c_has_qspo_rst bound to: 0 - type: integer 
	Parameter c_has_qspo_srst bound to: 0 - type: integer 
	Parameter c_has_spo bound to: 1 - type: integer 
	Parameter c_has_qspo bound to: 0 - type: integer 
	Parameter c_has_qdpo_clk bound to: 0 - type: integer 
	Parameter c_has_qdpo_ce bound to: 0 - type: integer 
	Parameter c_has_qdpo_rst bound to: 0 - type: integer 
	Parameter c_has_qdpo_srst bound to: 0 - type: integer 
	Parameter c_has_dpra bound to: 1 - type: integer 
	Parameter c_reg_dpra_input bound to: 0 - type: integer 
	Parameter c_has_dpo bound to: 1 - type: integer 
	Parameter c_has_qdpo bound to: 0 - type: integer 
	Parameter c_qce_joined bound to: 0 - type: integer 
	Parameter c_sync_enable bound to: 1 - type: integer 
	Parameter c_parser_type bound to: 0 - type: integer 
INFO: [Synth 8-256] done synthesizing module 'dist_mem_gen_0' (4#1) [c:/Users/Neil/Documents/Neil/EngSci/year_4_winter/ECE532/mjpeg_decoder/tmp/jpeg/jpeg.srcs/sources_1/ip/dist_mem_gen_0/synth/dist_mem_gen_0.vhd:71]
WARNING: [Synth 8-3331] design dpram has unconnected port qspo[7]
WARNING: [Synth 8-3331] design dpram has unconnected port qspo[6]
WARNING: [Synth 8-3331] design dpram has unconnected port qspo[5]
WARNING: [Synth 8-3331] design dpram has unconnected port qspo[4]
WARNING: [Synth 8-3331] design dpram has unconnected port qspo[3]
WARNING: [Synth 8-3331] design dpram has unconnected port qspo[2]
WARNING: [Synth 8-3331] design dpram has unconnected port qspo[1]
WARNING: [Synth 8-3331] design dpram has unconnected port qspo[0]
WARNING: [Synth 8-3331] design dpram has unconnected port qdpo[7]
WARNING: [Synth 8-3331] design dpram has unconnected port qdpo[6]
WARNING: [Synth 8-3331] design dpram has unconnected port qdpo[5]
WARNING: [Synth 8-3331] design dpram has unconnected port qdpo[4]
WARNING: [Synth 8-3331] design dpram has unconnected port qdpo[3]
WARNING: [Synth 8-3331] design dpram has unconnected port qdpo[2]
WARNING: [Synth 8-3331] design dpram has unconnected port qdpo[1]
WARNING: [Synth 8-3331] design dpram has unconnected port qdpo[0]
WARNING: [Synth 8-3331] design dpram has unconnected port i_ce
WARNING: [Synth 8-3331] design dpram has unconnected port qspo_ce
WARNING: [Synth 8-3331] design dpram has unconnected port qspo_rst
WARNING: [Synth 8-3331] design dpram has unconnected port qspo_srst
WARNING: [Synth 8-3331] design dpram has unconnected port qdpo_clk
WARNING: [Synth 8-3331] design dpram has unconnected port qdpo_ce
WARNING: [Synth 8-3331] design dpram has unconnected port qdpo_rst
WARNING: [Synth 8-3331] design dpram has unconnected port qdpo_srst
WARNING: [Synth 8-3331] design dist_mem_gen_v8_0_10 has unconnected port i_ce
WARNING: [Synth 8-3331] design dist_mem_gen_v8_0_10 has unconnected port qspo_ce
WARNING: [Synth 8-3331] design dist_mem_gen_v8_0_10 has unconnected port qdpo_ce
WARNING: [Synth 8-3331] design dist_mem_gen_v8_0_10 has unconnected port qdpo_clk
WARNING: [Synth 8-3331] design dist_mem_gen_v8_0_10 has unconnected port qspo_rst
WARNING: [Synth 8-3331] design dist_mem_gen_v8_0_10 has unconnected port qdpo_rst
WARNING: [Synth 8-3331] design dist_mem_gen_v8_0_10 has unconnected port qspo_srst
WARNING: [Synth 8-3331] design dist_mem_gen_v8_0_10 has unconnected port qdpo_srst
---------------------------------------------------------------------------------
Finished RTL Elaboration : Time (s): cpu = 00:00:35 ; elapsed = 00:01:14 . Memory (MB): peak = 346.590 ; gain = 139.383
---------------------------------------------------------------------------------

Report Check Netlist: 
+------+------------------+-------+---------+-------+------------------+
|      |Item              |Errors |Warnings |Status |Description       |
+------+------------------+-------+---------+-------+------------------+
|1     |multi_driven_nets |      0|        0|Passed |Multi driven nets |
+------+------------------+-------+---------+-------+------------------+
---------------------------------------------------------------------------------
Finished RTL Optimization Phase 1 : Time (s): cpu = 00:00:35 ; elapsed = 00:01:15 . Memory (MB): peak = 346.590 ; gain = 139.383
---------------------------------------------------------------------------------
INFO: [Device 21-403] Loading part xc7a100tcsg324-1
INFO: [Project 1-570] Preparing netlist for logic optimization

Processing XDC Constraints
Initializing timing engine
Parsing XDC File [c:/Users/Neil/Documents/Neil/EngSci/year_4_winter/ECE532/mjpeg_decoder/tmp/jpeg/jpeg.srcs/sources_1/ip/dist_mem_gen_0/dist_mem_gen_0_ooc.xdc] for cell 'U0'
Finished Parsing XDC File [c:/Users/Neil/Documents/Neil/EngSci/year_4_winter/ECE532/mjpeg_decoder/tmp/jpeg/jpeg.srcs/sources_1/ip/dist_mem_gen_0/dist_mem_gen_0_ooc.xdc] for cell 'U0'
Parsing XDC File [C:/Users/Neil/Documents/Neil/EngSci/year_4_winter/ECE532/mjpeg_decoder/tmp/jpeg/jpeg.runs/dist_mem_gen_0_synth_1/dont_touch.xdc]
Finished Parsing XDC File [C:/Users/Neil/Documents/Neil/EngSci/year_4_winter/ECE532/mjpeg_decoder/tmp/jpeg/jpeg.runs/dist_mem_gen_0_synth_1/dont_touch.xdc]
Completed Processing XDC Constraints

INFO: [Project 1-111] Unisim Transformation Summary:
No Unisim elements were transformed.

Constraint Validation Runtime : Time (s): cpu = 00:00:00 ; elapsed = 00:00:00.513 . Memory (MB): peak = 608.734 ; gain = 0.000
---------------------------------------------------------------------------------
Finished Constraint Validation : Time (s): cpu = 00:01:12 ; elapsed = 00:02:21 . Memory (MB): peak = 608.734 ; gain = 401.527
---------------------------------------------------------------------------------
---------------------------------------------------------------------------------
Start Loading Part and Timing Information
---------------------------------------------------------------------------------
Loading part: xc7a100tcsg324-1
---------------------------------------------------------------------------------
Finished Loading Part and Timing Information : Time (s): cpu = 00:01:12 ; elapsed = 00:02:21 . Memory (MB): peak = 608.734 ; gain = 401.527
---------------------------------------------------------------------------------
---------------------------------------------------------------------------------
Start Applying 'set_property' XDC Constraints
---------------------------------------------------------------------------------
Applied set_property DONT_TOUCH = true for U0. (constraint file  auto generated constraint, line ).
---------------------------------------------------------------------------------
Finished applying 'set_property' XDC Constraints : Time (s): cpu = 00:01:12 ; elapsed = 00:02:23 . Memory (MB): peak = 608.734 ; gain = 401.527
---------------------------------------------------------------------------------
---------------------------------------------------------------------------------
Finished RTL Optimization Phase 2 : Time (s): cpu = 00:01:13 ; elapsed = 00:02:31 . Memory (MB): peak = 608.734 ; gain = 401.527
---------------------------------------------------------------------------------

Report RTL Partitions: 
+-+--------------+------------+----------+
| |RTL Partition |Replication |Instances |
+-+--------------+------------+----------+
+-+--------------+------------+----------+
---------------------------------------------------------------------------------
Start RTL Component Statistics 
---------------------------------------------------------------------------------
Detailed RTL Component Info : 
+---Registers : 
	                8 Bit    Registers := 2     
---------------------------------------------------------------------------------
Finished RTL Component Statistics 
---------------------------------------------------------------------------------
---------------------------------------------------------------------------------
Start RTL Hierarchical Component Statistics 
---------------------------------------------------------------------------------
Hierarchical RTL Component report 
Module dpram 
Detailed RTL Component Info : 
+---Registers : 
	                8 Bit    Registers := 2     
---------------------------------------------------------------------------------
Finished RTL Hierarchical Component Statistics
---------------------------------------------------------------------------------
---------------------------------------------------------------------------------
Start Part Resource Summary
---------------------------------------------------------------------------------
Part Resources:
DSPs: 240 (col length:80)
BRAMs: 270 (col length: RAMB18 80 RAMB36 40)
---------------------------------------------------------------------------------
Finished Part Resource Summary
---------------------------------------------------------------------------------
Start Parallel Synthesis Optimization  : Time (s): cpu = 00:01:14 ; elapsed = 00:18:08 . Memory (MB): peak = 608.734 ; gain = 401.527
---------------------------------------------------------------------------------
Start Cross Boundary Optimization
---------------------------------------------------------------------------------
WARNING: [Synth 8-3331] design dist_mem_gen_v8_0_10 has unconnected port qspo[7]
WARNING: [Synth 8-3331] design dist_mem_gen_v8_0_10 has unconnected port qspo[6]
WARNING: [Synth 8-3331] design dist_mem_gen_v8_0_10 has unconnected port qspo[5]
WARNING: [Synth 8-3331] design dist_mem_gen_v8_0_10 has unconnected port qspo[4]
WARNING: [Synth 8-3331] design dist_mem_gen_v8_0_10 has unconnected port qspo[3]
WARNING: [Synth 8-3331] design dist_mem_gen_v8_0_10 has unconnected port qspo[2]
WARNING: [Synth 8-3331] design dist_mem_gen_v8_0_10 has unconnected port qspo[1]
WARNING: [Synth 8-3331] design dist_mem_gen_v8_0_10 has unconnected port qspo[0]
WARNING: [Synth 8-3331] design dist_mem_gen_v8_0_10 has unconnected port qdpo[7]
WARNING: [Synth 8-3331] design dist_mem_gen_v8_0_10 has unconnected port qdpo[6]
WARNING: [Synth 8-3331] design dist_mem_gen_v8_0_10 has unconnected port qdpo[5]
WARNING: [Synth 8-3331] design dist_mem_gen_v8_0_10 has unconnected port qdpo[4]
WARNING: [Synth 8-3331] design dist_mem_gen_v8_0_10 has unconnected port qdpo[3]
WARNING: [Synth 8-3331] design dist_mem_gen_v8_0_10 has unconnected port qdpo[2]
WARNING: [Synth 8-3331] design dist_mem_gen_v8_0_10 has unconnected port qdpo[1]
WARNING: [Synth 8-3331] design dist_mem_gen_v8_0_10 has unconnected port qdpo[0]
WARNING: [Synth 8-3331] design dist_mem_gen_v8_0_10 has unconnected port i_ce
WARNING: [Synth 8-3331] design dist_mem_gen_v8_0_10 has unconnected port qspo_ce
WARNING: [Synth 8-3331] design dist_mem_gen_v8_0_10 has unconnected port qdpo_ce
WARNING: [Synth 8-3331] design dist_mem_gen_v8_0_10 has unconnected port qdpo_clk
WARNING: [Synth 8-3331] design dist_mem_gen_v8_0_10 has unconnected port qspo_rst
WARNING: [Synth 8-3331] design dist_mem_gen_v8_0_10 has unconnected port qdpo_rst
WARNING: [Synth 8-3331] design dist_mem_gen_v8_0_10 has unconnected port qspo_srst
WARNING: [Synth 8-3331] design dist_mem_gen_v8_0_10 has unconnected port qdpo_srst
---------------------------------------------------------------------------------
Finished Cross Boundary Optimization : Time (s): cpu = 00:01:14 ; elapsed = 00:18:09 . Memory (MB): peak = 608.734 ; gain = 401.527
---------------------------------------------------------------------------------
Finished Parallel Reinference  : Time (s): cpu = 00:01:14 ; elapsed = 00:18:09 . Memory (MB): peak = 608.734 ; gain = 401.527

Report RTL Partitions: 
+-+--------------+------------+----------+
| |RTL Partition |Replication |Instances |
+-+--------------+------------+----------+
+-+--------------+------------+----------+
---------------------------------------------------------------------------------
Start ROM, RAM, DSP and Shift Register Reporting
---------------------------------------------------------------------------------

Distributed RAM: Preliminary Mapping  Report (see note below)
+---------------------+-----------------------------------------------------------+----------------+----------------------+------------------+
|Module Name          | RTL Object                                                | Inference      | Size (Depth x Width) | Primitives       | 
+---------------------+-----------------------------------------------------------+----------------+----------------------+------------------+
|dist_mem_gen_v8_0_10 | synth_options.dist_mem_inst/gen_dp_ram.dpram_inst/ram_reg | User Attribute | 256 x 8              | RAM128X1D x 16   | 
+---------------------+-----------------------------------------------------------+----------------+----------------------+------------------+

Note: The table above is a preliminary report that shows the Distributed RAMs at the current stage of the synthesis flow. Some Distributed RAMs may be reimplemented as non Distributed RAM primitives later in the synthesis flow. Multiple instantiated RAMs are reported only once.
---------------------------------------------------------------------------------
Finished ROM, RAM, DSP and Shift Register Reporting
---------------------------------------------------------------------------------
---------------------------------------------------------------------------------
Start Area Optimization
---------------------------------------------------------------------------------
---------------------------------------------------------------------------------
Finished Area Optimization : Time (s): cpu = 00:01:14 ; elapsed = 00:18:39 . Memory (MB): peak = 608.734 ; gain = 401.527
---------------------------------------------------------------------------------
Finished Parallel Area Optimization  : Time (s): cpu = 00:01:14 ; elapsed = 00:18:39 . Memory (MB): peak = 608.734 ; gain = 401.527

Report RTL Partitions: 
+-+--------------+------------+----------+
| |RTL Partition |Replication |Instances |
+-+--------------+------------+----------+
+-+--------------+------------+----------+
---------------------------------------------------------------------------------
Start Timing Optimization
---------------------------------------------------------------------------------
---------------------------------------------------------------------------------
Start Applying XDC Timing Constraints
---------------------------------------------------------------------------------
---------------------------------------------------------------------------------
Finished Applying XDC Timing Constraints : Time (s): cpu = 00:02:00 ; elapsed = 00:20:02 . Memory (MB): peak = 608.734 ; gain = 401.527
---------------------------------------------------------------------------------
---------------------------------------------------------------------------------
Finished Timing Optimization : Time (s): cpu = 00:02:00 ; elapsed = 00:20:02 . Memory (MB): peak = 608.734 ; gain = 401.527
---------------------------------------------------------------------------------

Report RTL Partitions: 
+-+--------------+------------+----------+
| |RTL Partition |Replication |Instances |
+-+--------------+------------+----------+
+-+--------------+------------+----------+
---------------------------------------------------------------------------------
Start Technology Mapping
---------------------------------------------------------------------------------
---------------------------------------------------------------------------------
Finished Technology Mapping : Time (s): cpu = 00:02:00 ; elapsed = 00:20:03 . Memory (MB): peak = 616.258 ; gain = 409.051
---------------------------------------------------------------------------------
Finished Parallel Technology Mapping Optimization  : Time (s): cpu = 00:02:00 ; elapsed = 00:20:03 . Memory (MB): peak = 616.258 ; gain = 409.051

Report RTL Partitions: 
+-+--------------+------------+----------+
| |RTL Partition |Replication |Instances |
+-+--------------+------------+----------+
+-+--------------+------------+----------+
Finished Parallel Synthesis Optimization  : Time (s): cpu = 00:02:00 ; elapsed = 00:20:03 . Memory (MB): peak = 616.258 ; gain = 409.051
---------------------------------------------------------------------------------
Start IO Insertion
---------------------------------------------------------------------------------
---------------------------------------------------------------------------------
Start Flattening Before IO Insertion
---------------------------------------------------------------------------------
---------------------------------------------------------------------------------
Finished Flattening Before IO Insertion
---------------------------------------------------------------------------------
---------------------------------------------------------------------------------
Start Final Netlist Cleanup
---------------------------------------------------------------------------------
---------------------------------------------------------------------------------
Finished Final Netlist Cleanup
---------------------------------------------------------------------------------
---------------------------------------------------------------------------------
Finished IO Insertion : Time (s): cpu = 00:02:03 ; elapsed = 00:20:06 . Memory (MB): peak = 616.258 ; gain = 409.051
---------------------------------------------------------------------------------

Report Check Netlist: 
+------+------------------+-------+---------+-------+------------------+
|      |Item              |Errors |Warnings |Status |Description       |
+------+------------------+-------+---------+-------+------------------+
|1     |multi_driven_nets |      0|        0|Passed |Multi driven nets |
+------+------------------+-------+---------+-------+------------------+
---------------------------------------------------------------------------------
Start Renaming Generated Instances
---------------------------------------------------------------------------------
---------------------------------------------------------------------------------
Finished Renaming Generated Instances : Time (s): cpu = 00:02:03 ; elapsed = 00:20:06 . Memory (MB): peak = 616.258 ; gain = 409.051
---------------------------------------------------------------------------------

Report RTL Partitions: 
+-+--------------+------------+----------+
| |RTL Partition |Replication |Instances |
+-+--------------+------------+----------+
+-+--------------+------------+----------+
---------------------------------------------------------------------------------
Start Rebuilding User Hierarchy
---------------------------------------------------------------------------------
---------------------------------------------------------------------------------
Finished Rebuilding User Hierarchy : Time (s): cpu = 00:02:03 ; elapsed = 00:20:06 . Memory (MB): peak = 616.258 ; gain = 409.051
---------------------------------------------------------------------------------
---------------------------------------------------------------------------------
Start Renaming Generated Ports
---------------------------------------------------------------------------------
---------------------------------------------------------------------------------
Finished Renaming Generated Ports : Time (s): cpu = 00:02:03 ; elapsed = 00:20:06 . Memory (MB): peak = 616.258 ; gain = 409.051
---------------------------------------------------------------------------------
---------------------------------------------------------------------------------
Start Handling Custom Attributes
---------------------------------------------------------------------------------
---------------------------------------------------------------------------------
Finished Handling Custom Attributes : Time (s): cpu = 00:02:03 ; elapsed = 00:20:06 . Memory (MB): peak = 616.258 ; gain = 409.051
---------------------------------------------------------------------------------
---------------------------------------------------------------------------------
Start Renaming Generated Nets
---------------------------------------------------------------------------------
---------------------------------------------------------------------------------
Finished Renaming Generated Nets : Time (s): cpu = 00:02:03 ; elapsed = 00:20:06 . Memory (MB): peak = 616.258 ; gain = 409.051
---------------------------------------------------------------------------------
---------------------------------------------------------------------------------
Start Writing Synthesis Report
---------------------------------------------------------------------------------

Report BlackBoxes: 
+-+--------------+----------+
| |BlackBox name |Instances |
+-+--------------+----------+
+-+--------------+----------+

Report Cell Usage: 
+------+----------+------+
|      |Cell      |Count |
+------+----------+------+
|1     |LUT2      |     2|
|2     |LUT3      |    16|
|3     |RAM128X1D |    16|
|4     |FDRE      |    16|
+------+----------+------+

Report Instance Areas: 
+------+----------------------------------+---------------------------+------+
|      |Instance                          |Module                     |Cells |
+------+----------------------------------+---------------------------+------+
|1     |top                               |                           |    50|
|2     |  U0                              |dist_mem_gen_v8_0_10       |    50|
|3     |    \synth_options.dist_mem_inst  |dist_mem_gen_v8_0_10_synth |    50|
|4     |      \gen_dp_ram.dpram_inst      |dpram                      |    50|
+------+----------------------------------+---------------------------+------+
---------------------------------------------------------------------------------
Finished Writing Synthesis Report : Time (s): cpu = 00:02:03 ; elapsed = 00:20:07 . Memory (MB): peak = 616.258 ; gain = 409.051
---------------------------------------------------------------------------------
Synthesis finished with 0 errors, 0 critical warnings and 24 warnings.
Synthesis Optimization Runtime : Time (s): cpu = 00:01:04 ; elapsed = 00:18:27 . Memory (MB): peak = 616.258 ; gain = 119.484
Synthesis Optimization Complete : Time (s): cpu = 00:02:03 ; elapsed = 00:20:08 . Memory (MB): peak = 616.258 ; gain = 409.051
INFO: [Project 1-571] Translating synthesized netlist

*** Running vivado
    with args -log dist_mem_gen_0.vds -m64 -mode batch -messageDb vivado.pb -notrace -source dist_mem_gen_0.tcl


****** Vivado v2016.2 (64-bit)
  **** SW Build 1577090 on Thu Jun  2 16:32:40 MDT 2016
  **** IP Build 1577682 on Fri Jun  3 12:00:54 MDT 2016
    ** Copyright 1986-2016 Xilinx, Inc. All Rights Reserved.

source dist_mem_gen_0.tcl -notrace
create_project: Time (s): cpu = 00:00:01 ; elapsed = 00:00:09 . Memory (MB): peak = 214.090 ; gain = 7.457
Command: synth_design -top dist_mem_gen_0 -part xc7a100tcsg324-1 -mode out_of_context
Starting synth_design
Attempting to get a license for feature 'Synthesis' and/or device 'xc7a100t'
INFO: [Common 17-349] Got license for feature 'Synthesis' and/or device 'xc7a100t'
INFO: Launching helper process for spawning children vivado processes
INFO: Helper process launched with PID 14700 
---------------------------------------------------------------------------------
Starting RTL Elaboration : Time (s): cpu = 00:00:28 ; elapsed = 00:01:17 . Memory (MB): peak = 316.859 ; gain = 110.227
---------------------------------------------------------------------------------
INFO: [Synth 8-638] synthesizing module 'dist_mem_gen_0' [c:/Users/Neil/Documents/Neil/EngSci/year_4_winter/ECE532/mjpeg_decoder/tmp/jpeg/jpeg.srcs/sources_1/ip/dist_mem_gen_0/synth/dist_mem_gen_0.vhd:71]
	Parameter C_FAMILY bound to: artix7 - type: string 
	Parameter C_ADDR_WIDTH bound to: 8 - type: integer 
	Parameter C_DEFAULT_DATA bound to: 0 - type: string 
	Parameter C_DEPTH bound to: 256 - type: integer 
	Parameter C_HAS_CLK bound to: 1 - type: integer 
	Parameter C_HAS_D bound to: 1 - type: integer 
	Parameter C_HAS_DPO bound to: 1 - type: integer 
	Parameter C_HAS_DPRA bound to: 1 - type: integer 
	Parameter C_HAS_I_CE bound to: 0 - type: integer 
	Parameter C_HAS_QDPO bound to: 0 - type: integer 
	Parameter C_HAS_QDPO_CE bound to: 0 - type: integer 
	Parameter C_HAS_QDPO_CLK bound to: 0 - type: integer 
	Parameter C_HAS_QDPO_RST bound to: 0 - type: integer 
	Parameter C_HAS_QDPO_SRST bound to: 0 - type: integer 
	Parameter C_HAS_QSPO bound to: 0 - type: integer 
	Parameter C_HAS_QSPO_CE bound to: 0 - type: integer 
	Parameter C_HAS_QSPO_RST bound to: 0 - type: integer 
	Parameter C_HAS_QSPO_SRST bound to: 0 - type: integer 
	Parameter C_HAS_SPO bound to: 1 - type: integer 
	Parameter C_HAS_WE bound to: 1 - type: integer 
	Parameter C_MEM_INIT_FILE bound to: no_coe_file_loaded - type: string 
	Parameter C_ELABORATION_DIR bound to: ./ - type: string 
	Parameter C_MEM_TYPE bound to: 2 - type: integer 
	Parameter C_PIPELINE_STAGES bound to: 0 - type: integer 
	Parameter C_QCE_JOINED bound to: 0 - type: integer 
	Parameter C_QUALIFY_WE bound to: 0 - type: integer 
	Parameter C_READ_MIF bound to: 0 - type: integer 
	Parameter C_REG_A_D_INPUTS bound to: 0 - type: integer 
	Parameter C_REG_DPRA_INPUT bound to: 0 - type: integer 
	Parameter C_SYNC_ENABLE bound to: 1 - type: integer 
	Parameter C_WIDTH bound to: 8 - type: integer 
	Parameter C_PARSER_TYPE bound to: 1 - type: integer 
INFO: [Synth 8-3491] module 'dist_mem_gen_v8_0_10' declared at 'c:/Users/Neil/Documents/Neil/EngSci/year_4_winter/ECE532/mjpeg_decoder/tmp/jpeg/jpeg.srcs/sources_1/ip/dist_mem_gen_0/dist_mem_gen_v8_0_10/hdl/dist_mem_gen_v8_0.vhd:78' bound to instance 'U0' of component 'dist_mem_gen_v8_0_10' [c:/Users/Neil/Documents/Neil/EngSci/year_4_winter/ECE532/mjpeg_decoder/tmp/jpeg/jpeg.srcs/sources_1/ip/dist_mem_gen_0/synth/dist_mem_gen_0.vhd:137]
	Parameter C_FAMILY bound to: artix7 - type: string 
	Parameter C_ADDR_WIDTH bound to: 8 - type: integer 
	Parameter C_DEFAULT_DATA bound to: 0 - type: string 
	Parameter C_DEPTH bound to: 256 - type: integer 
	Parameter C_HAS_CLK bound to: 1 - type: integer 
	Parameter C_HAS_D bound to: 1 - type: integer 
	Parameter C_HAS_DPO bound to: 1 - type: integer 
	Parameter C_HAS_DPRA bound to: 1 - type: integer 
	Parameter C_HAS_I_CE bound to: 0 - type: integer 
	Parameter C_HAS_QDPO bound to: 0 - type: integer 
	Parameter C_HAS_QDPO_CE bound to: 0 - type: integer 
	Parameter C_HAS_QDPO_CLK bound to: 0 - type: integer 
	Parameter C_HAS_QDPO_RST bound to: 0 - type: integer 
	Parameter C_HAS_QDPO_SRST bound to: 0 - type: integer 
	Parameter C_HAS_QSPO bound to: 0 - type: integer 
	Parameter C_HAS_QSPO_CE bound to: 0 - type: integer 
	Parameter C_HAS_QSPO_RST bound to: 0 - type: integer 
	Parameter C_HAS_QSPO_SRST bound to: 0 - type: integer 
	Parameter C_HAS_SPO bound to: 1 - type: integer 
	Parameter C_HAS_WE bound to: 1 - type: integer 
	Parameter C_MEM_INIT_FILE bound to: no_coe_file_loaded - type: string 
	Parameter C_ELABORATION_DIR bound to: ./ - type: string 
	Parameter C_MEM_TYPE bound to: 2 - type: integer 
	Parameter C_PIPELINE_STAGES bound to: 0 - type: integer 
	Parameter C_QCE_JOINED bound to: 0 - type: integer 
	Parameter C_QUALIFY_WE bound to: 0 - type: integer 
	Parameter C_READ_MIF bound to: 0 - type: integer 
	Parameter C_REG_A_D_INPUTS bound to: 0 - type: integer 
	Parameter C_REG_DPRA_INPUT bound to: 0 - type: integer 
	Parameter C_SYNC_ENABLE bound to: 1 - type: integer 
	Parameter C_WIDTH bound to: 8 - type: integer 
	Parameter C_PARSER_TYPE bound to: 1 - type: integer 
	Parameter C_FAMILY bound to: artix7 - type: string 
	Parameter C_ADDR_WIDTH bound to: 8 - type: integer 
	Parameter C_DEFAULT_DATA bound to: 0 - type: string 
	Parameter C_DEPTH bound to: 256 - type: integer 
	Parameter C_HAS_CLK bound to: 1 - type: integer 
	Parameter C_HAS_D bound to: 1 - type: integer 
	Parameter C_HAS_DPO bound to: 1 - type: integer 
	Parameter C_HAS_DPRA bound to: 1 - type: integer 
	Parameter C_HAS_I_CE bound to: 0 - type: integer 
	Parameter C_HAS_QDPO bound to: 0 - type: integer 
	Parameter C_HAS_QDPO_CE bound to: 0 - type: integer 
	Parameter C_HAS_QDPO_CLK bound to: 0 - type: integer 
	Parameter C_HAS_QDPO_RST bound to: 0 - type: integer 
	Parameter C_HAS_QDPO_SRST bound to: 0 - type: integer 
	Parameter C_HAS_QSPO bound to: 0 - type: integer 
	Parameter C_HAS_QSPO_CE bound to: 0 - type: integer 
	Parameter C_HAS_QSPO_RST bound to: 0 - type: integer 
	Parameter C_HAS_QSPO_SRST bound to: 0 - type: integer 
	Parameter C_HAS_SPO bound to: 1 - type: integer 
	Parameter C_HAS_WE bound to: 1 - type: integer 
	Parameter C_MEM_INIT_FILE bound to: no_coe_file_loaded - type: string 
	Parameter C_ELABORATION_DIR bound to: ./ - type: string 
	Parameter C_MEM_TYPE bound to: 2 - type: integer 
	Parameter C_PIPELINE_STAGES bound to: 0 - type: integer 
	Parameter C_QCE_JOINED bound to: 0 - type: integer 
	Parameter C_QUALIFY_WE bound to: 0 - type: integer 
	Parameter C_READ_MIF bound to: 0 - type: integer 
	Parameter C_REG_A_D_INPUTS bound to: 0 - type: integer 
	Parameter C_REG_DPRA_INPUT bound to: 0 - type: integer 
	Parameter C_SYNC_ENABLE bound to: 1 - type: integer 
	Parameter C_WIDTH bound to: 8 - type: integer 
	Parameter C_PARSER_TYPE bound to: 0 - type: integer 
	Parameter c_addr_width bound to: 8 - type: integer 
	Parameter c_depth bound to: 256 - type: integer 
	Parameter c_width bound to: 8 - type: integer 
	Parameter c_default_data bound to: 0 - type: string 
	Parameter c_mem_init_file bound to: no_coe_file_loaded - type: string 
	Parameter c_elaboration_dir bound to: ./ - type: string 
	Parameter c_read_mif bound to: 0 - type: integer 
	Parameter c_has_i_ce bound to: 0 - type: integer 
	Parameter c_qualify_we bound to: 0 - type: integer 
	Parameter c_reg_a_d_inputs bound to: 0 - type: integer 
	Parameter c_pipeline_stages bound to: 0 - type: integer 
	Parameter c_has_qspo_ce bound to: 0 - type: integer 
	Parameter c_has_qspo_rst bound to: 0 - type: integer 
	Parameter c_has_qspo_srst bound to: 0 - type: integer 
	Parameter c_has_spo bound to: 1 - type: integer 
	Parameter c_has_qspo bound to: 0 - type: integer 
	Parameter c_has_qdpo_clk bound to: 0 - type: integer 
	Parameter c_has_qdpo_ce bound to: 0 - type: integer 
	Parameter c_has_qdpo_rst bound to: 0 - type: integer 
	Parameter c_has_qdpo_srst bound to: 0 - type: integer 
	Parameter c_has_dpra bound to: 1 - type: integer 
	Parameter c_reg_dpra_input bound to: 0 - type: integer 
	Parameter c_has_dpo bound to: 1 - type: integer 
	Parameter c_has_qdpo bound to: 0 - type: integer 
	Parameter c_qce_joined bound to: 0 - type: integer 
	Parameter c_sync_enable bound to: 1 - type: integer 
	Parameter c_parser_type bound to: 0 - type: integer 
	Parameter c_addr_width bound to: 8 - type: integer 
	Parameter c_depth bound to: 256 - type: integer 
	Parameter c_width bound to: 8 - type: integer 
	Parameter c_default_data bound to: 0 - type: string 
	Parameter c_mem_init_file bound to: no_coe_file_loaded - type: string 
	Parameter c_elaboration_dir bound to: ./ - type: string 
	Parameter c_read_mif bound to: 0 - type: integer 
	Parameter c_has_i_ce bound to: 0 - type: integer 
	Parameter c_qualify_we bound to: 0 - type: integer 
	Parameter c_reg_a_d_inputs bound to: 0 - type: integer 
	Parameter c_pipeline_stages bound to: 0 - type: integer 
	Parameter c_has_qspo_ce bound to: 0 - type: integer 
	Parameter c_has_qspo_rst bound to: 0 - type: integer 
	Parameter c_has_qspo_srst bound to: 0 - type: integer 
	Parameter c_has_spo bound to: 1 - type: integer 
	Parameter c_has_qspo bound to: 0 - type: integer 
	Parameter c_has_qdpo_clk bound to: 0 - type: integer 
	Parameter c_has_qdpo_ce bound to: 0 - type: integer 
	Parameter c_has_qdpo_rst bound to: 0 - type: integer 
	Parameter c_has_qdpo_srst bound to: 0 - type: integer 
	Parameter c_has_dpra bound to: 1 - type: integer 
	Parameter c_reg_dpra_input bound to: 0 - type: integer 
	Parameter c_has_dpo bound to: 1 - type: integer 
	Parameter c_has_qdpo bound to: 0 - type: integer 
	Parameter c_qce_joined bound to: 0 - type: integer 
	Parameter c_sync_enable bound to: 1 - type: integer 
	Parameter c_parser_type bound to: 0 - type: integer 
INFO: [Synth 8-256] done synthesizing module 'dist_mem_gen_0' (4#1) [c:/Users/Neil/Documents/Neil/EngSci/year_4_winter/ECE532/mjpeg_decoder/tmp/jpeg/jpeg.srcs/sources_1/ip/dist_mem_gen_0/synth/dist_mem_gen_0.vhd:71]
WARNING: [Synth 8-3331] design dpram has unconnected port qspo[7]
WARNING: [Synth 8-3331] design dpram has unconnected port qspo[6]
WARNING: [Synth 8-3331] design dpram has unconnected port qspo[5]
WARNING: [Synth 8-3331] design dpram has unconnected port qspo[4]
WARNING: [Synth 8-3331] design dpram has unconnected port qspo[3]
WARNING: [Synth 8-3331] design dpram has unconnected port qspo[2]
WARNING: [Synth 8-3331] design dpram has unconnected port qspo[1]
WARNING: [Synth 8-3331] design dpram has unconnected port qspo[0]
WARNING: [Synth 8-3331] design dpram has unconnected port qdpo[7]
WARNING: [Synth 8-3331] design dpram has unconnected port qdpo[6]
WARNING: [Synth 8-3331] design dpram has unconnected port qdpo[5]
WARNING: [Synth 8-3331] design dpram has unconnected port qdpo[4]
WARNING: [Synth 8-3331] design dpram has unconnected port qdpo[3]
WARNING: [Synth 8-3331] design dpram has unconnected port qdpo[2]
WARNING: [Synth 8-3331] design dpram has unconnected port qdpo[1]
WARNING: [Synth 8-3331] design dpram has unconnected port qdpo[0]
WARNING: [Synth 8-3331] design dpram has unconnected port i_ce
WARNING: [Synth 8-3331] design dpram has unconnected port qspo_ce
WARNING: [Synth 8-3331] design dpram has unconnected port qspo_rst
WARNING: [Synth 8-3331] design dpram has unconnected port qspo_srst
WARNING: [Synth 8-3331] design dpram has unconnected port qdpo_clk
WARNING: [Synth 8-3331] design dpram has unconnected port qdpo_ce
WARNING: [Synth 8-3331] design dpram has unconnected port qdpo_rst
WARNING: [Synth 8-3331] design dpram has unconnected port qdpo_srst
WARNING: [Synth 8-3331] design dist_mem_gen_v8_0_10 has unconnected port i_ce
WARNING: [Synth 8-3331] design dist_mem_gen_v8_0_10 has unconnected port qspo_ce
WARNING: [Synth 8-3331] design dist_mem_gen_v8_0_10 has unconnected port qdpo_ce
WARNING: [Synth 8-3331] design dist_mem_gen_v8_0_10 has unconnected port qdpo_clk
WARNING: [Synth 8-3331] design dist_mem_gen_v8_0_10 has unconnected port qspo_rst
WARNING: [Synth 8-3331] design dist_mem_gen_v8_0_10 has unconnected port qdpo_rst
WARNING: [Synth 8-3331] design dist_mem_gen_v8_0_10 has unconnected port qspo_srst
WARNING: [Synth 8-3331] design dist_mem_gen_v8_0_10 has unconnected port qdpo_srst
---------------------------------------------------------------------------------
Finished RTL Elaboration : Time (s): cpu = 00:00:32 ; elapsed = 00:01:22 . Memory (MB): peak = 346.363 ; gain = 139.730
---------------------------------------------------------------------------------

Report Check Netlist: 
+------+------------------+-------+---------+-------+------------------+
|      |Item              |Errors |Warnings |Status |Description       |
+------+------------------+-------+---------+-------+------------------+
|1     |multi_driven_nets |      0|        0|Passed |Multi driven nets |
+------+------------------+-------+---------+-------+------------------+
---------------------------------------------------------------------------------
Finished RTL Optimization Phase 1 : Time (s): cpu = 00:00:33 ; elapsed = 00:01:22 . Memory (MB): peak = 346.363 ; gain = 139.730
---------------------------------------------------------------------------------
INFO: [Device 21-403] Loading part xc7a100tcsg324-1
INFO: [Project 1-570] Preparing netlist for logic optimization

Processing XDC Constraints
Initializing timing engine
Parsing XDC File [c:/Users/Neil/Documents/Neil/EngSci/year_4_winter/ECE532/mjpeg_decoder/tmp/jpeg/jpeg.srcs/sources_1/ip/dist_mem_gen_0/dist_mem_gen_0_ooc.xdc] for cell 'U0'
Finished Parsing XDC File [c:/Users/Neil/Documents/Neil/EngSci/year_4_winter/ECE532/mjpeg_decoder/tmp/jpeg/jpeg.srcs/sources_1/ip/dist_mem_gen_0/dist_mem_gen_0_ooc.xdc] for cell 'U0'
Parsing XDC File [C:/Users/Neil/Documents/Neil/EngSci/year_4_winter/ECE532/mjpeg_decoder/tmp/jpeg/jpeg.runs/dist_mem_gen_0_synth_1/dont_touch.xdc]
Finished Parsing XDC File [C:/Users/Neil/Documents/Neil/EngSci/year_4_winter/ECE532/mjpeg_decoder/tmp/jpeg/jpeg.runs/dist_mem_gen_0_synth_1/dont_touch.xdc]
Completed Processing XDC Constraints

INFO: [Project 1-111] Unisim Transformation Summary:
No Unisim elements were transformed.

Constraint Validation Runtime : Time (s): cpu = 00:00:00 ; elapsed = 00:00:00.343 . Memory (MB): peak = 608.723 ; gain = 0.000
---------------------------------------------------------------------------------
Finished Constraint Validation : Time (s): cpu = 00:01:08 ; elapsed = 00:02:21 . Memory (MB): peak = 608.723 ; gain = 402.090
---------------------------------------------------------------------------------
---------------------------------------------------------------------------------
Start Loading Part and Timing Information
---------------------------------------------------------------------------------
Loading part: xc7a100tcsg324-1
---------------------------------------------------------------------------------
Finished Loading Part and Timing Information : Time (s): cpu = 00:01:08 ; elapsed = 00:02:21 . Memory (MB): peak = 608.723 ; gain = 402.090
---------------------------------------------------------------------------------
---------------------------------------------------------------------------------
Start Applying 'set_property' XDC Constraints
---------------------------------------------------------------------------------
Applied set_property DONT_TOUCH = true for U0. (constraint file  auto generated constraint, line ).
---------------------------------------------------------------------------------
Finished applying 'set_property' XDC Constraints : Time (s): cpu = 00:01:08 ; elapsed = 00:02:22 . Memory (MB): peak = 608.723 ; gain = 402.090
---------------------------------------------------------------------------------
---------------------------------------------------------------------------------
Finished RTL Optimization Phase 2 : Time (s): cpu = 00:01:08 ; elapsed = 00:02:22 . Memory (MB): peak = 608.723 ; gain = 402.090
---------------------------------------------------------------------------------

Report RTL Partitions: 
+-+--------------+------------+----------+
| |RTL Partition |Replication |Instances |
+-+--------------+------------+----------+
+-+--------------+------------+----------+
---------------------------------------------------------------------------------
Start RTL Component Statistics 
---------------------------------------------------------------------------------
Detailed RTL Component Info : 
+---Registers : 
	                8 Bit    Registers := 2     
---------------------------------------------------------------------------------
Finished RTL Component Statistics 
---------------------------------------------------------------------------------
---------------------------------------------------------------------------------
Start RTL Hierarchical Component Statistics 
---------------------------------------------------------------------------------
Hierarchical RTL Component report 
Module dpram 
Detailed RTL Component Info : 
+---Registers : 
	                8 Bit    Registers := 2     
---------------------------------------------------------------------------------
Finished RTL Hierarchical Component Statistics
---------------------------------------------------------------------------------
---------------------------------------------------------------------------------
Start Part Resource Summary
---------------------------------------------------------------------------------
Part Resources:
DSPs: 240 (col length:80)
BRAMs: 270 (col length: RAMB18 80 RAMB36 40)
---------------------------------------------------------------------------------
Finished Part Resource Summary
---------------------------------------------------------------------------------
Start Parallel Synthesis Optimization  : Time (s): cpu = 00:01:09 ; elapsed = 00:02:23 . Memory (MB): peak = 608.723 ; gain = 402.090
---------------------------------------------------------------------------------
Start Cross Boundary Optimization
---------------------------------------------------------------------------------
WARNING: [Synth 8-3331] design dist_mem_gen_v8_0_10 has unconnected port qspo[7]
WARNING: [Synth 8-3331] design dist_mem_gen_v8_0_10 has unconnected port qspo[6]
WARNING: [Synth 8-3331] design dist_mem_gen_v8_0_10 has unconnected port qspo[5]
WARNING: [Synth 8-3331] design dist_mem_gen_v8_0_10 has unconnected port qspo[4]
WARNING: [Synth 8-3331] design dist_mem_gen_v8_0_10 has unconnected port qspo[3]
WARNING: [Synth 8-3331] design dist_mem_gen_v8_0_10 has unconnected port qspo[2]
WARNING: [Synth 8-3331] design dist_mem_gen_v8_0_10 has unconnected port qspo[1]
WARNING: [Synth 8-3331] design dist_mem_gen_v8_0_10 has unconnected port qspo[0]
WARNING: [Synth 8-3331] design dist_mem_gen_v8_0_10 has unconnected port qdpo[7]
WARNING: [Synth 8-3331] design dist_mem_gen_v8_0_10 has unconnected port qdpo[6]
WARNING: [Synth 8-3331] design dist_mem_gen_v8_0_10 has unconnected port qdpo[5]
WARNING: [Synth 8-3331] design dist_mem_gen_v8_0_10 has unconnected port qdpo[4]
WARNING: [Synth 8-3331] design dist_mem_gen_v8_0_10 has unconnected port qdpo[3]
WARNING: [Synth 8-3331] design dist_mem_gen_v8_0_10 has unconnected port qdpo[2]
WARNING: [Synth 8-3331] design dist_mem_gen_v8_0_10 has unconnected port qdpo[1]
WARNING: [Synth 8-3331] design dist_mem_gen_v8_0_10 has unconnected port qdpo[0]
WARNING: [Synth 8-3331] design dist_mem_gen_v8_0_10 has unconnected port i_ce
WARNING: [Synth 8-3331] design dist_mem_gen_v8_0_10 has unconnected port qspo_ce
WARNING: [Synth 8-3331] design dist_mem_gen_v8_0_10 has unconnected port qdpo_ce
WARNING: [Synth 8-3331] design dist_mem_gen_v8_0_10 has unconnected port qdpo_clk
WARNING: [Synth 8-3331] design dist_mem_gen_v8_0_10 has unconnected port qspo_rst
WARNING: [Synth 8-3331] design dist_mem_gen_v8_0_10 has unconnected port qdpo_rst
WARNING: [Synth 8-3331] design dist_mem_gen_v8_0_10 has unconnected port qspo_srst
WARNING: [Synth 8-3331] design dist_mem_gen_v8_0_10 has unconnected port qdpo_srst
---------------------------------------------------------------------------------
Finished Cross Boundary Optimization : Time (s): cpu = 00:01:09 ; elapsed = 00:02:23 . Memory (MB): peak = 608.723 ; gain = 402.090
---------------------------------------------------------------------------------
Finished Parallel Reinference  : Time (s): cpu = 00:01:09 ; elapsed = 00:02:23 . Memory (MB): peak = 608.723 ; gain = 402.090

Report RTL Partitions: 
+-+--------------+------------+----------+
| |RTL Partition |Replication |Instances |
+-+--------------+------------+----------+
+-+--------------+------------+----------+
---------------------------------------------------------------------------------
Start ROM, RAM, DSP and Shift Register Reporting
---------------------------------------------------------------------------------

Distributed RAM: Preliminary Mapping  Report (see note below)
+---------------------+-----------------------------------------------------------+----------------+----------------------+------------------+
|Module Name          | RTL Object                                                | Inference      | Size (Depth x Width) | Primitives       | 
+---------------------+-----------------------------------------------------------+----------------+----------------------+------------------+
|dist_mem_gen_v8_0_10 | synth_options.dist_mem_inst/gen_dp_ram.dpram_inst/ram_reg | User Attribute | 256 x 8              | RAM128X1D x 16   | 
+---------------------+-----------------------------------------------------------+----------------+----------------------+------------------+

Note: The table above is a preliminary report that shows the Distributed RAMs at the current stage of the synthesis flow. Some Distributed RAMs may be reimplemented as non Distributed RAM primitives later in the synthesis flow. Multiple instantiated RAMs are reported only once.
---------------------------------------------------------------------------------
Finished ROM, RAM, DSP and Shift Register Reporting
---------------------------------------------------------------------------------
---------------------------------------------------------------------------------
Start Area Optimization
---------------------------------------------------------------------------------
---------------------------------------------------------------------------------
Finished Area Optimization : Time (s): cpu = 00:01:10 ; elapsed = 00:02:24 . Memory (MB): peak = 608.723 ; gain = 402.090
---------------------------------------------------------------------------------
Finished Parallel Area Optimization  : Time (s): cpu = 00:01:10 ; elapsed = 00:02:24 . Memory (MB): peak = 608.723 ; gain = 402.090

Report RTL Partitions: 
+-+--------------+------------+----------+
| |RTL Partition |Replication |Instances |
+-+--------------+------------+----------+
+-+--------------+------------+----------+
---------------------------------------------------------------------------------
Start Timing Optimization
---------------------------------------------------------------------------------
---------------------------------------------------------------------------------
Start Applying XDC Timing Constraints
---------------------------------------------------------------------------------
---------------------------------------------------------------------------------
Finished Applying XDC Timing Constraints : Time (s): cpu = 00:01:51 ; elapsed = 00:03:07 . Memory (MB): peak = 608.723 ; gain = 402.090
---------------------------------------------------------------------------------
---------------------------------------------------------------------------------
Finished Timing Optimization : Time (s): cpu = 00:01:51 ; elapsed = 00:03:07 . Memory (MB): peak = 608.723 ; gain = 402.090
---------------------------------------------------------------------------------

Report RTL Partitions: 
+-+--------------+------------+----------+
| |RTL Partition |Replication |Instances |
+-+--------------+------------+----------+
+-+--------------+------------+----------+
---------------------------------------------------------------------------------
Start Technology Mapping
---------------------------------------------------------------------------------
---------------------------------------------------------------------------------
Finished Technology Mapping : Time (s): cpu = 00:01:51 ; elapsed = 00:03:07 . Memory (MB): peak = 615.801 ; gain = 409.168
---------------------------------------------------------------------------------
Finished Parallel Technology Mapping Optimization  : Time (s): cpu = 00:01:51 ; elapsed = 00:03:07 . Memory (MB): peak = 615.801 ; gain = 409.168

Report RTL Partitions: 
+-+--------------+------------+----------+
| |RTL Partition |Replication |Instances |
+-+--------------+------------+----------+
+-+--------------+------------+----------+
Finished Parallel Synthesis Optimization  : Time (s): cpu = 00:01:51 ; elapsed = 00:03:07 . Memory (MB): peak = 615.801 ; gain = 409.168
---------------------------------------------------------------------------------
Start IO Insertion
---------------------------------------------------------------------------------
---------------------------------------------------------------------------------
Start Flattening Before IO Insertion
---------------------------------------------------------------------------------
---------------------------------------------------------------------------------
Finished Flattening Before IO Insertion
---------------------------------------------------------------------------------
---------------------------------------------------------------------------------
Start Final Netlist Cleanup
---------------------------------------------------------------------------------
---------------------------------------------------------------------------------
Finished Final Netlist Cleanup
---------------------------------------------------------------------------------
---------------------------------------------------------------------------------
Finished IO Insertion : Time (s): cpu = 00:01:53 ; elapsed = 00:03:09 . Memory (MB): peak = 615.801 ; gain = 409.168
---------------------------------------------------------------------------------

Report Check Netlist: 
+------+------------------+-------+---------+-------+------------------+
|      |Item              |Errors |Warnings |Status |Description       |
+------+------------------+-------+---------+-------+------------------+
|1     |multi_driven_nets |      0|        0|Passed |Multi driven nets |
+------+------------------+-------+---------+-------+------------------+
---------------------------------------------------------------------------------
Start Renaming Generated Instances
---------------------------------------------------------------------------------
---------------------------------------------------------------------------------
Finished Renaming Generated Instances : Time (s): cpu = 00:01:53 ; elapsed = 00:03:09 . Memory (MB): peak = 615.801 ; gain = 409.168
---------------------------------------------------------------------------------

Report RTL Partitions: 
+-+--------------+------------+----------+
| |RTL Partition |Replication |Instances |
+-+--------------+------------+----------+
+-+--------------+------------+----------+
---------------------------------------------------------------------------------
Start Rebuilding User Hierarchy
---------------------------------------------------------------------------------
---------------------------------------------------------------------------------
Finished Rebuilding User Hierarchy : Time (s): cpu = 00:01:53 ; elapsed = 00:03:09 . Memory (MB): peak = 615.801 ; gain = 409.168
---------------------------------------------------------------------------------
---------------------------------------------------------------------------------
Start Renaming Generated Ports
---------------------------------------------------------------------------------
---------------------------------------------------------------------------------
Finished Renaming Generated Ports : Time (s): cpu = 00:01:53 ; elapsed = 00:03:09 . Memory (MB): peak = 615.801 ; gain = 409.168
---------------------------------------------------------------------------------
---------------------------------------------------------------------------------
Start Handling Custom Attributes
---------------------------------------------------------------------------------
---------------------------------------------------------------------------------
Finished Handling Custom Attributes : Time (s): cpu = 00:01:54 ; elapsed = 00:03:09 . Memory (MB): peak = 615.801 ; gain = 409.168
---------------------------------------------------------------------------------
---------------------------------------------------------------------------------
Start Renaming Generated Nets
---------------------------------------------------------------------------------
---------------------------------------------------------------------------------
Finished Renaming Generated Nets : Time (s): cpu = 00:01:54 ; elapsed = 00:03:09 . Memory (MB): peak = 615.801 ; gain = 409.168
---------------------------------------------------------------------------------
---------------------------------------------------------------------------------
Start Writing Synthesis Report
---------------------------------------------------------------------------------

Report BlackBoxes: 
+-+--------------+----------+
| |BlackBox name |Instances |
+-+--------------+----------+
+-+--------------+----------+

Report Cell Usage: 
+------+----------+------+
|      |Cell      |Count |
+------+----------+------+
|1     |LUT2      |     2|
|2     |LUT3      |    16|
|3     |RAM128X1D |    16|
|4     |FDRE      |    16|
+------+----------+------+

Report Instance Areas: 
+------+----------------------------------+---------------------------+------+
|      |Instance                          |Module                     |Cells |
+------+----------------------------------+---------------------------+------+
|1     |top                               |                           |    50|
|2     |  U0                              |dist_mem_gen_v8_0_10       |    50|
|3     |    \synth_options.dist_mem_inst  |dist_mem_gen_v8_0_10_synth |    50|
|4     |      \gen_dp_ram.dpram_inst      |dpram                      |    50|
+------+----------------------------------+---------------------------+------+
---------------------------------------------------------------------------------
Finished Writing Synthesis Report : Time (s): cpu = 00:01:54 ; elapsed = 00:03:09 . Memory (MB): peak = 615.801 ; gain = 409.168
---------------------------------------------------------------------------------
Synthesis finished with 0 errors, 0 critical warnings and 24 warnings.
Synthesis Optimization Runtime : Time (s): cpu = 00:00:59 ; elapsed = 00:01:24 . Memory (MB): peak = 615.801 ; gain = 118.770
Synthesis Optimization Complete : Time (s): cpu = 00:01:54 ; elapsed = 00:03:10 . Memory (MB): peak = 615.801 ; gain = 409.168
INFO: [Project 1-571] Translating synthesized netlist
INFO: [Netlist 29-17] Analyzing 16 Unisim elements for replacement
INFO: [Netlist 29-28] Unisim Transformation completed in 1 CPU seconds
INFO: [Project 1-570] Preparing netlist for logic optimization
Parsing XDC File [c:/Users/Neil/Documents/Neil/EngSci/year_4_winter/ECE532/mjpeg_decoder/tmp/jpeg/jpeg.srcs/sources_1/ip/dist_mem_gen_0/dist_mem_gen_0_ooc.xdc] for cell 'U0'
Finished Parsing XDC File [c:/Users/Neil/Documents/Neil/EngSci/year_4_winter/ECE532/mjpeg_decoder/tmp/jpeg/jpeg.srcs/sources_1/ip/dist_mem_gen_0/dist_mem_gen_0_ooc.xdc] for cell 'U0'
INFO: [Opt 31-138] Pushed 0 inverter(s) to 0 load pin(s).
INFO: [Project 1-111] Unisim Transformation Summary:
  A total of 16 instances were transformed.
  RAM128X1D => RAM128X1D (RAMD64E, RAMD64E, MUXF7, MUXF7, RAMD64E, RAMD64E): 16 instances

INFO: [Common 17-83] Releasing license: Synthesis
14 Infos, 56 Warnings, 0 Critical Warnings and 0 Errors encountered.
synth_design completed successfully
synth_design: Time (s): cpu = 00:01:46 ; elapsed = 00:02:19 . Memory (MB): peak = 625.488 ; gain = 390.816
INFO: [Coretcl 2-1174] Renamed 3 cell refs.
report_utilization: Time (s): cpu = 00:00:00 ; elapsed = 00:00:00.321 . Memory (MB): peak = 625.488 ; gain = 0.000
INFO: [Common 17-206] Exiting Vivado at Fri Feb 10 22:08:58 2017...
