#-----------------------------------------------------------
# Vivado v2016.4 (64-bit)
# SW Build 1733598 on Wed Dec 14 22:35:39 MST 2016
# IP Build 1731160 on Wed Dec 14 23:47:21 MST 2016
# Start of session at: Wed Mar 15 16:42:34 2017
# Process ID: 5852
# Current directory: C:/Users/yy/Desktop/ece532_debug/img_proc_full
# Command line: vivado.exe -gui_launcher_event rodinguilauncherevent6140 C:\Users\yy\Desktop\ece532_debug\img_proc_full\jpeg.xpr
# Log file: C:/Users/yy/Desktop/ece532_debug/img_proc_full/vivado.log
# Journal file: C:/Users/yy/Desktop/ece532_debug/img_proc_full\vivado.jou
#-----------------------------------------------------------
start_gui
open_project C:/Users/yy/Desktop/ece532_debug/img_proc_full/jpeg.xpr
INFO: [Project 1-313] Project file moved from '/nfs/ug/homes-3/v/veiranei/ece532/img_proc_full' since last save.
Scanning sources...
Finished scanning sources
INFO: [Project 1-230] Project 'jpeg.xpr' upgraded for this version of Vivado.
INFO: [IP_Flow 19-234] Refreshing IP repositories
INFO: [IP_Flow 19-1704] No user IP repositories specified
INFO: [IP_Flow 19-2313] Loaded Vivado IP repository 'C:/Xilinx/Vivado/2016.4/data/ip'.
WARNING: [IP_Flow 19-2162] IP 'fifo_generator_0' is locked:
* IP definition 'FIFO Generator (13.1)' for IP 'fifo_generator_0' (customized with software release 2016.2) has a different revision in the IP Catalog.
Please select 'Report IP Status' from the 'Tools/Report' menu or run Tcl command 'report_ip_status' for more information.
WARNING: [IP_Flow 19-2162] IP 'blk_mem_gen_3' is locked:
* IP definition 'Block Memory Generator (8.3)' for IP 'blk_mem_gen_3' (customized with software release 2016.2) has a different revision in the IP Catalog.
Please select 'Report IP Status' from the 'Tools/Report' menu or run Tcl command 'report_ip_status' for more information.
WARNING: [IP_Flow 19-2162] IP 'blk_mem_gen_2' is locked:
* IP definition 'Block Memory Generator (8.3)' for IP 'blk_mem_gen_2' (customized with software release 2016.2) has a different revision in the IP Catalog.
Please select 'Report IP Status' from the 'Tools/Report' menu or run Tcl command 'report_ip_status' for more information.
WARNING: [IP_Flow 19-2162] IP 'blk_mem_gen_1' is locked:
* IP definition 'Block Memory Generator (8.3)' for IP 'blk_mem_gen_1' (customized with software release 2016.2) has a different revision in the IP Catalog.
Please select 'Report IP Status' from the 'Tools/Report' menu or run Tcl command 'report_ip_status' for more information.
WARNING: [IP_Flow 19-2162] IP 'blk_mem_gen_0' is locked:
* IP definition 'Block Memory Generator (8.3)' for IP 'blk_mem_gen_0' (customized with software release 2016.2) has a different revision in the IP Catalog.
Please select 'Report IP Status' from the 'Tools/Report' menu or run Tcl command 'report_ip_status' for more information.
WARNING: [IP_Flow 19-2162] IP 'clk_wiz_0' is locked:
* IP definition 'Clocking Wizard (5.3)' for IP 'clk_wiz_0' (customized with software release 2016.2) has a different revision in the IP Catalog.
Please select 'Report IP Status' from the 'Tools/Report' menu or run Tcl command 'report_ip_status' for more information.
WARNING: [IP_Flow 19-2162] IP 'blk_mem_gen_4' is locked:
* IP definition 'Block Memory Generator (8.3)' for IP 'blk_mem_gen_4' (customized with software release 2016.2) has a different revision in the IP Catalog.
Please select 'Report IP Status' from the 'Tools/Report' menu or run Tcl command 'report_ip_status' for more information.
open_project: Time (s): cpu = 00:00:23 ; elapsed = 00:00:14 . Memory (MB): peak = 829.395 ; gain = 151.176
report_ip_status -name ip_status 
upgrade_ip [get_ips  {blk_mem_gen_0 blk_mem_gen_1 blk_mem_gen_2 blk_mem_gen_3 blk_mem_gen_4 clk_wiz_0 fifo_generator_0}] -log ip_upgrade.log
Upgrading 'blk_mem_gen_0'
INFO: [Device 21-403] Loading part xc7a100tcsg324-1
INFO: [IP_Flow 19-3422] Upgraded blk_mem_gen_0 (Block Memory Generator 8.3) from revision 3 to revision 5
INFO: [IP_Flow 19-1686] Generating 'Instantiation Template' target for IP 'blk_mem_gen_0'...
Upgrading 'blk_mem_gen_1'
INFO: [IP_Flow 19-3422] Upgraded blk_mem_gen_1 (Block Memory Generator 8.3) from revision 3 to revision 5
INFO: [IP_Flow 19-1686] Generating 'Instantiation Template' target for IP 'blk_mem_gen_1'...
Upgrading 'blk_mem_gen_2'
INFO: [IP_Flow 19-3422] Upgraded blk_mem_gen_2 (Block Memory Generator 8.3) from revision 3 to revision 5
INFO: [IP_Flow 19-1686] Generating 'Instantiation Template' target for IP 'blk_mem_gen_2'...
Upgrading 'blk_mem_gen_3'
INFO: [IP_Flow 19-3422] Upgraded blk_mem_gen_3 (Block Memory Generator 8.3) from revision 3 to revision 5
INFO: [IP_Flow 19-1686] Generating 'Instantiation Template' target for IP 'blk_mem_gen_3'...
Upgrading 'blk_mem_gen_4'
INFO: [IP_Flow 19-3422] Upgraded blk_mem_gen_4 (Block Memory Generator 8.3) from revision 3 to revision 5
INFO: [IP_Flow 19-1686] Generating 'Instantiation Template' target for IP 'blk_mem_gen_4'...
Upgrading 'clk_wiz_0'
INFO: [IP_Flow 19-3422] Upgraded clk_wiz_0 (Clocking Wizard 5.3) from revision 1 to revision 3
INFO: [IP_Flow 19-1686] Generating 'Instantiation Template' target for IP 'clk_wiz_0'...
Upgrading 'fifo_generator_0'
INFO: [IP_Flow 19-3422] Upgraded fifo_generator_0 (FIFO Generator 13.1) from revision 1 to revision 3
INFO: [IP_Flow 19-1686] Generating 'Instantiation Template' target for IP 'fifo_generator_0'...
INFO: [Coretcl 2-1525] Wrote upgrade log to 'C:/Users/yy/Desktop/ece532_debug/img_proc_full/ip_upgrade.log'.
upgrade_ip: Time (s): cpu = 00:00:40 ; elapsed = 00:00:42 . Memory (MB): peak = 1017.117 ; gain = 168.625
export_ip_user_files -of_objects [get_ips {blk_mem_gen_0 blk_mem_gen_1 blk_mem_gen_2 blk_mem_gen_3 blk_mem_gen_4 clk_wiz_0 fifo_generator_0}] -no_script -sync -force -quiet
report_ip_status -name ip_status 
reset_run synth_1
launch_runs impl_1 -jobs 4
INFO: [IP_Flow 19-1686] Generating 'Synthesis' target for IP 'fifo_generator_0'...
INFO: [IP_Flow 19-1686] Generating 'Synthesis' target for IP 'blk_mem_gen_3'...
INFO: [IP_Flow 19-1686] Generating 'Synthesis' target for IP 'blk_mem_gen_2'...
INFO: [IP_Flow 19-1686] Generating 'Synthesis' target for IP 'blk_mem_gen_1'...
INFO: [IP_Flow 19-1686] Generating 'Synthesis' target for IP 'blk_mem_gen_0'...
INFO: [IP_Flow 19-1686] Generating 'Synthesis' target for IP 'clk_wiz_0'...
INFO: [IP_Flow 19-1686] Generating 'Implementation' target for IP 'clk_wiz_0'...
INFO: [IP_Flow 19-1706] Not generating 'Implementation' target for IP 'clk_wiz_0'. Target already exists and is up to date.
INFO: [IP_Flow 19-1686] Generating 'Synthesis' target for IP 'blk_mem_gen_4'...
[Wed Mar 15 16:46:57 2017] Launched synth_1...
Run output will be captured here: C:/Users/yy/Desktop/ece532_debug/img_proc_full/jpeg.runs/synth_1/runme.log
[Wed Mar 15 16:46:57 2017] Launched impl_1...
Run output will be captured here: C:/Users/yy/Desktop/ece532_debug/img_proc_full/jpeg.runs/impl_1/runme.log
launch_runs: Time (s): cpu = 00:00:05 ; elapsed = 00:00:18 . Memory (MB): peak = 1093.148 ; gain = 0.000
ipx::package_project -root_dir c:/users/yy/desktop/ece532_debug/img_proc_full -vendor user -library user -taxonomy /UserIP -generated_files
WARNING: [IP_Flow 19-3833] Unreferenced file from the top module is not packaged: 'C:/Users/yy/Desktop/ece532_debug/img_proc_full/jpeg.srcs/sources_1/imports/mjpeg/coregen/check_FF_fifo/jpeg_checkff_fifo_fifo_generator_v2_3_xst_1.ngc'.
WARNING: [IP_Flow 19-3833] Unreferenced file from the top module is not packaged: 'C:/Users/yy/Desktop/ece532_debug/img_proc_full/jpeg.srcs/sources_1/imports/mjpeg/coregen/check_FF_fifo/jpeg_checkff_fifo_fifo_generator_v2_3_xst_1_blkmemdp_v6_2_xst.edn'.
WARNING: [IP_Flow 19-3833] Unreferenced file from the top module is not packaged: 'C:/Users/yy/Desktop/ece532_debug/img_proc_full/jpeg.srcs/sources_1/imports/mjpeg/pcores/myipif/hdl/vhdl/jpeg_qt_tables.vhd'.
WARNING: [IP_Flow 19-3833] Unreferenced file from the top module is not packaged: 'C:/Users/yy/Desktop/ece532_debug/img_proc_full/jpeg.srcs/sources_1/imports/mjpeg/coregen/qt_table/jpeg_qt_sr_c_shift_ram_v8_0_xst_1.ngc'.
WARNING: [IP_Flow 19-3833] Unreferenced file from the top module is not packaged: 'C:/Users/yy/Desktop/ece532_debug/img_proc_full/jpeg.srcs/sources_1/imports/mjpeg/coregen/input_fifo/jpeg_input_fifo_fifo_generator_v2_3_xst_1_blkmemdp_v6_2_xst.edn'.
WARNING: [IP_Flow 19-3833] Unreferenced file from the top module is not packaged: 'C:/Users/yy/Desktop/ece532_debug/img_proc_full/jpeg.srcs/sources_1/imports/mjpeg/coregen/input_fifo/jpeg_input_fifo_fifo_generator_v2_3_xst_1.ngc'.
WARNING: [IP_Flow 19-3833] Unreferenced file from the top module is not packaged: 'C:/Users/yy/Desktop/ece532_debug/img_proc_full/jpeg.srcs/sources_1/imports/mjpeg/coregen/idct/jpeg_idct_core_6.vhd'.
WARNING: [IP_Flow 19-3833] Unreferenced file from the top module is not packaged: 'C:/Users/yy/Desktop/ece532_debug/img_proc_full/jpeg.srcs/sources_1/imports/mjpeg/coregen/idct/jpeg_idct_core_6.edn'.
WARNING: [IP_Flow 19-3833] Unreferenced file from the top module is not packaged: 'C:/Users/yy/Desktop/ece532_debug/img_proc_full/jpeg.srcs/sources_1/imports/mjpeg/coregen/dequantize_multiplier/jpeg_dequant_multiplier_mult_gen_v8_0_xst_1.ngc'.
WARNING: [IP_Flow 19-3833] Unreferenced file from the top module is not packaged: 'C:/Users/yy/Desktop/ece532_debug/img_proc_full/jpeg.srcs/sources_1/imports/mjpeg/pcores/myipif/hdl/vhdl/fifo_sim32.vhd'.
WARNING: [IP_Flow 19-3833] Unreferenced file from the top module is not packaged: 'C:/Users/yy/Desktop/ece532_debug/img_proc_full/jpeg.srcs/sources_1/image_processor_wrapper.v'.
WARNING: [IP_Flow 19-3833] Unreferenced file from the top module is not packaged: 'C:/Users/yy/Desktop/ece532_debug/img_proc_full/jpeg.srcs/sources_1/ip/clk_wiz_0/clk_wiz_0.xci'.
WARNING: [IP_Flow 19-3833] Unreferenced file from the top module is not packaged: 'C:/Users/yy/Desktop/ece532_debug/img_proc_full/jpeg.srcs/sources_1/ip/blk_mem_gen_4/blk_mem_gen_4.xci'.
WARNING: [IP_Flow 19-3833] Unreferenced file from the top module is not packaged: 'C:/Users/yy/Desktop/ece532_debug/img_proc_full/jpeg.srcs/sources_1/stream_jpg_yy_nv_mn_v1_0_S00_AXIS.v'.
INFO: [IP_Flow 19-2228] Inferred bus interface 's00_axis' of definition 'xilinx.com:interface:axis:1.0'.
INFO: [IP_Flow 19-4753] Inferred signal 'reset' from port 's00_axis_aresetn' as interface 's00_axis_aresetn'.
INFO: [IP_Flow 19-4728] Bus Interface 's00_axis_aresetn': Added interface parameter 'POLARITY' with value 'ACTIVE_LOW'.
INFO: [IP_Flow 19-4753] Inferred signal 'clock' from port 's00_axis_aclk' as interface 's00_axis_aclk'.
INFO: [IP_Flow 19-4728] Bus Interface 's00_axis_aclk': Added interface parameter 'ASSOCIATED_BUSIF' with value 's00_axis'.
INFO: [IP_Flow 19-4728] Bus Interface 's00_axis_aclk': Added interface parameter 'ASSOCIATED_RESET' with value 's00_axis_aresetn'.
set_property name stream_jpg_yy_nv_mn_v1_0_wed2 [ipx::current_core]
set_property display_name stream_jpg_yy_nv_mn_v1_0_v1_0_wed2 [ipx::current_core]
set_property description stream_jpg_yy_nv_mn_v1_0_v1_0_wed2 [ipx::current_core]
ipx::add_file_group -type synthesis {} [ipx::current_core]
ipx::add_file_group -type misc {} [ipx::current_core]
set_property core_revision 2 [ipx::current_core]
ipx::create_xgui_files [ipx::current_core]
ipx::update_checksums [ipx::current_core]
ipx::update_checksums: Time (s): cpu = 00:00:39 ; elapsed = 00:00:41 . Memory (MB): peak = 1093.148 ; gain = 0.000
ipx::save_core [ipx::current_core]
set_property  ip_repo_paths  c:/users/yy/desktop/ece532_debug/img_proc_full [current_project]
update_ip_catalog
INFO: [IP_Flow 19-234] Refreshing IP repositories
INFO: [IP_Flow 19-1700] Loaded user IP repository 'c:/users/yy/desktop/ece532_debug/img_proc_full'.
ipx::check_integrity -quiet [ipx::current_core]
ipx::archive_core {c:\users\yy\desktop\ece532_debug\img_proc_full\user_user_stream_jpg_yy_nv_mn_v1_0_wed2_1.0.zip} [ipx::current_core]
ipx::archive_core: Time (s): cpu = 00:00:06 ; elapsed = 00:00:06 . Memory (MB): peak = 1093.148 ; gain = 0.000
save_project_as ip C:/Users/yy/Desktop/ece532_debug/img_proc_full/ip -force
CRITICAL WARNING: [IP_Flow 19-4299] Failed to copy 'c:/Users/yy/Desktop/ece532_debug/img_proc_full/jpeg.srcs/sources_1/ip/clk_wiz_0/clk_wiz_0.vho' to 'c:/Users/yy/Desktop/ece532_debug/img_proc_full/ip/ip.srcs/sources_1/ip/clk_wiz_0/clk_wiz_0.vho'
save_project_as: Time (s): cpu = 00:00:06 ; elapsed = 00:00:13 . Memory (MB): peak = 1093.148 ; gain = 0.000
exit
INFO: [Common 17-206] Exiting Vivado at Thu Mar 16 08:57:33 2017...
