#-----------------------------------------------------------
# Vivado v2016.2 (64-bit)
# SW Build 1577090 on Thu Jun  2 16:32:40 MDT 2016
# IP Build 1577682 on Fri Jun  3 12:00:54 MDT 2016
# Start of session at: Mon Mar 20 20:45:37 2017
# Process ID: 10368
# Current directory: C:/Users/Neil/Documents/Neil/EngSci/year_4_winter/ECE532/GrandTheftAuto/img_proc_full_v2
# Command line: vivado.exe -gui_launcher_event rodinguilauncherevent10424 C:\Users\Neil\Documents\Neil\EngSci\year_4_winter\ECE532\GrandTheftAuto\img_proc_full_v2\jpeg.xpr
# Log file: C:/Users/Neil/Documents/Neil/EngSci/year_4_winter/ECE532/GrandTheftAuto/img_proc_full_v2/vivado.log
# Journal file: C:/Users/Neil/Documents/Neil/EngSci/year_4_winter/ECE532/GrandTheftAuto/img_proc_full_v2\vivado.jou
#-----------------------------------------------------------
start_gui
open_project C:/Users/Neil/Documents/Neil/EngSci/year_4_winter/ECE532/GrandTheftAuto/img_proc_full_v2/jpeg.xpr
INFO: [ProjectBase 1-489] The host OS only allows 260 characters in a normal path. The project is stored in a path with more than 80 characters. If you experience issues with IP, Block Designs, or files not being found, please consider moving the project to a location with a shorter path. Alternately consider using the OS subst command to map part of the path to a drive letter.
Current project path is 'C:/Users/Neil/Documents/Neil/EngSci/year_4_winter/ECE532/GrandTheftAuto/img_proc_full_v2'
Scanning sources...
Finished scanning sources
INFO: [IP_Flow 19-234] Refreshing IP repositories
INFO: [IP_Flow 19-1704] No user IP repositories specified
INFO: [IP_Flow 19-2313] Loaded Vivado IP repository 'C:/Xilinx/Vivado/2016.2/data/ip'.
open_project: Time (s): cpu = 00:01:08 ; elapsed = 00:01:13 . Memory (MB): peak = 741.473 ; gain = 147.215
set_property is_enabled false [get_files  C:/Users/Neil/Documents/Neil/EngSci/year_4_winter/ECE532/GrandTheftAuto/img_proc_full_v2/jpeg.srcs/sources_1/image_processor_wrapper.v]
set_property is_enabled true [get_files  C:/Users/Neil/Documents/Neil/EngSci/year_4_winter/ECE532/GrandTheftAuto/img_proc_full_v2/jpeg.srcs/sources_1/stream_jpg_yy_nv_mn_v1_0.v]
set_property is_enabled false [get_files  C:/Users/Neil/Documents/Neil/EngSci/year_4_winter/ECE532/GrandTheftAuto/img_proc_full_v2/jpeg.srcs/sources_1/stream_jpg_yy_nv_mn_v1_0_S00_AXIS.v]
set_property top stream_jpg_yy_nv_mn_v1_0 [current_fileset]
set_property is_enabled false [get_files  C:/Users/Neil/Documents/Neil/EngSci/year_4_winter/ECE532/GrandTheftAuto/img_proc_full_v2/jpeg.srcs/sim_1/wrapper_tb.v]
set_property is_enabled true [get_files  C:/Users/Neil/Documents/Neil/EngSci/year_4_winter/ECE532/GrandTheftAuto/img_proc_full_v2/jpeg.srcs/sim_1/imports/vhdl/jpeg_testbench.vhd]
create_ip -name fifo_generator -vendor xilinx.com -library ip -version 13.1 -module_name fifo_generator_0
set_property -dict [list CONFIG.Input_Data_Width {32} CONFIG.Input_Depth {512} CONFIG.Almost_Full_Flag {true} CONFIG.Data_Count {false} CONFIG.Output_Data_Width {32} CONFIG.Output_Depth {512} CONFIG.Data_Count_Width {9} CONFIG.Write_Data_Count_Width {9} CONFIG.Read_Data_Count_Width {9} CONFIG.Full_Threshold_Assert_Value {510} CONFIG.Full_Threshold_Negate_Value {509}] [get_ips fifo_generator_0]
generate_target {instantiation_template} [get_files c:/Users/Neil/Documents/Neil/EngSci/year_4_winter/ECE532/GrandTheftAuto/img_proc_full_v2/jpeg.srcs/sources_1/ip/fifo_generator_0/fifo_generator_0.xci]
INFO: [IP_Flow 19-1686] Generating 'Instantiation Template' target for IP 'fifo_generator_0'...
set_property generate_synth_checkpoint false [get_files  c:/Users/Neil/Documents/Neil/EngSci/year_4_winter/ECE532/GrandTheftAuto/img_proc_full_v2/jpeg.srcs/sources_1/ip/fifo_generator_0/fifo_generator_0.xci]
generate_target all [get_files  c:/Users/Neil/Documents/Neil/EngSci/year_4_winter/ECE532/GrandTheftAuto/img_proc_full_v2/jpeg.srcs/sources_1/ip/fifo_generator_0/fifo_generator_0.xci]
INFO: [IP_Flow 19-1686] Generating 'Instantiation Template' target for IP 'fifo_generator_0'...
INFO: [IP_Flow 19-1686] Generating 'Synthesis' target for IP 'fifo_generator_0'...
INFO: [IP_Flow 19-1686] Generating 'Simulation' target for IP 'fifo_generator_0'...
INFO: [IP_Flow 19-1686] Generating 'Change Log' target for IP 'fifo_generator_0'...
export_ip_user_files -of_objects [get_files c:/Users/Neil/Documents/Neil/EngSci/year_4_winter/ECE532/GrandTheftAuto/img_proc_full_v2/jpeg.srcs/sources_1/ip/fifo_generator_0/fifo_generator_0.xci] -no_script -force -quiet
export_simulation -of_objects [get_files c:/Users/Neil/Documents/Neil/EngSci/year_4_winter/ECE532/GrandTheftAuto/img_proc_full_v2/jpeg.srcs/sources_1/ip/fifo_generator_0/fifo_generator_0.xci] -directory C:/Users/Neil/Documents/Neil/EngSci/year_4_winter/ECE532/GrandTheftAuto/img_proc_full_v2/jpeg.ip_user_files/sim_scripts -ip_user_files_dir C:/Users/Neil/Documents/Neil/EngSci/year_4_winter/ECE532/GrandTheftAuto/img_proc_full_v2/jpeg.ip_user_files -ipstatic_source_dir C:/Users/Neil/Documents/Neil/EngSci/year_4_winter/ECE532/GrandTheftAuto/img_proc_full_v2/jpeg.ip_user_files/ipstatic -force -quiet
reset_run synth_1
launch_runs synth_1 -jobs 2
[Mon Mar 20 21:12:11 2017] Launched synth_1...
Run output will be captured here: C:/Users/Neil/Documents/Neil/EngSci/year_4_winter/ECE532/GrandTheftAuto/img_proc_full_v2/jpeg.runs/synth_1/runme.log
launch_runs: Time (s): cpu = 00:00:02 ; elapsed = 00:00:17 . Memory (MB): peak = 813.723 ; gain = 0.000
set_property SOURCE_SET sources_1 [get_filesets sim_1]
add_files -fileset sim_1 -norecurse C:/Users/Neil/Documents/Neil/EngSci/year_4_winter/ECE532/GrandTheftAuto/img_proc_full_v2/jpeg.srcs/sim_1/simulate_microblaze.v
set_property top simulate_microblaze [get_filesets sim_1]
set_property top_lib xil_defaultlib [get_filesets sim_1]
set_property is_enabled false [get_files  C:/Users/Neil/Documents/Neil/EngSci/year_4_winter/ECE532/GrandTheftAuto/img_proc_full_v2/jpeg.srcs/sim_1/imports/vhdl/jpeg_testbench.vhd]
launch_simulation -mode post-synthesis -type functional
INFO: [Vivado 12-4705] 'export_ip_user_files' task aborted
INFO: [Common 17-344] 'launch_simulation' was cancelled
exit
INFO: [Common 17-206] Exiting Vivado at Mon Mar 20 21:40:51 2017...
