
****** Vivado v2016.2 (64-bit)
  **** SW Build 1577090 on Thu Jun  2 16:32:40 MDT 2016
  **** IP Build 1577682 on Fri Jun  3 12:00:54 MDT 2016
    ** Copyright 1986-2016 Xilinx, Inc. All Rights Reserved.

source get_cs_ip.tcl
# set_param project.singleFileAddWarning.threshold 0
# set_param chipscope.flow 0
# set part xc7a100tcsg324-1
# set ip_vlnv xilinx.com:ip:xsdbm:1.1
# set ip_module_name dbg_hub_CV
# set params {{{PARAM_VALUE.C_CLK_INPUT_FREQ_HZ} {300000000} {PARAM_VALUE.C_ENABLE_CLK_DIVIDER} {false} {PARAM_VALUE.C_USER_SCAN_CHAIN} {1} {PARAM_VALUE.C_USE_EXT_BSCAN} {0} {PARAM_VALUE.C_XSDB_NUM_SLAVES} {1}}}
# set output_xci g:/yy/GrandTheftAuto/project_1/project_1.runs/impl_1/.Xil/Vivado-11156-TP-MILWIDG7/dbg_hub_CV.0/out/result.xci
# set output_dcp g:/yy/GrandTheftAuto/project_1/project_1.runs/impl_1/.Xil/Vivado-11156-TP-MILWIDG7/dbg_hub_CV.0/out/result.dcp
# set output_dir g:/yy/GrandTheftAuto/project_1/project_1.runs/impl_1/.Xil/Vivado-11156-TP-MILWIDG7/dbg_hub_CV.0/out
# set ip_repo_paths {
#   g:/yy/GrandTheftAuto/project_1/project_1.cache/ip
#   w:/img_proc_full
#   G:/yy/GrandTheftAuto/img_proc_full
#   G:/yy/GrandTheftAuto/vivado-library-master/if/pmod_v1_0
#   G:/yy/GrandTheftAuto/vivado-library-master/ip/Pmods/PmodWIFI_v1_0
#   G:/yy/GrandTheftAuto/vivado-library-master/ip/Pmods/Pmod_Bridge_v1_0
#   G:/Downloads/vivado-library-master/if/pmod_v1_0
#   G:/Downloads/vivado-library-master/ip/Pmods/Pmod_Bridge_v1_0
#   G:/Downloads/vivado-library-master/ip/Pmods/PmodWIFI_v1_0
#   G:/yy/GrandTheftAuto/remote_controller
#   G:/yy/GrandTheftAuto/vivado-library-master/ip/SWLED
#   G:/yy/GrandTheftAuto/ip_repo
# }
# set ip_output_repo g:/yy/GrandTheftAuto/project_1/project_1.cache/ip
# set ip_cache_permissions {read write}
# set oopbus_ip_repo_paths [get_param chipscope.oopbus_ip_repo_paths]
# set synth_opts {}
# set xdc_files {}
# source {C:/Xilinx/Vivado/2016.2/scripts/ip/ipxchipscope.tcl}
INFO: [ProjectBase 1-489] The host OS only allows 260 characters in a normal path. The project is stored in a path with more than 80 characters. If you experience issues with IP, Block Designs, or files not being found, please consider moving the project to a location with a shorter path. Alternately consider using the OS subst command to map part of the path to a drive letter.
Current project path is 'g:/yy/GrandTheftAuto/project_1/project_1.runs/impl_1/.Xil/Vivado-11156-TP-MILWIDG7/dbg_hub_CV.0/run'
INFO: [IP_Flow 19-234] Refreshing IP repositories
WARNING: [IP_Flow 19-2248] Failed to load user IP repository 'w:/img_proc_full'; Can't find the specified path.
If this directory should no longer be in your list of user repositories, go to the IP Settings dialog and remove it.
INFO: [IP_Flow 19-1700] Loaded user IP repository 'g:/yy/GrandTheftAuto/img_proc_full'.
INFO: [IP_Flow 19-1700] Loaded user IP repository 'g:/yy/GrandTheftAuto/vivado-library-master/if/pmod_v1_0'.
INFO: [IP_Flow 19-1700] Loaded user IP repository 'g:/yy/GrandTheftAuto/vivado-library-master/ip/Pmods/PmodWIFI_v1_0'.
INFO: [IP_Flow 19-1700] Loaded user IP repository 'g:/yy/GrandTheftAuto/vivado-library-master/ip/Pmods/Pmod_Bridge_v1_0'.
WARNING: [IP_Flow 19-2248] Failed to load user IP repository 'g:/Downloads/vivado-library-master/if/pmod_v1_0'; Can't find the specified path.
If this directory should no longer be in your list of user repositories, go to the IP Settings dialog and remove it.
WARNING: [IP_Flow 19-2248] Failed to load user IP repository 'g:/Downloads/vivado-library-master/ip/Pmods/Pmod_Bridge_v1_0'; Can't find the specified path.
If this directory should no longer be in your list of user repositories, go to the IP Settings dialog and remove it.
WARNING: [IP_Flow 19-2248] Failed to load user IP repository 'g:/Downloads/vivado-library-master/ip/Pmods/PmodWIFI_v1_0'; Can't find the specified path.
If this directory should no longer be in your list of user repositories, go to the IP Settings dialog and remove it.
INFO: [IP_Flow 19-1700] Loaded user IP repository 'g:/yy/GrandTheftAuto/remote_controller'.
INFO: [IP_Flow 19-1700] Loaded user IP repository 'g:/yy/GrandTheftAuto/vivado-library-master/ip/SWLED'.
INFO: [IP_Flow 19-1700] Loaded user IP repository 'g:/yy/GrandTheftAuto/ip_repo'.
INFO: [IP_Flow 19-2313] Loaded Vivado IP repository 'C:/Xilinx/Vivado/2016.2/data/ip'.
INFO: [IP_Flow 19-1686] Generating 'Instantiation Template' target for IP 'dbg_hub_CV'...
INFO: [IP_Flow 19-1686] Generating 'Synthesis' target for IP 'dbg_hub_CV'...
INFO: [IP_Flow 19-1686] Generating 'Simulation' target for IP 'dbg_hub_CV'...
synth_opts = 
INFO: [Netlist 29-17] Analyzing 16 Unisim elements for replacement
INFO: [Netlist 29-28] Unisim Transformation completed in 0 CPU seconds
INFO: [Project 1-479] Netlist was created with Vivado 2016.2
INFO: [Device 21-403] Loading part xc7a100tcsg324-1
INFO: [Project 1-570] Preparing netlist for logic optimization
INFO: [Project 1-111] Unisim Transformation Summary:
  A total of 6 instances were transformed.
  RAM32M => RAM32M (RAMS32, RAMS32, RAMD32, RAMD32, RAMD32, RAMD32, RAMD32, RAMD32): 6 instances

INFO: [Project 1-604] Checkpoint was created with Vivado v2016.2 (64-bit) build 1577090
INFO: [Coretcl 2-1485] Using cached IP synthesis design for IP g:/yy/GrandTheftAuto/project_1/project_1.runs/impl_1/.Xil/Vivado-11156-TP-MILWIDG7/dbg_hub_CV.0/run/prj_ip_0.srcs/sources_1/ip/dbg_hub_CV/dbg_hub_CV.xci : g:/yy/GrandTheftAuto/project_1/project_1.cache/ip/99a0961f26eecd0c/dbg_hub_CV.dcp
Running: write_checkpoint -force dbg_hub_CV.dcp
INFO: [Timing 38-35] Done setting XDC timing constraints.
write_checkpoint: Time (s): cpu = 00:00:11 ; elapsed = 00:00:11 . Memory (MB): peak = 976.152 ; gain = 483.535
INFO: [#UNDEF] Time taken for copying files = 11558
# set failed [catch {ipx::chipscope::gen_and_synth_ip $part $ip_vlnv $ip_module_name $params $output_xci $output_dcp $output_dir $ip_repo_paths $ip_output_repo $ip_cache_permissions $oopbus_ip_repo_paths $synth_opts $xdc_files} errMessage]
# if { $failed } {
#   puts "Caught exception:"
#   puts "$errMessage"
#   exit 1
# }
INFO: [Common 17-206] Exiting Vivado at Sun Mar 26 15:35:13 2017...
