#-----------------------------------------------------------
# Vivado v2016.2 (64-bit)
# SW Build 1577090 on Thu Jun  2 16:32:40 MDT 2016
# IP Build 1577682 on Fri Jun  3 12:00:54 MDT 2016
# Start of session at: Wed Feb 01 13:40:53 2017
# Process ID: 7096
# Current directory: E:/ECE532/IPs/ip_repo
# Command line: vivado.exe -gui_launcher_event rodinguilauncherevent7432 E:\ECE532\IPs\ip_repo\edit_Fib_LFSR_v1_0.xpr
# Log file: E:/ECE532/IPs/ip_repo/vivado.log
# Journal file: E:/ECE532/IPs/ip_repo\vivado.jou
#-----------------------------------------------------------
start_gui
open_project E:/ECE532/IPs/ip_repo/edit_Fib_LFSR_v1_0.xpr
Scanning sources...
Finished scanning sources
INFO: [IP_Flow 19-234] Refreshing IP repositories
INFO: [IP_Flow 19-1700] Loaded user IP repository 'e:/ECE532/IPs/ip_repo/Fib_LFSR_1.0'.
INFO: [IP_Flow 19-1700] Loaded user IP repository 'e:/ECE532/IPs/ip_repo/Fibonacci_LFSR_1.0'.
WARNING: [IP_Flow 19-2207] Repository 'e:/ECE532/IPs/ip_repo/fibonacci_LFSR_1.0' already exists; ignoring attempt to add it again.
INFO: [IP_Flow 19-1700] Loaded user IP repository 'e:/ECE532/IPs/ip_repo/fibonacci_LFSR_1.0'.
INFO: [IP_Flow 19-2313] Loaded Vivado IP repository 'E:/Xilinx/Vivado/2016.2/data/ip'.
open_project: Time (s): cpu = 00:00:17 ; elapsed = 00:00:13 . Memory (MB): peak = 789.586 ; gain = 140.410
update_compile_order -fileset sources_1
remove_files -fileset constrs_1 E:/ECE532/IPs/ip_repo/edit_Fib_LFSR_v1_0.srcs/constrs_1/new/LED.xdc
reset_run synth_1
launch_runs impl_1 -jobs 2
[Wed Feb 01 13:41:36 2017] Launched synth_1...
Run output will be captured here: E:/ECE532/IPs/ip_repo/edit_Fib_LFSR_v1_0.runs/synth_1/runme.log
[Wed Feb 01 13:41:36 2017] Launched impl_1...
Run output will be captured here: E:/ECE532/IPs/ip_repo/edit_Fib_LFSR_v1_0.runs/impl_1/runme.log
reset_run impl_1 -noclean_dir 
WARNING: [Vivado 12-1017] Problems encountered:
1. PID not specified

ipx::open_ipxact_file E:/ECE532/IPs/ip_repo/Fib_LFSR_1.0/component.xml
WARNING: [IP_Flow 19-3898] File Group 'xilinx_verilogsynthesis (Verilog Synthesis)': File 'E:/ECE532/IPs/ip_repo/edit_Fib_LFSR_v1_0.srcs/constrs_1/new/LED.xdc' is no longer found in the project sources. Please remove the packaging file if necessary.
set_property core_revision 8 [ipx::current_core]
ipx::create_xgui_files [ipx::current_core]
ipx::update_checksums [ipx::current_core]
ipx::save_core [ipx::current_core]
update_ip_catalog -rebuild -repo_path e:/ECE532/IPs/ip_repo/Fib_LFSR_1.0
INFO: [IP_Flow 19-725] Reloaded user IP repository 'e:/ECE532/IPs/ip_repo/Fib_LFSR_1.0'
exit
INFO: [Common 17-206] Exiting Vivado at Wed Feb 01 13:42:28 2017...
