#-----------------------------------------------------------
# Vivado v2016.2 (64-bit)
# SW Build 1577090 on Thu Jun  2 16:32:40 MDT 2016
# IP Build 1577682 on Fri Jun  3 12:00:54 MDT 2016
# Start of session at: Thu Feb 02 14:52:55 2017
# Process ID: 13920
# Current directory: C:/Users/Neil/Documents/Neil/EngSci/year_4_winter/ECE532/warmup_demo/IPs/ip_repo
# Command line: vivado.exe -gui_launcher_event rodinguilauncherevent16104 C:\Users\Neil\Documents\Neil\EngSci\year_4_winter\ECE532\warmup_demo\IPs\ip_repo\edit_Fib_LFSR_v1_0.xpr
# Log file: C:/Users/Neil/Documents/Neil/EngSci/year_4_winter/ECE532/warmup_demo/IPs/ip_repo/vivado.log
# Journal file: C:/Users/Neil/Documents/Neil/EngSci/year_4_winter/ECE532/warmup_demo/IPs/ip_repo\vivado.jou
#-----------------------------------------------------------
start_gui
open_project C:/Users/Neil/Documents/Neil/EngSci/year_4_winter/ECE532/warmup_demo/IPs/ip_repo/edit_Fib_LFSR_v1_0.xpr
Scanning sources...
Finished scanning sources
WARNING: [filemgmt 56-3] IP Repository Path: Could not find the directory 'C:/Users/Neil/Documents/Neil/EngSci/year_4_winter/ECE532/warmup_demo/IPs/ip_repo/Fibonacci_LFSR_1.0'.
WARNING: [filemgmt 56-3] IP Repository Path: Could not find the directory 'C:/Users/Neil/Documents/Neil/EngSci/year_4_winter/ECE532/warmup_demo/IPs/ip_repo/fibonacci_LFSR_1.0'.
INFO: [IP_Flow 19-234] Refreshing IP repositories
INFO: [IP_Flow 19-1700] Loaded user IP repository 'c:/Users/Neil/Documents/Neil/EngSci/year_4_winter/ECE532/warmup_demo/IPs/ip_repo/Fib_LFSR_1.0'.
WARNING: [IP_Flow 19-2248] Failed to load user IP repository 'c:/Users/Neil/Documents/Neil/EngSci/year_4_winter/ECE532/warmup_demo/IPs/ip_repo/Fibonacci_LFSR_1.0'; Can't find the specified path.
If this directory should no longer be in your list of user repositories, go to the IP Settings dialog and remove it.
WARNING: [IP_Flow 19-2207] Repository 'c:/Users/Neil/Documents/Neil/EngSci/year_4_winter/ECE532/warmup_demo/IPs/ip_repo/fibonacci_LFSR_1.0' already exists; ignoring attempt to add it again.
WARNING: [IP_Flow 19-2248] Failed to load user IP repository 'c:/Users/Neil/Documents/Neil/EngSci/year_4_winter/ECE532/warmup_demo/IPs/ip_repo/fibonacci_LFSR_1.0'; Can't find the specified path.
If this directory should no longer be in your list of user repositories, go to the IP Settings dialog and remove it.
INFO: [IP_Flow 19-2313] Loaded Vivado IP repository 'C:/Xilinx/Vivado/2016.2/data/ip'.
open_project: Time (s): cpu = 00:00:44 ; elapsed = 00:00:40 . Memory (MB): peak = 742.016 ; gain = 112.945
update_compile_order -fileset sources_1
synth_design -rtl -name rtl_1
Command: synth_design -rtl -name rtl_1
Starting synth_design
Using part: xc7a100tcsg324-1
Top: Fib_LFSR_v1_0
---------------------------------------------------------------------------------
Starting RTL Elaboration : Time (s): cpu = 00:02:21 ; elapsed = 00:08:25 . Memory (MB): peak = 793.922 ; gain = 586.945
---------------------------------------------------------------------------------
INFO: [Synth 8-638] synthesizing module 'Fib_LFSR_v1_0' [C:/Users/Neil/Documents/Neil/EngSci/year_4_winter/ECE532/warmup_demo/IPs/ip_repo/Fib_LFSR_1.0/hdl/Fib_LFSR_v1_0.v:4]
	Parameter C_S00_AXI_DATA_WIDTH bound to: 32 - type: integer 
	Parameter C_S00_AXI_ADDR_WIDTH bound to: 5 - type: integer 
INFO: [Synth 8-638] synthesizing module 'Fib_LFSR_v1_0_S00_AXI' [C:/Users/Neil/Documents/Neil/EngSci/year_4_winter/ECE532/warmup_demo/IPs/ip_repo/Fib_LFSR_1.0/hdl/Fib_LFSR_v1_0_S00_AXI.v:4]
	Parameter C_S_AXI_DATA_WIDTH bound to: 32 - type: integer 
	Parameter C_S_AXI_ADDR_WIDTH bound to: 5 - type: integer 
	Parameter ADDR_LSB bound to: 2 - type: integer 
	Parameter OPT_MEM_ADDR_BITS bound to: 2 - type: integer 
INFO: [Synth 8-638] synthesizing module 'Fibonacci_LFSR' [C:/Users/Neil/Documents/Neil/EngSci/year_4_winter/ECE532/warmup_demo/IPs/ip_repo/Fib_LFSR_1.0/hdl/Fibonacci_LFSR.v:3]
INFO: [Synth 8-256] done synthesizing module 'Fibonacci_LFSR' (1#1) [C:/Users/Neil/Documents/Neil/EngSci/year_4_winter/ECE532/warmup_demo/IPs/ip_repo/Fib_LFSR_1.0/hdl/Fibonacci_LFSR.v:3]
INFO: [Synth 8-256] done synthesizing module 'Fib_LFSR_v1_0_S00_AXI' (2#1) [C:/Users/Neil/Documents/Neil/EngSci/year_4_winter/ECE532/warmup_demo/IPs/ip_repo/Fib_LFSR_1.0/hdl/Fib_LFSR_v1_0_S00_AXI.v:4]
INFO: [Synth 8-256] done synthesizing module 'Fib_LFSR_v1_0' (3#1) [C:/Users/Neil/Documents/Neil/EngSci/year_4_winter/ECE532/warmup_demo/IPs/ip_repo/Fib_LFSR_1.0/hdl/Fib_LFSR_v1_0.v:4]
WARNING: [Synth 8-3331] design Fib_LFSR_v1_0_S00_AXI has unconnected port S_AXI_AWPROT[2]
WARNING: [Synth 8-3331] design Fib_LFSR_v1_0_S00_AXI has unconnected port S_AXI_AWPROT[1]
WARNING: [Synth 8-3331] design Fib_LFSR_v1_0_S00_AXI has unconnected port S_AXI_AWPROT[0]
WARNING: [Synth 8-3331] design Fib_LFSR_v1_0_S00_AXI has unconnected port S_AXI_ARPROT[2]
WARNING: [Synth 8-3331] design Fib_LFSR_v1_0_S00_AXI has unconnected port S_AXI_ARPROT[1]
WARNING: [Synth 8-3331] design Fib_LFSR_v1_0_S00_AXI has unconnected port S_AXI_ARPROT[0]
---------------------------------------------------------------------------------
Finished RTL Elaboration : Time (s): cpu = 00:02:24 ; elapsed = 00:08:33 . Memory (MB): peak = 825.363 ; gain = 618.387
---------------------------------------------------------------------------------

Report Check Netlist: 
+------+------------------+-------+---------+-------+------------------+
|      |Item              |Errors |Warnings |Status |Description       |
+------+------------------+-------+---------+-------+------------------+
|1     |multi_driven_nets |      0|        0|Passed |Multi driven nets |
+------+------------------+-------+---------+-------+------------------+
---------------------------------------------------------------------------------
Finished RTL Optimization Phase 1 : Time (s): cpu = 00:02:25 ; elapsed = 00:08:34 . Memory (MB): peak = 825.363 ; gain = 618.387
---------------------------------------------------------------------------------
INFO: [Device 21-403] Loading part xc7a100tcsg324-1
INFO: [Project 1-570] Preparing netlist for logic optimization

Processing XDC Constraints
Initializing timing engine
Completed Processing XDC Constraints

INFO: [Opt 31-138] Pushed 0 inverter(s) to 0 load pin(s).
INFO: [Project 1-111] Unisim Transformation Summary:
No Unisim elements were transformed.

INFO: [Common 17-41] Interrupt caught. Command should exit soon.
RTL Elaboration Complete:  : Time (s): cpu = 00:03:25 ; elapsed = 00:09:58 . Memory (MB): peak = 1123.965 ; gain = 916.988
11 Infos, 6 Warnings, 0 Critical Warnings and 0 Errors encountered.
synth_design completed successfully
synth_design: Time (s): cpu = 00:01:18 ; elapsed = 00:01:51 . Memory (MB): peak = 1123.965 ; gain = 370.953
INFO: [Common 17-344] 'synth_design' was cancelled
exit
INFO: [Common 17-206] Exiting Vivado at Thu Feb 02 15:17:33 2017...
