#-----------------------------------------------------------
# Vivado v2016.2 (64-bit)
# SW Build 1577090 on Thu Jun  2 16:32:40 MDT 2016
# IP Build 1577682 on Fri Jun  3 12:00:54 MDT 2016
# Start of session at: Wed Feb 01 20:23:13 2017
# Process ID: 13668
# Current directory: C:/Users/Neil/Documents/Neil/EngSci/year_4_winter/ECE532/warmup_demo/IPs/ip_repo
# Command line: vivado.exe -gui_launcher_event rodinguilauncherevent9504 C:\Users\Neil\Documents\Neil\EngSci\year_4_winter\ECE532\warmup_demo\IPs\ip_repo\edit_Fib_LFSR_v1_0.xpr
# Log file: C:/Users/Neil/Documents/Neil/EngSci/year_4_winter/ECE532/warmup_demo/IPs/ip_repo/vivado.log
# Journal file: C:/Users/Neil/Documents/Neil/EngSci/year_4_winter/ECE532/warmup_demo/IPs/ip_repo\vivado.jou
#-----------------------------------------------------------
start_gui
open_project C:/Users/Neil/Documents/Neil/EngSci/year_4_winter/ECE532/warmup_demo/IPs/ip_repo/edit_Fib_LFSR_v1_0.xpr
INFO: [Project 1-313] Project file moved from 'E:/ECE532/IPs/ip_repo' since last save.
Scanning sources...
Finished scanning sources
WARNING: [filemgmt 56-2] IP Repository Path: Could not find the directory 'C:/Users/Neil/Documents/Neil/EngSci/year_4_winter/ECE532/warmup_demo/IPs/ip_repo/Fibonacci_LFSR_1.0', nor could it be found using path 'E:/ECE532/IPs/ip_repo/Fibonacci_LFSR_1.0'.
WARNING: [filemgmt 56-2] IP Repository Path: Could not find the directory 'C:/Users/Neil/Documents/Neil/EngSci/year_4_winter/ECE532/warmup_demo/IPs/ip_repo/fibonacci_LFSR_1.0', nor could it be found using path 'E:/ECE532/IPs/ip_repo/fibonacci_LFSR_1.0'.
INFO: [IP_Flow 19-234] Refreshing IP repositories
INFO: [IP_Flow 19-1700] Loaded user IP repository 'c:/Users/Neil/Documents/Neil/EngSci/year_4_winter/ECE532/warmup_demo/IPs/ip_repo/Fib_LFSR_1.0'.
WARNING: [IP_Flow 19-2248] Failed to load user IP repository 'c:/Users/Neil/Documents/Neil/EngSci/year_4_winter/ECE532/warmup_demo/IPs/ip_repo/Fibonacci_LFSR_1.0'; Can't find the specified path.
If this directory should no longer be in your list of user repositories, go to the IP Settings dialog and remove it.
WARNING: [IP_Flow 19-2207] Repository 'c:/Users/Neil/Documents/Neil/EngSci/year_4_winter/ECE532/warmup_demo/IPs/ip_repo/fibonacci_LFSR_1.0' already exists; ignoring attempt to add it again.
WARNING: [IP_Flow 19-2248] Failed to load user IP repository 'c:/Users/Neil/Documents/Neil/EngSci/year_4_winter/ECE532/warmup_demo/IPs/ip_repo/fibonacci_LFSR_1.0'; Can't find the specified path.
If this directory should no longer be in your list of user repositories, go to the IP Settings dialog and remove it.
INFO: [IP_Flow 19-2313] Loaded Vivado IP repository 'C:/Xilinx/Vivado/2016.2/data/ip'.
open_project: Time (s): cpu = 00:00:52 ; elapsed = 00:01:19 . Memory (MB): peak = 683.492 ; gain = 87.121
update_compile_order -fileset sources_1
exit
INFO: [Common 17-206] Exiting Vivado at Wed Feb 01 20:42:51 2017...
